------Start of DE processing------ = [3/14/21, 22:42:17:453 EDT]
Exception = java.lang.RuntimeException
Source = com.ibm.ws.kernel.feature.internal.FeatureManager
probeid = 865
Stack Dump = java.lang.RuntimeException: Could not create bundle file.
	at org.eclipse.osgi.storage.Storage.createBundleFile(Storage.java:1147)
	at org.eclipse.osgi.storage.BundleInfo$Generation.getBundleFile(BundleInfo.java:104)
	at org.eclipse.osgi.storage.BundleInfo$Generation.getRawHeaders(BundleInfo.java:130)
	at org.eclipse.osgi.storage.BundleInfo$CachedManifest.get(BundleInfo.java:599)
	at org.eclipse.osgi.storage.BundleInfo$CachedManifest.get(BundleInfo.java:1)
	at com.ibm.ws.kernel.feature.internal.FeatureManager.writeServiceMessages(FeatureManager.java:1026)
	at com.ibm.ws.kernel.feature.internal.FeatureManager.writeUpdateMessages(FeatureManager.java:897)
	at com.ibm.ws.kernel.feature.internal.FeatureManager.update(FeatureManager.java:789)
	at com.ibm.ws.kernel.feature.internal.FeatureManager.processFeatureChanges(FeatureManager.java:857)
	at com.ibm.ws.kernel.feature.internal.FeatureManager$1.run(FeatureManager.java:643)
	at com.ibm.ws.threading.internal.ExecutorServiceImpl$RunnableWrapper.run(ExecutorServiceImpl.java:239)
	at java.base/java.util.concurrent.ThreadPoolExecutor.runWorker(ThreadPoolExecutor.java:1130)
	at java.base/java.util.concurrent.ThreadPoolExecutor$Worker.run(ThreadPoolExecutor.java:630)
	at java.base/java.lang.Thread.run(Thread.java:832)
Caused by: java.io.IOException: The file "/home/ahayes5/cs/csc435/csc435Project/build/wlp/lib/com.ibm.ws.org.jboss.jandex_1.0.49.jar" does not exist
	at org.eclipse.osgi.storage.bundlefile.ZipBundleFile.<init>(ZipBundleFile.java:43)
	at org.eclipse.osgi.storage.Storage.createBundleFile(Storage.java:1144)
	... 13 more

Dump of callerThis
Object type = com.ibm.ws.kernel.feature.internal.FeatureManager
  ME = "com.ibm.ws.kernel.feature.internal.FeatureManager"
  tc = class com.ibm.websphere.ras.TraceComponent@1cc330ad
    strings[0] = "TraceComponent[com.ibm.ws.kernel.feature.internal.FeatureManager,class com.ibm.ws.kernel.feature.internal.FeatureManager,[featureManager],com.ibm.ws.kernel.feature.internal.resources.ProvisionerMessages,null]"
  CFG_KEY_ACTIVE_FEATURES = "feature"
  EE_COMPATIBLE_NAME = "eeCompatible"
  INSTALLED_BUNDLE_CACHE = "platform/feature.bundles.cache"
  FEATURE_DEF_CACHE_FILE = "platform/feature.cache"
  FEATURE_FIX_CACHE_FILE = "feature.fix.cache"
  FEATURE_FIX_CACHE_VERSION = 1
  FEATURE_TEST_FIXES = "IBM-Test-Fixes"
  FEATURE_INTERIM_FIXES = "IBM-Interim-Fixes"
  FEATURE_PRODUCT_EXTENSIONS_INSTALL = "com.ibm.websphere.productInstall"
  FEATURE_PRODUCT_EXTENSIONS_FILE_EXTENSION = ".properties"
  PRODUCT_INFO_STRING_OPEN_LIBERTY = "Open Liberty"
  featureResolver = class com.ibm.ws.kernel.feature.internal.FeatureResolverImpl@7d5599f1
    tc = class com.ibm.websphere.ras.TraceComponent@899280
      strings[0] = "TraceComponent[com.ibm.ws.kernel.feature.internal.FeatureResolverImpl,class com.ibm.ws.kernel.feature.internal.FeatureResolverImpl,[featureManager],com.ibm.ws.kernel.feature.internal.resources.ProvisionerMessages,null]"
    serialVersionUID = 1521756073866927913
    $$$tc$$$ = class com.ibm.websphere.ras.TraceComponent@1d1812d1
      strings[0] = "TraceComponent[com.ibm.ws.kernel.feature.internal.FeatureResolverImpl,class com.ibm.ws.kernel.feature.internal.FeatureResolverImpl,[featureManager],com.ibm.ws.kernel.feature.internal.resources.ProvisionerMessages,null]"
  ALLOWED_ON_ALL_FEATURES = class java.util.Arrays$ArrayList@29a1f008
    serialVersionUID = "/* Could not access serialVersionUID */"
    a = "/* Could not access a */"
    modCount = "/* Could not access modCount */"
  ALL_ALLOWED_ON_CLIENT_FEATURES = class java.util.Collections$UnmodifiableCollection@14a8cf0e
    serialVersionUID = "/* Could not access serialVersionUID */"
    c = "/* Could not access c */"
  featureGroup = "feature"
  featureGroupUsr = "feature:usr"
  bundleGroup = "bundle"
  featureChanges = class java.util.concurrent.ConcurrentLinkedQueue@4d96817b
    serialVersionUID = "/* Could not access serialVersionUID */"
    head = "/* Could not access head */"
    tail = "/* Could not access tail */"
    MAX_HOPS = "/* Could not access MAX_HOPS */"
    HEAD = "/* Could not access HEAD */"
    TAIL = "/* Could not access TAIL */"
    ITEM = "/* Could not access ITEM */"
    NEXT = "/* Could not access NEXT */"
  bundleContext = class org.eclipse.osgi.internal.framework.BundleContextImpl@6f2af391
    findHookName = "org.osgi.framework.hooks.bundle.FindHook"
    valid = true
    bundle = class org.eclipse.osgi.internal.framework.EquinoxBundle@5b626cb5
      equinoxContainer = class org.eclipse.osgi.internal.framework.EquinoxContainer@5d76848a
      module = class org.eclipse.osgi.internal.framework.EquinoxBundle$EquinoxModule@50d8f19f
      monitor = class java.lang.Object@279d862e
      context = class org.eclipse.osgi.internal.framework.BundleContextImpl@6f2af391
      signerInfos = null
      $SWITCH_TABLE$org$eclipse$osgi$container$Module$State = {1,2,3,4,5,6,7} /* array length = 7 */
    container = class org.eclipse.osgi.internal.framework.EquinoxContainer@5d76848a
      NAME = "org.eclipse.osgi"
      secureAction = class org.eclipse.osgi.framework.util.SecureAction@6ed3f570
      equinoxConfig = class org.eclipse.osgi.internal.framework.EquinoxConfiguration@a29ae50
      logServices = class org.eclipse.osgi.internal.log.EquinoxLogServices@1d6ae283
      storage = class org.eclipse.osgi.storage.Storage@568dabf6
      packageAdmin = class org.eclipse.osgi.internal.framework.legacy.PackageAdminImpl@2704bc22
      startLevel = class org.eclipse.osgi.internal.framework.legacy.StartLevelImpl@6098cdbc
      bootDelegation = class java.util.HashSet@2a2c55d6
      bootDelegationStems = class java.lang.String[12]
      bootDelegateAll = false
      isProcessClassRecursionSupportedByAll = false
      eventPublisher = class org.eclipse.osgi.internal.framework.EquinoxEventPublisher@13a2c2d8
      monitor = class java.lang.Object@3571083d
      bootLoader = class jdk.internal.loader.ClassLoaders$PlatformClassLoader@7dbb79a0
      serviceRegistry = class org.eclipse.osgi.internal.serviceregistry.ServiceRegistry@40888100
      contextFinder = class org.eclipse.osgi.internal.framework.ContextFinder@4e423aa2
      signedContentFactory = class org.osgi.util.tracker.ServiceTracker@45b93fcb
      executor = class java.util.concurrent.ScheduledThreadPoolExecutor@78b4f7a1
      storageSaver = class org.eclipse.osgi.internal.framework.StorageSaver@5ee4e76e
    debug = class org.eclipse.osgi.internal.debug.Debug@340c88ae
      ECLIPSE_OSGI = "org.eclipse.osgi"
      OPTION_DEBUG_GENERAL = "org.eclipse.osgi/debug"
      OPTION_DEBUG_BUNDLE_TIME = "org.eclipse.osgi/debug/bundleTime"
      OPTION_DEBUG_BUNDLE_START_TIME = "org.eclipse.osgi/debug/bundleStartTime"
      OPTION_DEBUG_LOADER = "org.eclipse.osgi/debug/loader"
      OPTION_DEBUG_STORAGE = "org.eclipse.osgi/debug/storage"
      OPTION_DEBUG_EVENTS = "org.eclipse.osgi/debug/events"
      OPTION_DEBUG_SERVICES = "org.eclipse.osgi/debug/services"
      OPTION_DEBUG_HOOKS = "org.eclipse.osgi/debug/hooks"
      OPTION_DEBUG_MANIFEST = "org.eclipse.osgi/debug/manifest"
      OPTION_DEBUG_FILTER = "org.eclipse.osgi/debug/filter"
      OPTION_DEBUG_SECURITY = "org.eclipse.osgi/debug/security"
      OPTION_DEBUG_STARTLEVEL = "org.eclipse.osgi/debug/startlevel"
      OPTION_DEBUG_PACKAGEADMIN = "org.eclipse.osgi/debug/packageadmin"
      OPTION_DEBUG_PACKAGEADMIN_TIMING = "org.eclipse.osgi/debug/packageadmin/timing"
      OPTION_MONITOR_ACTIVATION = "org.eclipse.osgi/monitor/activation"
      OPTION_MONITOR_LAZY = "org.eclipse.osgi/monitor/lazy"
      OPTION_DEBUG_MESSAGE_BUNDLES = "org.eclipse.osgi/debug/messageBundles"
      OPTION_DEBUG_LOCATION = "org.eclipse.osgi/debug/location"
      OPTION_CACHED_MANIFEST = "org.eclipse.osgi/debug/cachedmanifest"
      OPTION_DEBUG_SYSTEM_BUNDLE = "org.eclipse.osgi/debug/systemBundle"
      OPTION_DEBUG_BUNDLE_FILE = "org.eclipse.osgi/debug/bundleFile"
      DEBUG_GENERAL = false
      DEBUG_BUNDLE_TIME = false
      DEBUG_LOADER = false
      DEBUG_STORAGE = false
      DEBUG_EVENTS = false
      DEBUG_SERVICES = false
      DEBUG_HOOKS = false
      DEBUG_MANIFEST = false
      DEBUG_FILTER = false
      DEBUG_SECURITY = false
      DEBUG_STARTLEVEL = false
      DEBUG_PACKAGEADMIN = false
      DEBUG_PACKAGEADMIN_TIMING = false
      DEBUG_MESSAGE_BUNDLES = false
      MONITOR_ACTIVATION = false
      DEBUG_LOCATION = false
      DEBUG_CACHED_MANIFEST = false
      DEBUG_SYSTEM_BUNDLE = false
      DEBUG_BUNDLE_FILE = false
      out = class com.ibm.ws.logging.internal.impl.BaseTraceService$TeePrintStream@188df7f5
    servicesInUse = class java.util.HashMap@bfec960
      serialVersionUID = "/* Could not access serialVersionUID */"
      DEFAULT_INITIAL_CAPACITY = "/* Could not access DEFAULT_INITIAL_CAPACITY */"
      MAXIMUM_CAPACITY = "/* Could not access MAXIMUM_CAPACITY */"
      DEFAULT_LOAD_FACTOR = "/* Could not access DEFAULT_LOAD_FACTOR */"
      TREEIFY_THRESHOLD = "/* Could not access TREEIFY_THRESHOLD */"
      UNTREEIFY_THRESHOLD = "/* Could not access UNTREEIFY_THRESHOLD */"
      MIN_TREEIFY_CAPACITY = "/* Could not access MIN_TREEIFY_CAPACITY */"
      table = "/* Could not access table */"
      entrySet = "/* Could not access entrySet */"
      size = "/* Could not access size */"
      modCount = "/* Could not access modCount */"
      threshold = "/* Could not access threshold */"
      loadFactor = "/* Could not access loadFactor */"
      keySet = "/* Could not access keySet */"
      values = "/* Could not access values */"
    activator = null
    contextLock = class java.lang.Object@212fddca
  locationService = class com.ibm.ws.kernel.service.location.internal.WsLocationAdminImpl@6c0d8122
    tc = class com.ibm.websphere.ras.TraceComponent@49749617
      strings[0] = "TraceComponent[com.ibm.ws.kernel.service.location.internal.WsLocationAdminImpl,class com.ibm.ws.kernel.service.location.internal.WsLocationAdminImpl,[locationService],com.ibm.ws.kernel.service.location.internal.resources.LocServiceMessages,null]"
    LOC_INTERNAL_LIB_DIR = "wlp.lib.dir"
    LOC_INTERNAL_WORKAREA_DIR = "wlp.workarea.dir"
    LOC_AREA_NAME_APPS = "shared/apps/"
    LOC_AREA_NAME_CONFIG = "shared/config/"
    LOC_AREA_NAME_RESC = "shared/resources/"
    LOC_AREA_NAME_STATE = "logs/state/"
    LOC_AREA_NAME_SERVERS = "servers/"
    LOC_AREA_NAME_CLIENTS = "clients/"
    LOC_AREA_NAME_WORKING = "workarea/"
    LOC_AREA_NAME_EXTENSION = "extension/"
    instance = class com.ibm.ws.kernel.service.location.internal.WsLocationAdminImpl@6c0d8122
    installRoot = class com.ibm.ws.kernel.service.location.internal.SymbolicRootResource@46566e4a
      strings[0] = "SymbolicRootResource[${wlp.install.dir}/=/home/ahayes5/cs/csc435/csc435Project/build/wlp/]"
    installParentRoot = class com.ibm.ws.kernel.service.location.internal.SymbolicRootResource@d65b327
      strings[0] = "SymbolicRootResource[${wlp.parent.dir}/=/home/ahayes5/cs/csc435/csc435Project/build/]"
    userRoot = class com.ibm.ws.kernel.service.location.internal.SymbolicRootResource@b2f2ca1
      strings[0] = "SymbolicRootResource[${wlp.user.dir}/=/home/ahayes5/cs/csc435/csc435Project/build/wlp/usr/]"
    usrExtensionRoot = class com.ibm.ws.kernel.service.location.internal.SymbolicRootResource@17a0c444
      strings[0] = "SymbolicRootResource[${usr.extension.dir}/=/home/ahayes5/cs/csc435/csc435Project/build/wlp/usr/extension/]"
    serverConfigDir = class com.ibm.ws.kernel.service.location.internal.SymbolicRootResource@6271ccc4
      strings[0] = "SymbolicRootResource[${server.config.dir}/=/home/ahayes5/cs/csc435/csc435Project/build/wlp/usr/servers/CharacterSheetsServer/]"
    serverOutputDir = class com.ibm.ws.kernel.service.location.internal.SymbolicRootResource@6271ccc4
    bootstrapLib = class com.ibm.ws.kernel.service.location.internal.LocalFileResource@42adb726
      strings[0] = "LocalFileResource[DIRECTORY;@-1891646355;<undefined>;/home/ahayes5/cs/csc435/csc435Project/build/wlp/lib/]"
    serverWorkarea = class com.ibm.ws.kernel.service.location.internal.LocalFileResource@3015d1f6
      strings[0] = "LocalFileResource[DIRECTORY;@-420596475;${server.config.dir}/workarea/;/home/ahayes5/cs/csc435/csc435Project/build/wlp/usr/servers/CharacterSheetsServer/workarea/]"
    serverState = class com.ibm.ws.kernel.service.location.internal.LocalFileResource@2106a154
      strings[0] = "LocalFileResource[DIRECTORY;@202092882;${server.config.dir}/logs/state/;/home/ahayes5/cs/csc435/csc435Project/build/wlp/usr/servers/CharacterSheetsServer/logs/state/]"
    sharedAppsRoot = class com.ibm.ws.kernel.service.location.internal.SymbolicRootResource@4dfd5e5c
      strings[0] = "SymbolicRootResource[${shared.app.dir}/=/home/ahayes5/cs/csc435/csc435Project/build/wlp/usr/shared/apps/]"
    sharedConfigRoot = class com.ibm.ws.kernel.service.location.internal.SymbolicRootResource@62c6d442
      strings[0] = "SymbolicRootResource[${shared.config.dir}/=/home/ahayes5/cs/csc435/csc435Project/build/wlp/usr/shared/config/]"
    sharedResourceRoot = class com.ibm.ws.kernel.service.location.internal.SymbolicRootResource@7c42338d
      strings[0] = "SymbolicRootResource[${shared.resource.dir}/=/home/ahayes5/cs/csc435/csc435Project/build/wlp/usr/shared/resources/]"
    tmpRoot = class com.ibm.ws.kernel.service.location.internal.SymbolicRootResource@685a2150
      strings[0] = "SymbolicRootResource[${tmp}/=/tmp/]"
    serverName = "CharacterSheetsServer"
    resourcePaths = class java.util.ArrayList@4f728db9
      serialVersionUID = "/* Could not access serialVersionUID */"
      DEFAULT_CAPACITY = "/* Could not access DEFAULT_CAPACITY */"
      EMPTY_ELEMENTDATA = "/* Could not access EMPTY_ELEMENTDATA */"
      DEFAULTCAPACITY_EMPTY_ELEMENTDATA = "/* Could not access DEFAULTCAPACITY_EMPTY_ELEMENTDATA */"
      elementData = "/* Could not access elementData */"
      size = "/* Could not access size */"
      modCount = "/* Could not access modCount */"
    resourceGroups = class java.util.HashMap@1bc234d1
      serialVersionUID = "/* Could not access serialVersionUID */"
      DEFAULT_INITIAL_CAPACITY = "/* Could not access DEFAULT_INITIAL_CAPACITY */"
      MAXIMUM_CAPACITY = "/* Could not access MAXIMUM_CAPACITY */"
      DEFAULT_LOAD_FACTOR = "/* Could not access DEFAULT_LOAD_FACTOR */"
      TREEIFY_THRESHOLD = "/* Could not access TREEIFY_THRESHOLD */"
      UNTREEIFY_THRESHOLD = "/* Could not access UNTREEIFY_THRESHOLD */"
      MIN_TREEIFY_CAPACITY = "/* Could not access MIN_TREEIFY_CAPACITY */"
      table = "/* Could not access table */"
      entrySet = "/* Could not access entrySet */"
      size = "/* Could not access size */"
      modCount = "/* Could not access modCount */"
      threshold = "/* Could not access threshold */"
      loadFactor = "/* Could not access loadFactor */"
      keySet = "/* Could not access keySet */"
      values = "/* Could not access values */"
    commonRoot = class com.ibm.ws.kernel.service.location.internal.VirtualRootResource@76f1b27f
      strings[0] = "com.ibm.ws.kernel.service.location.internal.VirtualRootResource@76f1b27f"
    serialVersionUID = -5748835026800463299
  executorService = class com.ibm.ws.threading.internal.ExecutorServiceImpl@4b144120
    threadPool = class java.util.concurrent.ThreadPoolExecutor@994bd5c
      ctl = "/* Could not access ctl */"
      COUNT_BITS = "/* Could not access COUNT_BITS */"
      COUNT_MASK = "/* Could not access COUNT_MASK */"
      RUNNING = "/* Could not access RUNNING */"
      SHUTDOWN = "/* Could not access SHUTDOWN */"
      STOP = "/* Could not access STOP */"
      TIDYING = "/* Could not access TIDYING */"
      TERMINATED = "/* Could not access TERMINATED */"
      workQueue = "/* Could not access workQueue */"
      mainLock = "/* Could not access mainLock */"
      workers = "/* Could not access workers */"
      termination = "/* Could not access termination */"
      largestPoolSize = "/* Could not access largestPoolSize */"
      completedTaskCount = "/* Could not access completedTaskCount */"
      threadFactory = "/* Could not access threadFactory */"
      handler = "/* Could not access handler */"
      keepAliveTime = "/* Could not access keepAliveTime */"
      allowCoreThreadTimeOut = "/* Could not access allowCoreThreadTimeOut */"
      corePoolSize = "/* Could not access corePoolSize */"
      maximumPoolSize = "/* Could not access maximumPoolSize */"
      defaultHandler = "/* Could not access defaultHandler */"
      shutdownPerm = "/* Could not access shutdownPerm */"
      ONLY_ONE = "/* Could not access ONLY_ONE */"
      $assertionsDisabled = "/* Could not access $assertionsDisabled */"
    threadPoolController = class com.ibm.ws.threading.internal.ThreadPoolController@321ad288
      tc = class com.ibm.websphere.ras.TraceComponent@4b07402c
      interval = 1500
      hangInterval = 750
      hangResolutionCountdown = 0
      hangResolutionCycles = 3
      hangBufferPoolSize = 0
      currentMinimumPoolSize = 24
      controllerCyclesWithoutHang = 0
      noHangCyclesThreshold = 8
      compareRange = 4
      NUMBER_CPUS = 12
      controllerCycle = 3449
      distributionReset = false
      poolIncrement = 12
      poolDecrement = 12
      maxThreadsPoolDecrement = 1
      poolChangeBasis = 12
      poolIncrementBoundLow = 192
      poolIncrementBoundMedium = 768
      poolIncrementMax = 48
      poolIncrementMin = 1
      POOL_INCREMENT_MIN_DEFAULT = 1
      POOL_INCREMENT_MAX_DEFAULT = 48
      minimumDesiredPoolSizeAdjustments = 10
      targetPoolSize = 24
      consecutiveTargetPoolSizeWrong = 0
      MAX_CONSECUTIVE_TARGET_POOLSIZE_WRONG = 3
      highCpu = 90
      lowTputThreadsRatio = 1.0
      activeThreadsGrowthRatio = 0.75
      dataAgePruneLevel = 5.0
      compareSpanPruneMultiplier = 2
      tputRatioPruneLevel = 5.0
      poolTputRatioHigh = 5.0
      poolTputRatioLow = 3.0
      compareSpanRatioMultiplier = 2
      growScoreFilterLevel = 0.5
      shrinkScoreFilterLevel = 0.5
      growShrinkDiffFilter = 0.25
      resetDistroStdDevEwmaRatio = 0.1
      resetDistroNewTputEwmaRatio = 0.5
      resetDistroConsecutiveOutliers = 5.0
      processCpuUtil = 0.05555555555555555
      systemCpuUtil = 0.8333333333333334
      cpuUtil = 0.8333333333333334
      df = class java.text.DecimalFormat@4745c66b
      queueDepth = 0
      activeThreads = 0
      MAX_INTERVALS_WITHOUT_CHANGE = 5
      EMPTY_QUEUE_SHRINK_MAGIC_PER_INTERVAL = 0.04
      IDLE_INTERVALS_BEFORE_PAUSE = 3
      MAX_OUTLIER_AFTER_CHANGE_BEFORE_RESET = 10
      MAX_THREADS_TO_BREAK_HANG = 1536
      executorService = class com.ibm.ws.threading.internal.ExecutorServiceImpl@4b144120
      lastAction = class com.ibm.ws.threading.internal.ThreadPoolController$LastAction@230349ed
      timer = class java.util.Timer@3a196347
      activeTask = class com.ibm.ws.threading.internal.IntervalTask@511197ad
      paused = false
      lastTimerPop = 1615776136093
      previousCompleted = 72434
      previousThroughput = 14.0
      consecutiveQueueEmptyCount = 172
      consecutiveNoAdjustment = 1
      consecutiveOutlierAfterAdjustment = 0
      consecutiveIdleCount = 0
      maxThreads = 2147483647
      coreThreads = 24
      threadRange = 2147483623
      threadPool = class java.util.concurrent.ThreadPoolExecutor@994bd5c
      threadStats = class java.util.TreeMap@380e757a
      poolSizeWhenHangDetected = -1
      hangIntervalCounter = 0
      hangMaxThreadsMessageEmitted = false
      serialVersionUID = -8899192782934828217
    poolName = "Default Executor"
    MINIMUM_POOL_SIZE = 4
    componentConfig = class org.apache.felix.scr.impl.helper.ReadOnlyDictionary@6cfc9f9a
      m_delegate = class java.util.Hashtable@47733e93
      m_serviceReference = null
    interceptorsActive = false
    interceptors = class java.util.concurrent.CopyOnWriteArraySet@6b75f782
      serialVersionUID = "/* Could not access serialVersionUID */"
      al = "/* Could not access al */"
    threadFactory = null
    serverStopping = false
    phaser = class java.util.concurrent.Phaser@47a7c9ed
      state = "/* Could not access state */"
      MAX_PARTIES = "/* Could not access MAX_PARTIES */"
      MAX_PHASE = "/* Could not access MAX_PHASE */"
      PARTIES_SHIFT = "/* Could not access PARTIES_SHIFT */"
      PHASE_SHIFT = "/* Could not access PHASE_SHIFT */"
      UNARRIVED_MASK = "/* Could not access UNARRIVED_MASK */"
      PARTIES_MASK = "/* Could not access PARTIES_MASK */"
      COUNTS_MASK = "/* Could not access COUNTS_MASK */"
      TERMINATION_BIT = "/* Could not access TERMINATION_BIT */"
      ONE_ARRIVAL = "/* Could not access ONE_ARRIVAL */"
      ONE_PARTY = "/* Could not access ONE_PARTY */"
      ONE_DEREGISTER = "/* Could not access ONE_DEREGISTER */"
      EMPTY = "/* Could not access EMPTY */"
      parent = "/* Could not access parent */"
      root = "/* Could not access root */"
      evenQ = "/* Could not access evenQ */"
      oddQ = "/* Could not access oddQ */"
      NCPU = "/* Could not access NCPU */"
      SPINS_PER_ARRIVAL = "/* Could not access SPINS_PER_ARRIVAL */"
      STATE = "/* Could not access STATE */"
    serialVersionUID = 6930666794455919448
    $$$tc$$$ = class com.ibm.websphere.ras.TraceComponent@71e0c515
      strings[0] = "TraceComponent[com.ibm.ws.threading.internal.ExecutorServiceImpl,class com.ibm.ws.threading.internal.ExecutorServiceImpl,[Threading],com.ibm.ws.threading.internal.resources.ThreadingMessages,null]"
  variableRegistry = class com.ibm.ws.kernel.service.location.internal.VariableRegistryHelper@1c5d1329
    registry = class com.ibm.ws.kernel.service.location.internal.SymbolRegistry@5941f5ca
      tc = class com.ibm.websphere.ras.TraceComponent@2001ca8a
      SYMBOL_DEF = class java.util.regex.Pattern@33511d81
      instance = class com.ibm.ws.kernel.service.location.internal.SymbolRegistry@5941f5ca
      RECURSE_LIMIT = 10
      EVENT_ADDED = "ADDED ${"
      EVENT_REPLACED = "REPLACED ${"
      EVENT_ADDED_MIDDLE = "}="
      stringToEntry = class java.util.concurrent.ConcurrentHashMap@3db1a2fc
      rootPaths = class java.util.concurrent.ConcurrentSkipListSet@3aebb944
      serialVersionUID = -7025838233203271862
    serialVersionUID = 6631204287320083732
    $$$tc$$$ = class com.ibm.websphere.ras.TraceComponent@b6123c9
      strings[0] = "TraceComponent[com.ibm.ws.kernel.service.location.internal.VariableRegistryHelper,class com.ibm.ws.kernel.service.location.internal.VariableRegistryHelper,[locationService],com.ibm.ws.kernel.service.location.internal.resources.LocServiceMessages,null]"
  runtimeUpdateManager = class com.ibm.ws.runtime.update.internal.RuntimeUpdateManagerImpl@3a5a911a
    tc = class com.ibm.websphere.ras.TraceComponent@33c5a5ae
      strings[0] = "TraceComponent[com.ibm.ws.runtime.update.internal.RuntimeUpdateManagerImpl,class com.ibm.ws.runtime.update.internal.RuntimeUpdateManagerImpl,[runtime.update],com.ibm.ws.runtime.update.internal.resources.Messages,null]"
    futureMonitor = class com.ibm.ws.threading.internal.FutureMonitorImpl@487db2f0
      _monitor = class java.util.concurrent.ConcurrentLinkedQueue@2bd7344e
      _executor = class com.ibm.ws.threading.internal.DeferrableScheduledExecutorImpl@6bfec68e
      _threadRunning = class java.util.concurrent.atomic.AtomicBoolean@1e1cdbd4
      _thread = class com.ibm.ws.threading.internal.FutureMonitorImpl$1@23c1c35a
      serialVersionUID = 2765238413969174390
      $$$tc$$$ = class com.ibm.websphere.ras.TraceComponent@4088a6d5
    normalServerStop = class java.util.concurrent.atomic.AtomicBoolean@17dcec7
      serialVersionUID = "/* Could not access serialVersionUID */"
      VALUE = "/* Could not access VALUE */"
      value = "/* Could not access value */"
    updateListeners = class java.util.HashSet@aa3cbc8
      serialVersionUID = "/* Could not access serialVersionUID */"
      map = "/* Could not access map */"
      PRESENT = "/* Could not access PRESENT */"
    notifications = class java.util.HashMap@efa18de
      serialVersionUID = "/* Could not access serialVersionUID */"
      DEFAULT_INITIAL_CAPACITY = "/* Could not access DEFAULT_INITIAL_CAPACITY */"
      MAXIMUM_CAPACITY = "/* Could not access MAXIMUM_CAPACITY */"
      DEFAULT_LOAD_FACTOR = "/* Could not access DEFAULT_LOAD_FACTOR */"
      TREEIFY_THRESHOLD = "/* Could not access TREEIFY_THRESHOLD */"
      UNTREEIFY_THRESHOLD = "/* Could not access UNTREEIFY_THRESHOLD */"
      MIN_TREEIFY_CAPACITY = "/* Could not access MIN_TREEIFY_CAPACITY */"
      table = "/* Could not access table */"
      entrySet = "/* Could not access entrySet */"
      size = "/* Could not access size */"
      modCount = "/* Could not access modCount */"
      threshold = "/* Could not access threshold */"
      loadFactor = "/* Could not access loadFactor */"
      keySet = "/* Could not access keySet */"
      values = "/* Could not access values */"
    bundleCtx = class org.eclipse.osgi.internal.framework.BundleContextImpl@73986cf9
      findHookName = "org.osgi.framework.hooks.bundle.FindHook"
      valid = true
      bundle = class org.eclipse.osgi.internal.framework.EquinoxBundle@41f1c9f5
      container = class org.eclipse.osgi.internal.framework.EquinoxContainer@5d76848a
      debug = class org.eclipse.osgi.internal.debug.Debug@340c88ae
      servicesInUse = class java.util.HashMap@304452bf
      activator = null
      contextLock = class java.lang.Object@ad176c0
    cleanupListener = class com.ibm.ws.runtime.update.internal.RuntimeUpdateManagerImpl$1@7f6b2732
      this$0 = class com.ibm.ws.runtime.update.internal.RuntimeUpdateManagerImpl@3a5a911a
      serialVersionUID = -1247721544084393241
      $$$tc$$$ = class com.ibm.websphere.ras.TraceComponent@41b8c83a
    locationService = class com.ibm.ws.kernel.service.location.internal.WsLocationAdminImpl@6c0d8122
    libertyProcess = class com.ibm.ws.kernel.launch.internal.LibertyProcessImpl@108fd5ee
      argList = class java.util.ArrayList@3e86d5c9
      frameworkMgr = class com.ibm.ws.kernel.launch.internal.FrameworkManager@28d4c750
      serialVersionUID = 3220471380775276842
      $$$tc$$$ = class com.ibm.websphere.ras.TraceComponent@e19bb76
    executorService = class com.ibm.ws.threading.internal.ExecutorServiceImpl@4b144120
    serialVersionUID = -6215238739117988494
  eventAdminService = class com.ibm.ws.event.internal.EventEngineImpl@135b3bcc
    tc = class com.ibm.websphere.ras.TraceComponent@58ed96c5
      strings[0] = "TraceComponent[com.ibm.ws.event.internal.EventEngineImpl,class com.ibm.ws.event.internal.EventEngineImpl,[EventEngine],null,null]"
    OSGI_EVENT_HANDLER_REFERENCE_NAME = "OsgiEventHandler"
    WS_EVENT_HANDLER_REFERENCE_NAME = "WsEventHandler"
    CFG_KEY_REENTRANT_HANDLER_DEFAULT = "reentrant.handler.default"
    CFG_KEY_STAGE_PREFIX = "stage.topics."
    topicCache = class com.ibm.ws.event.internal.TopicBasedCache@2cf18c24
      serialVersionUID = -1668099068630434622
      DEFAULT_STAGE_NAME = "Events"
      serviceReferenceMap = class java.util.HashMap@4930ad77
      discreteEventHandlers = class java.util.HashMap@33302a89
      wildcardEventHandlers = class java.util.HashMap@18ff8ce7
      discreteStageTopics = class java.util.HashMap@7a8d8075
      wildcardStageTopics = class java.util.HashMap@369ad146
      topicDataCache = class java.util.concurrent.ConcurrentHashMap@4ccc17e
      eventEngine = class com.ibm.ws.event.internal.EventEngineImpl@135b3bcc
      $$$tc$$$ = class com.ibm.websphere.ras.TraceComponent@72632a40
    componentContext = class org.apache.felix.scr.impl.manager.ComponentContextImpl@544b2015
      m_componentManager = class org.apache.felix.scr.impl.manager.SingleComponentManager@6030fdb4
      edgeInfos = class org.apache.felix.scr.impl.manager.EdgeInfo[4]
      m_componentInstance = class org.apache.felix.scr.impl.manager.ComponentContextImpl$ComponentInstanceImpl@1658b88d
      m_usingBundle = class org.eclipse.osgi.internal.framework.EquinoxBundle@61c29b82
      m_serviceRegistration = class org.eclipse.osgi.internal.serviceregistry.ServiceRegistrationImpl@155c5f6f
      m_implementationObject = class com.ibm.ws.event.internal.EventEngineImpl@135b3bcc
      m_implementationAccessible = true
      accessibleLatch = class java.util.concurrent.CountDownLatch@747d4c09
      serviceObjectsHelper = class org.apache.felix.scr.impl.helper.ComponentServiceObjectsHelper@13c7d26f
      boundValues = null
    bundleContext = class org.eclipse.osgi.internal.framework.BundleContextImpl@514c889e
      findHookName = "org.osgi.framework.hooks.bundle.FindHook"
      valid = true
      bundle = class org.eclipse.osgi.internal.framework.EquinoxBundle@61c29b82
      container = class org.eclipse.osgi.internal.framework.EquinoxContainer@5d76848a
      debug = class org.eclipse.osgi.internal.debug.Debug@340c88ae
      servicesInUse = class java.util.HashMap@1e46b45c
      activator = null
      contextLock = class java.lang.Object@2ec1f82
    logService = class org.eclipse.osgi.internal.log.ExtendedLogServiceImpl@79bdf2d5
      factory = class org.eclipse.osgi.internal.log.ExtendedLogServiceFactory@30e4f73e
      bundle = class org.eclipse.osgi.internal.framework.EquinoxBundle@61c29b82
      loggerCache = class java.util.HashMap@6e729e9b
      LOG_SERVICE = "LogService"
    frameworkEventAdapter = class com.ibm.ws.event.internal.adapter.FrameworkEventAdapter@7fac4c7c
      FRAMEWORK_EVENT_TOPIC_PREFIX = "org/osgi/framework/FrameworkEvent/"
      eventAdmin = class com.ibm.ws.event.internal.EventEngineImpl@135b3bcc
      serialVersionUID = -1092610607214715909
      $$$tc$$$ = class com.ibm.websphere.ras.TraceComponent@77ab64bd
    bundleEventAdapter = class com.ibm.ws.event.internal.adapter.BundleEventAdapter@5f1c6f01
      BUNDLE_EVENT_TOPIC_PREFIX = "org/osgi/framework/BundleEvent/"
      eventAdmin = class com.ibm.ws.event.internal.EventEngineImpl@135b3bcc
      serialVersionUID = -818773777250172927
      $$$tc$$$ = class com.ibm.websphere.ras.TraceComponent@3a78dfec
    serviceEventAdapter = class com.ibm.ws.event.internal.adapter.ServiceEventAdapter@52dab77f
      SERVICE_EVENT_TOPIC_PREFIX = "org/osgi/framework/ServiceEvent/"
      eventAdmin = class com.ibm.ws.event.internal.EventEngineImpl@135b3bcc
      serialVersionUID = 408387796793790680
      $$$tc$$$ = class com.ibm.websphere.ras.TraceComponent@62717951
    executorServiceFactory = class com.ibm.ws.event.internal.WorkStageExecutorServiceFactory@44e7ccab
      executorService = class com.ibm.ws.threading.internal.ExecutorServiceImpl@4b144120
      serialVersionUID = -89348135483836177
      $$$tc$$$ = class com.ibm.websphere.ras.TraceComponent@706f1db6
    defaultReentrancy = true
    skipSchedule = false
    serialVersionUID = -3714378010555321089
  digraph = class org.eclipse.equinox.internal.region.StandardRegionDigraph@6858e9e0
    EMPTY_EDGE_SET = class java.util.Collections$UnmodifiableSet@44593daf
      serialVersionUID = "/* Could not access serialVersionUID */"
      serialVersionUID = "/* Could not access serialVersionUID */"
      c = "/* Could not access c */"
    monitor = class java.lang.Object@5a9fb416
    regions = class java.util.HashMap@10b07115
      serialVersionUID = "/* Could not access serialVersionUID */"
      DEFAULT_INITIAL_CAPACITY = "/* Could not access DEFAULT_INITIAL_CAPACITY */"
      MAXIMUM_CAPACITY = "/* Could not access MAXIMUM_CAPACITY */"
      DEFAULT_LOAD_FACTOR = "/* Could not access DEFAULT_LOAD_FACTOR */"
      TREEIFY_THRESHOLD = "/* Could not access TREEIFY_THRESHOLD */"
      UNTREEIFY_THRESHOLD = "/* Could not access UNTREEIFY_THRESHOLD */"
      MIN_TREEIFY_CAPACITY = "/* Could not access MIN_TREEIFY_CAPACITY */"
      table = "/* Could not access table */"
      entrySet = "/* Could not access entrySet */"
      size = "/* Could not access size */"
      modCount = "/* Could not access modCount */"
      threshold = "/* Could not access threshold */"
      loadFactor = "/* Could not access loadFactor */"
      keySet = "/* Could not access keySet */"
      values = "/* Could not access values */"
    bundleIdToRegionMapping = class org.eclipse.equinox.internal.region.StandardBundleIdToRegionMapping@4609296c
      monitor = class java.lang.Object@3a17a95f
      bundleToRegion = class java.util.HashMap@3bf1afab
    edges = class java.util.HashMap@4b30c047
      serialVersionUID = "/* Could not access serialVersionUID */"
      DEFAULT_INITIAL_CAPACITY = "/* Could not access DEFAULT_INITIAL_CAPACITY */"
      MAXIMUM_CAPACITY = "/* Could not access MAXIMUM_CAPACITY */"
      DEFAULT_LOAD_FACTOR = "/* Could not access DEFAULT_LOAD_FACTOR */"
      TREEIFY_THRESHOLD = "/* Could not access TREEIFY_THRESHOLD */"
      UNTREEIFY_THRESHOLD = "/* Could not access UNTREEIFY_THRESHOLD */"
      MIN_TREEIFY_CAPACITY = "/* Could not access MIN_TREEIFY_CAPACITY */"
      table = "/* Could not access table */"
      entrySet = "/* Could not access entrySet */"
      size = "/* Could not access size */"
      modCount = "/* Could not access modCount */"
      threshold = "/* Could not access threshold */"
      loadFactor = "/* Could not access loadFactor */"
      keySet = "/* Could not access keySet */"
      values = "/* Could not access values */"
    bundleContext = class org.eclipse.osgi.internal.framework.BundleContextImpl@5c44c582
    threadLocal = class java.lang.ThreadLocal@6c28f233
      threadLocalHashCode = "/* Could not access threadLocalHashCode */"
      nextHashCode = "/* Could not access nextHashCode */"
      HASH_INCREMENT = "/* Could not access HASH_INCREMENT */"
    subgraphTraverser = class org.eclipse.equinox.internal.region.SubgraphTraverser@7f031e7a
    bundleCollisionHook = class org.eclipse.equinox.internal.region.hook.RegionBundleCollisionHook@70ce1abf
      regionDigraph = class org.eclipse.equinox.internal.region.StandardRegionDigraph@6858e9e0
      threadLocal = class java.lang.ThreadLocal@6c28f233
    bundleEventHook = class org.eclipse.equinox.internal.region.hook.RegionBundleEventHook@3d31ce19
      regionDigraph = class org.eclipse.equinox.internal.region.StandardRegionDigraph@6858e9e0
      threadLocal = class java.lang.ThreadLocal@6c28f233
      hookImplID = 0
    bundleFindHook = class org.eclipse.equinox.internal.region.hook.RegionBundleFindHook@16a31ae6
      regionDigraph = class org.eclipse.equinox.internal.region.StandardRegionDigraph@6858e9e0
      hookImplID = 0
    serviceEventHook = class org.eclipse.equinox.internal.region.hook.RegionServiceEventHook@71342686
      regionDigraph = class org.eclipse.equinox.internal.region.StandardRegionDigraph@6858e9e0
    serviceFindHook = class org.eclipse.equinox.internal.region.hook.RegionServiceFindHook@71afd1fd
      regionDigraph = class org.eclipse.equinox.internal.region.StandardRegionDigraph@6858e9e0
    resolverHookFactory = class org.eclipse.equinox.internal.region.hook.RegionResolverHookFactory@425d88d7
      regionDigraph = class org.eclipse.equinox.internal.region.StandardRegionDigraph@6858e9e0
    origin = null
    originUpdateCount = -1
    updateCount = class java.util.concurrent.atomic.AtomicLong@4c27de50
      serialVersionUID = "/* Could not access serialVersionUID */"
      VM_SUPPORTS_LONG_CAS = "/* Could not access VM_SUPPORTS_LONG_CAS */"
      U = "/* Could not access U */"
      VALUE = "/* Could not access VALUE */"
      value = "/* Could not access value */"
      serialVersionUID = "/* Could not access serialVersionUID */"
    defaultRegion = null
  iAmUpdater = class java.util.concurrent.locks.ReentrantLock@11bc20c9
    serialVersionUID = "/* Could not access serialVersionUID */"
    sync = "/* Could not access sync */"
  fwStartLevel = class org.eclipse.osgi.container.ModuleContainer$ContainerStartLevel@1557313c
    USE_BEGINNING_START_LEVEL = -2147483648
    FRAMEWORK_STARTLEVEL = 1
    MODULE_STARTLEVEL = 2
    activeStartLevel = class java.util.concurrent.atomic.AtomicInteger@39777ae9
      serialVersionUID = "/* Could not access serialVersionUID */"
      U = "/* Could not access U */"
      VALUE = "/* Could not access VALUE */"
      value = "/* Could not access value */"
      serialVersionUID = "/* Could not access serialVersionUID */"
    eventManagerLock = class java.lang.Object@2379ff0e
    startLevelThread = class org.eclipse.osgi.framework.eventmgr.EventManager@7f6e5072
      DEBUG = false
      thread = class org.eclipse.osgi.framework.eventmgr.EventManager$EventThread@1cf7c144
      closed = false
      threadName = "Start Level: Equinox Container: 1ba92e8c-7bcd-4964-94fb-d61e6061b076"
      threadGroup = null
    frameworkStartLevelLock = class java.lang.Object@6418a458
    debugStartLevel = false
    this$0 = class org.eclipse.osgi.container.ModuleContainer@655b209f
  initialProvisioningLatch = class com.ibm.ws.kernel.feature.internal.InitialProvisioningListener@650cbd8c
    initialProvisioningLatch = class java.util.concurrent.CountDownLatch@4e6b1bc
      sync = "/* Could not access sync */"
    serialVersionUID = -2962729704741126098
    $$$tc$$$ = class com.ibm.websphere.ras.TraceComponent@789f005c
      strings[0] = "TraceComponent[com.ibm.ws.kernel.feature.internal.InitialProvisioningListener,class com.ibm.ws.kernel.feature.internal.InitialProvisioningListener,[featureManager],com.ibm.ws.kernel.feature.internal.resources.ProvisionerMessages,null]"
  featureUpdateNumber = class java.util.concurrent.atomic.AtomicLong@bb02276
    serialVersionUID = "/* Could not access serialVersionUID */"
    VM_SUPPORTS_LONG_CAS = "/* Could not access VM_SUPPORTS_LONG_CAS */"
    U = "/* Could not access U */"
    VALUE = "/* Could not access VALUE */"
    value = "/* Could not access value */"
    serialVersionUID = "/* Could not access serialVersionUID */"
  onError = class com.ibm.wsspi.kernel.service.utils.OnErrorUtil$OnError@2408dd09
    IGNORE = class com.ibm.wsspi.kernel.service.utils.OnErrorUtil$OnError@12be0116
      IGNORE = class com.ibm.wsspi.kernel.service.utils.OnErrorUtil$OnError@12be0116
      WARN = class com.ibm.wsspi.kernel.service.utils.OnErrorUtil$OnError@2408dd09
      FAIL = class com.ibm.wsspi.kernel.service.utils.OnErrorUtil$OnError@23e439ac
      $VALUES = class com.ibm.wsspi.kernel.service.utils.OnErrorUtil$OnError[3]
      name = "/* Could not access name */"
      ordinal = "/* Could not access ordinal */"
    WARN = class com.ibm.wsspi.kernel.service.utils.OnErrorUtil$OnError@2408dd09
    FAIL = class com.ibm.wsspi.kernel.service.utils.OnErrorUtil$OnError@23e439ac
      IGNORE = class com.ibm.wsspi.kernel.service.utils.OnErrorUtil$OnError@12be0116
      WARN = class com.ibm.wsspi.kernel.service.utils.OnErrorUtil$OnError@2408dd09
      FAIL = class com.ibm.wsspi.kernel.service.utils.OnErrorUtil$OnError@23e439ac
      $VALUES = class com.ibm.wsspi.kernel.service.utils.OnErrorUtil$OnError[3]
      name = "/* Could not access name */"
      ordinal = "/* Could not access ordinal */"
    $VALUES = class com.ibm.wsspi.kernel.service.utils.OnErrorUtil$OnError[3]
      OnError[0] = class com.ibm.wsspi.kernel.service.utils.OnErrorUtil$OnError@12be0116
      OnError[1] = class com.ibm.wsspi.kernel.service.utils.OnErrorUtil$OnError@2408dd09
      OnError[2] = class com.ibm.wsspi.kernel.service.utils.OnErrorUtil$OnError@23e439ac
    name = "/* Could not access name */"
    ordinal = "/* Could not access ordinal */"
  featureRepository = class com.ibm.ws.kernel.feature.internal.subsystem.FeatureRepository@54421b29
    tc = class com.ibm.websphere.ras.TraceComponent@17b9882d
      strings[0] = "TraceComponent[com.ibm.ws.kernel.feature.internal.subsystem.FeatureRepository,class com.ibm.ws.kernel.feature.internal.subsystem.FeatureRepository,[featureManager],com.ibm.ws.kernel.feature.internal.resources.ProvisionerMessages,null]"
    FEATURE_CACHE_VERSION = 3
    EMPTY = ""
    isDirty = false
    cacheOk = true
    cacheRes = class com.ibm.ws.kernel.service.location.internal.LocalFileResource@663a3a00
      strings[0] = "LocalFileResource[FILE;@-1756618445;${server.config.dir}/workarea/platform/feature.cache;/home/ahayes5/cs/csc435/csc435Project/build/wlp/usr/servers/CharacterSheetsServer/workarea/platform/feature.cache]"
    bundleContext = class org.eclipse.osgi.internal.framework.BundleContextImpl@6f2af391
    installedFeatures = class java.util.Collections$EmptySet@a572846
      serialVersionUID = "/* Could not access serialVersionUID */"
    configuredFeatures = class java.util.Collections$EmptySet@a572846
    configurationError = false
    cachedFeatures = class java.util.HashMap@7b704be
      serialVersionUID = "/* Could not access serialVersionUID */"
      DEFAULT_INITIAL_CAPACITY = "/* Could not access DEFAULT_INITIAL_CAPACITY */"
      MAXIMUM_CAPACITY = "/* Could not access MAXIMUM_CAPACITY */"
      DEFAULT_LOAD_FACTOR = "/* Could not access DEFAULT_LOAD_FACTOR */"
      TREEIFY_THRESHOLD = "/* Could not access TREEIFY_THRESHOLD */"
      UNTREEIFY_THRESHOLD = "/* Could not access UNTREEIFY_THRESHOLD */"
      MIN_TREEIFY_CAPACITY = "/* Could not access MIN_TREEIFY_CAPACITY */"
      table = "/* Could not access table */"
      entrySet = "/* Could not access entrySet */"
      size = "/* Could not access size */"
      modCount = "/* Could not access modCount */"
      threshold = "/* Could not access threshold */"
      loadFactor = "/* Could not access loadFactor */"
      keySet = "/* Could not access keySet */"
      values = "/* Could not access values */"
    publicFeatureNameToSymbolicName = class java.util.HashMap@262c5a74
      serialVersionUID = "/* Could not access serialVersionUID */"
      DEFAULT_INITIAL_CAPACITY = "/* Could not access DEFAULT_INITIAL_CAPACITY */"
      MAXIMUM_CAPACITY = "/* Could not access MAXIMUM_CAPACITY */"
      DEFAULT_LOAD_FACTOR = "/* Could not access DEFAULT_LOAD_FACTOR */"
      TREEIFY_THRESHOLD = "/* Could not access TREEIFY_THRESHOLD */"
      UNTREEIFY_THRESHOLD = "/* Could not access UNTREEIFY_THRESHOLD */"
      MIN_TREEIFY_CAPACITY = "/* Could not access MIN_TREEIFY_CAPACITY */"
      table = "/* Could not access table */"
      entrySet = "/* Could not access entrySet */"
      size = "/* Could not access size */"
      modCount = "/* Could not access modCount */"
      threshold = "/* Could not access threshold */"
      loadFactor = "/* Could not access loadFactor */"
      keySet = "/* Could not access keySet */"
      values = "/* Could not access values */"
    alternateFeatureNameToPublicName = class java.util.HashMap@11f19e8b
      serialVersionUID = "/* Could not access serialVersionUID */"
      DEFAULT_INITIAL_CAPACITY = "/* Could not access DEFAULT_INITIAL_CAPACITY */"
      MAXIMUM_CAPACITY = "/* Could not access MAXIMUM_CAPACITY */"
      DEFAULT_LOAD_FACTOR = "/* Could not access DEFAULT_LOAD_FACTOR */"
      TREEIFY_THRESHOLD = "/* Could not access TREEIFY_THRESHOLD */"
      UNTREEIFY_THRESHOLD = "/* Could not access UNTREEIFY_THRESHOLD */"
      MIN_TREEIFY_CAPACITY = "/* Could not access MIN_TREEIFY_CAPACITY */"
      table = "/* Could not access table */"
      entrySet = "/* Could not access entrySet */"
      size = "/* Could not access size */"
      modCount = "/* Could not access modCount */"
      threshold = "/* Could not access threshold */"
      loadFactor = "/* Could not access loadFactor */"
      keySet = "/* Could not access keySet */"
      values = "/* Could not access values */"
    featureServiceFactories = class java.util.concurrent.ConcurrentHashMap@225781eb
      serialVersionUID = "/* Could not access serialVersionUID */"
      MAXIMUM_CAPACITY = "/* Could not access MAXIMUM_CAPACITY */"
      DEFAULT_CAPACITY = "/* Could not access DEFAULT_CAPACITY */"
      MAX_ARRAY_SIZE = "/* Could not access MAX_ARRAY_SIZE */"
      DEFAULT_CONCURRENCY_LEVEL = "/* Could not access DEFAULT_CONCURRENCY_LEVEL */"
      LOAD_FACTOR = "/* Could not access LOAD_FACTOR */"
      TREEIFY_THRESHOLD = "/* Could not access TREEIFY_THRESHOLD */"
      UNTREEIFY_THRESHOLD = "/* Could not access UNTREEIFY_THRESHOLD */"
      MIN_TREEIFY_CAPACITY = "/* Could not access MIN_TREEIFY_CAPACITY */"
      MIN_TRANSFER_STRIDE = "/* Could not access MIN_TRANSFER_STRIDE */"
      RESIZE_STAMP_BITS = "/* Could not access RESIZE_STAMP_BITS */"
      MAX_RESIZERS = "/* Could not access MAX_RESIZERS */"
      RESIZE_STAMP_SHIFT = "/* Could not access RESIZE_STAMP_SHIFT */"
      MOVED = "/* Could not access MOVED */"
      TREEBIN = "/* Could not access TREEBIN */"
      RESERVED = "/* Could not access RESERVED */"
      HASH_BITS = "/* Could not access HASH_BITS */"
      NCPU = "/* Could not access NCPU */"
      serialPersistentFields = "/* Could not access serialPersistentFields */"
      table = "/* Could not access table */"
      nextTable = "/* Could not access nextTable */"
      baseCount = "/* Could not access baseCount */"
      sizeCtl = "/* Could not access sizeCtl */"
      transferIndex = "/* Could not access transferIndex */"
      cellsBusy = "/* Could not access cellsBusy */"
      counterCells = "/* Could not access counterCells */"
      keySet = "/* Could not access keySet */"
      values = "/* Could not access values */"
      entrySet = "/* Could not access entrySet */"
      U = "/* Could not access U */"
      SIZECTL = "/* Could not access SIZECTL */"
      TRANSFERINDEX = "/* Could not access TRANSFERINDEX */"
      BASECOUNT = "/* Could not access BASECOUNT */"
      CELLSBUSY = "/* Could not access CELLSBUSY */"
      CELLVALUE = "/* Could not access CELLVALUE */"
      ABASE = "/* Could not access ABASE */"
      ASHIFT = "/* Could not access ASHIFT */"
      keySet = "/* Could not access keySet */"
      values = "/* Could not access values */"
    autoFeatures = null
    knownFeatures = null
    knownBadFeatures = null
    TOLERATE_PREFIX = "tolerates."
    FEATURE_SERVICE_NAME = "ibm.featureName"
    FEATURE_SERVICE_SYMBOLIC_NAME = "osgi.symbolicName"
    FEATURE_SERVICE_VERSION = "osgi.version"
    FEATURE_SERVICE_CATEGORY = "osgi.category"
    serialVersionUID = -3768851152125897695
  bundleCache = class com.ibm.ws.kernel.feature.internal.BundleList@54a22cf0
    CACHE_WRITE_TIME = "Cache-WriteTime"
    tc = class com.ibm.websphere.ras.TraceComponent@12c14b77
      strings[0] = "TraceComponent[com.ibm.ws.kernel.feature.internal.BundleList,class com.ibm.ws.kernel.feature.internal.BundleList,[featureManager],com.ibm.ws.kernel.feature.internal.resources.ProvisionerMessages,null]"
    cacheFile = class com.ibm.ws.kernel.service.location.internal.LocalFileResource@5682e06a
      strings[0] = "LocalFileResource[FILE;@1217070134;${server.config.dir}/workarea/platform/feature.bundles.cache;/home/ahayes5/cs/csc435/csc435Project/build/wlp/usr/servers/CharacterSheetsServer/workarea/platform/feature.bundles.cache]"
    stale = class java.util.concurrent.atomic.AtomicBoolean@2a47976f
      serialVersionUID = "/* Could not access serialVersionUID */"
      VALUE = "/* Could not access VALUE */"
      value = "/* Could not access value */"
    resources = class java.util.ArrayList@1ef846fd
      serialVersionUID = "/* Could not access serialVersionUID */"
      DEFAULT_CAPACITY = "/* Could not access DEFAULT_CAPACITY */"
      EMPTY_ELEMENTDATA = "/* Could not access EMPTY_ELEMENTDATA */"
      DEFAULTCAPACITY_EMPTY_ELEMENTDATA = "/* Could not access DEFAULTCAPACITY_EMPTY_ELEMENTDATA */"
      elementData = "/* Could not access elementData */"
      size = "/* Could not access size */"
      modCount = "/* Could not access modCount */"
    writeTime = 1615776137451
    javaSpecVersion = 15
    featureManager = class com.ibm.ws.kernel.feature.internal.FeatureManager@1679e3db
    serialVersionUID = -3878131719277879131
  provisioningMode = class com.ibm.ws.kernel.feature.internal.FeatureManager$ProvisioningMode@5e8b1780
    CONTENT_REQUEST = class com.ibm.ws.kernel.feature.internal.FeatureManager$ProvisioningMode@4298199d
      CONTENT_REQUEST = class com.ibm.ws.kernel.feature.internal.FeatureManager$ProvisioningMode@4298199d
      FEATURES_REQUEST = class com.ibm.ws.kernel.feature.internal.FeatureManager$ProvisioningMode@16dd5c81
      INITIAL_PROVISIONING = class com.ibm.ws.kernel.feature.internal.FeatureManager$ProvisioningMode@40b3617e
      UPDATE = class com.ibm.ws.kernel.feature.internal.FeatureManager$ProvisioningMode@5e8b1780
      REFRESH = class com.ibm.ws.kernel.feature.internal.FeatureManager$ProvisioningMode@f377785
      $VALUES = class com.ibm.ws.kernel.feature.internal.FeatureManager$ProvisioningMode[5]
      name = "/* Could not access name */"
      ordinal = "/* Could not access ordinal */"
    FEATURES_REQUEST = class com.ibm.ws.kernel.feature.internal.FeatureManager$ProvisioningMode@16dd5c81
      CONTENT_REQUEST = class com.ibm.ws.kernel.feature.internal.FeatureManager$ProvisioningMode@4298199d
      FEATURES_REQUEST = class com.ibm.ws.kernel.feature.internal.FeatureManager$ProvisioningMode@16dd5c81
      INITIAL_PROVISIONING = class com.ibm.ws.kernel.feature.internal.FeatureManager$ProvisioningMode@40b3617e
      UPDATE = class com.ibm.ws.kernel.feature.internal.FeatureManager$ProvisioningMode@5e8b1780
      REFRESH = class com.ibm.ws.kernel.feature.internal.FeatureManager$ProvisioningMode@f377785
      $VALUES = class com.ibm.ws.kernel.feature.internal.FeatureManager$ProvisioningMode[5]
      name = "/* Could not access name */"
      ordinal = "/* Could not access ordinal */"
    INITIAL_PROVISIONING = class com.ibm.ws.kernel.feature.internal.FeatureManager$ProvisioningMode@40b3617e
    UPDATE = class com.ibm.ws.kernel.feature.internal.FeatureManager$ProvisioningMode@5e8b1780
    REFRESH = class com.ibm.ws.kernel.feature.internal.FeatureManager$ProvisioningMode@f377785
      CONTENT_REQUEST = class com.ibm.ws.kernel.feature.internal.FeatureManager$ProvisioningMode@4298199d
      FEATURES_REQUEST = class com.ibm.ws.kernel.feature.internal.FeatureManager$ProvisioningMode@16dd5c81
      INITIAL_PROVISIONING = class com.ibm.ws.kernel.feature.internal.FeatureManager$ProvisioningMode@40b3617e
      UPDATE = class com.ibm.ws.kernel.feature.internal.FeatureManager$ProvisioningMode@5e8b1780
      REFRESH = class com.ibm.ws.kernel.feature.internal.FeatureManager$ProvisioningMode@f377785
      $VALUES = class com.ibm.ws.kernel.feature.internal.FeatureManager$ProvisioningMode[5]
      name = "/* Could not access name */"
      ordinal = "/* Could not access ordinal */"
    $VALUES = class com.ibm.ws.kernel.feature.internal.FeatureManager$ProvisioningMode[5]
      ProvisioningMode[0] = class com.ibm.ws.kernel.feature.internal.FeatureManager$ProvisioningMode@4298199d
      ProvisioningMode[1] = class com.ibm.ws.kernel.feature.internal.FeatureManager$ProvisioningMode@16dd5c81
      ProvisioningMode[2] = class com.ibm.ws.kernel.feature.internal.FeatureManager$ProvisioningMode@40b3617e
      ProvisioningMode[3] = class com.ibm.ws.kernel.feature.internal.FeatureManager$ProvisioningMode@5e8b1780
      ProvisioningMode[4] = class com.ibm.ws.kernel.feature.internal.FeatureManager$ProvisioningMode@f377785
    name = "/* Could not access name */"
    ordinal = "/* Could not access ordinal */"
  kernelFeaturesHolder = class com.ibm.ws.kernel.feature.internal.FeatureManager$KernelFeaturesHolder@3c8979cd
    kernelFeatures = class java.util.ArrayList@22e77285
      serialVersionUID = "/* Could not access serialVersionUID */"
      DEFAULT_CAPACITY = "/* Could not access DEFAULT_CAPACITY */"
      EMPTY_ELEMENTDATA = "/* Could not access EMPTY_ELEMENTDATA */"
      DEFAULTCAPACITY_EMPTY_ELEMENTDATA = "/* Could not access DEFAULTCAPACITY_EMPTY_ELEMENTDATA */"
      elementData = "/* Could not access elementData */"
      size = "/* Could not access size */"
      modCount = "/* Could not access modCount */"
    featureManager = class com.ibm.ws.kernel.feature.internal.FeatureManager@1679e3db
    initialMode = class com.ibm.ws.kernel.feature.internal.FeatureManager$ProvisioningMode@40b3617e
      CONTENT_REQUEST = class com.ibm.ws.kernel.feature.internal.FeatureManager$ProvisioningMode@4298199d
      FEATURES_REQUEST = class com.ibm.ws.kernel.feature.internal.FeatureManager$ProvisioningMode@16dd5c81
      INITIAL_PROVISIONING = class com.ibm.ws.kernel.feature.internal.FeatureManager$ProvisioningMode@40b3617e
      UPDATE = class com.ibm.ws.kernel.feature.internal.FeatureManager$ProvisioningMode@5e8b1780
      REFRESH = class com.ibm.ws.kernel.feature.internal.FeatureManager$ProvisioningMode@f377785
      $VALUES = class com.ibm.ws.kernel.feature.internal.FeatureManager$ProvisioningMode[5]
      name = "/* Could not access name */"
      ordinal = "/* Could not access ordinal */"
    serialVersionUID = -262786423820304061
    $$$tc$$$ = class com.ibm.websphere.ras.TraceComponent@70937c8f
      strings[0] = "TraceComponent[com.ibm.ws.kernel.feature.internal.FeatureManager$KernelFeaturesHolder,class com.ibm.ws.kernel.feature.internal.FeatureManager$KernelFeaturesHolder,[featureManager],com.ibm.ws.kernel.feature.internal.resources.ProvisionerMessages,null]"
  packageInspector = class com.ibm.ws.kernel.feature.internal.PackageInspectorImpl@7856b626
    tc = class com.ibm.websphere.ras.TraceComponent@2aa1c735
      strings[0] = "TraceComponent[com.ibm.ws.kernel.feature.internal.PackageInspectorImpl,class com.ibm.ws.kernel.feature.internal.PackageInspectorImpl,[featureManager],com.ibm.ws.kernel.feature.internal.resources.ProvisionerMessages,null]"
    registration = class org.eclipse.osgi.internal.serviceregistry.ServiceRegistrationImpl@5b105e2
      registry = class org.eclipse.osgi.internal.serviceregistry.ServiceRegistry@40888100
      context = class org.eclipse.osgi.internal.framework.BundleContextImpl@6f2af391
      bundle = class org.eclipse.osgi.internal.framework.EquinoxBundle@5b626cb5
      clazzes = class java.lang.String[2]
      service = class com.ibm.ws.kernel.feature.internal.PackageInspectorImpl@7856b626
      reference = class org.eclipse.osgi.internal.serviceregistry.ServiceReferenceImpl@6d957b6d
      contextsUsing = class java.util.ArrayList@38405dfa
      properties = class java.util.Collections$UnmodifiableMap@6a6bd112
      serviceid = 117
      serviceranking = 0
      registrationLock = class java.lang.Object@764c0108
      state = 0
      REGISTERED = 0
      UNREGISTERING = 1
      UNREGISTERED = 2
      FRAMEWORK_SET_SERVICE_PROPERTIES_COUNT = 4
      $assertionsDisabled = true
    packageIndex = class com.ibm.ws.kernel.feature.internal.PackageInspectorImpl$ProductPackages@1d7ae3eb
      strings[0] = "
	---> 0 elements"
    serialVersionUID = -5575384688725981944
  shutdownHook = class com.ibm.ws.kernel.feature.internal.ShutdownHookManager@73aa20aa
    shutdownListeners = class java.util.concurrent.CopyOnWriteArraySet@5a046516
      serialVersionUID = "/* Could not access serialVersionUID */"
      al = "/* Could not access al */"
    hookSet = class java.util.concurrent.atomic.AtomicBoolean@7c709bd3
      serialVersionUID = "/* Could not access serialVersionUID */"
      VALUE = "/* Could not access VALUE */"
      value = "/* Could not access value */"
    shutdownInvoked = false
    serialVersionUID = 6313948673319050596
    $$$tc$$$ = class com.ibm.websphere.ras.TraceComponent@1a2a7450
      strings[0] = "TraceComponent[com.ibm.ws.kernel.feature.internal.ShutdownHookManager,class com.ibm.ws.kernel.feature.internal.ShutdownHookManager,[featureManager],com.ibm.ws.kernel.feature.internal.resources.ProvisionerMessages,null]"
    name = "/* Could not access name */"
    priority = "/* Could not access priority */"
    daemon = "/* Could not access daemon */"
    interrupted = "/* Could not access interrupted */"
    stillborn = "/* Could not access stillborn */"
    eetop = "/* Could not access eetop */"
    target = "/* Could not access target */"
    group = "/* Could not access group */"
    contextClassLoader = "/* Could not access contextClassLoader */"
    inheritedAccessControlContext = "/* Could not access inheritedAccessControlContext */"
    threadInitNumber = "/* Could not access threadInitNumber */"
    threadLocals = "/* Could not access threadLocals */"
    inheritableThreadLocals = "/* Could not access inheritableThreadLocals */"
    stackSize = "/* Could not access stackSize */"
    tid = "/* Could not access tid */"
    threadSeqNumber = "/* Could not access threadSeqNumber */"
    threadStatus = "/* Could not access threadStatus */"
    parkBlocker = "/* Could not access parkBlocker */"
    blocker = "/* Could not access blocker */"
    blockerLock = "/* Could not access blockerLock */"
    MIN_PRIORITY = 1
    NORM_PRIORITY = 5
    MAX_PRIORITY = 10
    EMPTY_STACK_TRACE = "/* Could not access EMPTY_STACK_TRACE */"
    uncaughtExceptionHandler = "/* Could not access uncaughtExceptionHandler */"
    defaultUncaughtExceptionHandler = "/* Could not access defaultUncaughtExceptionHandler */"
    threadLocalRandomSeed = "/* Could not access threadLocalRandomSeed */"
    threadLocalRandomProbe = "/* Could not access threadLocalRandomProbe */"
    threadLocalRandomSecondarySeed = "/* Could not access threadLocalRandomSecondarySeed */"
  bundleOriginsListener = class com.ibm.ws.kernel.feature.internal.BundleInstallOriginBundleListener@3dd6d070
    tc = class com.ibm.websphere.ras.TraceComponent@33cabf2
      strings[0] = "TraceComponent[com.ibm.ws.kernel.feature.internal.BundleInstallOriginBundleListener,class com.ibm.ws.kernel.feature.internal.BundleInstallOriginBundleListener,[featureManager],com.ibm.ws.kernel.feature.internal.resources.ProvisionerMessages,null]"
    storagePath = "bundle.origin.cache"
    ctx = class org.eclipse.osgi.internal.framework.BundleContextImpl@5c44c582
      findHookName = "org.osgi.framework.hooks.bundle.FindHook"
      valid = true
      bundle = class org.eclipse.osgi.internal.framework.EquinoxBundle$SystemBundle@60129b9a
      container = class org.eclipse.osgi.internal.framework.EquinoxContainer@5d76848a
      debug = class org.eclipse.osgi.internal.debug.Debug@340c88ae
      servicesInUse = class java.util.HashMap@44426c97
      activator = class org.eclipse.osgi.internal.framework.SystemBundleActivator@4d610f3c
      contextLock = class java.lang.Object@50a03e3c
    bundleOriginCache = class java.io.File@29666e5f
      fs = "/* Could not access fs */"
      path = "/* Could not access path */"
      status = "/* Could not access status */"
      prefixLength = "/* Could not access prefixLength */"
      separatorChar = /
      separator = "/"
      pathSeparatorChar = :
      pathSeparator = ":"
      UNSAFE = "/* Could not access UNSAFE */"
      PATH_OFFSET = "/* Could not access PATH_OFFSET */"
      PREFIX_LENGTH_OFFSET = "/* Could not access PREFIX_LENGTH_OFFSET */"
      serialVersionUID = "/* Could not access serialVersionUID */"
      filePath = "/* Could not access filePath */"
      $assertionsDisabled = "/* Could not access $assertionsDisabled */"
    bundleOrigins = class java.util.Collections$SynchronizedMap@3f8c78f3
      serialVersionUID = "/* Could not access serialVersionUID */"
      m = "/* Could not access m */"
      mutex = "/* Could not access mutex */"
      keySet = "/* Could not access keySet */"
      entrySet = "/* Could not access entrySet */"
      values = "/* Could not access values */"
    allTracked = class java.util.HashSet@639f1e51
      serialVersionUID = "/* Could not access serialVersionUID */"
      map = "/* Could not access map */"
      PRESENT = "/* Could not access PRESENT */"
    serialVersionUID = -6094136040931465036
  supportedProcessTypes = class java.util.RegularEnumSet@3b67f75d
    serialVersionUID = "/* Could not access serialVersionUID */"
    elements = "/* Could not access elements */"
    serialVersionUID = "/* Could not access serialVersionUID */"
    elementType = "/* Could not access elementType */"
    universe = "/* Could not access universe */"
  processTypeString = "server"
  deactivated = false
  libertyBoot = null
  frameworkWiring = class org.eclipse.osgi.container.ModuleContainer$ContainerWiring@23dd19bf
    monitor = class java.lang.Object@68264281
    refreshThread = null
    this$0 = class org.eclipse.osgi.container.ModuleContainer@655b209f
      secureAction = class org.eclipse.osgi.framework.util.SecureAction@683bc0f8
      locationLocks = class org.eclipse.osgi.internal.container.LockSet@2f28e319
      nameLocks = class org.eclipse.osgi.internal.container.LockSet@62870ee1
      frameworkWiring = class org.eclipse.osgi.container.ModuleContainer$ContainerWiring@23dd19bf
      frameworkStartLevel = class org.eclipse.osgi.container.ModuleContainer$ContainerStartLevel@1557313c
      moduleDatabase = class org.eclipse.osgi.container.ModuleDatabase@32ae0074
      adaptor = class org.eclipse.osgi.internal.framework.EquinoxContainerAdaptor@2c051fe3
      moduleResolver = class org.eclipse.osgi.container.ModuleResolver@7d0f28a4
      refreshingSystemModule = class java.util.concurrent.atomic.AtomicReference@2725d1e2
      moduleLockTimeout = 5
      autoStartOnResolve = false
      restrictParallelStart = true
      DEBUG_MONITOR_LAZY = false
      DEBUG_BUNDLE_START_TIME = false
      _resolutionLock = class org.eclipse.osgi.container.ModuleContainer$ResolutionLock@6c7e3458
      _bundleStateLock = class java.util.concurrent.locks.ReentrantLock@400c263a
  serverReadyChecks = class java.util.concurrent.CopyOnWriteArrayList@4c57b6ed
    serialVersionUID = "/* Could not access serialVersionUID */"
    lock = "/* Could not access lock */"
    array = "/* Could not access array */"
  serialVersionUID = 446597301364058994

