------Start of DE processing------ = [3/14/21, 22:42:47:383 EDT]
Exception = java.io.FileNotFoundException
Source = com.ibm.ws.config.admin.internal.ConfigurationStore
probeid = 282
Stack Dump = java.io.FileNotFoundException: /home/ahayes5/cs/csc435/csc435Project/build/wlp/usr/servers/CharacterSheetsServer/workarea/org.eclipse.osgi/9/data/configs.data (No such file or directory)
	at java.base/java.io.FileOutputStream.open0(Native Method)
	at java.base/java.io.FileOutputStream.open(FileOutputStream.java:291)
	at java.base/java.io.FileOutputStream.<init>(FileOutputStream.java:234)
	at com.ibm.ws.config.admin.internal.ConfigurationStorageHelper.store(ConfigurationStorageHelper.java:151)
	at com.ibm.ws.config.admin.internal.ConfigurationStore.saveConfigurationDatas(ConfigurationStore.java:223)
	at com.ibm.ws.config.admin.internal.ConfigurationStore.run(ConfigurationStore.java:281)
	at java.base/java.util.concurrent.Executors$RunnableAdapter.call(Executors.java:515)
	at java.base/java.util.concurrent.FutureTask.run(FutureTask.java:264)
	at java.base/java.util.concurrent.ScheduledThreadPoolExecutor$ScheduledFutureTask.run(ScheduledThreadPoolExecutor.java:304)
	at java.base/java.util.concurrent.ThreadPoolExecutor.runWorker(ThreadPoolExecutor.java:1130)
	at java.base/java.util.concurrent.ThreadPoolExecutor$Worker.run(ThreadPoolExecutor.java:630)
	at java.base/java.lang.Thread.run(Thread.java:832)

Dump of callerThis
Object type = com.ibm.ws.config.admin.internal.ConfigurationStore
  tc = class com.ibm.websphere.ras.TraceComponent@5d4f7ddc
    strings[0] = "TraceComponent[com.ibm.ws.config.admin.internal.ConfigurationStore,class com.ibm.ws.config.admin.internal.ConfigurationStore,[config],com.ibm.ws.config.internal.resources.ConfigMessages,null]"
  caFactory = class com.ibm.ws.config.admin.internal.ConfigAdminServiceFactory@6a0ddcb8
    tc = class com.ibm.websphere.ras.TraceComponent@4eb22956
      strings[0] = "TraceComponent[com.ibm.ws.config.admin.internal.ConfigAdminServiceFactory,class com.ibm.ws.config.admin.internal.ConfigAdminServiceFactory,[config],com.ibm.ws.config.internal.resources.ConfigMessages,null]"
    configurationPermission = class org.osgi.service.cm.ConfigurationPermission@52ba8bba
      serialVersionUID = 5716868734811965383
      CONFIGURE = "configure"
      TARGET = "target"
      ATTRIBUTE = "attribute"
      ACTION_CONFIGURE = 1
      ACTION_TARGET = 2
      ACTION_ATTRIBUTE = 4
      ACTION_ALL = 7
      ACTION_NONE = 0
      action_mask = 1
      actions = null
      substrings = class java.util.ArrayList@789ef5eb
      serialVersionUID = "/* Could not access serialVersionUID */"
      wildcard = "/* Could not access wildcard */"
      path = "/* Could not access path */"
      exitVM = "/* Could not access exitVM */"
      serialVersionUID = "/* Could not access serialVersionUID */"
      name = "/* Could not access name */"
    INDEX_DICTIONARY = 0
    INDEX_LOCATION = 1
    INDEX_METATYPE_PROCESSED = 2
    INDEX_IN_OVERRIDES_FILE = 3
    INDEX_REFERENCES = 4
    INDEX_UNIQUES = 5
    bundleContext = class org.eclipse.osgi.internal.framework.BundleContextImpl@74aa9841
      findHookName = "org.osgi.framework.hooks.bundle.FindHook"
      valid = true
      bundle = class org.eclipse.osgi.internal.framework.EquinoxBundle@570e5831
      container = class org.eclipse.osgi.internal.framework.EquinoxContainer@5d76848a
      debug = class org.eclipse.osgi.internal.debug.Debug@340c88ae
      servicesInUse = class java.util.HashMap@4b937007
      activator = class com.ibm.ws.config.internal.WSConfigActivator@44ade533
      contextLock = class java.lang.Object@4eefda7b
    msTracker = class com.ibm.ws.config.admin.internal.ManagedServiceTracker@273bed00
      ME = "com.ibm.ws.config.admin.internal.ManagedServiceTracker"
      tc = class com.ibm.websphere.ras.TraceComponent@71d581b2
      caFactory = class com.ibm.ws.config.admin.internal.ConfigAdminServiceFactory@6a0ddcb8
      managedServices = class java.util.HashMap@34b77c02
      managedServiceReferences = class java.util.HashMap@4760093d
      serialVersionUID = -1361093010813248208
      DEBUG = false
      context = class org.eclipse.osgi.internal.framework.BundleContextImpl@74aa9841
      filter = class org.eclipse.osgi.internal.framework.FilterImpl$Equal@1dbd77c3
      customizer = class com.ibm.ws.config.admin.internal.ManagedServiceTracker@273bed00
      listenerFilter = "(objectClass=org.osgi.service.cm.ManagedService)"
      trackClass = "org.osgi.service.cm.ManagedService"
      trackReference = null
      tracked = class org.osgi.util.tracker.ServiceTracker$Tracked@7c2764c5
      cachedReference = null
      cachedService = null
    msfTracker = class com.ibm.ws.config.admin.internal.ManagedServiceFactoryTracker@13550983
      ME = "com.ibm.ws.config.admin.internal.ManagedServiceFactoryTracker"
      tc = class com.ibm.websphere.ras.TraceComponent@1a87e3fb
      caFactory = class com.ibm.ws.config.admin.internal.ConfigAdminServiceFactory@6a0ddcb8
      managedServiceFactories = class java.util.HashMap@403625cd
      managedServiceFactoryReferences = class java.util.HashMap@12edc06c
      serialVersionUID = -2719224650925081263
      DEBUG = false
      context = class org.eclipse.osgi.internal.framework.BundleContextImpl@74aa9841
      filter = class org.eclipse.osgi.internal.framework.FilterImpl$Equal@2a9b37ee
      customizer = class com.ibm.ws.config.admin.internal.ManagedServiceFactoryTracker@13550983
      listenerFilter = "(objectClass=org.osgi.service.cm.ManagedServiceFactory)"
      trackClass = "org.osgi.service.cm.ManagedServiceFactory"
      trackReference = null
      tracked = class org.osgi.util.tracker.ServiceTracker$Tracked@394c6963
      cachedReference = null
      cachedService = null
    pluginManager = class com.ibm.ws.config.admin.internal.PluginManager@44e3023a
      pluginTracker = class com.ibm.ws.config.admin.internal.PluginManager$PluginTracker@48252bca
      serialVersionUID = -8398978898050816134
      $$$tc$$$ = class com.ibm.websphere.ras.TraceComponent@72f0fd6d
    configurationStore = class com.ibm.ws.config.admin.internal.ConfigurationStore@16151a87
    updateQueue = class com.ibm.ws.config.admin.internal.UpdateQueue@4282b647
      tc = class com.ibm.websphere.ras.TraceComponent@32c14c82
      threadPool = class java.util.concurrent.ScheduledThreadPoolExecutor@21356fa2
      queues = class com.ibm.ws.config.admin.internal.UpdateQueue$Queue[12]
      serialVersionUID = -1595708622468130151
    ced = class com.ibm.ws.config.admin.internal.ConfigEventDispatcher@3a2910fa
      ME = "com.ibm.ws.config.admin.internal.ConfigEventDispatcher"
      tc = class com.ibm.websphere.ras.TraceComponent@69ba750a
      st = class org.osgi.util.tracker.ServiceTracker@43fa17c1
      configAdminReference = class org.eclipse.osgi.internal.serviceregistry.ServiceReferenceImpl@12c8ae11
      caFactory = class com.ibm.ws.config.admin.internal.ConfigAdminServiceFactory@6a0ddcb8
      serialVersionUID = 7387440399302146247
    idMap = class java.util.Collections$SynchronizedMap@10b1f2d
      serialVersionUID = "/* Could not access serialVersionUID */"
      m = "/* Could not access m */"
      mutex = "/* Could not access mutex */"
      keySet = "/* Could not access keySet */"
      entrySet = "/* Could not access entrySet */"
      values = "/* Could not access values */"
    referenceMap = class java.util.Collections$SynchronizedMap@5da53fe4
      serialVersionUID = "/* Could not access serialVersionUID */"
      m = "/* Could not access m */"
      mutex = "/* Could not access mutex */"
      keySet = "/* Could not access keySet */"
      entrySet = "/* Could not access entrySet */"
      values = "/* Could not access values */"
    variableRegistryTracker = class org.osgi.util.tracker.ServiceTracker@a428a99
      DEBUG = false
      context = class org.eclipse.osgi.internal.framework.BundleContextImpl@74aa9841
      filter = class org.eclipse.osgi.internal.framework.FilterImpl$Equal@737f502f
      customizer = class org.osgi.util.tracker.ServiceTracker@a428a99
      listenerFilter = "(objectClass=com.ibm.wsspi.kernel.service.location.VariableRegistry)"
      trackClass = "com.ibm.wsspi.kernel.service.location.VariableRegistry"
      trackReference = null
      tracked = class org.osgi.util.tracker.ServiceTracker$Tracked@3411969c
      cachedReference = class org.eclipse.osgi.internal.serviceregistry.ServiceReferenceImpl@4264fcb2
      cachedService = class com.ibm.ws.kernel.service.location.internal.VariableRegistryHelper@1c5d1329
    variableRegistry = class com.ibm.ws.kernel.service.location.internal.VariableRegistryHelper@1c5d1329
      registry = class com.ibm.ws.kernel.service.location.internal.SymbolRegistry@5941f5ca
      serialVersionUID = 6631204287320083732
      $$$tc$$$ = class com.ibm.websphere.ras.TraceComponent@b6123c9
    configurationAdminRef = class org.eclipse.osgi.internal.serviceregistry.ServiceRegistrationImpl@33dfa6d3
      registry = class org.eclipse.osgi.internal.serviceregistry.ServiceRegistry@40888100
      context = class org.eclipse.osgi.internal.framework.BundleContextImpl@74aa9841
      bundle = class org.eclipse.osgi.internal.framework.EquinoxBundle@570e5831
      clazzes = class java.lang.String[1]
      service = class com.ibm.ws.config.admin.internal.ConfigAdminServiceFactory@6a0ddcb8
      reference = class org.eclipse.osgi.internal.serviceregistry.ServiceReferenceImpl@12c8ae11
      contextsUsing = class java.util.ArrayList@39674506
      properties = class java.util.Collections$UnmodifiableMap@96b6c53
      serviceid = 44
      serviceranking = 0
      registrationLock = class java.lang.Object@14959b64
      state = 0
      REGISTERED = 0
      UNREGISTERING = 1
      UNREGISTERED = 2
      FRAMEWORK_SET_SERVICE_PROPERTIES_COUNT = 4
      $assertionsDisabled = true
    serialVersionUID = 6695202270027014725
  configurations = class java.util.HashMap@36825f12
    serialVersionUID = "/* Could not access serialVersionUID */"
    DEFAULT_INITIAL_CAPACITY = "/* Could not access DEFAULT_INITIAL_CAPACITY */"
    MAXIMUM_CAPACITY = "/* Could not access MAXIMUM_CAPACITY */"
    DEFAULT_LOAD_FACTOR = "/* Could not access DEFAULT_LOAD_FACTOR */"
    TREEIFY_THRESHOLD = "/* Could not access TREEIFY_THRESHOLD */"
    UNTREEIFY_THRESHOLD = "/* Could not access UNTREEIFY_THRESHOLD */"
    MIN_TREEIFY_CAPACITY = "/* Could not access MIN_TREEIFY_CAPACITY */"
    table = "/* Could not access table */"
    entrySet = "/* Could not access entrySet */"
    size = "/* Could not access size */"
    modCount = "/* Could not access modCount */"
    threshold = "/* Could not access threshold */"
    loadFactor = "/* Could not access loadFactor */"
    keySet = "/* Could not access keySet */"
    values = "/* Could not access values */"
  configCount = 0
  persistentConfig = class java.io.File@4c773075
    fs = "/* Could not access fs */"
    path = "/* Could not access path */"
    status = "/* Could not access status */"
    prefixLength = "/* Could not access prefixLength */"
    separatorChar = /
    separator = "/"
    pathSeparatorChar = :
    pathSeparator = ":"
    UNSAFE = "/* Could not access UNSAFE */"
    PATH_OFFSET = "/* Could not access PATH_OFFSET */"
    PREFIX_LENGTH_OFFSET = "/* Could not access PREFIX_LENGTH_OFFSET */"
    serialVersionUID = "/* Could not access serialVersionUID */"
    filePath = "/* Could not access filePath */"
    $assertionsDisabled = "/* Could not access $assertionsDisabled */"
  saveMonitor = class java.util.concurrent.locks.ReentrantLock@7288ca5e
    serialVersionUID = "/* Could not access serialVersionUID */"
    sync = "/* Could not access sync */"
  saveTask = null
  shutdown = false
  storeMonitor = class java.util.concurrent.locks.ReentrantReadWriteLock@766420ab
    serialVersionUID = "/* Could not access serialVersionUID */"
    readerLock = "/* Could not access readerLock */"
    writerLock = "/* Could not access writerLock */"
    sync = "/* Could not access sync */"
  serialVersionUID = -5542992233292865756

