------Start of DE processing------ = [2/20/21, 13:12:31:241 EST]
Exception = java.lang.NullPointerException
Source = com.ibm.ws.webcontainer.osgi.WebContainer
probeid = createModuleMetaData
Stack Dump = java.lang.NullPointerException
	at com.ibm.ws.webcontainer.osgi.container.config.WebAppConfiguratorHelper.configureServletAnnotation(WebAppConfiguratorHelper.java:2430)
	at com.ibm.ws.webcontainer.osgi.container.config.WebAppConfiguratorHelper.configureFromAnnotations(WebAppConfiguratorHelper.java:840)
	at com.ibm.ws.webcontainer.osgi.container.config.WebAppConfigurator.configure(WebAppConfigurator.java:454)
	at com.ibm.ws.webcontainer.osgi.container.config.WebAppConfigurationAdapter.adapt(WebAppConfigurationAdapter.java:119)
	at com.ibm.ws.webcontainer.osgi.container.config.WebAppConfigurationAdapter.adapt(WebAppConfigurationAdapter.java:43)
	at com.ibm.ws.adaptable.module.internal.AdapterFactoryServiceImpl.adapt(AdapterFactoryServiceImpl.java:200)
	at com.ibm.ws.adaptable.module.internal.AdaptableContainerImpl.adapt(AdaptableContainerImpl.java:174)
	at com.ibm.ws.webcontainer.osgi.WebContainer.createModuleMetaData(WebContainer.java:852)
	at com.ibm.ws.app.manager.module.internal.ModuleHandlerBase.createModuleMetaData(ModuleHandlerBase.java:63)
	at com.ibm.ws.app.manager.module.internal.SimpleDeployedAppInfoBase$ModuleContainerInfoBase.createModuleMetaData(SimpleDeployedAppInfoBase.java:189)
	at com.ibm.ws.app.manager.module.internal.SimpleDeployedAppInfoBase.preDeployApp(SimpleDeployedAppInfoBase.java:532)
	at com.ibm.ws.app.manager.module.internal.SimpleDeployedAppInfoBase.installApp(SimpleDeployedAppInfoBase.java:508)
	at com.ibm.ws.app.manager.module.internal.DeployedAppInfoBase.deployApp(DeployedAppInfoBase.java:349)
	at com.ibm.ws.app.manager.war.internal.WARApplicationHandlerImpl.install(WARApplicationHandlerImpl.java:65)
	at com.ibm.ws.app.manager.internal.statemachine.StartAction.execute(StartAction.java:149)
	at com.ibm.ws.app.manager.internal.statemachine.ApplicationStateMachineImpl.enterState(ApplicationStateMachineImpl.java:1317)
	at com.ibm.ws.app.manager.internal.statemachine.ApplicationStateMachineImpl.performAction(ApplicationStateMachineImpl.java:1182)
	at com.ibm.ws.app.manager.internal.statemachine.ApplicationStateMachineImpl.run(ApplicationStateMachineImpl.java:905)
	at com.ibm.ws.threading.internal.ExecutorServiceImpl$RunnableWrapper.run(ExecutorServiceImpl.java:239)
	at java.base/java.util.concurrent.ThreadPoolExecutor.runWorker(ThreadPoolExecutor.java:1128)
	at java.base/java.util.concurrent.ThreadPoolExecutor$Worker.run(ThreadPoolExecutor.java:628)
	at java.base/java.lang.Thread.run(Thread.java:834)

Dump of callerThis
Object type = [Ljava.lang.Object;
  Object[0] = class com.ibm.ws.app.manager.module.internal.WebModuleInfoImpl@1fd7a8f1
    contextRoot = "/"
    isDefaultContextRootUsed = false
    defaultContextRoot = "CharacterSheets"
    serialVersionUID = -6699247856069243844
    $$$tc$$$ = class com.ibm.websphere.ras.TraceComponent@7a0e231a
      strings[0] = "TraceComponent[com.ibm.ws.app.manager.module.internal.WebModuleInfoImpl,class com.ibm.ws.app.manager.module.internal.WebModuleInfoImpl,[applications, app.manager],null,null]"
    tc = class com.ibm.websphere.ras.TraceComponent@2590f315
      strings[0] = "TraceComponent[com.ibm.ws.app.manager.module.internal.ExtendedModuleInfoImpl,class com.ibm.ws.app.manager.module.internal.ExtendedModuleInfoImpl,[app.manager],com.ibm.ws.app.manager.module.internal.resources.Messages,null]"
    appInfo = class com.ibm.ws.container.service.app.deploy.internal.ApplicationInfoImpl@607435d5
      appName = "CharacterSheets"
      appMetaData = class com.ibm.ws.container.service.app.deploy.internal.ApplicationMetaDataImpl@465b2658
      appContainer = class com.ibm.ws.adaptable.module.internal.AdaptableContainerImpl@558f1d2d
      configHelper = class com.ibm.ws.app.manager.module.ApplicationNestedConfigHelper@1d517c08
      applicationInformation = class com.ibm.ws.app.manager.internal.ApplicationInstallInfo@3688517a
      serialVersionUID = 5227817860647895780
      $$$tc$$$ = class com.ibm.websphere.ras.TraceComponent@1377c2a6
    moduleName = "CharacterSheets"
    path = "CharacterSheets.war"
    moduleContainer = class com.ibm.ws.adaptable.module.internal.AdaptableContainerImpl@558f1d2d
      root = class com.ibm.ws.adaptable.module.internal.AdaptableContainerImpl@558f1d2d
      rootOverlay = class com.ibm.ws.artifact.overlay.internal.DirectoryBasedOverlayContainerImpl@2cc1c94
      factoryHolder = class com.ibm.ws.adaptable.module.internal.AdaptableModuleFactoryImpl@7b6b5eca
      delegate = class com.ibm.ws.artifact.overlay.internal.DirectoryBasedOverlayContainerImpl@2cc1c94
      notifier = class com.ibm.ws.adaptable.module.internal.NotifierImpl@6863f1c
      serialVersionUID = -5950528200509051684
      $$$tc$$$ = class com.ibm.websphere.ras.TraceComponent@e2961b9
    altDDEntry = null
    moduleClassesContainers = class java.util.ArrayList@1b71e2b8
      serialVersionUID = "/* Could not access serialVersionUID */"
      DEFAULT_CAPACITY = "/* Could not access DEFAULT_CAPACITY */"
      EMPTY_ELEMENTDATA = "/* Could not access EMPTY_ELEMENTDATA */"
      DEFAULTCAPACITY_EMPTY_ELEMENTDATA = "/* Could not access DEFAULTCAPACITY_EMPTY_ELEMENTDATA */"
      elementData = "/* Could not access elementData */"
      size = "/* Could not access size */"
      MAX_ARRAY_SIZE = "/* Could not access MAX_ARRAY_SIZE */"
      modCount = "/* Could not access modCount */"
      MAX_ARRAY_SIZE = "/* Could not access MAX_ARRAY_SIZE */"
    classLoaderFactory = class com.ibm.ws.app.manager.war.internal.WARDeployedAppInfo@7c2ae50f
      CONTEXT_ROOT = "context-root"
      webContainerModuleInfo = class com.ibm.ws.app.manager.module.internal.SimpleDeployedAppInfoBase$WebModuleContainerInfo@5140d423
      DYNAMIC_IMPORT_PACKAGE_LIST = class java.util.Collections$UnmodifiableRandomAccessList@4ef75d7e
      serialVersionUID = 6176035338244935179
      $$$tc$$$ = class com.ibm.websphere.ras.TraceComponent@49f182d9
      _tc = class com.ibm.websphere.ras.TraceComponent@20480409
      PERMISSION_XML = "permissions.xml"
      applicationInformation = class com.ibm.ws.app.manager.internal.ApplicationInstallInfo@3688517a
      location = "/home/andy/cs/csc435/liberty/characterSheets/build/wlp/usr/servers/CharacterSheetsServer/apps/CharacterSheets.war.xml"
      classLoadingService = class com.ibm.ws.classloading.internal.ClassLoadingServiceImpl@6f4bd764
      globalSharedLibrary = class com.ibm.ws.library.internal.SharedLibraryImpl@58826b4e
      sharedLibDeploymentInfo = class com.ibm.ws.app.manager.module.internal.DeployedAppInfoBase$SharedLibDeploymentInfo@f344db1
      configAdmin = class com.ibm.ws.config.admin.internal.ConfigurationAdminImpl@7b5cfd84
      libraryConfigHelper = class com.ibm.ws.classloading.ClassLoaderConfigHelper@4a1df57c
      isDelegateLast = false
      permissionManager = class com.ibm.ws.classloading.java2sec.PermissionManager@2c7aa32f
      permissionsConfig = null
      serialVersionUID = 1131686356392279747
      appInfo = class com.ibm.ws.container.service.app.deploy.internal.ApplicationInfoImpl@607435d5
      appInfoRegistration = null
      modulesDeployed = class java.util.ArrayList@3056cbf9
      starting = false
      started = false
      deployedAppServices = class com.ibm.ws.app.manager.module.internal.DeployedAppServicesImpl@15c57e9a
      futureMonitor = class com.ibm.ws.threading.internal.FutureMonitorImpl@39e21856
      appInfoFactory = class com.ibm.ws.container.service.app.deploy.internal.ApplicationInfoFactoryImpl@65c0e637
      metaDataService = class com.ibm.ws.container.service.metadata.internal.MetaDataServiceImpl@625067ee
      stateChangeService = class com.ibm.ws.container.service.state.internal.StateChangeServiceImpl@1c5a527b
      moduleClassesInfo = class com.ibm.ws.app.manager.module.internal.SimpleDeployedAppInfoBase$ModuleClassesInfoProvider@1a554b0a
      moduleContainerInfos = class java.util.ArrayList@24dac774
      activeModuleHandlers = class java.util.IdentityHashMap@46496c86
      serialVersionUID = -2685719801501752993
      $$$tc$$$ = class com.ibm.websphere.ras.TraceComponent@4a8fe84f
    containerInfoType = class com.ibm.ws.container.service.app.deploy.ContainerInfo$Type@6c0901a7
      MANIFEST_CLASSPATH = class com.ibm.ws.container.service.app.deploy.ContainerInfo$Type@38f330b6
      WEB_INF_CLASSES = class com.ibm.ws.container.service.app.deploy.ContainerInfo$Type@4ae0b1bb
      WEB_INF_LIB = class com.ibm.ws.container.service.app.deploy.ContainerInfo$Type@47c0d93d
      EAR_LIB = class com.ibm.ws.container.service.app.deploy.ContainerInfo$Type@3e4ae5ac
      WEB_MODULE = class com.ibm.ws.container.service.app.deploy.ContainerInfo$Type@6c0901a7
      EJB_MODULE = class com.ibm.ws.container.service.app.deploy.ContainerInfo$Type@1f9d0453
      CLIENT_MODULE = class com.ibm.ws.container.service.app.deploy.ContainerInfo$Type@503f0372
      RAR_MODULE = class com.ibm.ws.container.service.app.deploy.ContainerInfo$Type@11f72179
      JAR_MODULE = class com.ibm.ws.container.service.app.deploy.ContainerInfo$Type@7879c16e
      SHARED_LIB = class com.ibm.ws.container.service.app.deploy.ContainerInfo$Type@f31fdae
      $VALUES = class com.ibm.ws.container.service.app.deploy.ContainerInfo$Type[10]
      name = "/* Could not access name */"
      ordinal = "/* Could not access ordinal */"
    classLoader = class com.ibm.ws.classloading.internal.AppClassLoader@3f3de9e7
      tc = class com.ibm.websphere.ras.TraceComponent@f221810
      disableSharedClassesCache = false
      PARENT_FIRST_SEARCH_ORDER = class java.util.Collections$UnmodifiableRandomAccessList@18908c39
      packagesDefined = class java.util.Collections$SetFromMap@bba50e3
      CLASS_LOADING_TRACE_PREFIX = "com.ibm.ws.class.load."
      DEFAULT_PACKAGE = "default.package"
      perPackageClassLoadingTraceComponents = class java.util.concurrent.ConcurrentHashMap@6206264c
      config = class com.ibm.ws.classloading.internal.ClassLoaderConfigurationImpl@3871b32b
      privateLibraries = null
      delegateLoaders = class com.ibm.ws.classloading.internal.util.CompositeIterable@241c0158
      nativeLibraryFiles = class java.util.ArrayList@7df86070
      transformers = class java.util.ArrayList@2e1f1dc5
      apiAccess = class com.ibm.ws.classloading.internal.GatewayClassLoader@4582814b
      generator = class com.ibm.ws.classloading.internal.ClassGeneratorManager@1b420bc6
      protectionDomains = class java.util.concurrent.ConcurrentHashMap@5f10df37
      parent = class com.ibm.ws.classloading.internal.GatewayClassLoader@4582814b
      hook = null
      serialVersionUID = 8734164900246230615
      tc = class com.ibm.websphere.ras.TraceComponent@508fb259
      smartClassPath = class com.ibm.ws.classloading.internal.ContainerClassLoader$SmartClassPathImpl@6155cf45
      nativeLibraryContainers = class java.util.ArrayList@37f2179f
      redefiner = class com.ibm.ws.classloading.internal.util.ClassRedefiner@3ce5269c
      jarProtocol = "wsjar:"
      mapCreationQueue = class java.util.concurrent.Executors$FinalizableDelegatedExecutorService@65d5bf50
      serialVersionUID = 6399598832433768509
      serialVersionUID = 1837293532091806117
      $$$tc$$$ = class com.ibm.websphere.ras.TraceComponent@5312f5e2
      serialVersionUID = -4586727107834513475
      $$$tc$$$ = class com.ibm.websphere.ras.TraceComponent@6351f557
      serialVersionUID = -7709588811276454856
      $$$tc$$$ = class com.ibm.websphere.ras.TraceComponent@7beb4807
      initialized = "/* Could not access initialized */"
      pdcache = "/* Could not access pdcache */"
      parent = "/* Could not access parent */"
      name = "/* Could not access name */"
      unnamedModule = "/* Could not access unnamedModule */"
      nameAndId = "/* Could not access nameAndId */"
      parallelLockMap = "/* Could not access parallelLockMap */"
      package2certs = "/* Could not access package2certs */"
      nocerts = "/* Could not access nocerts */"
      classes = "/* Could not access classes */"
      defaultDomain = "/* Could not access defaultDomain */"
      packages = "/* Could not access packages */"
      scl = "/* Could not access scl */"
      usr_paths = "/* Could not access usr_paths */"
      sys_paths = "/* Could not access sys_paths */"
      loadedLibraryNames = "/* Could not access loadedLibraryNames */"
      systemNativeLibraries = "/* Could not access systemNativeLibraries */"
      nativeLibraries = "/* Could not access nativeLibraries */"
      assertionLock = "/* Could not access assertionLock */"
      defaultAssertionStatus = "/* Could not access defaultAssertionStatus */"
      packageAssertionStatus = "/* Could not access packageAssertionStatus */"
      classAssertionStatus = "/* Could not access classAssertionStatus */"
      classLoaderValueMap = "/* Could not access classLoaderValueMap */"
      $assertionsDisabled = "/* Could not access $assertionsDisabled */"
    moduleMetaData = null
    nestedModuleMetaDataTypes = null
    nestedModuleMetaDataValues = null
    serialVersionUID = 3986734351620206554
  Object[1] = class com.ibm.ws.webcontainer.osgi.WebContainer@1e0043da
    tc = class com.ibm.websphere.ras.TraceComponent@786a7578
      strings[0] = "TraceComponent[com.ibm.ws.webcontainer.osgi.WebContainer,class com.ibm.ws.webcontainer.osgi.WebContainer,[webcontainer],com.ibm.ws.webcontainer.resources.LShimMessages,null]"
    CLASS_NAME = "com.ibm.ws.webcontainer.osgi.WebContainer"
    initialized = true
    eventService = class com.ibm.ws.event.internal.EventEngineImpl@2d125b6e
      tc = class com.ibm.websphere.ras.TraceComponent@650a8d53
      OSGI_EVENT_HANDLER_REFERENCE_NAME = "OsgiEventHandler"
      WS_EVENT_HANDLER_REFERENCE_NAME = "WsEventHandler"
      CFG_KEY_REENTRANT_HANDLER_DEFAULT = "reentrant.handler.default"
      CFG_KEY_STAGE_PREFIX = "stage.topics."
      topicCache = class com.ibm.ws.event.internal.TopicBasedCache@3a5d067c
      componentContext = class org.apache.felix.scr.impl.manager.ComponentContextImpl@64d76409
      bundleContext = class org.eclipse.osgi.internal.framework.BundleContextImpl@88ed871
      logService = class org.eclipse.osgi.internal.log.ExtendedLogServiceImpl@4a511232
      frameworkEventAdapter = class com.ibm.ws.event.internal.adapter.FrameworkEventAdapter@1739d21b
      bundleEventAdapter = class com.ibm.ws.event.internal.adapter.BundleEventAdapter@45854866
      serviceEventAdapter = class com.ibm.ws.event.internal.adapter.ServiceEventAdapter@1aad9bf3
      executorServiceFactory = class com.ibm.ws.event.internal.WorkStageExecutorServiceFactory@582fca16
      defaultReentrancy = true
      skipSchedule = false
      serialVersionUID = -3714378010555321089
    futureMonitor = class com.ibm.ws.threading.internal.FutureMonitorImpl@39e21856
      _monitor = class java.util.concurrent.ConcurrentLinkedQueue@392d88ec
      _executor = class com.ibm.ws.threading.internal.ScheduledExecutorImpl@3971ceea
      _threadRunning = class java.util.concurrent.atomic.AtomicBoolean@74dcaa6e
      _thread = class com.ibm.ws.threading.internal.FutureMonitorImpl$1@31a6a181
      serialVersionUID = 2765238413969174390
      $$$tc$$$ = class com.ibm.websphere.ras.TraceComponent@efd3735
    classLoadingSRRef = class com.ibm.wsspi.kernel.service.utils.AtomicServiceReference@12cb90f8
      referenceName = "classLoadingService"
      tuple = class java.util.concurrent.atomic.AtomicReference@f695ade
      serialVersionUID = 2226592364007985000
      $$$tc$$$ = class com.ibm.websphere.ras.TraceComponent@28b67f97
    sessionHelperSRRef = class com.ibm.wsspi.kernel.service.utils.AtomicServiceReference@366bbf3f
      referenceName = "sessionHelper"
      tuple = class java.util.concurrent.atomic.AtomicReference@11db8332
      serialVersionUID = 2226592364007985000
      $$$tc$$$ = class com.ibm.websphere.ras.TraceComponent@28b67f97
    cacheManagerSRRef = class com.ibm.wsspi.kernel.service.utils.AtomicServiceReference@91d5bb7
      referenceName = "cacheManager"
      tuple = class java.util.concurrent.atomic.AtomicReference@8ce27be
      serialVersionUID = 2226592364007985000
      $$$tc$$$ = class com.ibm.websphere.ras.TraceComponent@28b67f97
    injectionEngineSRRef = class com.ibm.wsspi.kernel.service.utils.AtomicServiceReference@2094c26a
      referenceName = "injectionEngine"
      tuple = class java.util.concurrent.atomic.AtomicReference@1df7202
      serialVersionUID = 2226592364007985000
      $$$tc$$$ = class com.ibm.websphere.ras.TraceComponent@28b67f97
    managedObjectServiceSRRef = class com.ibm.wsspi.kernel.service.utils.AtomicServiceReference@6e16dad0
      referenceName = "managedObjectService"
      tuple = class java.util.concurrent.atomic.AtomicReference@1d443e68
      serialVersionUID = 2226592364007985000
      $$$tc$$$ = class com.ibm.websphere.ras.TraceComponent@28b67f97
    backgroundWebAppStartFutures = class com.ibm.ws.webcontainer.util.OneTimeUseArrayList@5ef126a
      enabled = true
      runnables = class java.util.ArrayList@c4771ff
    REFERENCE_WEB_MBEAN_RUNTIME = "webMBeanRuntime"
    webMBeanRuntimeServiceRef = class com.ibm.wsspi.kernel.service.utils.AtomicServiceReference@664c2183
      referenceName = "webMBeanRuntime"
      tuple = class java.util.concurrent.atomic.AtomicReference@e1c9982
      serialVersionUID = 2226592364007985000
      $$$tc$$$ = class com.ibm.websphere.ras.TraceComponent@28b67f97
    servletContainerInitializers = class com.ibm.wsspi.kernel.service.utils.ConcurrentServiceReferenceSet@604d28b2
      referenceName = "servletContainerInitializers"
      contextRef = class java.util.concurrent.atomic.AtomicReference@6e76dc27
      elementMap = class java.util.LinkedHashMap@18f2b019
      elementSet = class java.util.concurrent.ConcurrentSkipListSet@3e2bb66b
      elementSetUnsorted = false
      serialVersionUID = 756240983881166148
      $$$tc$$$ = class com.ibm.websphere.ras.TraceComponent@61e59dcc
    es = class com.ibm.ws.threading.internal.ExecutorServiceImpl@38d5be31
      threadPool = class java.util.concurrent.ThreadPoolExecutor@2ab57b48
      threadPoolController = class com.ibm.ws.threading.internal.ThreadPoolController@ddcdf6e
      poolName = "Default Executor"
      MINIMUM_POOL_SIZE = 4
      componentConfig = class org.apache.felix.scr.impl.helper.ReadOnlyDictionary@1898c98f
      interceptorsActive = false
      interceptors = class java.util.concurrent.CopyOnWriteArraySet@507fcaf3
      threadFactory = null
      serverStopping = false
      phaser = class java.util.concurrent.Phaser@5191948f
      serialVersionUID = 6930666794455919448
      $$$tc$$$ = class com.ibm.websphere.ras.TraceComponent@57a52a1e
    locationServiceRef = class java.util.concurrent.atomic.AtomicReference@45548703
      serialVersionUID = "/* Could not access serialVersionUID */"
      VALUE = "/* Could not access VALUE */"
      value = "/* Could not access value */"
    transferContextServiceRef = class com.ibm.wsspi.kernel.service.utils.ConcurrentServiceReferenceSet@4293e613
      referenceName = "transferService"
      contextRef = class java.util.concurrent.atomic.AtomicReference@4cc98e8
      elementMap = class java.util.LinkedHashMap@40da6484
      elementSet = class java.util.concurrent.ConcurrentSkipListSet@2159b99
      elementSetUnsorted = false
      serialVersionUID = 756240983881166148
      $$$tc$$$ = class com.ibm.websphere.ras.TraceComponent@61e59dcc
    encodingServiceRef = class java.util.concurrent.atomic.AtomicReference@4b925e4b
      serialVersionUID = "/* Could not access serialVersionUID */"
      VALUE = "/* Could not access VALUE */"
      value = "/* Could not access value */"
    instance = class java.util.concurrent.atomic.AtomicReference@5e23453e
      serialVersionUID = "/* Could not access serialVersionUID */"
      VALUE = "/* Could not access VALUE */"
      value = "/* Could not access value */"
    vhostManager = class com.ibm.ws.webcontainer.osgi.DynamicVirtualHostManager@3f2ead66
      tc = class com.ibm.websphere.ras.TraceComponent@7e3c564a
      hostMap = class java.util.concurrent.ConcurrentHashMap@7e4a2b03
      transportMap = class java.util.concurrent.ConcurrentHashMap@5630fe6f
      locationService = class com.ibm.ws.kernel.service.location.internal.WsLocationAdminImpl@1d2a6625
      schedExecutor = class com.ibm.ws.threading.internal.ScheduledExecutorImpl@3971ceea
      pluginCfgVhostUris = class java.util.HashMap@2121ac96
      PLUGIN_CFG = "plugin-cfg.xml"
    metaDataService = class com.ibm.ws.container.service.metadata.internal.MetaDataServiceImpl@625067ee
      applicationMetaDataManager = class com.ibm.ws.container.service.metadata.internal.ApplicationMetaDataManager@3e42818b
      moduleMetaDataManager = class com.ibm.ws.container.service.metadata.internal.ModuleMetaDataManager@24517e44
      componentMetaDataManager = class com.ibm.ws.container.service.metadata.internal.ComponentMetaDataManager@b1bc5a6
      methodMetaDataManager = class com.ibm.ws.container.service.metadata.internal.MethodMetaDataManager@435cd43c
      appModuleNameToModuleContainer = class java.util.concurrent.ConcurrentHashMap@69b84b05
      jeeNameToComponentMetaData = class java.util.concurrent.ConcurrentHashMap@46b4ab28
      deferredMetaDataFactories = class com.ibm.wsspi.kernel.service.utils.ConcurrentServiceReferenceSet@13d760ad
      deferredMetaDataInitializers = class com.ibm.wsspi.kernel.service.utils.ConcurrentServiceReferenceMap@368fabdf
      serialVersionUID = -2494605732980966097
      $$$tc$$$ = class com.ibm.websphere.ras.TraceComponent@70a85fa9
    j2eeNameFactory = class com.ibm.ws.container.service.metadata.internal.J2EENameFactoryImpl@3be90de9
      serialVersionUID = 3486344295038028821
      $$$tc$$$ = class com.ibm.websphere.ras.TraceComponent@4bb46977
    context = class org.apache.felix.scr.impl.manager.ComponentContextImpl@7f27a51f
      m_componentManager = class org.apache.felix.scr.impl.manager.SingleComponentManager@6b816426
      edgeInfos = class org.apache.felix.scr.impl.manager.EdgeInfo[27]
      m_componentInstance = class org.apache.felix.scr.impl.manager.ComponentContextImpl$ComponentInstanceImpl@8025166
      m_usingBundle = class org.eclipse.osgi.internal.framework.EquinoxBundle@31f9c9a
      m_serviceRegistration = class org.eclipse.osgi.internal.serviceregistry.ServiceRegistrationImpl@4e3cd234
      m_implementationObject = class com.ibm.ws.webcontainer.osgi.WebContainer@1e0043da
      m_implementationAccessible = true
      accessibleLatch = class java.util.concurrent.CountDownLatch@9b4ca32
      serviceObjectsHelper = class org.apache.felix.scr.impl.helper.ComponentServiceObjectsHelper@69743f76
      boundValues = null
    contextRoots = class java.util.Collections$SynchronizedSet@35a87200
      serialVersionUID = "/* Could not access serialVersionUID */"
      serialVersionUID = "/* Could not access serialVersionUID */"
      c = "/* Could not access c */"
      mutex = "/* Could not access mutex */"
    pendingContextRoots = class java.util.HashMap@54261c4c
      serialVersionUID = "/* Could not access serialVersionUID */"
      DEFAULT_INITIAL_CAPACITY = "/* Could not access DEFAULT_INITIAL_CAPACITY */"
      MAXIMUM_CAPACITY = "/* Could not access MAXIMUM_CAPACITY */"
      DEFAULT_LOAD_FACTOR = "/* Could not access DEFAULT_LOAD_FACTOR */"
      TREEIFY_THRESHOLD = "/* Could not access TREEIFY_THRESHOLD */"
      UNTREEIFY_THRESHOLD = "/* Could not access UNTREEIFY_THRESHOLD */"
      MIN_TREEIFY_CAPACITY = "/* Could not access MIN_TREEIFY_CAPACITY */"
      table = "/* Could not access table */"
      entrySet = "/* Could not access entrySet */"
      size = "/* Could not access size */"
      modCount = "/* Could not access modCount */"
      threshold = "/* Could not access threshold */"
      loadFactor = "/* Could not access loadFactor */"
      keySet = "/* Could not access keySet */"
      values = "/* Could not access values */"
    deployedModuleMap = class java.util.concurrent.ConcurrentHashMap@2753d564
      serialVersionUID = "/* Could not access serialVersionUID */"
      MAXIMUM_CAPACITY = "/* Could not access MAXIMUM_CAPACITY */"
      DEFAULT_CAPACITY = "/* Could not access DEFAULT_CAPACITY */"
      MAX_ARRAY_SIZE = "/* Could not access MAX_ARRAY_SIZE */"
      DEFAULT_CONCURRENCY_LEVEL = "/* Could not access DEFAULT_CONCURRENCY_LEVEL */"
      LOAD_FACTOR = "/* Could not access LOAD_FACTOR */"
      TREEIFY_THRESHOLD = "/* Could not access TREEIFY_THRESHOLD */"
      UNTREEIFY_THRESHOLD = "/* Could not access UNTREEIFY_THRESHOLD */"
      MIN_TREEIFY_CAPACITY = "/* Could not access MIN_TREEIFY_CAPACITY */"
      MIN_TRANSFER_STRIDE = "/* Could not access MIN_TRANSFER_STRIDE */"
      RESIZE_STAMP_BITS = "/* Could not access RESIZE_STAMP_BITS */"
      MAX_RESIZERS = "/* Could not access MAX_RESIZERS */"
      RESIZE_STAMP_SHIFT = "/* Could not access RESIZE_STAMP_SHIFT */"
      MOVED = "/* Could not access MOVED */"
      TREEBIN = "/* Could not access TREEBIN */"
      RESERVED = "/* Could not access RESERVED */"
      HASH_BITS = "/* Could not access HASH_BITS */"
      NCPU = "/* Could not access NCPU */"
      serialPersistentFields = "/* Could not access serialPersistentFields */"
      table = "/* Could not access table */"
      nextTable = "/* Could not access nextTable */"
      baseCount = "/* Could not access baseCount */"
      sizeCtl = "/* Could not access sizeCtl */"
      transferIndex = "/* Could not access transferIndex */"
      cellsBusy = "/* Could not access cellsBusy */"
      counterCells = "/* Could not access counterCells */"
      keySet = "/* Could not access keySet */"
      values = "/* Could not access values */"
      entrySet = "/* Could not access entrySet */"
      U = "/* Could not access U */"
      SIZECTL = "/* Could not access SIZECTL */"
      TRANSFERINDEX = "/* Could not access TRANSFERINDEX */"
      BASECOUNT = "/* Could not access BASECOUNT */"
      CELLSBUSY = "/* Could not access CELLSBUSY */"
      CELLVALUE = "/* Could not access CELLVALUE */"
      ABASE = "/* Could not access ABASE */"
      ASHIFT = "/* Could not access ASHIFT */"
      keySet = "/* Could not access keySet */"
      values = "/* Could not access values */"
    connContextPool = class com.ibm.ws.webcontainer40.osgi.srt.factory.SRTConnectionContextPool40Impl@651e93cc
      head = class java.lang.ThreadLocal@5f8ecda8
      serialVersionUID = 1328956725011480048
      $$$tc$$$ = class com.ibm.websphere.ras.TraceComponent@22c165c1
    DEFAULT_PORT = "*"
    DEFAULT_VHOST_NAME = "default_host"
    cachedServerInfo = "IBM WebSphere Liberty/21.0.0.1"
    lock = class com.ibm.ws.webcontainer.osgi.WebContainer$1@13d0c51d
      this$0 = class com.ibm.ws.webcontainer.osgi.WebContainer@1e0043da
    webAppFactory = class com.ibm.ws.webcontainer40.osgi.webapp.factory.WebAppFactory40Impl@77707f57
      serialVersionUID = 8172918271897210367
      $$$tc$$$ = class com.ibm.websphere.ras.TraceComponent@23793c05
    requestFactory = class com.ibm.ws.webcontainer40.osgi.response.factory.IRequestResponseFactory40Impl@4eb17c28
      serialVersionUID = 3336627925143380461
      $$$tc$$$ = class com.ibm.websphere.ras.TraceComponent@123d19c2
    responseFactory = class com.ibm.ws.webcontainer40.osgi.response.factory.IRequestResponseFactory40Impl@4eb17c28
    asyncContextFactory = class com.ibm.ws.webcontainer40.async.factory.AsyncContextFactory40Impl@5f2006c1
      serialVersionUID = 2251738312435757516
      $$$tc$$$ = class com.ibm.websphere.ras.TraceComponent@2621de9d
    DEFAULT_MAX_VERSION = 30
    versionRef = class org.eclipse.osgi.internal.serviceregistry.ServiceReferenceImpl@3e338ccc
      registration = class org.eclipse.osgi.internal.serviceregistry.ServiceRegistrationImpl@76176706
    serverStopping = false
    modulesStarting = class java.util.concurrent.atomic.AtomicInteger@7ba6e71e
      serialVersionUID = "/* Could not access serialVersionUID */"
      U = "/* Could not access U */"
      VALUE = "/* Could not access VALUE */"
      value = "/* Could not access value */"
      serialVersionUID = "/* Could not access serialVersionUID */"
    uriMatcherFactory = class com.ibm.wsspi.webcontainer40.util.factory.URIMatcherFactory40Impl@24efe0a5
      serialVersionUID = 4507504838389585711
      $$$tc$$$ = class com.ibm.websphere.ras.TraceComponent@155e2b94
    SPEC_LEVEL_UNLOADED = -1
    SPEC_LEVEL_30 = 30
    SPEC_LEVEL_31 = 31
    SPEC_LEVEL_40 = 40
    SPEC_LEVEL_50 = 50
    DEFAULT_SPEC_LEVEL = 30
    loadedContainerSpecLevel = 40
    ISO = "ISO-8859-1"
    encoding = "UTF-8"
    decode = true
    wcconfig = class com.ibm.ws.webcontainer.osgi.WebContainerConfiguration@2231b065
      properties = class org.apache.felix.scr.impl.helper.ReadOnlyDictionary@3d32c883
      CFG_KEY_ENFORCE_SEC = "enforce.security"
      logger = class com.ibm.ws.logging.internal.WsLogger@3912b633
      CLASS_NAME = "com.ibm.ws.webcontainer.WebContainerConfiguration"
      _localeProps = null
      _jvmProps = null
      enableServletCaching = false
      defaultVirtualHostName = "default_host"
      ardEnabled = false
      ardIncludeTimeout = 0
      poolingDisabled = false
      maximumExpiredEntries = 0
      maximumResponseStoreSize = 0
      useAsyncRunnableWorkManager = false
      asyncRunnableWorkManagerName = null
      numAsyncTimerThreads = 2
      defaultAsyncServletTimeout = 30000
    applicationListeners = class java.util.ArrayList@6e632d2a
      serialVersionUID = "/* Could not access serialVersionUID */"
      DEFAULT_CAPACITY = "/* Could not access DEFAULT_CAPACITY */"
      EMPTY_ELEMENTDATA = "/* Could not access EMPTY_ELEMENTDATA */"
      DEFAULTCAPACITY_EMPTY_ELEMENTDATA = "/* Could not access DEFAULTCAPACITY_EMPTY_ELEMENTDATA */"
      elementData = "/* Could not access elementData */"
      size = "/* Could not access size */"
      MAX_ARRAY_SIZE = "/* Could not access MAX_ARRAY_SIZE */"
      modCount = "/* Could not access modCount */"
      MAX_ARRAY_SIZE = "/* Could not access MAX_ARRAY_SIZE */"
    servletListeners = class java.util.ArrayList@3552028b
      serialVersionUID = "/* Could not access serialVersionUID */"
      DEFAULT_CAPACITY = "/* Could not access DEFAULT_CAPACITY */"
      EMPTY_ELEMENTDATA = "/* Could not access EMPTY_ELEMENTDATA */"
      DEFAULTCAPACITY_EMPTY_ELEMENTDATA = "/* Could not access DEFAULTCAPACITY_EMPTY_ELEMENTDATA */"
      elementData = "/* Could not access elementData */"
      size = "/* Could not access size */"
      MAX_ARRAY_SIZE = "/* Could not access MAX_ARRAY_SIZE */"
      modCount = "/* Could not access modCount */"
      MAX_ARRAY_SIZE = "/* Could not access MAX_ARRAY_SIZE */"
    servletErrorListeners = class java.util.ArrayList@5ee799d
      serialVersionUID = "/* Could not access serialVersionUID */"
      DEFAULT_CAPACITY = "/* Could not access DEFAULT_CAPACITY */"
      EMPTY_ELEMENTDATA = "/* Could not access EMPTY_ELEMENTDATA */"
      DEFAULTCAPACITY_EMPTY_ELEMENTDATA = "/* Could not access DEFAULTCAPACITY_EMPTY_ELEMENTDATA */"
      elementData = "/* Could not access elementData */"
      size = "/* Could not access size */"
      MAX_ARRAY_SIZE = "/* Could not access MAX_ARRAY_SIZE */"
      modCount = "/* Could not access modCount */"
      MAX_ARRAY_SIZE = "/* Could not access MAX_ARRAY_SIZE */"
    servletInvocationListeners = class java.util.ArrayList@2a7343dd
      serialVersionUID = "/* Could not access serialVersionUID */"
      DEFAULT_CAPACITY = "/* Could not access DEFAULT_CAPACITY */"
      EMPTY_ELEMENTDATA = "/* Could not access EMPTY_ELEMENTDATA */"
      DEFAULTCAPACITY_EMPTY_ELEMENTDATA = "/* Could not access DEFAULTCAPACITY_EMPTY_ELEMENTDATA */"
      elementData = "/* Could not access elementData */"
      size = "/* Could not access size */"
      MAX_ARRAY_SIZE = "/* Could not access MAX_ARRAY_SIZE */"
      modCount = "/* Could not access modCount */"
      MAX_ARRAY_SIZE = "/* Could not access MAX_ARRAY_SIZE */"
    filterInvocationListeners = class java.util.ArrayList@5d0e21c4
      serialVersionUID = "/* Could not access serialVersionUID */"
      DEFAULT_CAPACITY = "/* Could not access DEFAULT_CAPACITY */"
      EMPTY_ELEMENTDATA = "/* Could not access EMPTY_ELEMENTDATA */"
      DEFAULTCAPACITY_EMPTY_ELEMENTDATA = "/* Could not access DEFAULTCAPACITY_EMPTY_ELEMENTDATA */"
      elementData = "/* Could not access elementData */"
      size = "/* Could not access size */"
      MAX_ARRAY_SIZE = "/* Could not access MAX_ARRAY_SIZE */"
      modCount = "/* Could not access modCount */"
      MAX_ARRAY_SIZE = "/* Could not access MAX_ARRAY_SIZE */"
    filterErrorListeners = class java.util.ArrayList@786d26b4
      serialVersionUID = "/* Could not access serialVersionUID */"
      DEFAULT_CAPACITY = "/* Could not access DEFAULT_CAPACITY */"
      EMPTY_ELEMENTDATA = "/* Could not access EMPTY_ELEMENTDATA */"
      DEFAULTCAPACITY_EMPTY_ELEMENTDATA = "/* Could not access DEFAULTCAPACITY_EMPTY_ELEMENTDATA */"
      elementData = "/* Could not access elementData */"
      size = "/* Could not access size */"
      MAX_ARRAY_SIZE = "/* Could not access MAX_ARRAY_SIZE */"
      modCount = "/* Could not access modCount */"
      MAX_ARRAY_SIZE = "/* Could not access MAX_ARRAY_SIZE */"
    filterListeners = class java.util.ArrayList@eb98ab5
      serialVersionUID = "/* Could not access serialVersionUID */"
      DEFAULT_CAPACITY = "/* Could not access DEFAULT_CAPACITY */"
      EMPTY_ELEMENTDATA = "/* Could not access EMPTY_ELEMENTDATA */"
      DEFAULTCAPACITY_EMPTY_ELEMENTDATA = "/* Could not access DEFAULTCAPACITY_EMPTY_ELEMENTDATA */"
      elementData = "/* Could not access elementData */"
      size = "/* Could not access size */"
      MAX_ARRAY_SIZE = "/* Could not access MAX_ARRAY_SIZE */"
      modCount = "/* Could not access modCount */"
      MAX_ARRAY_SIZE = "/* Could not access MAX_ARRAY_SIZE */"
    servletRequestListeners = class java.util.ArrayList@3ee44d14
      serialVersionUID = "/* Could not access serialVersionUID */"
      DEFAULT_CAPACITY = "/* Could not access DEFAULT_CAPACITY */"
      EMPTY_ELEMENTDATA = "/* Could not access EMPTY_ELEMENTDATA */"
      DEFAULTCAPACITY_EMPTY_ELEMENTDATA = "/* Could not access DEFAULTCAPACITY_EMPTY_ELEMENTDATA */"
      elementData = "/* Could not access elementData */"
      size = "/* Could not access size */"
      MAX_ARRAY_SIZE = "/* Could not access MAX_ARRAY_SIZE */"
      modCount = "/* Could not access modCount */"
      MAX_ARRAY_SIZE = "/* Could not access MAX_ARRAY_SIZE */"
    servletRequestAttributeListeners = class java.util.ArrayList@12484b0d
      serialVersionUID = "/* Could not access serialVersionUID */"
      DEFAULT_CAPACITY = "/* Could not access DEFAULT_CAPACITY */"
      EMPTY_ELEMENTDATA = "/* Could not access EMPTY_ELEMENTDATA */"
      DEFAULTCAPACITY_EMPTY_ELEMENTDATA = "/* Could not access DEFAULTCAPACITY_EMPTY_ELEMENTDATA */"
      elementData = "/* Could not access elementData */"
      size = "/* Could not access size */"
      MAX_ARRAY_SIZE = "/* Could not access MAX_ARRAY_SIZE */"
      modCount = "/* Could not access modCount */"
      MAX_ARRAY_SIZE = "/* Could not access MAX_ARRAY_SIZE */"
    servletContextListeners = class java.util.ArrayList@3818776
      serialVersionUID = "/* Could not access serialVersionUID */"
      DEFAULT_CAPACITY = "/* Could not access DEFAULT_CAPACITY */"
      EMPTY_ELEMENTDATA = "/* Could not access EMPTY_ELEMENTDATA */"
      DEFAULTCAPACITY_EMPTY_ELEMENTDATA = "/* Could not access DEFAULTCAPACITY_EMPTY_ELEMENTDATA */"
      elementData = "/* Could not access elementData */"
      size = "/* Could not access size */"
      MAX_ARRAY_SIZE = "/* Could not access MAX_ARRAY_SIZE */"
      modCount = "/* Could not access modCount */"
      MAX_ARRAY_SIZE = "/* Could not access MAX_ARRAY_SIZE */"
    servletContextAttributeListeners = class java.util.ArrayList@41af4991
      serialVersionUID = "/* Could not access serialVersionUID */"
      DEFAULT_CAPACITY = "/* Could not access DEFAULT_CAPACITY */"
      EMPTY_ELEMENTDATA = "/* Could not access EMPTY_ELEMENTDATA */"
      DEFAULTCAPACITY_EMPTY_ELEMENTDATA = "/* Could not access DEFAULTCAPACITY_EMPTY_ELEMENTDATA */"
      elementData = "/* Could not access elementData */"
      size = "/* Could not access size */"
      MAX_ARRAY_SIZE = "/* Could not access MAX_ARRAY_SIZE */"
      modCount = "/* Could not access modCount */"
      MAX_ARRAY_SIZE = "/* Could not access MAX_ARRAY_SIZE */"
    sessionListeners = class java.util.ArrayList@5d3f305d
      serialVersionUID = "/* Could not access serialVersionUID */"
      DEFAULT_CAPACITY = "/* Could not access DEFAULT_CAPACITY */"
      EMPTY_ELEMENTDATA = "/* Could not access EMPTY_ELEMENTDATA */"
      DEFAULTCAPACITY_EMPTY_ELEMENTDATA = "/* Could not access DEFAULTCAPACITY_EMPTY_ELEMENTDATA */"
      elementData = "/* Could not access elementData */"
      size = "/* Could not access size */"
      MAX_ARRAY_SIZE = "/* Could not access MAX_ARRAY_SIZE */"
      modCount = "/* Could not access modCount */"
      MAX_ARRAY_SIZE = "/* Could not access MAX_ARRAY_SIZE */"
    sessionIdListeners = class java.util.ArrayList@dff18d4
      serialVersionUID = "/* Could not access serialVersionUID */"
      DEFAULT_CAPACITY = "/* Could not access DEFAULT_CAPACITY */"
      EMPTY_ELEMENTDATA = "/* Could not access EMPTY_ELEMENTDATA */"
      DEFAULTCAPACITY_EMPTY_ELEMENTDATA = "/* Could not access DEFAULTCAPACITY_EMPTY_ELEMENTDATA */"
      elementData = "/* Could not access elementData */"
      size = "/* Could not access size */"
      MAX_ARRAY_SIZE = "/* Could not access MAX_ARRAY_SIZE */"
      modCount = "/* Could not access modCount */"
      MAX_ARRAY_SIZE = "/* Could not access MAX_ARRAY_SIZE */"
    sessionAttributeListeners = class java.util.ArrayList@24a942a
      serialVersionUID = "/* Could not access serialVersionUID */"
      DEFAULT_CAPACITY = "/* Could not access DEFAULT_CAPACITY */"
      EMPTY_ELEMENTDATA = "/* Could not access EMPTY_ELEMENTDATA */"
      DEFAULTCAPACITY_EMPTY_ELEMENTDATA = "/* Could not access DEFAULTCAPACITY_EMPTY_ELEMENTDATA */"
      elementData = "/* Could not access elementData */"
      size = "/* Could not access size */"
      MAX_ARRAY_SIZE = "/* Could not access MAX_ARRAY_SIZE */"
      modCount = "/* Could not access modCount */"
      MAX_ARRAY_SIZE = "/* Could not access MAX_ARRAY_SIZE */"
    DEFAULT_HOST = "default_host"
    _initialized = true
    logger = class com.ibm.ws.logging.internal.WsLogger@3912b633
      ivCachedResourceBundleName = "com.ibm.ws.webcontainer.resources.Messages"
      ivCachedResourceBundle = class com.ibm.ws.webcontainer.resources.Messages@50d0c361
      ivComponent = null
      ivOrganization = null
      ivProduct = null
      ivMinimumLocalizationLevelIntValue = 625
      ivTC = class com.ibm.websphere.ras.TraceComponent@71df88ef
      loggerRegistrationComponent = class java.lang.ThreadLocal@5901c205
      emptyHandlers = "/* Could not access emptyHandlers */"
      offValue = "/* Could not access offValue */"
      SYSTEM_LOGGER_RB_NAME = "/* Could not access SYSTEM_LOGGER_RB_NAME */"
      SYSTEM_BUNDLE = "/* Could not access SYSTEM_BUNDLE */"
      NO_RESOURCE_BUNDLE = "/* Could not access NO_RESOURCE_BUNDLE */"
      config = "/* Could not access config */"
      manager = "/* Could not access manager */"
      name = "/* Could not access name */"
      loggerBundle = "/* Could not access loggerBundle */"
      anonymous = "/* Could not access anonymous */"
      catalog = "/* Could not access catalog */"
      catalogName = "/* Could not access catalogName */"
      catalogLocale = "/* Could not access catalogLocale */"
      treeLock = "/* Could not access treeLock */"
      parent = "/* Could not access parent */"
      kids = "/* Could not access kids */"
      callerModuleRef = "/* Could not access callerModuleRef */"
      isSystemLogger = "/* Could not access isSystemLogger */"
      GLOBAL_LOGGER_NAME = "global"
      global = class java.util.logging.Logger@2df65bde
    CLASS_NAME = "com.ibm.ws.webcontainer.internal.WebContainer"
    nls = class com.ibm.ejs.ras.TraceNLS@1d8bc494
      resolver = class com.ibm.ws.logging.internal.TraceNLSResolver@fed3a70
      finder = null
      ivBundleName = "com.ibm.ws.webcontainer.resources.Messages"
      caller = class java.lang.Class@50e4a059
    self = class java.util.concurrent.atomic.AtomicReference@68475649
      serialVersionUID = "/* Could not access serialVersionUID */"
      VALUE = "/* Could not access VALUE */"
      value = "/* Could not access value */"
    selfInit = class java.util.concurrent.CountDownLatch@3efa74af
      sync = "/* Could not access sync */"
    _cipherToBit = class java.util.HashMap@1275fe6d
      serialVersionUID = "/* Could not access serialVersionUID */"
      DEFAULT_INITIAL_CAPACITY = "/* Could not access DEFAULT_INITIAL_CAPACITY */"
      MAXIMUM_CAPACITY = "/* Could not access MAXIMUM_CAPACITY */"
      DEFAULT_LOAD_FACTOR = "/* Could not access DEFAULT_LOAD_FACTOR */"
      TREEIFY_THRESHOLD = "/* Could not access TREEIFY_THRESHOLD */"
      UNTREEIFY_THRESHOLD = "/* Could not access UNTREEIFY_THRESHOLD */"
      MIN_TREEIFY_CAPACITY = "/* Could not access MIN_TREEIFY_CAPACITY */"
      table = "/* Could not access table */"
      entrySet = "/* Could not access entrySet */"
      size = "/* Could not access size */"
      modCount = "/* Could not access modCount */"
      threshold = "/* Could not access threshold */"
      loadFactor = "/* Could not access loadFactor */"
      keySet = "/* Could not access keySet */"
      values = "/* Could not access values */"
    cacheKeyStringBuilder = class com.ibm.ws.util.WSThreadLocal@511937d3
      tc = class com.ibm.ejs.ras.TraceComponent@7970414f
      count = 7
      index = 1
      SUSPECTED_MISUSAGE_THRESHOLD = 200
      threadLocalHashCode = "/* Could not access threadLocalHashCode */"
      nextHashCode = "/* Could not access nextHashCode */"
      HASH_INCREMENT = "/* Could not access HASH_INCREMENT */"
    listenersInitialized = true
    webConProperties = class java.util.Properties@3bec6a7
      serialVersionUID = "/* Could not access serialVersionUID */"
      UNSAFE = "/* Could not access UNSAFE */"
      defaults = "/* Could not access defaults */"
      map = "/* Could not access map */"
      hexDigit = "/* Could not access hexDigit */"
      table = "/* Could not access table */"
      count = "/* Could not access count */"
      threshold = "/* Could not access threshold */"
      loadFactor = "/* Could not access loadFactor */"
      modCount = "/* Could not access modCount */"
      serialVersionUID = "/* Could not access serialVersionUID */"
      MAX_ARRAY_SIZE = "/* Could not access MAX_ARRAY_SIZE */"
      keySet = "/* Could not access keySet */"
      entrySet = "/* Could not access entrySet */"
      values = "/* Could not access values */"
      KEYS = "/* Could not access KEYS */"
      VALUES = "/* Could not access VALUES */"
      ENTRIES = "/* Could not access ENTRIES */"
    sessionRegistry = null
    isStopped = false
    readWriteLockForStopping = class java.util.concurrent.locks.ReentrantReadWriteLock@6e0c8573
      serialVersionUID = "/* Could not access serialVersionUID */"
      readerLock = "/* Could not access readerLock */"
      writerLock = "/* Could not access writerLock */"
      sync = "/* Could not access sync */"
    urlPrefix = ";jsessionid="
    extensionFactories = class java.util.ArrayList@53379849
      serialVersionUID = "/* Could not access serialVersionUID */"
      DEFAULT_CAPACITY = "/* Could not access DEFAULT_CAPACITY */"
      EMPTY_ELEMENTDATA = "/* Could not access EMPTY_ELEMENTDATA */"
      DEFAULTCAPACITY_EMPTY_ELEMENTDATA = "/* Could not access DEFAULTCAPACITY_EMPTY_ELEMENTDATA */"
      elementData = "/* Could not access elementData */"
      size = "/* Could not access size */"
      MAX_ARRAY_SIZE = "/* Could not access MAX_ARRAY_SIZE */"
      modCount = "/* Could not access modCount */"
      MAX_ARRAY_SIZE = "/* Could not access MAX_ARRAY_SIZE */"
    postInitExtensionFactories = null
    httpResponseListeners = class java.util.ArrayList@4b888a53
      serialVersionUID = "/* Could not access serialVersionUID */"
      DEFAULT_CAPACITY = "/* Could not access DEFAULT_CAPACITY */"
      EMPTY_ELEMENTDATA = "/* Could not access EMPTY_ELEMENTDATA */"
      DEFAULTCAPACITY_EMPTY_ELEMENTDATA = "/* Could not access DEFAULTCAPACITY_EMPTY_ELEMENTDATA */"
      elementData = "/* Could not access elementData */"
      size = "/* Could not access size */"
      MAX_ARRAY_SIZE = "/* Could not access MAX_ARRAY_SIZE */"
      modCount = "/* Could not access modCount */"
      MAX_ARRAY_SIZE = "/* Could not access MAX_ARRAY_SIZE */"
    servletContainerInitializers = class java.util.ServiceLoader@3e76e67b
      service = "/* Could not access service */"
      serviceName = "/* Could not access serviceName */"
      layer = "/* Could not access layer */"
      loader = "/* Could not access loader */"
      acc = "/* Could not access acc */"
      lookupIterator1 = "/* Could not access lookupIterator1 */"
      instantiatedProviders = "/* Could not access instantiatedProviders */"
      lookupIterator2 = "/* Could not access lookupIterator2 */"
      loadedProviders = "/* Could not access loadedProviders */"
      loadedAllProviders = "/* Could not access loadedAllProviders */"
      reloadCount = "/* Could not access reloadCount */"
      LANG_ACCESS = "/* Could not access LANG_ACCESS */"
      $assertionsDisabled = "/* Could not access $assertionsDisabled */"
    auditManager = class com.ibm.websphere.security.audit.context.AuditManager@345bcbdb
      threadLocal = class com.ibm.websphere.security.audit.context.AuditManager$AuditThreadLocal@6c2cbf4a
      serialVersionUID = 8297158904878279977
      $$$tc$$$ = class com.ibm.websphere.ras.TraceComponent@2c2b7861
    invocationCacheSize = 500
    _cacheMap = class java.util.concurrent.ConcurrentHashMap@5bc1f8c9
      serialVersionUID = "/* Could not access serialVersionUID */"
      MAXIMUM_CAPACITY = "/* Could not access MAXIMUM_CAPACITY */"
      DEFAULT_CAPACITY = "/* Could not access DEFAULT_CAPACITY */"
      MAX_ARRAY_SIZE = "/* Could not access MAX_ARRAY_SIZE */"
      DEFAULT_CONCURRENCY_LEVEL = "/* Could not access DEFAULT_CONCURRENCY_LEVEL */"
      LOAD_FACTOR = "/* Could not access LOAD_FACTOR */"
      TREEIFY_THRESHOLD = "/* Could not access TREEIFY_THRESHOLD */"
      UNTREEIFY_THRESHOLD = "/* Could not access UNTREEIFY_THRESHOLD */"
      MIN_TREEIFY_CAPACITY = "/* Could not access MIN_TREEIFY_CAPACITY */"
      MIN_TRANSFER_STRIDE = "/* Could not access MIN_TRANSFER_STRIDE */"
      RESIZE_STAMP_BITS = "/* Could not access RESIZE_STAMP_BITS */"
      MAX_RESIZERS = "/* Could not access MAX_RESIZERS */"
      RESIZE_STAMP_SHIFT = "/* Could not access RESIZE_STAMP_SHIFT */"
      MOVED = "/* Could not access MOVED */"
      TREEBIN = "/* Could not access TREEBIN */"
      RESERVED = "/* Could not access RESERVED */"
      HASH_BITS = "/* Could not access HASH_BITS */"
      NCPU = "/* Could not access NCPU */"
      serialPersistentFields = "/* Could not access serialPersistentFields */"
      table = "/* Could not access table */"
      nextTable = "/* Could not access nextTable */"
      baseCount = "/* Could not access baseCount */"
      sizeCtl = "/* Could not access sizeCtl */"
      transferIndex = "/* Could not access transferIndex */"
      cellsBusy = "/* Could not access cellsBusy */"
      counterCells = "/* Could not access counterCells */"
      keySet = "/* Could not access keySet */"
      values = "/* Could not access values */"
      entrySet = "/* Could not access entrySet */"
      U = "/* Could not access U */"
      SIZECTL = "/* Could not access SIZECTL */"
      TRANSFERINDEX = "/* Could not access TRANSFERINDEX */"
      BASECOUNT = "/* Could not access BASECOUNT */"
      CELLSBUSY = "/* Could not access CELLSBUSY */"
      CELLVALUE = "/* Could not access CELLVALUE */"
      ABASE = "/* Could not access ABASE */"
      ASHIFT = "/* Could not access ASHIFT */"
      keySet = "/* Could not access keySet */"
      values = "/* Could not access values */"
    _cacheSize = class java.util.concurrent.atomic.AtomicInteger@54942bf0
      serialVersionUID = "/* Could not access serialVersionUID */"
      U = "/* Could not access U */"
      VALUE = "/* Could not access VALUE */"
      value = "/* Could not access value */"
      serialVersionUID = "/* Could not access serialVersionUID */"
    vHostCompatFlag = false
    platformHelper = class com.ibm.ws.webcontainer.PlatformHelper@5dd85a27
    isDefaultTempDir = true
    tempDir = null
    servletCachingInitNeeded = true
    appInstallBegun = true
    cacheServletWrapperFactory = class com.ibm.ws.webcontainer40.servlet.factory.CacheServletWrapperFactory40Impl@37b74754
      serialVersionUID = 6641793567262460833
      $$$tc$$$ = class com.ibm.websphere.ras.TraceComponent@2a7a1fcc
    commands = class java.util.ArrayList@6364f6db
      serialVersionUID = "/* Could not access serialVersionUID */"
      DEFAULT_CAPACITY = "/* Could not access DEFAULT_CAPACITY */"
      EMPTY_ELEMENTDATA = "/* Could not access EMPTY_ELEMENTDATA */"
      DEFAULTCAPACITY_EMPTY_ELEMENTDATA = "/* Could not access DEFAULTCAPACITY_EMPTY_ELEMENTDATA */"
      elementData = "/* Could not access elementData */"
      size = "/* Could not access size */"
      MAX_ARRAY_SIZE = "/* Could not access MAX_ARRAY_SIZE */"
      modCount = "/* Could not access modCount */"
      MAX_ARRAY_SIZE = "/* Could not access MAX_ARRAY_SIZE */"
    requestMapper = class com.ibm.ws.webcontainer.util.VirtualHostContextRootMapper@165a8aec
      cachedMappers = class java.util.Collections$SynchronizedMap@641925b1
      nls = class com.ibm.ejs.ras.TraceNLS@53a8a146
      logger = class com.ibm.ws.logging.internal.WsLogger@4236fe87
      CLASS_NAME = "com.ibm.ws.webcontainer.util.VirtualHostContextRootMapper"
      CLASSNAME = "com.ibm.ws.util.VirtualHostMapper"
      tc = class com.ibm.ejs.ras.TraceComponent@6e75219d
      vHostTable = class java.util.concurrent.ConcurrentHashMap@4698f5e9
    parent = null
    name = "Was.webcontainer"
    isAlive = true
    subElements = class java.util.HashMap@9cce362
      serialVersionUID = "/* Could not access serialVersionUID */"
      DEFAULT_INITIAL_CAPACITY = "/* Could not access DEFAULT_INITIAL_CAPACITY */"
      MAXIMUM_CAPACITY = "/* Could not access MAXIMUM_CAPACITY */"
      DEFAULT_LOAD_FACTOR = "/* Could not access DEFAULT_LOAD_FACTOR */"
      TREEIFY_THRESHOLD = "/* Could not access TREEIFY_THRESHOLD */"
      UNTREEIFY_THRESHOLD = "/* Could not access UNTREEIFY_THRESHOLD */"
      MIN_TREEIFY_CAPACITY = "/* Could not access MIN_TREEIFY_CAPACITY */"
      table = "/* Could not access table */"
      entrySet = "/* Could not access entrySet */"
      size = "/* Could not access size */"
      modCount = "/* Could not access modCount */"
      threshold = "/* Could not access threshold */"
      loadFactor = "/* Could not access loadFactor */"
      keySet = "/* Could not access keySet */"
      values = "/* Could not access values */"
    attributes = null
    config = null
    serialVersionUID = -8271459000149267764
    $$$tc$$$ = class com.ibm.websphere.ras.TraceComponent@500197c8
      strings[0] = "TraceComponent[com.ibm.ws.container.AbstractContainer,class com.ibm.ws.container.AbstractContainer,[],null,null]"

