------Start of DE processing------ = [3/14/21, 22:42:17:396 EDT]
Exception = java.io.FileNotFoundException
Source = com.ibm.ws.kernel.feature.internal.subsystem.KernelFeatureDefinitionImpl
probeid = 165
Stack Dump = java.io.FileNotFoundException: /home/ahayes5/cs/csc435/csc435Project/build/wlp/lib/platform/kernelCore-1.0.mf (No such file or directory)
	at java.base/java.io.FileInputStream.open0(Native Method)
	at java.base/java.io.FileInputStream.open(FileInputStream.java:211)
	at java.base/java.io.FileInputStream.<init>(FileInputStream.java:153)
	at com.ibm.ws.kernel.feature.internal.subsystem.FeatureDefinitionUtils.loadManifest(FeatureDefinitionUtils.java:796)
	at com.ibm.ws.kernel.feature.internal.subsystem.FeatureDefinitionUtils.access$000(FeatureDefinitionUtils.java:56)
	at com.ibm.ws.kernel.feature.internal.subsystem.FeatureDefinitionUtils$ProvisioningDetails.<init>(FeatureDefinitionUtils.java:404)
	at com.ibm.ws.kernel.feature.internal.subsystem.SubsystemFeatureDefinitionImpl.<init>(SubsystemFeatureDefinitionImpl.java:132)
	at com.ibm.ws.kernel.feature.internal.subsystem.KernelFeatureDefinitionImpl.<init>(KernelFeatureDefinitionImpl.java:182)
	at com.ibm.ws.kernel.feature.internal.subsystem.KernelFeatureDefinitionImpl.getKernelFeatures(KernelFeatureDefinitionImpl.java:149)
	at com.ibm.ws.kernel.feature.internal.subsystem.KernelFeatureDefinitionImpl.getKernelFeatures(KernelFeatureDefinitionImpl.java:65)
	at com.ibm.ws.kernel.feature.internal.FeatureManager$KernelFeaturesHolder.getKernelFeatures(FeatureManager.java:311)
	at com.ibm.ws.kernel.feature.internal.FeatureManager.resolveFeatures(FeatureManager.java:1254)
	at com.ibm.ws.kernel.feature.internal.FeatureManager.updateFeatures(FeatureManager.java:1317)
	at com.ibm.ws.kernel.feature.internal.FeatureManager.update(FeatureManager.java:743)
	at com.ibm.ws.kernel.feature.internal.FeatureManager.processFeatureChanges(FeatureManager.java:857)
	at com.ibm.ws.kernel.feature.internal.FeatureManager$1.run(FeatureManager.java:643)
	at com.ibm.ws.threading.internal.ExecutorServiceImpl$RunnableWrapper.run(ExecutorServiceImpl.java:239)
	at java.base/java.util.concurrent.ThreadPoolExecutor.runWorker(ThreadPoolExecutor.java:1130)
	at java.base/java.util.concurrent.ThreadPoolExecutor$Worker.run(ThreadPoolExecutor.java:630)
	at java.base/java.lang.Thread.run(Thread.java:832)

Dump of callerThis
null
Dump of objectArray[0]
Object type = org.eclipse.osgi.internal.framework.BundleContextImpl
  findHookName = "org.osgi.framework.hooks.bundle.FindHook"
  valid = true
  bundle = class org.eclipse.osgi.internal.framework.EquinoxBundle@5b626cb5
    equinoxContainer = class org.eclipse.osgi.internal.framework.EquinoxContainer@5d76848a
    module = class org.eclipse.osgi.internal.framework.EquinoxBundle$EquinoxModule@50d8f19f
      this$0 = class org.eclipse.osgi.internal.framework.EquinoxBundle@5b626cb5
      ACTIVE_SET = class java.util.RegularEnumSet@6eb9cad9
      RESOLVED_SET = class java.util.RegularEnumSet@3fe9df44
      id = 23
      location = "kernel@reference:file:/home/ahayes5/cs/csc435/csc435Project/build/wlp/lib/com.ibm.ws.kernel.feature_1.0.49.jar"
      revisions = class org.eclipse.osgi.container.ModuleRevisions@4cbfc2e9
      stateChangeLock = class org.eclipse.osgi.internal.container.EquinoxReentrantLock@25b04b76
      stateTransitionEvents = class java.util.RegularEnumSet@57fa21b
      settings = class java.util.RegularEnumSet@741d4e0f
      inStart = class java.util.concurrent.atomic.AtomicInteger@468762ef
      state = class org.eclipse.osgi.container.Module$State@61cb7ab2
      startlevel = 7
      lastModified = 1615757426560
      VALID_RESOLVED_TRANSITION = class java.util.RegularEnumSet@7a42b1f8
      VALID_STOPPED_TRANSITION = class java.util.RegularEnumSet@40e65ae8
      $SWITCH_TABLE$org$eclipse$osgi$container$ModuleContainerAdaptor$ModuleEvent = {1,2,3,4,5,6,7,8,9,10} /* array length = 10 */
    monitor = class java.lang.Object@279d862e
    context = class org.eclipse.osgi.internal.framework.BundleContextImpl@6f2af391
    signerInfos = null
    $SWITCH_TABLE$org$eclipse$osgi$container$Module$State = {1,2,3,4,5,6,7} /* array length = 7 */
  container = class org.eclipse.osgi.internal.framework.EquinoxContainer@5d76848a
    NAME = "org.eclipse.osgi"
    secureAction = class org.eclipse.osgi.framework.util.SecureAction@6ed3f570
      controlContext = class java.security.AccessControlContext@259ac7ef
      bootClassLoader = class org.eclipse.osgi.framework.util.SecureAction$1$1@7880cdf3
    equinoxConfig = class org.eclipse.osgi.internal.framework.EquinoxConfiguration@a29ae50
      CONFIG_FILE = "config.ini"
      INTERNAL_OS_SUNOS = "SunOS"
      INTERNAL_OS_LINUX = "Linux"
      INTERNAL_OS_MACOSX = "Mac OS"
      INTERNAL_OS_AIX = "AIX"
      INTERNAL_OS_HPUX = "HP-UX"
      INTERNAL_OS_QNX = "QNX"
      INTERNAL_OS_OS400 = "OS/400"
      INTERNAL_OS_OS390 = "OS/390"
      INTERNAL_OS_ZOS = "z/OS"
      INTERNAL_OS_FREEBSD = "FreeBSD"
      INTERNAL_ARCH_I386 = "i386"
      INTERNAL_AMD64 = "amd64"
      VARIABLE_DELIM_STRING = "$"
      VARIABLE_DELIM_CHAR = $
      configValues = class org.eclipse.osgi.internal.framework.EquinoxConfiguration$ConfigValues@3bd0f5d1
      debug = class org.eclipse.osgi.internal.debug.Debug@340c88ae
      debugOptions = class org.eclipse.osgi.internal.debug.FrameworkDebugOptions@32647c
      hookRegistry = class org.eclipse.osgi.internal.hookregistry.HookRegistry@1d993ce2
      aliasMapper = class org.eclipse.osgi.internal.framework.AliasMapper@3ff20907
      equinoxLocations = class org.eclipse.osgi.internal.location.EquinoxLocations@3301d55
      allArgs = null
      frameworkArgs = null
      appArgs = null
      inDevelopmentMode = false
      devLocation = null
      devMonitor = class java.lang.Object@103288cb
      devDefaultClasspath = null
      devProperties = null
      devLastModified = 0
      contextBootDelegation = false
      compatibilityBootDelegation = false
      compatibilityLazyTriggerOnFailLoad = false
      LIB_EXTENSIONS = class java.util.Collections$UnmodifiableRandomAccessList@4498d803
      ECLIPSE_LIB_VARIANTS = class java.util.Collections$UnmodifiableRandomAccessList@6b0d4ba6
      COPY_NATIVES = false
      ECLIPSE_NL_JAR_VARIANTS = class java.util.ArrayList@68543927
      DEFINE_PACKAGE_ATTRIBUTES = true
      BUNDLE_SET_TCCL = true
      BSN_VERSION = 3
      BSN_VERSION_SINGLE = 1
      BSN_VERSION_MULTIPLE = 2
      BSN_VERSION_MANAGED = 3
      throwErrorOnFailedStart = true
      CLASS_CERTIFICATE = true
      PARALLEL_CAPABLE = false
      exceptions = class java.util.LinkedHashMap@6ca49036
      PROP_JVM_OS_ARCH = "os.arch"
      PROP_JVM_OS_NAME = "os.name"
      PROP_JVM_OS_VERSION = "os.version"
      PROP_JVM_SPEC_VERSION = "java.specification.version"
      PROP_JVM_SPEC_NAME = "java.specification.name"
      PROP_SETPERMS_CMD = "osgi.filepermissions.command"
      PROP_DEBUG = "osgi.debug"
      PROP_DEBUG_VERBOSE = "osgi.debug.verbose"
      PROP_DEV = "osgi.dev"
      PROP_CLEAN = "osgi.clean"
      PROP_USE_SYSTEM_PROPERTIES = "osgi.framework.useSystemProperties"
      PROP_FRAMEWORK = "osgi.framework"
      ECLIPSE_FRAMEWORK_VENDOR = "Eclipse"
      PROP_OSGI_JAVA_PROFILE = "osgi.java.profile"
      PROP_OSGI_JAVA_PROFILE_NAME = "osgi.java.profile.name"
      PROP_OSGI_JAVA_PROFILE_BOOTDELEGATION = "osgi.java.profile.bootdelegation"
      PROP_OSGI_BOOTDELEGATION_IGNORE = "ignore"
      PROP_OSGI_BOOTDELEGATION_OVERRIDE = "override"
      PROP_OSGI_BOOTDELEGATION_NONE = "none"
      PROP_CONTEXT_BOOTDELEGATION = "osgi.context.bootdelegation"
      PROP_COMPATIBILITY_BOOTDELEGATION = "osgi.compatibility.bootdelegation"
      PROP_DS_DELAYED_KEEPINSTANCES = "ds.delayed.keepInstances"
      PROP_COMPATIBILITY_ERROR_FAILED_START = "osgi.compatibility.errorOnFailedStart"
      PROP_COMPATIBILITY_START_LAZY = "osgi.compatibility.eagerStart.LazyActivation"
      PROP_COMPATIBILITY_START_LAZY_ON_FAIL_CLASSLOAD = "osgi.compatibility.trigger.lazyActivation.onFailedClassLoad"
      PROP_OSGI_OS = "osgi.os"
      PROP_OSGI_WS = "osgi.ws"
      PROP_OSGI_ARCH = "osgi.arch"
      PROP_OSGI_NL = "osgi.nl"
      PROP_OSGI_NL_USER = "osgi.nl.user"
      PROP_ROOT_LOCALE = "equinox.root.locale"
      PROP_PARENT_CLASSLOADER = "osgi.parentClassloader"
      PARENT_CLASSLOADER_FWK = "fwk"
      PROP_CONTEXTCLASSLOADER_PARENT = "osgi.contextClassLoaderParent"
      CONTEXTCLASSLOADER_PARENT_APP = "app"
      CONTEXTCLASSLOADER_PARENT_EXT = "ext"
      CONTEXTCLASSLOADER_PARENT_BOOT = "boot"
      CONTEXTCLASSLOADER_PARENT_FWK = "fwk"
      PROP_FRAMEWORK_LIBRARY_EXTENSIONS = "osgi.framework.library.extensions"
      PROP_COPY_NATIVES = "osgi.classloader.copy.natives"
      PROP_DEFINE_PACKAGES = "osgi.classloader.define.packages"
      PROP_BUNDLE_SETTCCL = "eclipse.bundle.setTCCL"
      PROP_EQUINOX_SECURITY = "eclipse.security"
      PROP_FILE_LIMIT = "osgi.bundlefile.limit"
      PROP_CLASS_CERTIFICATE_SUPPORT = "osgi.support.class.certificate"
      PROP_CLASS_LOADER_TYPE = "osgi.classloader.type"
      CLASS_LOADER_TYPE_PARALLEL = "parallel"
      PROP_FORCED_RESTART = "osgi.forcedRestart"
      PROP_IGNORE_USER_CONFIGURATION = "eclipse.ignoreUserConfiguration"
      PROPERTY_STRICT_BUNDLE_ENTRY_PATH = "osgi.strictBundleEntryPath"
      PROP_CHECK_CONFIGURATION = "osgi.checkConfiguration"
      inCheckConfigurationMode = true
      DEFAULT_STATE_SAVE_DELAY_INTERVAL = "30000"
      PROP_STATE_SAVE_DELAY_INTERVAL = "eclipse.stateSaveDelayInterval"
      PROP_MODULE_LOCK_TIMEOUT = "osgi.module.lock.timeout"
      PROP_MODULE_AUTO_START_ON_RESOLVE = "osgi.module.auto.start.on.resolve"
      PROP_ALLOW_RESTRICTED_PROVIDES = "osgi.equinox.allow.restricted.provides"
      PROP_LOG_HISTORY_MAX = "equinox.log.history.max"
      PROP_LOG_CAPTURE_ENTRY_LOCATION = "equinox.log.capture.entry.location"
      PROP_RESOLVER_THREAD_COUNT = "equinox.resolver.thead.count"
      PROP_EQUINOX_RESOLVER_THREAD_COUNT = "equinox.resolver.thread.count"
      PROP_EQUINOX_START_LEVEL_THREAD_COUNT = "equinox.start.level.thread.count"
      PROP_EQUINOX_START_LEVEL_RESTRICT_PARALLEL = "equinox.start.level.restrict.parallel"
      PROP_RESOLVER_REVISION_BATCH_SIZE = "equinox.resolver.revision.batch.size"
      PROP_RESOLVER_BATCH_TIMEOUT = "equinox.resolver.batch.timeout"
      PROP_SYSTEM_PROVIDE_HEADER = "equinox.system.provide.header"
      SYSTEM_PROVIDE_HEADER_ORIGINAL = "original"
      SYSTEM_PROVIDE_HEADER_SYSTEM = "system"
      SYSTEM_PROVIDE_HEADER_SYSTEM_EXTRA = "system.extra"
      PROP_DEFAULT_SUFFIX = ".default"
      PROP_WITH_ECLIPSE_STARTER_DEFAULTS = class java.util.Collections$UnmodifiableRandomAccessList@6efe1561
      PROP_INIT_UUID = "equinox.init.uuid"
      PROP_ACTIVE_THREAD_TYPE = "osgi.framework.activeThreadType"
      ACTIVE_THREAD_TYPE_NORMAL = "normal"
      PROP_GOSH_ARGS = "gosh.args"
    logServices = class org.eclipse.osgi.internal.log.EquinoxLogServices@1d6ae283
      EQUINOX_LOGGER_NAME = "org.eclipse.equinox.logger"
      PERF_LOGGER_NAME = "org.eclipse.performance.logger"
      PROP_LOG_ENABLED = "eclipse.log.enabled"
      LOG_EXT = ".log"
      logServiceManager = class org.eclipse.osgi.internal.log.LogServiceManager@57521c0f
      eclipseLogFactory = class org.eclipse.osgi.internal.log.EquinoxLogFactory@64c18cb9
      logWriter = class org.eclipse.osgi.internal.log.EquinoxLogWriter@3c8ef3af
      perfWriter = class org.eclipse.osgi.internal.log.EquinoxLogWriter@6bbd7366
      rootFrameworkLog = class org.eclipse.osgi.internal.log.EquinoxLogFactory$1@2cc8a87a
      frameworkLogReg = class org.eclipse.osgi.internal.serviceregistry.ServiceRegistrationImpl@44045d1e
      perfLogReg = class org.eclipse.osgi.internal.serviceregistry.ServiceRegistrationImpl@f5cddba
    storage = class org.eclipse.osgi.storage.Storage@568dabf6
      VERSION = 5
      MR_JAR_VERSION = 4
      CACHED_SYSTEM_CAPS_VERION = 5
      LOWEST_VERSION_SUPPORTED = 3
      BUNDLE_DATA_DIR = "data"
      BUNDLE_FILE_NAME = "bundleFile"
      FRAMEWORK_INFO = "framework.info"
      ECLIPSE_SYSTEMBUNDLE = "Eclipse-SystemBundle"
      DELETE_FLAG = ".delete"
      LIB_TEMP = "libtemp"
      JAVASE = "JavaSE"
      PROFILE_EXT = ".profile"
      NUL = " "
      INITIAL_LOCATION = "initial@"
      secureAction = class org.eclipse.osgi.framework.util.SecureAction@1d6ab759
      equinoxContainer = class org.eclipse.osgi.internal.framework.EquinoxContainer@5d76848a
      installPath = "/home/ahayes5/cs/csc435/csc435Project/build/wlp/lib/"
      osgiLocation = class org.eclipse.osgi.internal.location.BasicLocation@463c52e6
      childRoot = class java.io.File@5948ffa8
      parentRoot = null
      permissionData = class org.eclipse.osgi.storage.PermissionData@40127052
      securityAdmin = class org.eclipse.osgi.internal.permadmin.SecurityAdmin@88ac776
      adaptor = class org.eclipse.osgi.internal.framework.EquinoxContainerAdaptor@2c051fe3
      moduleDatabase = class org.eclipse.osgi.container.ModuleDatabase@32ae0074
      moduleContainer = class org.eclipse.osgi.container.ModuleContainer@655b209f
      saveMonitor = class java.lang.Object@616d6693
      lastSavedTimestamp = 1615757426893
      mruList = class org.eclipse.osgi.storage.bundlefile.MRUBundleFileList@3f02bcbf
      extensionInstaller = class org.eclipse.osgi.storage.FrameworkExtensionInstaller@3b7c46bb
      cachedHeaderKeys = class java.util.Arrays$ArrayList@79135c00
      allowRestrictedProvides = true
      refreshMRBundles = class java.util.concurrent.atomic.AtomicBoolean@73c0f44f
      runtimeVersion = class org.osgi.framework.Version@590d49cc
      javaSpecVersion = "15"
    packageAdmin = class org.eclipse.osgi.internal.framework.legacy.PackageAdminImpl@2704bc22
      container = class org.eclipse.osgi.container.ModuleContainer@655b209f
    startLevel = class org.eclipse.osgi.internal.framework.legacy.StartLevelImpl@6098cdbc
      container = class org.eclipse.osgi.container.ModuleContainer@655b209f
    bootDelegation = class java.util.HashSet@2a2c55d6
      serialVersionUID = "/* Could not access serialVersionUID */"
      map = "/* Could not access map */"
      PRESENT = "/* Could not access PRESENT */"
    bootDelegationStems = class java.lang.String[12]
      String[0] = "sun."
      String[1] = "com.sun."
      String[2] = "com.ibm.ws.boot.delegated."
      String[3] = "org.apache.xml."
      String[4] = "org.apache.xerces."
      String[5] = "com.ibm.xylem."
      String[6] = "com.ibm.xml."
      String[7] = "com.ibm.xtq."
      String[8] = "com.ibm.net.ssl."
      String[9] = "com.ibm.crypto."
      String[10] = "com.ibm.security."
      String[11] = "jdk."
    bootDelegateAll = false
    isProcessClassRecursionSupportedByAll = false
    eventPublisher = class org.eclipse.osgi.internal.framework.EquinoxEventPublisher@13a2c2d8
      eventHookName = "org.osgi.framework.hooks.bundle.EventHook"
      collisionHookName = "org.osgi.framework.hooks.bundle.CollisionHook"
      FRAMEWORK_STOPPED_MASK = 448
      BUNDLEEVENT = 1
      BUNDLEEVENTSYNC = 2
      FRAMEWORKEVENT = 4
      container = class org.eclipse.osgi.internal.framework.EquinoxContainer@5d76848a
      monitor = class java.lang.Object@6f2f2363
      eventManager = class org.eclipse.osgi.framework.eventmgr.EventManager@267bb2a0
      allBundleListeners = class java.util.LinkedHashMap@6e96a379
      allSyncBundleListeners = class java.util.LinkedHashMap@70dde6d7
      allFrameworkListeners = class java.util.LinkedHashMap@66ffe794
    monitor = class java.lang.Object@3571083d
    bootLoader = class jdk.internal.loader.ClassLoaders$PlatformClassLoader@7dbb79a0
      parent = "/* Could not access parent */"
      ucp = "/* Could not access ucp */"
      packageToModule = "/* Could not access packageToModule */"
      nameToModule = "/* Could not access nameToModule */"
      moduleToReader = "/* Could not access moduleToReader */"
      resourceCache = "/* Could not access resourceCache */"
      $assertionsDisabled = "/* Could not access $assertionsDisabled */"
      pdcache = "/* Could not access pdcache */"
    serviceRegistry = class org.eclipse.osgi.internal.serviceregistry.ServiceRegistry@40888100
      SERVICEEVENT = 3
      findHookName = "org.osgi.framework.hooks.service.FindHook"
      eventHookName = "org.osgi.framework.hooks.service.EventHook"
      eventListenerHookName = "org.osgi.framework.hooks.service.EventListenerHook"
      listenerHookName = "org.osgi.framework.hooks.service.ListenerHook"
      publishedServicesByClass = class java.util.HashMap@3adfb23d
      allPublishedServices = class java.util.ArrayList@44d1be75
      publishedServicesByContext = class java.util.HashMap@2bf30a66
      serviceid = 319
      serviceEventListeners = class java.util.LinkedHashMap@1eb93bbb
      initialCapacity = 50
      initialSubCapacity = 10
      container = class org.eclipse.osgi.internal.framework.EquinoxContainer@5d76848a
      systemBundleContext = class org.eclipse.osgi.internal.framework.BundleContextImpl@5c44c582
      debug = class org.eclipse.osgi.internal.debug.Debug@340c88ae
      $assertionsDisabled = true
    contextFinder = class org.eclipse.osgi.internal.framework.ContextFinder@4e423aa2
      cycleDetector = class java.lang.ThreadLocal@705b739e
      finderClassLoader = class com.ibm.ws.kernel.internal.classloader.BootstrapChildFirstJarClassloader@2a17b7b6
      contextFinder = class org.eclipse.osgi.internal.framework.ContextFinder$Finder@2d0f91c3
      THIS = class java.lang.Class@3b8f0a79
      parentContextClassLoader = class jdk.internal.loader.ClassLoaders$AppClassLoader@707f7052
    signedContentFactory = class org.osgi.util.tracker.ServiceTracker@45b93fcb
      DEBUG = false
      context = class org.eclipse.osgi.internal.framework.BundleContextImpl@5c44c582
      filter = class org.eclipse.osgi.internal.framework.FilterImpl$Equal@9206e9
      customizer = class org.osgi.util.tracker.ServiceTracker@45b93fcb
      listenerFilter = "(objectClass=org.eclipse.osgi.signedcontent.SignedContentFactory)"
      trackClass = "org.eclipse.osgi.signedcontent.SignedContentFactory"
      trackReference = null
      tracked = class org.osgi.util.tracker.ServiceTracker$Tracked@694aba4c
      cachedReference = null
      cachedService = null
    executor = class java.util.concurrent.ScheduledThreadPoolExecutor@78b4f7a1
      continueExistingPeriodicTasksAfterShutdown = "/* Could not access continueExistingPeriodicTasksAfterShutdown */"
      executeExistingDelayedTasksAfterShutdown = "/* Could not access executeExistingDelayedTasksAfterShutdown */"
      removeOnCancel = "/* Could not access removeOnCancel */"
      sequencer = "/* Could not access sequencer */"
      DEFAULT_KEEPALIVE_MILLIS = "/* Could not access DEFAULT_KEEPALIVE_MILLIS */"
      ctl = "/* Could not access ctl */"
      COUNT_BITS = "/* Could not access COUNT_BITS */"
      COUNT_MASK = "/* Could not access COUNT_MASK */"
      RUNNING = "/* Could not access RUNNING */"
      SHUTDOWN = "/* Could not access SHUTDOWN */"
      STOP = "/* Could not access STOP */"
      TIDYING = "/* Could not access TIDYING */"
      TERMINATED = "/* Could not access TERMINATED */"
      workQueue = "/* Could not access workQueue */"
      mainLock = "/* Could not access mainLock */"
      workers = "/* Could not access workers */"
      termination = "/* Could not access termination */"
      largestPoolSize = "/* Could not access largestPoolSize */"
      completedTaskCount = "/* Could not access completedTaskCount */"
      threadFactory = "/* Could not access threadFactory */"
      handler = "/* Could not access handler */"
      keepAliveTime = "/* Could not access keepAliveTime */"
      allowCoreThreadTimeOut = "/* Could not access allowCoreThreadTimeOut */"
      corePoolSize = "/* Could not access corePoolSize */"
      maximumPoolSize = "/* Could not access maximumPoolSize */"
      defaultHandler = "/* Could not access defaultHandler */"
      shutdownPerm = "/* Could not access shutdownPerm */"
      ONLY_ONE = "/* Could not access ONLY_ONE */"
      $assertionsDisabled = "/* Could not access $assertionsDisabled */"
    storageSaver = class org.eclipse.osgi.internal.framework.StorageSaver@5ee4e76e
      container = class org.eclipse.osgi.internal.framework.EquinoxContainer@5d76848a
      delay = 30000
      future = class java.util.concurrent.ScheduledThreadPoolExecutor$ScheduledFutureTask@ffaa974
      hook = class java.lang.Thread@41ab013
      task = class org.eclipse.osgi.internal.framework.StorageSaver$StorageSaverTask@66985b89
  debug = class org.eclipse.osgi.internal.debug.Debug@340c88ae
    ECLIPSE_OSGI = "org.eclipse.osgi"
    OPTION_DEBUG_GENERAL = "org.eclipse.osgi/debug"
    OPTION_DEBUG_BUNDLE_TIME = "org.eclipse.osgi/debug/bundleTime"
    OPTION_DEBUG_BUNDLE_START_TIME = "org.eclipse.osgi/debug/bundleStartTime"
    OPTION_DEBUG_LOADER = "org.eclipse.osgi/debug/loader"
    OPTION_DEBUG_STORAGE = "org.eclipse.osgi/debug/storage"
    OPTION_DEBUG_EVENTS = "org.eclipse.osgi/debug/events"
    OPTION_DEBUG_SERVICES = "org.eclipse.osgi/debug/services"
    OPTION_DEBUG_HOOKS = "org.eclipse.osgi/debug/hooks"
    OPTION_DEBUG_MANIFEST = "org.eclipse.osgi/debug/manifest"
    OPTION_DEBUG_FILTER = "org.eclipse.osgi/debug/filter"
    OPTION_DEBUG_SECURITY = "org.eclipse.osgi/debug/security"
    OPTION_DEBUG_STARTLEVEL = "org.eclipse.osgi/debug/startlevel"
    OPTION_DEBUG_PACKAGEADMIN = "org.eclipse.osgi/debug/packageadmin"
    OPTION_DEBUG_PACKAGEADMIN_TIMING = "org.eclipse.osgi/debug/packageadmin/timing"
    OPTION_MONITOR_ACTIVATION = "org.eclipse.osgi/monitor/activation"
    OPTION_MONITOR_LAZY = "org.eclipse.osgi/monitor/lazy"
    OPTION_DEBUG_MESSAGE_BUNDLES = "org.eclipse.osgi/debug/messageBundles"
    OPTION_DEBUG_LOCATION = "org.eclipse.osgi/debug/location"
    OPTION_CACHED_MANIFEST = "org.eclipse.osgi/debug/cachedmanifest"
    OPTION_DEBUG_SYSTEM_BUNDLE = "org.eclipse.osgi/debug/systemBundle"
    OPTION_DEBUG_BUNDLE_FILE = "org.eclipse.osgi/debug/bundleFile"
    DEBUG_GENERAL = false
    DEBUG_BUNDLE_TIME = false
    DEBUG_LOADER = false
    DEBUG_STORAGE = false
    DEBUG_EVENTS = false
    DEBUG_SERVICES = false
    DEBUG_HOOKS = false
    DEBUG_MANIFEST = false
    DEBUG_FILTER = false
    DEBUG_SECURITY = false
    DEBUG_STARTLEVEL = false
    DEBUG_PACKAGEADMIN = false
    DEBUG_PACKAGEADMIN_TIMING = false
    DEBUG_MESSAGE_BUNDLES = false
    MONITOR_ACTIVATION = false
    DEBUG_LOCATION = false
    DEBUG_CACHED_MANIFEST = false
    DEBUG_SYSTEM_BUNDLE = false
    DEBUG_BUNDLE_FILE = false
    out = class com.ibm.ws.logging.internal.impl.BaseTraceService$TeePrintStream@188df7f5
      trStream = class com.ibm.ws.logging.internal.impl.BaseTraceService$TrOutputStream@33210f18
      autoFlush = "/* Could not access autoFlush */"
      trouble = "/* Could not access trouble */"
      formatter = "/* Could not access formatter */"
      textOut = "/* Could not access textOut */"
      charOut = "/* Could not access charOut */"
      closing = "/* Could not access closing */"
      out = "/* Could not access out */"
      closed = "/* Could not access closed */"
      closeLock = "/* Could not access closeLock */"
  servicesInUse = class java.util.HashMap@bfec960
    serialVersionUID = "/* Could not access serialVersionUID */"
    DEFAULT_INITIAL_CAPACITY = "/* Could not access DEFAULT_INITIAL_CAPACITY */"
    MAXIMUM_CAPACITY = "/* Could not access MAXIMUM_CAPACITY */"
    DEFAULT_LOAD_FACTOR = "/* Could not access DEFAULT_LOAD_FACTOR */"
    TREEIFY_THRESHOLD = "/* Could not access TREEIFY_THRESHOLD */"
    UNTREEIFY_THRESHOLD = "/* Could not access UNTREEIFY_THRESHOLD */"
    MIN_TREEIFY_CAPACITY = "/* Could not access MIN_TREEIFY_CAPACITY */"
    table = "/* Could not access table */"
    entrySet = "/* Could not access entrySet */"
    size = "/* Could not access size */"
    modCount = "/* Could not access modCount */"
    threshold = "/* Could not access threshold */"
    loadFactor = "/* Could not access loadFactor */"
    keySet = "/* Could not access keySet */"
    values = "/* Could not access values */"
  activator = null
  contextLock = class java.lang.Object@212fddca

Dump of objectArray[1]
Object type = com.ibm.ws.kernel.service.location.internal.WsLocationAdminImpl
  tc = class com.ibm.websphere.ras.TraceComponent@49749617
    strings[0] = "TraceComponent[com.ibm.ws.kernel.service.location.internal.WsLocationAdminImpl,class com.ibm.ws.kernel.service.location.internal.WsLocationAdminImpl,[locationService],com.ibm.ws.kernel.service.location.internal.resources.LocServiceMessages,null]"
  LOC_INTERNAL_LIB_DIR = "wlp.lib.dir"
  LOC_INTERNAL_WORKAREA_DIR = "wlp.workarea.dir"
  LOC_AREA_NAME_APPS = "shared/apps/"
  LOC_AREA_NAME_CONFIG = "shared/config/"
  LOC_AREA_NAME_RESC = "shared/resources/"
  LOC_AREA_NAME_STATE = "logs/state/"
  LOC_AREA_NAME_SERVERS = "servers/"
  LOC_AREA_NAME_CLIENTS = "clients/"
  LOC_AREA_NAME_WORKING = "workarea/"
  LOC_AREA_NAME_EXTENSION = "extension/"
  instance = class com.ibm.ws.kernel.service.location.internal.WsLocationAdminImpl@6c0d8122
  installRoot = class com.ibm.ws.kernel.service.location.internal.SymbolicRootResource@46566e4a
    strings[0] = "SymbolicRootResource[${wlp.install.dir}/=/home/ahayes5/cs/csc435/csc435Project/build/wlp/]"
  installParentRoot = class com.ibm.ws.kernel.service.location.internal.SymbolicRootResource@d65b327
    strings[0] = "SymbolicRootResource[${wlp.parent.dir}/=/home/ahayes5/cs/csc435/csc435Project/build/]"
  userRoot = class com.ibm.ws.kernel.service.location.internal.SymbolicRootResource@b2f2ca1
    strings[0] = "SymbolicRootResource[${wlp.user.dir}/=/home/ahayes5/cs/csc435/csc435Project/build/wlp/usr/]"
  usrExtensionRoot = class com.ibm.ws.kernel.service.location.internal.SymbolicRootResource@17a0c444
    strings[0] = "SymbolicRootResource[${usr.extension.dir}/=/home/ahayes5/cs/csc435/csc435Project/build/wlp/usr/extension/]"
  serverConfigDir = class com.ibm.ws.kernel.service.location.internal.SymbolicRootResource@6271ccc4
    strings[0] = "SymbolicRootResource[${server.config.dir}/=/home/ahayes5/cs/csc435/csc435Project/build/wlp/usr/servers/CharacterSheetsServer/]"
  serverOutputDir = class com.ibm.ws.kernel.service.location.internal.SymbolicRootResource@6271ccc4
  bootstrapLib = class com.ibm.ws.kernel.service.location.internal.LocalFileResource@42adb726
    strings[0] = "LocalFileResource[DIRECTORY;@-1891646355;<undefined>;/home/ahayes5/cs/csc435/csc435Project/build/wlp/lib/]"
  serverWorkarea = class com.ibm.ws.kernel.service.location.internal.LocalFileResource@3015d1f6
    strings[0] = "LocalFileResource[DIRECTORY;@-420596475;${server.config.dir}/workarea/;/home/ahayes5/cs/csc435/csc435Project/build/wlp/usr/servers/CharacterSheetsServer/workarea/]"
  serverState = class com.ibm.ws.kernel.service.location.internal.LocalFileResource@2106a154
    strings[0] = "LocalFileResource[DIRECTORY;@202092882;${server.config.dir}/logs/state/;/home/ahayes5/cs/csc435/csc435Project/build/wlp/usr/servers/CharacterSheetsServer/logs/state/]"
  sharedAppsRoot = class com.ibm.ws.kernel.service.location.internal.SymbolicRootResource@4dfd5e5c
    strings[0] = "SymbolicRootResource[${shared.app.dir}/=/home/ahayes5/cs/csc435/csc435Project/build/wlp/usr/shared/apps/]"
  sharedConfigRoot = class com.ibm.ws.kernel.service.location.internal.SymbolicRootResource@62c6d442
    strings[0] = "SymbolicRootResource[${shared.config.dir}/=/home/ahayes5/cs/csc435/csc435Project/build/wlp/usr/shared/config/]"
  sharedResourceRoot = class com.ibm.ws.kernel.service.location.internal.SymbolicRootResource@7c42338d
    strings[0] = "SymbolicRootResource[${shared.resource.dir}/=/home/ahayes5/cs/csc435/csc435Project/build/wlp/usr/shared/resources/]"
  tmpRoot = class com.ibm.ws.kernel.service.location.internal.SymbolicRootResource@685a2150
    strings[0] = "SymbolicRootResource[${tmp}/=/tmp/]"
  serverName = "CharacterSheetsServer"
  resourcePaths = class java.util.ArrayList@4f728db9
    serialVersionUID = "/* Could not access serialVersionUID */"
    DEFAULT_CAPACITY = "/* Could not access DEFAULT_CAPACITY */"
    EMPTY_ELEMENTDATA = "/* Could not access EMPTY_ELEMENTDATA */"
    DEFAULTCAPACITY_EMPTY_ELEMENTDATA = "/* Could not access DEFAULTCAPACITY_EMPTY_ELEMENTDATA */"
    elementData = "/* Could not access elementData */"
    size = "/* Could not access size */"
    modCount = "/* Could not access modCount */"
  resourceGroups = class java.util.HashMap@1bc234d1
    serialVersionUID = "/* Could not access serialVersionUID */"
    DEFAULT_INITIAL_CAPACITY = "/* Could not access DEFAULT_INITIAL_CAPACITY */"
    MAXIMUM_CAPACITY = "/* Could not access MAXIMUM_CAPACITY */"
    DEFAULT_LOAD_FACTOR = "/* Could not access DEFAULT_LOAD_FACTOR */"
    TREEIFY_THRESHOLD = "/* Could not access TREEIFY_THRESHOLD */"
    UNTREEIFY_THRESHOLD = "/* Could not access UNTREEIFY_THRESHOLD */"
    MIN_TREEIFY_CAPACITY = "/* Could not access MIN_TREEIFY_CAPACITY */"
    table = "/* Could not access table */"
    entrySet = "/* Could not access entrySet */"
    size = "/* Could not access size */"
    modCount = "/* Could not access modCount */"
    threshold = "/* Could not access threshold */"
    loadFactor = "/* Could not access loadFactor */"
    keySet = "/* Could not access keySet */"
    values = "/* Could not access values */"
  commonRoot = class com.ibm.ws.kernel.service.location.internal.VirtualRootResource@76f1b27f
    strings[0] = "com.ibm.ws.kernel.service.location.internal.VirtualRootResource@76f1b27f"
  serialVersionUID = -5748835026800463299

Dump of objectArray[2]
Object type = java.lang.Boolean
  TRUE = true
  FALSE = false
  TYPE = class java.lang.Class@6438a396
    ANNOTATION = "/* Could not access ANNOTATION */"
    ENUM = "/* Could not access ENUM */"
    SYNTHETIC = "/* Could not access SYNTHETIC */"
    EMPTY_CLASS_DESC_ARRAY = "/* Could not access EMPTY_CLASS_DESC_ARRAY */"
    cachedConstructor = "/* Could not access cachedConstructor */"
    name = "/* Could not access name */"
    module = "/* Could not access module */"
    packageName = "/* Could not access packageName */"
    componentType = "/* Could not access componentType */"
    allPermDomain = "/* Could not access allPermDomain */"
    reflectionData = "/* Could not access reflectionData */"
    classRedefinedCount = "/* Could not access classRedefinedCount */"
    genericInfo = "/* Could not access genericInfo */"
    EMPTY_CLASS_ARRAY = "/* Could not access EMPTY_CLASS_ARRAY */"
    serialVersionUID = "/* Could not access serialVersionUID */"
    serialPersistentFields = "/* Could not access serialPersistentFields */"
    JAVA_LANG_RECORD_CLASS = "/* Could not access JAVA_LANG_RECORD_CLASS */"
    reflectionFactory = "/* Could not access reflectionFactory */"
    enumConstants = "/* Could not access enumConstants */"
    enumConstantDirectory = "/* Could not access enumConstantDirectory */"
    annotationData = "/* Could not access annotationData */"
    annotationType = "/* Could not access annotationType */"
    classValueMap = "/* Could not access classValueMap */"
  value = "/* Could not access value */"
  serialVersionUID = "/* Could not access serialVersionUID */"

