------Start of DE processing------ = [3/14/21, 22:42:17:397 EDT]
Exception = java.io.FileNotFoundException
Source = com.ibm.ws.webcontainer.osgi.mbeans.PluginGenerator
probeid = generateXML
Stack Dump = java.io.FileNotFoundException: /home/ahayes5/cs/csc435/csc435Project/build/wlp/usr/servers/CharacterSheetsServer/workarea/org.eclipse.osgi/69/data/cached-PluginCfg.xml (No such file or directory)
	at java.base/java.io.FileInputStream.open0(Native Method)
	at java.base/java.io.FileInputStream.open(FileInputStream.java:211)
	at java.base/java.io.FileInputStream.<init>(FileInputStream.java:153)
	at com.ibm.ws.webcontainer.osgi.mbeans.PluginGenerator.copyFile(PluginGenerator.java:900)
	at com.ibm.ws.webcontainer.osgi.mbeans.PluginGenerator.generateXML(PluginGenerator.java:839)
	at com.ibm.ws.webcontainer.osgi.mbeans.GeneratePluginConfigMBean.generatePluginConfig(GeneratePluginConfigMBean.java:160)
	at com.ibm.ws.webcontainer.osgi.mbeans.GeneratePluginConfigMBean.generatePluginConfig(GeneratePluginConfigMBean.java:262)
	at com.ibm.ws.webserver.plugin.runtime.listeners.GeneratePluginConfigListener$1.run(GeneratePluginConfigListener.java:281)
	at com.ibm.ws.threading.internal.ExecutorServiceImpl$RunnableWrapper.run(ExecutorServiceImpl.java:239)
	at java.base/java.util.concurrent.Executors$RunnableAdapter.call(Executors.java:515)
	at java.base/java.util.concurrent.FutureTask.run(FutureTask.java:264)
	at java.base/java.util.concurrent.ThreadPoolExecutor.runWorker(ThreadPoolExecutor.java:1130)
	at java.base/java.util.concurrent.ThreadPoolExecutor$Worker.run(ThreadPoolExecutor.java:630)
	at java.base/java.lang.Thread.run(Thread.java:832)

Dump of callerThis
null
Dump of objectArray[0]
Object type = com.ibm.ws.webcontainer.osgi.WebContainer
  tc = class com.ibm.websphere.ras.TraceComponent@2885af74
    strings[0] = "TraceComponent[com.ibm.ws.webcontainer.osgi.WebContainer,class com.ibm.ws.webcontainer.osgi.WebContainer,[webcontainer],com.ibm.ws.webcontainer.resources.LShimMessages,null]"
  CLASS_NAME = "com.ibm.ws.webcontainer.osgi.WebContainer"
  initialized = true
  eventService = class com.ibm.ws.event.internal.EventEngineImpl@135b3bcc
    tc = class com.ibm.websphere.ras.TraceComponent@58ed96c5
      strings[0] = "TraceComponent[com.ibm.ws.event.internal.EventEngineImpl,class com.ibm.ws.event.internal.EventEngineImpl,[EventEngine],null,null]"
    OSGI_EVENT_HANDLER_REFERENCE_NAME = "OsgiEventHandler"
    WS_EVENT_HANDLER_REFERENCE_NAME = "WsEventHandler"
    CFG_KEY_REENTRANT_HANDLER_DEFAULT = "reentrant.handler.default"
    CFG_KEY_STAGE_PREFIX = "stage.topics."
    topicCache = class com.ibm.ws.event.internal.TopicBasedCache@2cf18c24
      serialVersionUID = -1668099068630434622
      DEFAULT_STAGE_NAME = "Events"
      serviceReferenceMap = class java.util.HashMap@4930ad77
      discreteEventHandlers = class java.util.HashMap@33302a89
      wildcardEventHandlers = class java.util.HashMap@18ff8ce7
      discreteStageTopics = class java.util.HashMap@7a8d8075
      wildcardStageTopics = class java.util.HashMap@369ad146
      topicDataCache = class java.util.concurrent.ConcurrentHashMap@4ccc17e
      eventEngine = class com.ibm.ws.event.internal.EventEngineImpl@135b3bcc
      $$$tc$$$ = class com.ibm.websphere.ras.TraceComponent@72632a40
    componentContext = class org.apache.felix.scr.impl.manager.ComponentContextImpl@544b2015
      m_componentManager = class org.apache.felix.scr.impl.manager.SingleComponentManager@6030fdb4
      edgeInfos = class org.apache.felix.scr.impl.manager.EdgeInfo[4]
      m_componentInstance = class org.apache.felix.scr.impl.manager.ComponentContextImpl$ComponentInstanceImpl@1658b88d
      m_usingBundle = class org.eclipse.osgi.internal.framework.EquinoxBundle@61c29b82
      m_serviceRegistration = class org.eclipse.osgi.internal.serviceregistry.ServiceRegistrationImpl@155c5f6f
      m_implementationObject = class com.ibm.ws.event.internal.EventEngineImpl@135b3bcc
      m_implementationAccessible = true
      accessibleLatch = class java.util.concurrent.CountDownLatch@747d4c09
      serviceObjectsHelper = class org.apache.felix.scr.impl.helper.ComponentServiceObjectsHelper@13c7d26f
      boundValues = null
    bundleContext = class org.eclipse.osgi.internal.framework.BundleContextImpl@514c889e
      findHookName = "org.osgi.framework.hooks.bundle.FindHook"
      valid = true
      bundle = class org.eclipse.osgi.internal.framework.EquinoxBundle@61c29b82
      container = class org.eclipse.osgi.internal.framework.EquinoxContainer@5d76848a
      debug = class org.eclipse.osgi.internal.debug.Debug@340c88ae
      servicesInUse = class java.util.HashMap@1e46b45c
      activator = null
      contextLock = class java.lang.Object@2ec1f82
    logService = class org.eclipse.osgi.internal.log.ExtendedLogServiceImpl@79bdf2d5
      factory = class org.eclipse.osgi.internal.log.ExtendedLogServiceFactory@30e4f73e
      bundle = class org.eclipse.osgi.internal.framework.EquinoxBundle@61c29b82
      loggerCache = class java.util.HashMap@6e729e9b
      LOG_SERVICE = "LogService"
    frameworkEventAdapter = class com.ibm.ws.event.internal.adapter.FrameworkEventAdapter@7fac4c7c
      FRAMEWORK_EVENT_TOPIC_PREFIX = "org/osgi/framework/FrameworkEvent/"
      eventAdmin = class com.ibm.ws.event.internal.EventEngineImpl@135b3bcc
      serialVersionUID = -1092610607214715909
      $$$tc$$$ = class com.ibm.websphere.ras.TraceComponent@77ab64bd
    bundleEventAdapter = class com.ibm.ws.event.internal.adapter.BundleEventAdapter@5f1c6f01
      BUNDLE_EVENT_TOPIC_PREFIX = "org/osgi/framework/BundleEvent/"
      eventAdmin = class com.ibm.ws.event.internal.EventEngineImpl@135b3bcc
      serialVersionUID = -818773777250172927
      $$$tc$$$ = class com.ibm.websphere.ras.TraceComponent@3a78dfec
    serviceEventAdapter = class com.ibm.ws.event.internal.adapter.ServiceEventAdapter@52dab77f
      SERVICE_EVENT_TOPIC_PREFIX = "org/osgi/framework/ServiceEvent/"
      eventAdmin = class com.ibm.ws.event.internal.EventEngineImpl@135b3bcc
      serialVersionUID = 408387796793790680
      $$$tc$$$ = class com.ibm.websphere.ras.TraceComponent@62717951
    executorServiceFactory = class com.ibm.ws.event.internal.WorkStageExecutorServiceFactory@44e7ccab
      executorService = class com.ibm.ws.threading.internal.ExecutorServiceImpl@4b144120
      serialVersionUID = -89348135483836177
      $$$tc$$$ = class com.ibm.websphere.ras.TraceComponent@706f1db6
    defaultReentrancy = true
    skipSchedule = false
    serialVersionUID = -3714378010555321089
  futureMonitor = class com.ibm.ws.threading.internal.FutureMonitorImpl@487db2f0
    _monitor = class java.util.concurrent.ConcurrentLinkedQueue@2bd7344e
      serialVersionUID = "/* Could not access serialVersionUID */"
      head = "/* Could not access head */"
      tail = "/* Could not access tail */"
      MAX_HOPS = "/* Could not access MAX_HOPS */"
      HEAD = "/* Could not access HEAD */"
      TAIL = "/* Could not access TAIL */"
      ITEM = "/* Could not access ITEM */"
      NEXT = "/* Could not access NEXT */"
    _executor = class com.ibm.ws.threading.internal.DeferrableScheduledExecutorImpl@6bfec68e
      PERIOD_MILLISECONDS = 15000
      executor = class com.ibm.ws.threading.internal.ScheduledExecutorImpl@64959b13
      serialVersionUID = 117550544710569826
      $$$tc$$$ = class com.ibm.websphere.ras.TraceComponent@38afebfa
    _threadRunning = class java.util.concurrent.atomic.AtomicBoolean@1e1cdbd4
      serialVersionUID = "/* Could not access serialVersionUID */"
      VALUE = "/* Could not access VALUE */"
      value = "/* Could not access value */"
    _thread = class com.ibm.ws.threading.internal.FutureMonitorImpl$1@23c1c35a
      this$0 = class com.ibm.ws.threading.internal.FutureMonitorImpl@487db2f0
      serialVersionUID = 2422512430832938099
      $$$tc$$$ = class com.ibm.websphere.ras.TraceComponent@76b8ad37
    serialVersionUID = 2765238413969174390
    $$$tc$$$ = class com.ibm.websphere.ras.TraceComponent@4088a6d5
      strings[0] = "TraceComponent[com.ibm.ws.threading.internal.FutureMonitorImpl,class com.ibm.ws.threading.internal.FutureMonitorImpl,[Threading],com.ibm.ws.threading.internal.resources.ThreadingMessages,null]"
  classLoadingSRRef = class com.ibm.wsspi.kernel.service.utils.AtomicServiceReference@560c8d1b
    referenceName = "classLoadingService"
    tuple = class java.util.concurrent.atomic.AtomicReference@59b5a7e7
      serialVersionUID = "/* Could not access serialVersionUID */"
      VALUE = "/* Could not access VALUE */"
      value = "/* Could not access value */"
    serialVersionUID = 2226592364007985000
    $$$tc$$$ = class com.ibm.websphere.ras.TraceComponent@3774f9b7
  sessionHelperSRRef = class com.ibm.wsspi.kernel.service.utils.AtomicServiceReference@21fdd94c
    referenceName = "sessionHelper"
    tuple = class java.util.concurrent.atomic.AtomicReference@1f47241e
      serialVersionUID = "/* Could not access serialVersionUID */"
      VALUE = "/* Could not access VALUE */"
      value = "/* Could not access value */"
    serialVersionUID = 2226592364007985000
    $$$tc$$$ = class com.ibm.websphere.ras.TraceComponent@3774f9b7
  cacheManagerSRRef = class com.ibm.wsspi.kernel.service.utils.AtomicServiceReference@6bb213e4
    referenceName = "cacheManager"
    tuple = class java.util.concurrent.atomic.AtomicReference@14e0be48
      serialVersionUID = "/* Could not access serialVersionUID */"
      VALUE = "/* Could not access VALUE */"
      value = "/* Could not access value */"
    serialVersionUID = 2226592364007985000
    $$$tc$$$ = class com.ibm.websphere.ras.TraceComponent@3774f9b7
  injectionEngineSRRef = class com.ibm.wsspi.kernel.service.utils.AtomicServiceReference@4efdc650
    referenceName = "injectionEngine"
    tuple = class java.util.concurrent.atomic.AtomicReference@254ffca6
      serialVersionUID = "/* Could not access serialVersionUID */"
      VALUE = "/* Could not access VALUE */"
      value = "/* Could not access value */"
    serialVersionUID = 2226592364007985000
    $$$tc$$$ = class com.ibm.websphere.ras.TraceComponent@3774f9b7
  managedObjectServiceSRRef = class com.ibm.wsspi.kernel.service.utils.AtomicServiceReference@7c2beec1
    referenceName = "managedObjectService"
    tuple = class java.util.concurrent.atomic.AtomicReference@61f30d72
      serialVersionUID = "/* Could not access serialVersionUID */"
      VALUE = "/* Could not access VALUE */"
      value = "/* Could not access value */"
    serialVersionUID = 2226592364007985000
    $$$tc$$$ = class com.ibm.websphere.ras.TraceComponent@3774f9b7
  backgroundWebAppStartFutures = class com.ibm.ws.webcontainer.util.OneTimeUseArrayList@33536fb1
    enabled = true
    runnables = class java.util.ArrayList@19dc0427
      serialVersionUID = "/* Could not access serialVersionUID */"
      DEFAULT_CAPACITY = "/* Could not access DEFAULT_CAPACITY */"
      EMPTY_ELEMENTDATA = "/* Could not access EMPTY_ELEMENTDATA */"
      DEFAULTCAPACITY_EMPTY_ELEMENTDATA = "/* Could not access DEFAULTCAPACITY_EMPTY_ELEMENTDATA */"
      elementData = "/* Could not access elementData */"
      size = "/* Could not access size */"
      modCount = "/* Could not access modCount */"
  REFERENCE_WEB_MBEAN_RUNTIME = "webMBeanRuntime"
  webMBeanRuntimeServiceRef = class com.ibm.wsspi.kernel.service.utils.AtomicServiceReference@4885770c
    referenceName = "webMBeanRuntime"
    tuple = class java.util.concurrent.atomic.AtomicReference@542741de
      serialVersionUID = "/* Could not access serialVersionUID */"
      VALUE = "/* Could not access VALUE */"
      value = "/* Could not access value */"
    serialVersionUID = 2226592364007985000
    $$$tc$$$ = class com.ibm.websphere.ras.TraceComponent@3774f9b7
      strings[0] = "TraceComponent[com.ibm.wsspi.kernel.service.utils.AtomicServiceReference,class com.ibm.wsspi.kernel.service.utils.AtomicServiceReference,[kernelUtils],com.ibm.ws.kernel.service.utils.resources.ServiceMessages,null]"
  servletContainerInitializers = class com.ibm.wsspi.kernel.service.utils.ConcurrentServiceReferenceSet@686ae70a
    referenceName = "servletContainerInitializers"
    contextRef = class java.util.concurrent.atomic.AtomicReference@2afa45b3
      serialVersionUID = "/* Could not access serialVersionUID */"
      VALUE = "/* Could not access VALUE */"
      value = "/* Could not access value */"
    elementMap = class java.util.LinkedHashMap@fc327a2
      serialVersionUID = "/* Could not access serialVersionUID */"
      head = "/* Could not access head */"
      tail = "/* Could not access tail */"
      accessOrder = "/* Could not access accessOrder */"
      serialVersionUID = "/* Could not access serialVersionUID */"
      DEFAULT_INITIAL_CAPACITY = "/* Could not access DEFAULT_INITIAL_CAPACITY */"
      MAXIMUM_CAPACITY = "/* Could not access MAXIMUM_CAPACITY */"
      DEFAULT_LOAD_FACTOR = "/* Could not access DEFAULT_LOAD_FACTOR */"
      TREEIFY_THRESHOLD = "/* Could not access TREEIFY_THRESHOLD */"
      UNTREEIFY_THRESHOLD = "/* Could not access UNTREEIFY_THRESHOLD */"
      MIN_TREEIFY_CAPACITY = "/* Could not access MIN_TREEIFY_CAPACITY */"
      table = "/* Could not access table */"
      entrySet = "/* Could not access entrySet */"
      size = "/* Could not access size */"
      modCount = "/* Could not access modCount */"
      threshold = "/* Could not access threshold */"
      loadFactor = "/* Could not access loadFactor */"
      keySet = "/* Could not access keySet */"
      values = "/* Could not access values */"
    elementSet = class java.util.concurrent.ConcurrentSkipListSet@8dfe98a
      serialVersionUID = "/* Could not access serialVersionUID */"
      m = "/* Could not access m */"
    elementSetUnsorted = false
    serialVersionUID = 756240983881166148
    $$$tc$$$ = class com.ibm.websphere.ras.TraceComponent@69ddbccf
  es = class com.ibm.ws.threading.internal.ExecutorServiceImpl@4b144120
    threadPool = class java.util.concurrent.ThreadPoolExecutor@994bd5c
      ctl = "/* Could not access ctl */"
      COUNT_BITS = "/* Could not access COUNT_BITS */"
      COUNT_MASK = "/* Could not access COUNT_MASK */"
      RUNNING = "/* Could not access RUNNING */"
      SHUTDOWN = "/* Could not access SHUTDOWN */"
      STOP = "/* Could not access STOP */"
      TIDYING = "/* Could not access TIDYING */"
      TERMINATED = "/* Could not access TERMINATED */"
      workQueue = "/* Could not access workQueue */"
      mainLock = "/* Could not access mainLock */"
      workers = "/* Could not access workers */"
      termination = "/* Could not access termination */"
      largestPoolSize = "/* Could not access largestPoolSize */"
      completedTaskCount = "/* Could not access completedTaskCount */"
      threadFactory = "/* Could not access threadFactory */"
      handler = "/* Could not access handler */"
      keepAliveTime = "/* Could not access keepAliveTime */"
      allowCoreThreadTimeOut = "/* Could not access allowCoreThreadTimeOut */"
      corePoolSize = "/* Could not access corePoolSize */"
      maximumPoolSize = "/* Could not access maximumPoolSize */"
      defaultHandler = "/* Could not access defaultHandler */"
      shutdownPerm = "/* Could not access shutdownPerm */"
      ONLY_ONE = "/* Could not access ONLY_ONE */"
      $assertionsDisabled = "/* Could not access $assertionsDisabled */"
    threadPoolController = class com.ibm.ws.threading.internal.ThreadPoolController@321ad288
      tc = class com.ibm.websphere.ras.TraceComponent@4b07402c
      interval = 1500
      hangInterval = 750
      hangResolutionCountdown = 0
      hangResolutionCycles = 3
      hangBufferPoolSize = 0
      currentMinimumPoolSize = 24
      controllerCyclesWithoutHang = 0
      noHangCyclesThreshold = 8
      compareRange = 4
      NUMBER_CPUS = 12
      controllerCycle = 3449
      distributionReset = false
      poolIncrement = 12
      poolDecrement = 12
      maxThreadsPoolDecrement = 1
      poolChangeBasis = 12
      poolIncrementBoundLow = 192
      poolIncrementBoundMedium = 768
      poolIncrementMax = 48
      poolIncrementMin = 1
      POOL_INCREMENT_MIN_DEFAULT = 1
      POOL_INCREMENT_MAX_DEFAULT = 48
      minimumDesiredPoolSizeAdjustments = 10
      targetPoolSize = 24
      consecutiveTargetPoolSizeWrong = 0
      MAX_CONSECUTIVE_TARGET_POOLSIZE_WRONG = 3
      highCpu = 90
      lowTputThreadsRatio = 1.0
      activeThreadsGrowthRatio = 0.75
      dataAgePruneLevel = 5.0
      compareSpanPruneMultiplier = 2
      tputRatioPruneLevel = 5.0
      poolTputRatioHigh = 5.0
      poolTputRatioLow = 3.0
      compareSpanRatioMultiplier = 2
      growScoreFilterLevel = 0.5
      shrinkScoreFilterLevel = 0.5
      growShrinkDiffFilter = 0.25
      resetDistroStdDevEwmaRatio = 0.1
      resetDistroNewTputEwmaRatio = 0.5
      resetDistroConsecutiveOutliers = 5.0
      processCpuUtil = 0.05555555555555555
      systemCpuUtil = 0.8333333333333334
      cpuUtil = 0.8333333333333334
      df = class java.text.DecimalFormat@4745c66b
      queueDepth = 0
      activeThreads = 0
      MAX_INTERVALS_WITHOUT_CHANGE = 5
      EMPTY_QUEUE_SHRINK_MAGIC_PER_INTERVAL = 0.04
      IDLE_INTERVALS_BEFORE_PAUSE = 3
      MAX_OUTLIER_AFTER_CHANGE_BEFORE_RESET = 10
      MAX_THREADS_TO_BREAK_HANG = 1536
      executorService = class com.ibm.ws.threading.internal.ExecutorServiceImpl@4b144120
      lastAction = class com.ibm.ws.threading.internal.ThreadPoolController$LastAction@230349ed
      timer = class java.util.Timer@3a196347
      activeTask = class com.ibm.ws.threading.internal.IntervalTask@511197ad
      paused = false
      lastTimerPop = 1615776136093
      previousCompleted = 72434
      previousThroughput = 14.0
      consecutiveQueueEmptyCount = 172
      consecutiveNoAdjustment = 1
      consecutiveOutlierAfterAdjustment = 0
      consecutiveIdleCount = 0
      maxThreads = 2147483647
      coreThreads = 24
      threadRange = 2147483623
      threadPool = class java.util.concurrent.ThreadPoolExecutor@994bd5c
      threadStats = class java.util.TreeMap@380e757a
      poolSizeWhenHangDetected = -1
      hangIntervalCounter = 0
      hangMaxThreadsMessageEmitted = false
      serialVersionUID = -8899192782934828217
    poolName = "Default Executor"
    MINIMUM_POOL_SIZE = 4
    componentConfig = class org.apache.felix.scr.impl.helper.ReadOnlyDictionary@6cfc9f9a
      m_delegate = class java.util.Hashtable@47733e93
      m_serviceReference = null
    interceptorsActive = false
    interceptors = class java.util.concurrent.CopyOnWriteArraySet@6b75f782
      serialVersionUID = "/* Could not access serialVersionUID */"
      al = "/* Could not access al */"
    threadFactory = null
    serverStopping = false
    phaser = class java.util.concurrent.Phaser@47a7c9ed
      state = "/* Could not access state */"
      MAX_PARTIES = "/* Could not access MAX_PARTIES */"
      MAX_PHASE = "/* Could not access MAX_PHASE */"
      PARTIES_SHIFT = "/* Could not access PARTIES_SHIFT */"
      PHASE_SHIFT = "/* Could not access PHASE_SHIFT */"
      UNARRIVED_MASK = "/* Could not access UNARRIVED_MASK */"
      PARTIES_MASK = "/* Could not access PARTIES_MASK */"
      COUNTS_MASK = "/* Could not access COUNTS_MASK */"
      TERMINATION_BIT = "/* Could not access TERMINATION_BIT */"
      ONE_ARRIVAL = "/* Could not access ONE_ARRIVAL */"
      ONE_PARTY = "/* Could not access ONE_PARTY */"
      ONE_DEREGISTER = "/* Could not access ONE_DEREGISTER */"
      EMPTY = "/* Could not access EMPTY */"
      parent = "/* Could not access parent */"
      root = "/* Could not access root */"
      evenQ = "/* Could not access evenQ */"
      oddQ = "/* Could not access oddQ */"
      NCPU = "/* Could not access NCPU */"
      SPINS_PER_ARRIVAL = "/* Could not access SPINS_PER_ARRIVAL */"
      STATE = "/* Could not access STATE */"
    serialVersionUID = 6930666794455919448
    $$$tc$$$ = class com.ibm.websphere.ras.TraceComponent@71e0c515
      strings[0] = "TraceComponent[com.ibm.ws.threading.internal.ExecutorServiceImpl,class com.ibm.ws.threading.internal.ExecutorServiceImpl,[Threading],com.ibm.ws.threading.internal.resources.ThreadingMessages,null]"
  locationServiceRef = class java.util.concurrent.atomic.AtomicReference@63929114
    serialVersionUID = "/* Could not access serialVersionUID */"
    VALUE = "/* Could not access VALUE */"
    value = "/* Could not access value */"
  transferContextServiceRef = class com.ibm.wsspi.kernel.service.utils.ConcurrentServiceReferenceSet@4cb77d
    referenceName = "transferService"
    contextRef = class java.util.concurrent.atomic.AtomicReference@7ea8b3bd
      serialVersionUID = "/* Could not access serialVersionUID */"
      VALUE = "/* Could not access VALUE */"
      value = "/* Could not access value */"
    elementMap = class java.util.LinkedHashMap@752573b2
      serialVersionUID = "/* Could not access serialVersionUID */"
      head = "/* Could not access head */"
      tail = "/* Could not access tail */"
      accessOrder = "/* Could not access accessOrder */"
      serialVersionUID = "/* Could not access serialVersionUID */"
      DEFAULT_INITIAL_CAPACITY = "/* Could not access DEFAULT_INITIAL_CAPACITY */"
      MAXIMUM_CAPACITY = "/* Could not access MAXIMUM_CAPACITY */"
      DEFAULT_LOAD_FACTOR = "/* Could not access DEFAULT_LOAD_FACTOR */"
      TREEIFY_THRESHOLD = "/* Could not access TREEIFY_THRESHOLD */"
      UNTREEIFY_THRESHOLD = "/* Could not access UNTREEIFY_THRESHOLD */"
      MIN_TREEIFY_CAPACITY = "/* Could not access MIN_TREEIFY_CAPACITY */"
      table = "/* Could not access table */"
      entrySet = "/* Could not access entrySet */"
      size = "/* Could not access size */"
      modCount = "/* Could not access modCount */"
      threshold = "/* Could not access threshold */"
      loadFactor = "/* Could not access loadFactor */"
      keySet = "/* Could not access keySet */"
      values = "/* Could not access values */"
    elementSet = class java.util.concurrent.ConcurrentSkipListSet@2f551b7c
      serialVersionUID = "/* Could not access serialVersionUID */"
      m = "/* Could not access m */"
    elementSetUnsorted = false
    serialVersionUID = 756240983881166148
    $$$tc$$$ = class com.ibm.websphere.ras.TraceComponent@69ddbccf
      strings[0] = "TraceComponent[com.ibm.wsspi.kernel.service.utils.ConcurrentServiceReferenceSet,class com.ibm.wsspi.kernel.service.utils.ConcurrentServiceReferenceSet,[kernelUtils],com.ibm.ws.kernel.service.utils.resources.ServiceMessages,null]"
  encodingServiceRef = class java.util.concurrent.atomic.AtomicReference@3fa142c9
    serialVersionUID = "/* Could not access serialVersionUID */"
    VALUE = "/* Could not access VALUE */"
    value = "/* Could not access value */"
  instance = class java.util.concurrent.atomic.AtomicReference@56d5195c
    serialVersionUID = "/* Could not access serialVersionUID */"
    VALUE = "/* Could not access VALUE */"
    value = "/* Could not access value */"
  vhostManager = class com.ibm.ws.webcontainer.osgi.DynamicVirtualHostManager@213838a3
    tc = class com.ibm.websphere.ras.TraceComponent@76ca397e
      strings[0] = "TraceComponent[com.ibm.ws.webcontainer.osgi.DynamicVirtualHostManager,class com.ibm.ws.webcontainer.osgi.DynamicVirtualHostManager,[webcontainer],com.ibm.ws.webcontainer.resources.LShimMessages,null]"
    hostMap = class java.util.concurrent.ConcurrentHashMap@620b8d3a
      serialVersionUID = "/* Could not access serialVersionUID */"
      MAXIMUM_CAPACITY = "/* Could not access MAXIMUM_CAPACITY */"
      DEFAULT_CAPACITY = "/* Could not access DEFAULT_CAPACITY */"
      MAX_ARRAY_SIZE = "/* Could not access MAX_ARRAY_SIZE */"
      DEFAULT_CONCURRENCY_LEVEL = "/* Could not access DEFAULT_CONCURRENCY_LEVEL */"
      LOAD_FACTOR = "/* Could not access LOAD_FACTOR */"
      TREEIFY_THRESHOLD = "/* Could not access TREEIFY_THRESHOLD */"
      UNTREEIFY_THRESHOLD = "/* Could not access UNTREEIFY_THRESHOLD */"
      MIN_TREEIFY_CAPACITY = "/* Could not access MIN_TREEIFY_CAPACITY */"
      MIN_TRANSFER_STRIDE = "/* Could not access MIN_TRANSFER_STRIDE */"
      RESIZE_STAMP_BITS = "/* Could not access RESIZE_STAMP_BITS */"
      MAX_RESIZERS = "/* Could not access MAX_RESIZERS */"
      RESIZE_STAMP_SHIFT = "/* Could not access RESIZE_STAMP_SHIFT */"
      MOVED = "/* Could not access MOVED */"
      TREEBIN = "/* Could not access TREEBIN */"
      RESERVED = "/* Could not access RESERVED */"
      HASH_BITS = "/* Could not access HASH_BITS */"
      NCPU = "/* Could not access NCPU */"
      serialPersistentFields = "/* Could not access serialPersistentFields */"
      table = "/* Could not access table */"
      nextTable = "/* Could not access nextTable */"
      baseCount = "/* Could not access baseCount */"
      sizeCtl = "/* Could not access sizeCtl */"
      transferIndex = "/* Could not access transferIndex */"
      cellsBusy = "/* Could not access cellsBusy */"
      counterCells = "/* Could not access counterCells */"
      keySet = "/* Could not access keySet */"
      values = "/* Could not access values */"
      entrySet = "/* Could not access entrySet */"
      U = "/* Could not access U */"
      SIZECTL = "/* Could not access SIZECTL */"
      TRANSFERINDEX = "/* Could not access TRANSFERINDEX */"
      BASECOUNT = "/* Could not access BASECOUNT */"
      CELLSBUSY = "/* Could not access CELLSBUSY */"
      CELLVALUE = "/* Could not access CELLVALUE */"
      ABASE = "/* Could not access ABASE */"
      ASHIFT = "/* Could not access ASHIFT */"
      keySet = "/* Could not access keySet */"
      values = "/* Could not access values */"
    transportMap = class java.util.concurrent.ConcurrentHashMap@18f39744
      serialVersionUID = "/* Could not access serialVersionUID */"
      MAXIMUM_CAPACITY = "/* Could not access MAXIMUM_CAPACITY */"
      DEFAULT_CAPACITY = "/* Could not access DEFAULT_CAPACITY */"
      MAX_ARRAY_SIZE = "/* Could not access MAX_ARRAY_SIZE */"
      DEFAULT_CONCURRENCY_LEVEL = "/* Could not access DEFAULT_CONCURRENCY_LEVEL */"
      LOAD_FACTOR = "/* Could not access LOAD_FACTOR */"
      TREEIFY_THRESHOLD = "/* Could not access TREEIFY_THRESHOLD */"
      UNTREEIFY_THRESHOLD = "/* Could not access UNTREEIFY_THRESHOLD */"
      MIN_TREEIFY_CAPACITY = "/* Could not access MIN_TREEIFY_CAPACITY */"
      MIN_TRANSFER_STRIDE = "/* Could not access MIN_TRANSFER_STRIDE */"
      RESIZE_STAMP_BITS = "/* Could not access RESIZE_STAMP_BITS */"
      MAX_RESIZERS = "/* Could not access MAX_RESIZERS */"
      RESIZE_STAMP_SHIFT = "/* Could not access RESIZE_STAMP_SHIFT */"
      MOVED = "/* Could not access MOVED */"
      TREEBIN = "/* Could not access TREEBIN */"
      RESERVED = "/* Could not access RESERVED */"
      HASH_BITS = "/* Could not access HASH_BITS */"
      NCPU = "/* Could not access NCPU */"
      serialPersistentFields = "/* Could not access serialPersistentFields */"
      table = "/* Could not access table */"
      nextTable = "/* Could not access nextTable */"
      baseCount = "/* Could not access baseCount */"
      sizeCtl = "/* Could not access sizeCtl */"
      transferIndex = "/* Could not access transferIndex */"
      cellsBusy = "/* Could not access cellsBusy */"
      counterCells = "/* Could not access counterCells */"
      keySet = "/* Could not access keySet */"
      values = "/* Could not access values */"
      entrySet = "/* Could not access entrySet */"
      U = "/* Could not access U */"
      SIZECTL = "/* Could not access SIZECTL */"
      TRANSFERINDEX = "/* Could not access TRANSFERINDEX */"
      BASECOUNT = "/* Could not access BASECOUNT */"
      CELLSBUSY = "/* Could not access CELLSBUSY */"
      CELLVALUE = "/* Could not access CELLVALUE */"
      ABASE = "/* Could not access ABASE */"
      ASHIFT = "/* Could not access ASHIFT */"
      keySet = "/* Could not access keySet */"
      values = "/* Could not access values */"
    locationService = class com.ibm.ws.kernel.service.location.internal.WsLocationAdminImpl@6c0d8122
      tc = class com.ibm.websphere.ras.TraceComponent@49749617
      LOC_INTERNAL_LIB_DIR = "wlp.lib.dir"
      LOC_INTERNAL_WORKAREA_DIR = "wlp.workarea.dir"
      LOC_AREA_NAME_APPS = "shared/apps/"
      LOC_AREA_NAME_CONFIG = "shared/config/"
      LOC_AREA_NAME_RESC = "shared/resources/"
      LOC_AREA_NAME_STATE = "logs/state/"
      LOC_AREA_NAME_SERVERS = "servers/"
      LOC_AREA_NAME_CLIENTS = "clients/"
      LOC_AREA_NAME_WORKING = "workarea/"
      LOC_AREA_NAME_EXTENSION = "extension/"
      instance = class com.ibm.ws.kernel.service.location.internal.WsLocationAdminImpl@6c0d8122
      installRoot = class com.ibm.ws.kernel.service.location.internal.SymbolicRootResource@46566e4a
      installParentRoot = class com.ibm.ws.kernel.service.location.internal.SymbolicRootResource@d65b327
      userRoot = class com.ibm.ws.kernel.service.location.internal.SymbolicRootResource@b2f2ca1
      usrExtensionRoot = class com.ibm.ws.kernel.service.location.internal.SymbolicRootResource@17a0c444
      serverConfigDir = class com.ibm.ws.kernel.service.location.internal.SymbolicRootResource@6271ccc4
      serverOutputDir = class com.ibm.ws.kernel.service.location.internal.SymbolicRootResource@6271ccc4
      bootstrapLib = class com.ibm.ws.kernel.service.location.internal.LocalFileResource@42adb726
      serverWorkarea = class com.ibm.ws.kernel.service.location.internal.LocalFileResource@3015d1f6
      serverState = class com.ibm.ws.kernel.service.location.internal.LocalFileResource@2106a154
      sharedAppsRoot = class com.ibm.ws.kernel.service.location.internal.SymbolicRootResource@4dfd5e5c
      sharedConfigRoot = class com.ibm.ws.kernel.service.location.internal.SymbolicRootResource@62c6d442
      sharedResourceRoot = class com.ibm.ws.kernel.service.location.internal.SymbolicRootResource@7c42338d
      tmpRoot = class com.ibm.ws.kernel.service.location.internal.SymbolicRootResource@685a2150
      serverName = "CharacterSheetsServer"
      resourcePaths = class java.util.ArrayList@4f728db9
      resourceGroups = class java.util.HashMap@1bc234d1
      commonRoot = class com.ibm.ws.kernel.service.location.internal.VirtualRootResource@76f1b27f
      serialVersionUID = -5748835026800463299
    schedExecutor = class com.ibm.ws.threading.internal.ScheduledExecutorImpl@64959b13
      threadGroupName = "Scheduled Executor Thread Group"
      executor = class com.ibm.ws.threading.internal.ExecutorServiceImpl@4b144120
      serialVersionUID = -9110693807503469597
      $$$tc$$$ = class com.ibm.websphere.ras.TraceComponent@6d0f439c
      continueExistingPeriodicTasksAfterShutdown = "/* Could not access continueExistingPeriodicTasksAfterShutdown */"
      executeExistingDelayedTasksAfterShutdown = "/* Could not access executeExistingDelayedTasksAfterShutdown */"
      removeOnCancel = "/* Could not access removeOnCancel */"
      sequencer = "/* Could not access sequencer */"
      DEFAULT_KEEPALIVE_MILLIS = "/* Could not access DEFAULT_KEEPALIVE_MILLIS */"
      ctl = "/* Could not access ctl */"
      COUNT_BITS = "/* Could not access COUNT_BITS */"
      COUNT_MASK = "/* Could not access COUNT_MASK */"
      RUNNING = "/* Could not access RUNNING */"
      SHUTDOWN = "/* Could not access SHUTDOWN */"
      STOP = "/* Could not access STOP */"
      TIDYING = "/* Could not access TIDYING */"
      TERMINATED = "/* Could not access TERMINATED */"
      workQueue = "/* Could not access workQueue */"
      mainLock = "/* Could not access mainLock */"
      workers = "/* Could not access workers */"
      termination = "/* Could not access termination */"
      largestPoolSize = "/* Could not access largestPoolSize */"
      completedTaskCount = "/* Could not access completedTaskCount */"
      threadFactory = "/* Could not access threadFactory */"
      handler = "/* Could not access handler */"
      keepAliveTime = "/* Could not access keepAliveTime */"
      allowCoreThreadTimeOut = "/* Could not access allowCoreThreadTimeOut */"
      corePoolSize = "/* Could not access corePoolSize */"
      maximumPoolSize = "/* Could not access maximumPoolSize */"
      defaultHandler = "/* Could not access defaultHandler */"
      shutdownPerm = "/* Could not access shutdownPerm */"
      ONLY_ONE = "/* Could not access ONLY_ONE */"
      $assertionsDisabled = "/* Could not access $assertionsDisabled */"
    pluginCfgVhostUris = class java.util.HashMap@5ac9b8e6
      serialVersionUID = "/* Could not access serialVersionUID */"
      DEFAULT_INITIAL_CAPACITY = "/* Could not access DEFAULT_INITIAL_CAPACITY */"
      MAXIMUM_CAPACITY = "/* Could not access MAXIMUM_CAPACITY */"
      DEFAULT_LOAD_FACTOR = "/* Could not access DEFAULT_LOAD_FACTOR */"
      TREEIFY_THRESHOLD = "/* Could not access TREEIFY_THRESHOLD */"
      UNTREEIFY_THRESHOLD = "/* Could not access UNTREEIFY_THRESHOLD */"
      MIN_TREEIFY_CAPACITY = "/* Could not access MIN_TREEIFY_CAPACITY */"
      table = "/* Could not access table */"
      entrySet = "/* Could not access entrySet */"
      size = "/* Could not access size */"
      modCount = "/* Could not access modCount */"
      threshold = "/* Could not access threshold */"
      loadFactor = "/* Could not access loadFactor */"
      keySet = "/* Could not access keySet */"
      values = "/* Could not access values */"
    PLUGIN_CFG = "plugin-cfg.xml"
  metaDataService = class com.ibm.ws.container.service.metadata.internal.MetaDataServiceImpl@442a84a6
    applicationMetaDataManager = class com.ibm.ws.container.service.metadata.internal.ApplicationMetaDataManager@208490b9
      serialVersionUID = 1843747281024490904
      $$$tc$$$ = class com.ibm.websphere.ras.TraceComponent@414b00db
      listeners = class com.ibm.wsspi.kernel.service.utils.ConcurrentServiceReferenceSet@65abef4a
      metaDataIDs = class com.ibm.ws.container.service.metadata.internal.IndexList@68d45c72
      metaDatas = class java.util.ArrayList@1c8e89d1
      slotIDs = class com.ibm.ws.container.service.metadata.internal.IndexList@14911175
      serialVersionUID = 5464421863354792977
      $$$tc$$$ = class com.ibm.websphere.ras.TraceComponent@6b1e0970
    moduleMetaDataManager = class com.ibm.ws.container.service.metadata.internal.ModuleMetaDataManager@4afededb
      serialVersionUID = 2513574389899327209
      $$$tc$$$ = class com.ibm.websphere.ras.TraceComponent@c15bf91
      listeners = class com.ibm.wsspi.kernel.service.utils.ConcurrentServiceReferenceSet@2df81ad7
      metaDataIDs = class com.ibm.ws.container.service.metadata.internal.IndexList@66161fb7
      metaDatas = class java.util.ArrayList@3f49b265
      slotIDs = class com.ibm.ws.container.service.metadata.internal.IndexList@5c677ef
      serialVersionUID = 5464421863354792977
      $$$tc$$$ = class com.ibm.websphere.ras.TraceComponent@6b1e0970
    componentMetaDataManager = class com.ibm.ws.container.service.metadata.internal.ComponentMetaDataManager@736a7f0a
      serialVersionUID = 8629793739641703882
      $$$tc$$$ = class com.ibm.websphere.ras.TraceComponent@31a51e96
      listeners = class com.ibm.wsspi.kernel.service.utils.ConcurrentServiceReferenceSet@27e4e8c7
      metaDataIDs = class com.ibm.ws.container.service.metadata.internal.IndexList@74abb066
      metaDatas = class java.util.ArrayList@6aa8a7fe
      slotIDs = class com.ibm.ws.container.service.metadata.internal.IndexList@4751546e
      serialVersionUID = 5464421863354792977
      $$$tc$$$ = class com.ibm.websphere.ras.TraceComponent@6b1e0970
    methodMetaDataManager = class com.ibm.ws.container.service.metadata.internal.MethodMetaDataManager@1d2df908
      serialVersionUID = -8002489041502300640
      $$$tc$$$ = class com.ibm.websphere.ras.TraceComponent@5e6d0ef
      listeners = class com.ibm.wsspi.kernel.service.utils.ConcurrentServiceReferenceSet@6805eb22
      metaDataIDs = class com.ibm.ws.container.service.metadata.internal.IndexList@3e38aa32
      metaDatas = class java.util.ArrayList@4c90fd0a
      slotIDs = class com.ibm.ws.container.service.metadata.internal.IndexList@7a5f9278
      serialVersionUID = 5464421863354792977
      $$$tc$$$ = class com.ibm.websphere.ras.TraceComponent@6b1e0970
    appModuleNameToModuleContainer = class java.util.concurrent.ConcurrentHashMap@1928b34c
      serialVersionUID = "/* Could not access serialVersionUID */"
      MAXIMUM_CAPACITY = "/* Could not access MAXIMUM_CAPACITY */"
      DEFAULT_CAPACITY = "/* Could not access DEFAULT_CAPACITY */"
      MAX_ARRAY_SIZE = "/* Could not access MAX_ARRAY_SIZE */"
      DEFAULT_CONCURRENCY_LEVEL = "/* Could not access DEFAULT_CONCURRENCY_LEVEL */"
      LOAD_FACTOR = "/* Could not access LOAD_FACTOR */"
      TREEIFY_THRESHOLD = "/* Could not access TREEIFY_THRESHOLD */"
      UNTREEIFY_THRESHOLD = "/* Could not access UNTREEIFY_THRESHOLD */"
      MIN_TREEIFY_CAPACITY = "/* Could not access MIN_TREEIFY_CAPACITY */"
      MIN_TRANSFER_STRIDE = "/* Could not access MIN_TRANSFER_STRIDE */"
      RESIZE_STAMP_BITS = "/* Could not access RESIZE_STAMP_BITS */"
      MAX_RESIZERS = "/* Could not access MAX_RESIZERS */"
      RESIZE_STAMP_SHIFT = "/* Could not access RESIZE_STAMP_SHIFT */"
      MOVED = "/* Could not access MOVED */"
      TREEBIN = "/* Could not access TREEBIN */"
      RESERVED = "/* Could not access RESERVED */"
      HASH_BITS = "/* Could not access HASH_BITS */"
      NCPU = "/* Could not access NCPU */"
      serialPersistentFields = "/* Could not access serialPersistentFields */"
      table = "/* Could not access table */"
      nextTable = "/* Could not access nextTable */"
      baseCount = "/* Could not access baseCount */"
      sizeCtl = "/* Could not access sizeCtl */"
      transferIndex = "/* Could not access transferIndex */"
      cellsBusy = "/* Could not access cellsBusy */"
      counterCells = "/* Could not access counterCells */"
      keySet = "/* Could not access keySet */"
      values = "/* Could not access values */"
      entrySet = "/* Could not access entrySet */"
      U = "/* Could not access U */"
      SIZECTL = "/* Could not access SIZECTL */"
      TRANSFERINDEX = "/* Could not access TRANSFERINDEX */"
      BASECOUNT = "/* Could not access BASECOUNT */"
      CELLSBUSY = "/* Could not access CELLSBUSY */"
      CELLVALUE = "/* Could not access CELLVALUE */"
      ABASE = "/* Could not access ABASE */"
      ASHIFT = "/* Could not access ASHIFT */"
      keySet = "/* Could not access keySet */"
      values = "/* Could not access values */"
    jeeNameToComponentMetaData = class java.util.concurrent.ConcurrentHashMap@259caeb4
      serialVersionUID = "/* Could not access serialVersionUID */"
      MAXIMUM_CAPACITY = "/* Could not access MAXIMUM_CAPACITY */"
      DEFAULT_CAPACITY = "/* Could not access DEFAULT_CAPACITY */"
      MAX_ARRAY_SIZE = "/* Could not access MAX_ARRAY_SIZE */"
      DEFAULT_CONCURRENCY_LEVEL = "/* Could not access DEFAULT_CONCURRENCY_LEVEL */"
      LOAD_FACTOR = "/* Could not access LOAD_FACTOR */"
      TREEIFY_THRESHOLD = "/* Could not access TREEIFY_THRESHOLD */"
      UNTREEIFY_THRESHOLD = "/* Could not access UNTREEIFY_THRESHOLD */"
      MIN_TREEIFY_CAPACITY = "/* Could not access MIN_TREEIFY_CAPACITY */"
      MIN_TRANSFER_STRIDE = "/* Could not access MIN_TRANSFER_STRIDE */"
      RESIZE_STAMP_BITS = "/* Could not access RESIZE_STAMP_BITS */"
      MAX_RESIZERS = "/* Could not access MAX_RESIZERS */"
      RESIZE_STAMP_SHIFT = "/* Could not access RESIZE_STAMP_SHIFT */"
      MOVED = "/* Could not access MOVED */"
      TREEBIN = "/* Could not access TREEBIN */"
      RESERVED = "/* Could not access RESERVED */"
      HASH_BITS = "/* Could not access HASH_BITS */"
      NCPU = "/* Could not access NCPU */"
      serialPersistentFields = "/* Could not access serialPersistentFields */"
      table = "/* Could not access table */"
      nextTable = "/* Could not access nextTable */"
      baseCount = "/* Could not access baseCount */"
      sizeCtl = "/* Could not access sizeCtl */"
      transferIndex = "/* Could not access transferIndex */"
      cellsBusy = "/* Could not access cellsBusy */"
      counterCells = "/* Could not access counterCells */"
      keySet = "/* Could not access keySet */"
      values = "/* Could not access values */"
      entrySet = "/* Could not access entrySet */"
      U = "/* Could not access U */"
      SIZECTL = "/* Could not access SIZECTL */"
      TRANSFERINDEX = "/* Could not access TRANSFERINDEX */"
      BASECOUNT = "/* Could not access BASECOUNT */"
      CELLSBUSY = "/* Could not access CELLSBUSY */"
      CELLVALUE = "/* Could not access CELLVALUE */"
      ABASE = "/* Could not access ABASE */"
      ASHIFT = "/* Could not access ASHIFT */"
      keySet = "/* Could not access keySet */"
      values = "/* Could not access values */"
    deferredMetaDataFactories = class com.ibm.wsspi.kernel.service.utils.ConcurrentServiceReferenceSet@5ae1722
      referenceName = "deferredMetaDataFactory"
      contextRef = class java.util.concurrent.atomic.AtomicReference@568e5417
      elementMap = class java.util.LinkedHashMap@76bd181e
      elementSet = class java.util.concurrent.ConcurrentSkipListSet@27487d4b
      elementSetUnsorted = false
      serialVersionUID = 756240983881166148
      $$$tc$$$ = class com.ibm.websphere.ras.TraceComponent@69ddbccf
    deferredMetaDataInitializers = class com.ibm.wsspi.kernel.service.utils.ConcurrentServiceReferenceMap@77b95b26
      referenceName = "deferredMetaDataFactory"
      context = class org.apache.felix.scr.impl.manager.ComponentContextImpl@1fb1fb7
      elementMap = class java.util.concurrent.ConcurrentHashMap@70895794
      serialVersionUID = 6980924785166233786
      $$$tc$$$ = class com.ibm.websphere.ras.TraceComponent@76ea6ca1
    serialVersionUID = -2494605732980966097
    $$$tc$$$ = class com.ibm.websphere.ras.TraceComponent@3ed87f7e
      strings[0] = "TraceComponent[com.ibm.ws.container.service.metadata.internal.MetaDataServiceImpl,class com.ibm.ws.container.service.metadata.internal.MetaDataServiceImpl,[Runtime],null,null]"
  j2eeNameFactory = class com.ibm.ws.container.service.metadata.internal.J2EENameFactoryImpl@71a831e0
    serialVersionUID = 3486344295038028821
    $$$tc$$$ = class com.ibm.websphere.ras.TraceComponent@720d0bfb
      strings[0] = "TraceComponent[com.ibm.ws.container.service.metadata.internal.J2EENameFactoryImpl,class com.ibm.ws.container.service.metadata.internal.J2EENameFactoryImpl,[Runtime],null,null]"
  context = class org.apache.felix.scr.impl.manager.ComponentContextImpl@f49d970
    m_componentManager = class org.apache.felix.scr.impl.manager.SingleComponentManager@234ddd03
      m_useCount = class java.util.concurrent.atomic.AtomicInteger@2efa6d12
      m_componentContext = class org.apache.felix.scr.impl.manager.ComponentContextImpl@f49d970
      m_configurationProperties = class java.util.HashMap@64879373
      m_factoryProperties = null
      m_properties = class java.util.HashMap@caf5e33
      m_serviceProperties = null
      REASONS = class java.lang.String[7]
      m_container = class org.apache.felix.scr.impl.ComponentRegistry$DefaultConfigurableComponentHolder@6dc69190
      m_factoryInstance = false
      m_componentId = 199
      m_componentMethods = class org.apache.felix.scr.impl.inject.internal.ComponentMethodsImpl@35828b50
      m_dependencyManagers = class java.util.ArrayList@432a1515
      m_dependencyManagersInitialized = true
      m_trackingCount = class java.util.concurrent.atomic.AtomicInteger@1c3f7ba6
      m_stateLock = class java.util.concurrent.locks.ReentrantLock@452c23a0
      m_enabledLatchRef = class java.util.concurrent.atomic.AtomicReference@64d5f85e
      state = class java.util.concurrent.atomic.AtomicReference@77c4cb6c
      m_floor = 26
      m_ceiling = 26
      m_missingLock = class java.util.concurrent.locks.ReentrantLock@10c17c79
      m_missingCondition = class java.util.concurrent.locks.AbstractQueuedSynchronizer$ConditionObject@34d46ce2
      m_missing = class java.util.TreeSet@7f08752e
      m_activationLock = class java.util.concurrent.locks.ReentrantReadWriteLock@2e465e08
      failureReason = null
      taskCounter = class java.util.concurrent.atomic.AtomicLong@357fcd0d
      registrationManager = class org.apache.felix.scr.impl.manager.AbstractComponentManager$3@225b043c
    edgeInfos = class org.apache.felix.scr.impl.manager.EdgeInfo[27]
      EdgeInfo[0] = class org.apache.felix.scr.impl.manager.EdgeInfo@285077ac
      EdgeInfo[1] = class org.apache.felix.scr.impl.manager.EdgeInfo@3b1694e9
      EdgeInfo[2] = class org.apache.felix.scr.impl.manager.EdgeInfo@1baf7ff1
      EdgeInfo[3] = class org.apache.felix.scr.impl.manager.EdgeInfo@2c5d24bd
      EdgeInfo[4] = class org.apache.felix.scr.impl.manager.EdgeInfo@71bdb8d
      EdgeInfo[5] = class org.apache.felix.scr.impl.manager.EdgeInfo@825a65b
      EdgeInfo[6] = class org.apache.felix.scr.impl.manager.EdgeInfo@68950059
      EdgeInfo[7] = class org.apache.felix.scr.impl.manager.EdgeInfo@2d28a93a
      EdgeInfo[8] = class org.apache.felix.scr.impl.manager.EdgeInfo@74b6d8a1
      EdgeInfo[9] = class org.apache.felix.scr.impl.manager.EdgeInfo@5184bf12
      EdgeInfo[10] = class org.apache.felix.scr.impl.manager.EdgeInfo@1153eab3
      EdgeInfo[11] = class org.apache.felix.scr.impl.manager.EdgeInfo@795af0da
      EdgeInfo[12] = class org.apache.felix.scr.impl.manager.EdgeInfo@3beb5c80
      EdgeInfo[13] = class org.apache.felix.scr.impl.manager.EdgeInfo@4fe318c0
      EdgeInfo[14] = class org.apache.felix.scr.impl.manager.EdgeInfo@416b75fd
      EdgeInfo[15] = class org.apache.felix.scr.impl.manager.EdgeInfo@6f19812a
      EdgeInfo[16] = class org.apache.felix.scr.impl.manager.EdgeInfo@ef7cf15
      EdgeInfo[17] = class org.apache.felix.scr.impl.manager.EdgeInfo@5905f313
      EdgeInfo[18] = class org.apache.felix.scr.impl.manager.EdgeInfo@43dbb153
      EdgeInfo[19] = class org.apache.felix.scr.impl.manager.EdgeInfo@60e868d3
      EdgeInfo[20] = class org.apache.felix.scr.impl.manager.EdgeInfo@50d79cbc
      EdgeInfo[21] = class org.apache.felix.scr.impl.manager.EdgeInfo@26bc60de
      EdgeInfo[22] = class org.apache.felix.scr.impl.manager.EdgeInfo@38f30c73
      EdgeInfo[23] = class org.apache.felix.scr.impl.manager.EdgeInfo@1bfe454e
      EdgeInfo[24] = class org.apache.felix.scr.impl.manager.EdgeInfo@772008f1
      EdgeInfo[25] = class org.apache.felix.scr.impl.manager.EdgeInfo@32df3c5b
      EdgeInfo[26] = class org.apache.felix.scr.impl.manager.EdgeInfo@126f2ee7
    m_componentInstance = class org.apache.felix.scr.impl.manager.ComponentContextImpl$ComponentInstanceImpl@6fc8bdb2
      m_componentContext = class org.apache.felix.scr.impl.manager.ComponentContextImpl@f49d970
    m_usingBundle = class org.eclipse.osgi.internal.framework.EquinoxBundle@4f115766
      equinoxContainer = class org.eclipse.osgi.internal.framework.EquinoxContainer@5d76848a
      module = class org.eclipse.osgi.internal.framework.EquinoxBundle$EquinoxModule@c758d8f
      monitor = class java.lang.Object@522cad34
      context = class org.eclipse.osgi.internal.framework.BundleContextImpl@593629a0
      signerInfos = null
      $SWITCH_TABLE$org$eclipse$osgi$container$Module$State = {1,2,3,4,5,6,7} /* array length = 7 */
    m_serviceRegistration = class org.eclipse.osgi.internal.serviceregistry.ServiceRegistrationImpl@3468a368
      registry = class org.eclipse.osgi.internal.serviceregistry.ServiceRegistry@40888100
      context = class org.eclipse.osgi.internal.framework.BundleContextImpl@593629a0
      bundle = class org.eclipse.osgi.internal.framework.EquinoxBundle@4f115766
      clazzes = class java.lang.String[2]
      service = class org.apache.felix.scr.impl.manager.SingleComponentManager@234ddd03
      reference = class org.eclipse.osgi.internal.serviceregistry.ServiceReferenceImpl@fffc19
      contextsUsing = class java.util.ArrayList@79fb2d1d
      properties = class java.util.Collections$UnmodifiableMap@1a27cd
      serviceid = 275
      serviceranking = 0
      registrationLock = class java.lang.Object@29ee6a07
      state = 0
      REGISTERED = 0
      UNREGISTERING = 1
      UNREGISTERED = 2
      FRAMEWORK_SET_SERVICE_PROPERTIES_COUNT = 4
      $assertionsDisabled = true
    m_implementationObject = class com.ibm.ws.webcontainer.osgi.WebContainer@7243b906
    m_implementationAccessible = true
    accessibleLatch = class java.util.concurrent.CountDownLatch@1659f907
      sync = "/* Could not access sync */"
    serviceObjectsHelper = class org.apache.felix.scr.impl.helper.ComponentServiceObjectsHelper@5bb19b0a
      bundleContext = class org.eclipse.osgi.internal.framework.BundleContextImpl@593629a0
      services = class java.util.concurrent.ConcurrentHashMap@4f985d50
      closedServices = class java.util.ArrayList@14dc1e5f
      prototypeInstances = class java.util.concurrent.ConcurrentHashMap@1eb2d4a9
    boundValues = null
  contextRoots = class java.util.Collections$SynchronizedSet@6fd4151a
    serialVersionUID = "/* Could not access serialVersionUID */"
    serialVersionUID = "/* Could not access serialVersionUID */"
    c = "/* Could not access c */"
    mutex = "/* Could not access mutex */"
  pendingContextRoots = class java.util.HashMap@7fcbb3f2
    serialVersionUID = "/* Could not access serialVersionUID */"
    DEFAULT_INITIAL_CAPACITY = "/* Could not access DEFAULT_INITIAL_CAPACITY */"
    MAXIMUM_CAPACITY = "/* Could not access MAXIMUM_CAPACITY */"
    DEFAULT_LOAD_FACTOR = "/* Could not access DEFAULT_LOAD_FACTOR */"
    TREEIFY_THRESHOLD = "/* Could not access TREEIFY_THRESHOLD */"
    UNTREEIFY_THRESHOLD = "/* Could not access UNTREEIFY_THRESHOLD */"
    MIN_TREEIFY_CAPACITY = "/* Could not access MIN_TREEIFY_CAPACITY */"
    table = "/* Could not access table */"
    entrySet = "/* Could not access entrySet */"
    size = "/* Could not access size */"
    modCount = "/* Could not access modCount */"
    threshold = "/* Could not access threshold */"
    loadFactor = "/* Could not access loadFactor */"
    keySet = "/* Could not access keySet */"
    values = "/* Could not access values */"
  deployedModuleMap = class java.util.concurrent.ConcurrentHashMap@4fdcbada
    serialVersionUID = "/* Could not access serialVersionUID */"
    MAXIMUM_CAPACITY = "/* Could not access MAXIMUM_CAPACITY */"
    DEFAULT_CAPACITY = "/* Could not access DEFAULT_CAPACITY */"
    MAX_ARRAY_SIZE = "/* Could not access MAX_ARRAY_SIZE */"
    DEFAULT_CONCURRENCY_LEVEL = "/* Could not access DEFAULT_CONCURRENCY_LEVEL */"
    LOAD_FACTOR = "/* Could not access LOAD_FACTOR */"
    TREEIFY_THRESHOLD = "/* Could not access TREEIFY_THRESHOLD */"
    UNTREEIFY_THRESHOLD = "/* Could not access UNTREEIFY_THRESHOLD */"
    MIN_TREEIFY_CAPACITY = "/* Could not access MIN_TREEIFY_CAPACITY */"
    MIN_TRANSFER_STRIDE = "/* Could not access MIN_TRANSFER_STRIDE */"
    RESIZE_STAMP_BITS = "/* Could not access RESIZE_STAMP_BITS */"
    MAX_RESIZERS = "/* Could not access MAX_RESIZERS */"
    RESIZE_STAMP_SHIFT = "/* Could not access RESIZE_STAMP_SHIFT */"
    MOVED = "/* Could not access MOVED */"
    TREEBIN = "/* Could not access TREEBIN */"
    RESERVED = "/* Could not access RESERVED */"
    HASH_BITS = "/* Could not access HASH_BITS */"
    NCPU = "/* Could not access NCPU */"
    serialPersistentFields = "/* Could not access serialPersistentFields */"
    table = "/* Could not access table */"
    nextTable = "/* Could not access nextTable */"
    baseCount = "/* Could not access baseCount */"
    sizeCtl = "/* Could not access sizeCtl */"
    transferIndex = "/* Could not access transferIndex */"
    cellsBusy = "/* Could not access cellsBusy */"
    counterCells = "/* Could not access counterCells */"
    keySet = "/* Could not access keySet */"
    values = "/* Could not access values */"
    entrySet = "/* Could not access entrySet */"
    U = "/* Could not access U */"
    SIZECTL = "/* Could not access SIZECTL */"
    TRANSFERINDEX = "/* Could not access TRANSFERINDEX */"
    BASECOUNT = "/* Could not access BASECOUNT */"
    CELLSBUSY = "/* Could not access CELLSBUSY */"
    CELLVALUE = "/* Could not access CELLVALUE */"
    ABASE = "/* Could not access ABASE */"
    ASHIFT = "/* Could not access ASHIFT */"
    keySet = "/* Could not access keySet */"
    values = "/* Could not access values */"
  connContextPool = class com.ibm.ws.webcontainer40.osgi.srt.factory.SRTConnectionContextPool40Impl@e9f7808
    head = class java.lang.ThreadLocal@65edbfb7
      threadLocalHashCode = "/* Could not access threadLocalHashCode */"
      nextHashCode = "/* Could not access nextHashCode */"
      HASH_INCREMENT = "/* Could not access HASH_INCREMENT */"
    serialVersionUID = 1328956725011480048
    $$$tc$$$ = class com.ibm.websphere.ras.TraceComponent@2718efde
      strings[0] = "TraceComponent[com.ibm.ws.webcontainer40.osgi.srt.factory.SRTConnectionContextPool40Impl,class com.ibm.ws.webcontainer40.osgi.srt.factory.SRTConnectionContextPool40Impl,[],null,null]"
  DEFAULT_PORT = "*"
  DEFAULT_VHOST_NAME = "default_host"
  cachedServerInfo = "IBM WebSphere Liberty/21.0.0.2"
  lock = class com.ibm.ws.webcontainer.osgi.WebContainer$1@41acc004
    this$0 = class com.ibm.ws.webcontainer.osgi.WebContainer@7243b906
  webAppFactory = class com.ibm.ws.webcontainer40.osgi.webapp.factory.WebAppFactory40Impl@635abfe0
    serialVersionUID = 8172918271897210367
    $$$tc$$$ = class com.ibm.websphere.ras.TraceComponent@6a0a7906
      strings[0] = "TraceComponent[com.ibm.ws.webcontainer40.osgi.webapp.factory.WebAppFactory40Impl,class com.ibm.ws.webcontainer40.osgi.webapp.factory.WebAppFactory40Impl,[],null,null]"
  requestFactory = class com.ibm.ws.webcontainer40.osgi.response.factory.IRequestResponseFactory40Impl@497ac33b
    serialVersionUID = 3336627925143380461
    $$$tc$$$ = class com.ibm.websphere.ras.TraceComponent@2bc6b66
      strings[0] = "TraceComponent[com.ibm.ws.webcontainer40.osgi.response.factory.IRequestResponseFactory40Impl,class com.ibm.ws.webcontainer40.osgi.response.factory.IRequestResponseFactory40Impl,[],null,null]"
  responseFactory = class com.ibm.ws.webcontainer40.osgi.response.factory.IRequestResponseFactory40Impl@497ac33b
  asyncContextFactory = class com.ibm.ws.webcontainer40.async.factory.AsyncContextFactory40Impl@3cd0bd24
    serialVersionUID = 2251738312435757516
    $$$tc$$$ = class com.ibm.websphere.ras.TraceComponent@ad9e7a
      strings[0] = "TraceComponent[com.ibm.ws.webcontainer40.async.factory.AsyncContextFactory40Impl,class com.ibm.ws.webcontainer40.async.factory.AsyncContextFactory40Impl,[],null,null]"
  DEFAULT_MAX_VERSION = 30
  versionRef = class org.eclipse.osgi.internal.serviceregistry.ServiceReferenceImpl@2dc8ef6e
    registration = class org.eclipse.osgi.internal.serviceregistry.ServiceRegistrationImpl@721ad7e1
      registry = class org.eclipse.osgi.internal.serviceregistry.ServiceRegistry@40888100
      context = class org.eclipse.osgi.internal.framework.BundleContextImpl@35459293
      bundle = class org.eclipse.osgi.internal.framework.EquinoxBundle@62a3a40f
      clazzes = class java.lang.String[1]
      service = class org.apache.felix.scr.impl.manager.SingleComponentManager@cc235ca
      reference = class org.eclipse.osgi.internal.serviceregistry.ServiceReferenceImpl@2dc8ef6e
      contextsUsing = class java.util.ArrayList@47b4fded
      properties = class java.util.Collections$UnmodifiableMap@2c47ebea
      serviceid = 253
      serviceranking = 0
      registrationLock = class java.lang.Object@411607e6
      state = 0
      REGISTERED = 0
      UNREGISTERING = 1
      UNREGISTERED = 2
      FRAMEWORK_SET_SERVICE_PROPERTIES_COUNT = 4
      $assertionsDisabled = true
  serverStopping = false
  modulesStarting = class java.util.concurrent.atomic.AtomicInteger@32b492f7
    serialVersionUID = "/* Could not access serialVersionUID */"
    U = "/* Could not access U */"
    VALUE = "/* Could not access VALUE */"
    value = "/* Could not access value */"
    serialVersionUID = "/* Could not access serialVersionUID */"
  uriMatcherFactory = class com.ibm.wsspi.webcontainer40.util.factory.URIMatcherFactory40Impl@b343018
    serialVersionUID = 4507504838389585711
    $$$tc$$$ = class com.ibm.websphere.ras.TraceComponent@31a573ff
      strings[0] = "TraceComponent[com.ibm.wsspi.webcontainer40.util.factory.URIMatcherFactory40Impl,class com.ibm.wsspi.webcontainer40.util.factory.URIMatcherFactory40Impl,[],null,null]"
  SPEC_LEVEL_UNLOADED = -1
  SPEC_LEVEL_30 = 30
  SPEC_LEVEL_31 = 31
  SPEC_LEVEL_40 = 40
  SPEC_LEVEL_50 = 50
  DEFAULT_SPEC_LEVEL = 30
  loadedContainerSpecLevel = 40
  ISO = "ISO-8859-1"
  encoding = "UTF-8"
  decode = true
  wcconfig = class com.ibm.ws.webcontainer.osgi.WebContainerConfiguration@25c0cb10
    properties = class org.apache.felix.scr.impl.helper.ReadOnlyDictionary@78bfe494
      m_delegate = class java.util.Hashtable@3d443aea
      m_serviceReference = null
    CFG_KEY_ENFORCE_SEC = "enforce.security"
    logger = class com.ibm.ws.logging.internal.WsLogger@73128757
    CLASS_NAME = "com.ibm.ws.webcontainer.WebContainerConfiguration"
    _localeProps = null
    _jvmProps = null
    enableServletCaching = false
    defaultVirtualHostName = "default_host"
    ardEnabled = false
    ardIncludeTimeout = 0
    poolingDisabled = false
    maximumExpiredEntries = 0
    maximumResponseStoreSize = 0
    useAsyncRunnableWorkManager = false
    asyncRunnableWorkManagerName = null
    numAsyncTimerThreads = 2
    defaultAsyncServletTimeout = 30000
  applicationListeners = class java.util.ArrayList@3375c675
    serialVersionUID = "/* Could not access serialVersionUID */"
    DEFAULT_CAPACITY = "/* Could not access DEFAULT_CAPACITY */"
    EMPTY_ELEMENTDATA = "/* Could not access EMPTY_ELEMENTDATA */"
    DEFAULTCAPACITY_EMPTY_ELEMENTDATA = "/* Could not access DEFAULTCAPACITY_EMPTY_ELEMENTDATA */"
    elementData = "/* Could not access elementData */"
    size = "/* Could not access size */"
    modCount = "/* Could not access modCount */"
  servletListeners = class java.util.ArrayList@19eb94f3
    serialVersionUID = "/* Could not access serialVersionUID */"
    DEFAULT_CAPACITY = "/* Could not access DEFAULT_CAPACITY */"
    EMPTY_ELEMENTDATA = "/* Could not access EMPTY_ELEMENTDATA */"
    DEFAULTCAPACITY_EMPTY_ELEMENTDATA = "/* Could not access DEFAULTCAPACITY_EMPTY_ELEMENTDATA */"
    elementData = "/* Could not access elementData */"
    size = "/* Could not access size */"
    modCount = "/* Could not access modCount */"
  servletErrorListeners = class java.util.ArrayList@19021032
    serialVersionUID = "/* Could not access serialVersionUID */"
    DEFAULT_CAPACITY = "/* Could not access DEFAULT_CAPACITY */"
    EMPTY_ELEMENTDATA = "/* Could not access EMPTY_ELEMENTDATA */"
    DEFAULTCAPACITY_EMPTY_ELEMENTDATA = "/* Could not access DEFAULTCAPACITY_EMPTY_ELEMENTDATA */"
    elementData = "/* Could not access elementData */"
    size = "/* Could not access size */"
    modCount = "/* Could not access modCount */"
  servletInvocationListeners = class java.util.ArrayList@3ab9c049
    serialVersionUID = "/* Could not access serialVersionUID */"
    DEFAULT_CAPACITY = "/* Could not access DEFAULT_CAPACITY */"
    EMPTY_ELEMENTDATA = "/* Could not access EMPTY_ELEMENTDATA */"
    DEFAULTCAPACITY_EMPTY_ELEMENTDATA = "/* Could not access DEFAULTCAPACITY_EMPTY_ELEMENTDATA */"
    elementData = "/* Could not access elementData */"
    size = "/* Could not access size */"
    modCount = "/* Could not access modCount */"
  filterInvocationListeners = class java.util.ArrayList@27e2ef05
    serialVersionUID = "/* Could not access serialVersionUID */"
    DEFAULT_CAPACITY = "/* Could not access DEFAULT_CAPACITY */"
    EMPTY_ELEMENTDATA = "/* Could not access EMPTY_ELEMENTDATA */"
    DEFAULTCAPACITY_EMPTY_ELEMENTDATA = "/* Could not access DEFAULTCAPACITY_EMPTY_ELEMENTDATA */"
    elementData = "/* Could not access elementData */"
    size = "/* Could not access size */"
    modCount = "/* Could not access modCount */"
  filterErrorListeners = class java.util.ArrayList@626bab06
    serialVersionUID = "/* Could not access serialVersionUID */"
    DEFAULT_CAPACITY = "/* Could not access DEFAULT_CAPACITY */"
    EMPTY_ELEMENTDATA = "/* Could not access EMPTY_ELEMENTDATA */"
    DEFAULTCAPACITY_EMPTY_ELEMENTDATA = "/* Could not access DEFAULTCAPACITY_EMPTY_ELEMENTDATA */"
    elementData = "/* Could not access elementData */"
    size = "/* Could not access size */"
    modCount = "/* Could not access modCount */"
  filterListeners = class java.util.ArrayList@6be1b4f9
    serialVersionUID = "/* Could not access serialVersionUID */"
    DEFAULT_CAPACITY = "/* Could not access DEFAULT_CAPACITY */"
    EMPTY_ELEMENTDATA = "/* Could not access EMPTY_ELEMENTDATA */"
    DEFAULTCAPACITY_EMPTY_ELEMENTDATA = "/* Could not access DEFAULTCAPACITY_EMPTY_ELEMENTDATA */"
    elementData = "/* Could not access elementData */"
    size = "/* Could not access size */"
    modCount = "/* Could not access modCount */"
  servletRequestListeners = class java.util.ArrayList@1fae9a44
    serialVersionUID = "/* Could not access serialVersionUID */"
    DEFAULT_CAPACITY = "/* Could not access DEFAULT_CAPACITY */"
    EMPTY_ELEMENTDATA = "/* Could not access EMPTY_ELEMENTDATA */"
    DEFAULTCAPACITY_EMPTY_ELEMENTDATA = "/* Could not access DEFAULTCAPACITY_EMPTY_ELEMENTDATA */"
    elementData = "/* Could not access elementData */"
    size = "/* Could not access size */"
    modCount = "/* Could not access modCount */"
  servletRequestAttributeListeners = class java.util.ArrayList@2f04c473
    serialVersionUID = "/* Could not access serialVersionUID */"
    DEFAULT_CAPACITY = "/* Could not access DEFAULT_CAPACITY */"
    EMPTY_ELEMENTDATA = "/* Could not access EMPTY_ELEMENTDATA */"
    DEFAULTCAPACITY_EMPTY_ELEMENTDATA = "/* Could not access DEFAULTCAPACITY_EMPTY_ELEMENTDATA */"
    elementData = "/* Could not access elementData */"
    size = "/* Could not access size */"
    modCount = "/* Could not access modCount */"
  servletContextListeners = class java.util.ArrayList@1088690e
    serialVersionUID = "/* Could not access serialVersionUID */"
    DEFAULT_CAPACITY = "/* Could not access DEFAULT_CAPACITY */"
    EMPTY_ELEMENTDATA = "/* Could not access EMPTY_ELEMENTDATA */"
    DEFAULTCAPACITY_EMPTY_ELEMENTDATA = "/* Could not access DEFAULTCAPACITY_EMPTY_ELEMENTDATA */"
    elementData = "/* Could not access elementData */"
    size = "/* Could not access size */"
    modCount = "/* Could not access modCount */"
  servletContextAttributeListeners = class java.util.ArrayList@7628419a
    serialVersionUID = "/* Could not access serialVersionUID */"
    DEFAULT_CAPACITY = "/* Could not access DEFAULT_CAPACITY */"
    EMPTY_ELEMENTDATA = "/* Could not access EMPTY_ELEMENTDATA */"
    DEFAULTCAPACITY_EMPTY_ELEMENTDATA = "/* Could not access DEFAULTCAPACITY_EMPTY_ELEMENTDATA */"
    elementData = "/* Could not access elementData */"
    size = "/* Could not access size */"
    modCount = "/* Could not access modCount */"
  sessionListeners = class java.util.ArrayList@1d3f89a1
    serialVersionUID = "/* Could not access serialVersionUID */"
    DEFAULT_CAPACITY = "/* Could not access DEFAULT_CAPACITY */"
    EMPTY_ELEMENTDATA = "/* Could not access EMPTY_ELEMENTDATA */"
    DEFAULTCAPACITY_EMPTY_ELEMENTDATA = "/* Could not access DEFAULTCAPACITY_EMPTY_ELEMENTDATA */"
    elementData = "/* Could not access elementData */"
    size = "/* Could not access size */"
    modCount = "/* Could not access modCount */"
  sessionIdListeners = class java.util.ArrayList@1411f129
    serialVersionUID = "/* Could not access serialVersionUID */"
    DEFAULT_CAPACITY = "/* Could not access DEFAULT_CAPACITY */"
    EMPTY_ELEMENTDATA = "/* Could not access EMPTY_ELEMENTDATA */"
    DEFAULTCAPACITY_EMPTY_ELEMENTDATA = "/* Could not access DEFAULTCAPACITY_EMPTY_ELEMENTDATA */"
    elementData = "/* Could not access elementData */"
    size = "/* Could not access size */"
    modCount = "/* Could not access modCount */"
  sessionAttributeListeners = class java.util.ArrayList@47022abc
    serialVersionUID = "/* Could not access serialVersionUID */"
    DEFAULT_CAPACITY = "/* Could not access DEFAULT_CAPACITY */"
    EMPTY_ELEMENTDATA = "/* Could not access EMPTY_ELEMENTDATA */"
    DEFAULTCAPACITY_EMPTY_ELEMENTDATA = "/* Could not access DEFAULTCAPACITY_EMPTY_ELEMENTDATA */"
    elementData = "/* Could not access elementData */"
    size = "/* Could not access size */"
    modCount = "/* Could not access modCount */"
  DEFAULT_HOST = "default_host"
  _initialized = true
  logger = class com.ibm.ws.logging.internal.WsLogger@73128757
    ivCachedResourceBundleName = "com.ibm.ws.webcontainer.resources.Messages"
    ivCachedResourceBundle = class com.ibm.ws.webcontainer.resources.Messages@5c460ead
      resources = class [Ljava.lang.Object;[338]
      lookup = "/* Could not access lookup */"
      INITIAL_CACHE_SIZE = "/* Could not access INITIAL_CACHE_SIZE */"
      NONEXISTENT_BUNDLE = "/* Could not access NONEXISTENT_BUNDLE */"
      cacheList = "/* Could not access cacheList */"
      referenceQueue = "/* Could not access referenceQueue */"
      parent = "/* Could not access parent */"
      locale = "/* Could not access locale */"
      name = "/* Could not access name */"
      expired = "/* Could not access expired */"
      cacheKey = "/* Could not access cacheKey */"
      keySet = "/* Could not access keySet */"
      UNKNOWN_FORMAT = "/* Could not access UNKNOWN_FORMAT */"
      TRACE_ON = "/* Could not access TRACE_ON */"
      $assertionsDisabled = "/* Could not access $assertionsDisabled */"
    ivComponent = null
    ivOrganization = null
    ivProduct = null
    ivMinimumLocalizationLevelIntValue = 625
    ivTC = class com.ibm.websphere.ras.TraceComponent@294f2b8
      strings[0] = "TraceComponent[com.ibm.ws.webcontainer,class com.ibm.wsspi.webcontainer.logging.LoggerFactory$1,[com.ibm.ws.webcontainer],null,null]"
    loggerRegistrationComponent = class java.lang.ThreadLocal@76490dba
      threadLocalHashCode = "/* Could not access threadLocalHashCode */"
      nextHashCode = "/* Could not access nextHashCode */"
      HASH_INCREMENT = "/* Could not access HASH_INCREMENT */"
    emptyHandlers = "/* Could not access emptyHandlers */"
    offValue = "/* Could not access offValue */"
    SYSTEM_LOGGER_RB_NAME = "/* Could not access SYSTEM_LOGGER_RB_NAME */"
    SYSTEM_BUNDLE = "/* Could not access SYSTEM_BUNDLE */"
    NO_RESOURCE_BUNDLE = "/* Could not access NO_RESOURCE_BUNDLE */"
    config = "/* Could not access config */"
    manager = "/* Could not access manager */"
    name = "/* Could not access name */"
    loggerBundle = "/* Could not access loggerBundle */"
    anonymous = "/* Could not access anonymous */"
    catalogRef = "/* Could not access catalogRef */"
    catalogName = "/* Could not access catalogName */"
    catalogLocale = "/* Could not access catalogLocale */"
    treeLock = "/* Could not access treeLock */"
    parent = "/* Could not access parent */"
    kids = "/* Could not access kids */"
    callerModuleRef = "/* Could not access callerModuleRef */"
    isSystemLogger = "/* Could not access isSystemLogger */"
    GLOBAL_LOGGER_NAME = "global"
    global = class java.util.logging.Logger@2f0153b5
      emptyHandlers = "/* Could not access emptyHandlers */"
      offValue = "/* Could not access offValue */"
      SYSTEM_LOGGER_RB_NAME = "/* Could not access SYSTEM_LOGGER_RB_NAME */"
      SYSTEM_BUNDLE = "/* Could not access SYSTEM_BUNDLE */"
      NO_RESOURCE_BUNDLE = "/* Could not access NO_RESOURCE_BUNDLE */"
      config = "/* Could not access config */"
      manager = "/* Could not access manager */"
      name = "/* Could not access name */"
      loggerBundle = "/* Could not access loggerBundle */"
      anonymous = "/* Could not access anonymous */"
      catalogRef = "/* Could not access catalogRef */"
      catalogName = "/* Could not access catalogName */"
      catalogLocale = "/* Could not access catalogLocale */"
      treeLock = "/* Could not access treeLock */"
      parent = "/* Could not access parent */"
      kids = "/* Could not access kids */"
      callerModuleRef = "/* Could not access callerModuleRef */"
      isSystemLogger = "/* Could not access isSystemLogger */"
      GLOBAL_LOGGER_NAME = "global"
      global = class java.util.logging.Logger@2f0153b5
  CLASS_NAME = "com.ibm.ws.webcontainer.internal.WebContainer"
  nls = class com.ibm.ejs.ras.TraceNLS@12816a15
    resolver = class com.ibm.ws.logging.internal.TraceNLSResolver@31a6f628
      tc = class com.ibm.websphere.ras.TraceComponent@6ab7a896
      DEBUG_TRACE_NLS_PROPERTY = "com.ibm.ejs.ras.debugTraceNLSResolver"
      debugTraceNLSResolver = false
      makeNoise = false
      nullKey = "null"
      svNullBundleName = "Resource Bundle name is null, key = {0}"
      svBundleNotLoaded = "Unable to load ResourceBundle {0}"
      svNullKeyMessage = "Null key passed while using ResourceBundle {0}"
      svMalformedMessage = "No message text associated with key {0} in bundle {1}"
    finder = null
    ivBundleName = "com.ibm.ws.webcontainer.resources.Messages"
    caller = class java.lang.Class@2f1613c7
      ANNOTATION = "/* Could not access ANNOTATION */"
      ENUM = "/* Could not access ENUM */"
      SYNTHETIC = "/* Could not access SYNTHETIC */"
      EMPTY_CLASS_DESC_ARRAY = "/* Could not access EMPTY_CLASS_DESC_ARRAY */"
      cachedConstructor = "/* Could not access cachedConstructor */"
      name = "/* Could not access name */"
      module = "/* Could not access module */"
      packageName = "/* Could not access packageName */"
      componentType = "/* Could not access componentType */"
      allPermDomain = "/* Could not access allPermDomain */"
      reflectionData = "/* Could not access reflectionData */"
      classRedefinedCount = "/* Could not access classRedefinedCount */"
      genericInfo = "/* Could not access genericInfo */"
      EMPTY_CLASS_ARRAY = "/* Could not access EMPTY_CLASS_ARRAY */"
      serialVersionUID = "/* Could not access serialVersionUID */"
      serialPersistentFields = "/* Could not access serialPersistentFields */"
      JAVA_LANG_RECORD_CLASS = "/* Could not access JAVA_LANG_RECORD_CLASS */"
      reflectionFactory = "/* Could not access reflectionFactory */"
      enumConstants = "/* Could not access enumConstants */"
      enumConstantDirectory = "/* Could not access enumConstantDirectory */"
      annotationData = "/* Could not access annotationData */"
      annotationType = "/* Could not access annotationType */"
      classValueMap = "/* Could not access classValueMap */"
  self = class java.util.concurrent.atomic.AtomicReference@98249d5
    serialVersionUID = "/* Could not access serialVersionUID */"
    VALUE = "/* Could not access VALUE */"
    value = "/* Could not access value */"
  selfInit = class java.util.concurrent.CountDownLatch@5f03c593
    sync = "/* Could not access sync */"
  _cipherToBit = class java.util.HashMap@384cd91b
    serialVersionUID = "/* Could not access serialVersionUID */"
    DEFAULT_INITIAL_CAPACITY = "/* Could not access DEFAULT_INITIAL_CAPACITY */"
    MAXIMUM_CAPACITY = "/* Could not access MAXIMUM_CAPACITY */"
    DEFAULT_LOAD_FACTOR = "/* Could not access DEFAULT_LOAD_FACTOR */"
    TREEIFY_THRESHOLD = "/* Could not access TREEIFY_THRESHOLD */"
    UNTREEIFY_THRESHOLD = "/* Could not access UNTREEIFY_THRESHOLD */"
    MIN_TREEIFY_CAPACITY = "/* Could not access MIN_TREEIFY_CAPACITY */"
    table = "/* Could not access table */"
    entrySet = "/* Could not access entrySet */"
    size = "/* Could not access size */"
    modCount = "/* Could not access modCount */"
    threshold = "/* Could not access threshold */"
    loadFactor = "/* Could not access loadFactor */"
    keySet = "/* Could not access keySet */"
    values = "/* Could not access values */"
  cacheKeyStringBuilder = class com.ibm.ws.util.WSThreadLocal@2184cdc5
    tc = class com.ibm.ejs.ras.TraceComponent@3755f4c1
      strings[0] = "TraceComponent[com.ibm.ws.util.WSThreadLocal,class com.ibm.ws.util.WSThreadLocal,[Runtime],com.ibm.ws.runtime.runtime,null]"
    count = 5
    index = 1
    SUSPECTED_MISUSAGE_THRESHOLD = 200
    threadLocalHashCode = "/* Could not access threadLocalHashCode */"
    nextHashCode = "/* Could not access nextHashCode */"
    HASH_INCREMENT = "/* Could not access HASH_INCREMENT */"
  listenersInitialized = true
  webConProperties = class java.util.Properties@3ad3e4c1
    serialVersionUID = "/* Could not access serialVersionUID */"
    UNSAFE = "/* Could not access UNSAFE */"
    defaults = "/* Could not access defaults */"
    map = "/* Could not access map */"
    hexDigit = "/* Could not access hexDigit */"
    table = "/* Could not access table */"
    count = "/* Could not access count */"
    threshold = "/* Could not access threshold */"
    loadFactor = "/* Could not access loadFactor */"
    modCount = "/* Could not access modCount */"
    serialVersionUID = "/* Could not access serialVersionUID */"
    MAX_ARRAY_SIZE = "/* Could not access MAX_ARRAY_SIZE */"
    keySet = "/* Could not access keySet */"
    entrySet = "/* Could not access entrySet */"
    values = "/* Could not access values */"
    KEYS = "/* Could not access KEYS */"
    VALUES = "/* Could not access VALUES */"
    ENTRIES = "/* Could not access ENTRIES */"
  sessionRegistry = null
  isStopped = false
  readWriteLockForStopping = class java.util.concurrent.locks.ReentrantReadWriteLock@7bbd8155
    serialVersionUID = "/* Could not access serialVersionUID */"
    readerLock = "/* Could not access readerLock */"
    writerLock = "/* Could not access writerLock */"
    sync = "/* Could not access sync */"
  urlPrefix = ";jsessionid="
  extensionFactories = class java.util.ArrayList@25671b38
    serialVersionUID = "/* Could not access serialVersionUID */"
    DEFAULT_CAPACITY = "/* Could not access DEFAULT_CAPACITY */"
    EMPTY_ELEMENTDATA = "/* Could not access EMPTY_ELEMENTDATA */"
    DEFAULTCAPACITY_EMPTY_ELEMENTDATA = "/* Could not access DEFAULTCAPACITY_EMPTY_ELEMENTDATA */"
    elementData = "/* Could not access elementData */"
    size = "/* Could not access size */"
    modCount = "/* Could not access modCount */"
  postInitExtensionFactories = null
  httpResponseListeners = class java.util.ArrayList@228a00b4
    serialVersionUID = "/* Could not access serialVersionUID */"
    DEFAULT_CAPACITY = "/* Could not access DEFAULT_CAPACITY */"
    EMPTY_ELEMENTDATA = "/* Could not access EMPTY_ELEMENTDATA */"
    DEFAULTCAPACITY_EMPTY_ELEMENTDATA = "/* Could not access DEFAULTCAPACITY_EMPTY_ELEMENTDATA */"
    elementData = "/* Could not access elementData */"
    size = "/* Could not access size */"
    modCount = "/* Could not access modCount */"
  servletContainerInitializers = class java.util.ServiceLoader@75a0dc8
    service = "/* Could not access service */"
    serviceName = "/* Could not access serviceName */"
    layer = "/* Could not access layer */"
    loader = "/* Could not access loader */"
    acc = "/* Could not access acc */"
    lookupIterator1 = "/* Could not access lookupIterator1 */"
    instantiatedProviders = "/* Could not access instantiatedProviders */"
    lookupIterator2 = "/* Could not access lookupIterator2 */"
    loadedProviders = "/* Could not access loadedProviders */"
    loadedAllProviders = "/* Could not access loadedAllProviders */"
    reloadCount = "/* Could not access reloadCount */"
    LANG_ACCESS = "/* Could not access LANG_ACCESS */"
    $assertionsDisabled = "/* Could not access $assertionsDisabled */"
  auditManager = class com.ibm.websphere.security.audit.context.AuditManager@10fa835f
    threadLocal = class com.ibm.websphere.security.audit.context.AuditManager$AuditThreadLocal@7d0ec103
      serialVersionUID = 7915092222804478388
      $$$tc$$$ = class com.ibm.websphere.ras.TraceComponent@18fcb370
      threadLocalHashCode = "/* Could not access threadLocalHashCode */"
      nextHashCode = "/* Could not access nextHashCode */"
      HASH_INCREMENT = "/* Could not access HASH_INCREMENT */"
    serialVersionUID = 8297158904878279977
    $$$tc$$$ = class com.ibm.websphere.ras.TraceComponent@21ccfdc4
      strings[0] = "TraceComponent[com.ibm.websphere.security.audit.context.AuditManager,class com.ibm.websphere.security.audit.context.AuditManager,[],null,null]"
  invocationCacheSize = 500
  _cacheMap = class java.util.concurrent.ConcurrentHashMap@dd9f4a3
    serialVersionUID = "/* Could not access serialVersionUID */"
    MAXIMUM_CAPACITY = "/* Could not access MAXIMUM_CAPACITY */"
    DEFAULT_CAPACITY = "/* Could not access DEFAULT_CAPACITY */"
    MAX_ARRAY_SIZE = "/* Could not access MAX_ARRAY_SIZE */"
    DEFAULT_CONCURRENCY_LEVEL = "/* Could not access DEFAULT_CONCURRENCY_LEVEL */"
    LOAD_FACTOR = "/* Could not access LOAD_FACTOR */"
    TREEIFY_THRESHOLD = "/* Could not access TREEIFY_THRESHOLD */"
    UNTREEIFY_THRESHOLD = "/* Could not access UNTREEIFY_THRESHOLD */"
    MIN_TREEIFY_CAPACITY = "/* Could not access MIN_TREEIFY_CAPACITY */"
    MIN_TRANSFER_STRIDE = "/* Could not access MIN_TRANSFER_STRIDE */"
    RESIZE_STAMP_BITS = "/* Could not access RESIZE_STAMP_BITS */"
    MAX_RESIZERS = "/* Could not access MAX_RESIZERS */"
    RESIZE_STAMP_SHIFT = "/* Could not access RESIZE_STAMP_SHIFT */"
    MOVED = "/* Could not access MOVED */"
    TREEBIN = "/* Could not access TREEBIN */"
    RESERVED = "/* Could not access RESERVED */"
    HASH_BITS = "/* Could not access HASH_BITS */"
    NCPU = "/* Could not access NCPU */"
    serialPersistentFields = "/* Could not access serialPersistentFields */"
    table = "/* Could not access table */"
    nextTable = "/* Could not access nextTable */"
    baseCount = "/* Could not access baseCount */"
    sizeCtl = "/* Could not access sizeCtl */"
    transferIndex = "/* Could not access transferIndex */"
    cellsBusy = "/* Could not access cellsBusy */"
    counterCells = "/* Could not access counterCells */"
    keySet = "/* Could not access keySet */"
    values = "/* Could not access values */"
    entrySet = "/* Could not access entrySet */"
    U = "/* Could not access U */"
    SIZECTL = "/* Could not access SIZECTL */"
    TRANSFERINDEX = "/* Could not access TRANSFERINDEX */"
    BASECOUNT = "/* Could not access BASECOUNT */"
    CELLSBUSY = "/* Could not access CELLSBUSY */"
    CELLVALUE = "/* Could not access CELLVALUE */"
    ABASE = "/* Could not access ABASE */"
    ASHIFT = "/* Could not access ASHIFT */"
    keySet = "/* Could not access keySet */"
    values = "/* Could not access values */"
  _cacheSize = class java.util.concurrent.atomic.AtomicInteger@7fa4da0c
    serialVersionUID = "/* Could not access serialVersionUID */"
    U = "/* Could not access U */"
    VALUE = "/* Could not access VALUE */"
    value = "/* Could not access value */"
    serialVersionUID = "/* Could not access serialVersionUID */"
  vHostCompatFlag = false
  platformHelper = class com.ibm.ws.webcontainer.PlatformHelper@28c7bc7d
  isDefaultTempDir = true
  tempDir = null
  servletCachingInitNeeded = true
  appInstallBegun = true
  cacheServletWrapperFactory = class com.ibm.ws.webcontainer40.servlet.factory.CacheServletWrapperFactory40Impl@6c633241
    serialVersionUID = 6641793567262460833
    $$$tc$$$ = class com.ibm.websphere.ras.TraceComponent@2c65e2da
      strings[0] = "TraceComponent[com.ibm.ws.webcontainer40.servlet.factory.CacheServletWrapperFactory40Impl,class com.ibm.ws.webcontainer40.servlet.factory.CacheServletWrapperFactory40Impl,[],null,null]"
  commands = class java.util.ArrayList@2eddbf82
    serialVersionUID = "/* Could not access serialVersionUID */"
    DEFAULT_CAPACITY = "/* Could not access DEFAULT_CAPACITY */"
    EMPTY_ELEMENTDATA = "/* Could not access EMPTY_ELEMENTDATA */"
    DEFAULTCAPACITY_EMPTY_ELEMENTDATA = "/* Could not access DEFAULTCAPACITY_EMPTY_ELEMENTDATA */"
    elementData = "/* Could not access elementData */"
    size = "/* Could not access size */"
    modCount = "/* Could not access modCount */"
  requestMapper = class com.ibm.ws.webcontainer.util.VirtualHostContextRootMapper@777074ef
    cachedMappers = class java.util.Collections$SynchronizedMap@5e045d4c
      serialVersionUID = "/* Could not access serialVersionUID */"
      m = "/* Could not access m */"
      mutex = "/* Could not access mutex */"
      keySet = "/* Could not access keySet */"
      entrySet = "/* Could not access entrySet */"
      values = "/* Could not access values */"
    nls = class com.ibm.ejs.ras.TraceNLS@5e00c33f
      resolver = class com.ibm.ws.logging.internal.TraceNLSResolver@31a6f628
      finder = null
      ivBundleName = "com.ibm.ws.webcontainer.resources.Messages"
      caller = class java.lang.Class@3de72c77
    logger = class com.ibm.ws.logging.internal.WsLogger@160586ef
      ivCachedResourceBundleName = null
      ivCachedResourceBundle = null
      ivComponent = null
      ivOrganization = null
      ivProduct = null
      ivMinimumLocalizationLevelIntValue = 625
      ivTC = class com.ibm.websphere.ras.TraceComponent@e01601a
      loggerRegistrationComponent = class java.lang.ThreadLocal@76490dba
      emptyHandlers = "/* Could not access emptyHandlers */"
      offValue = "/* Could not access offValue */"
      SYSTEM_LOGGER_RB_NAME = "/* Could not access SYSTEM_LOGGER_RB_NAME */"
      SYSTEM_BUNDLE = "/* Could not access SYSTEM_BUNDLE */"
      NO_RESOURCE_BUNDLE = "/* Could not access NO_RESOURCE_BUNDLE */"
      config = "/* Could not access config */"
      manager = "/* Could not access manager */"
      name = "/* Could not access name */"
      loggerBundle = "/* Could not access loggerBundle */"
      anonymous = "/* Could not access anonymous */"
      catalogRef = "/* Could not access catalogRef */"
      catalogName = "/* Could not access catalogName */"
      catalogLocale = "/* Could not access catalogLocale */"
      treeLock = "/* Could not access treeLock */"
      parent = "/* Could not access parent */"
      kids = "/* Could not access kids */"
      callerModuleRef = "/* Could not access callerModuleRef */"
      isSystemLogger = "/* Could not access isSystemLogger */"
      GLOBAL_LOGGER_NAME = "global"
      global = class java.util.logging.Logger@2f0153b5
    CLASS_NAME = "com.ibm.ws.webcontainer.util.VirtualHostContextRootMapper"
    CLASSNAME = "com.ibm.ws.util.VirtualHostMapper"
    tc = class com.ibm.ejs.ras.TraceComponent@25e230d
      strings[0] = "TraceComponent[com.ibm.ws.util.VirtualHostMapper,class com.ibm.ws.util.VirtualHostMapper,[Runtime],null,null]"
    vHostTable = class java.util.concurrent.ConcurrentHashMap@19c0241
      serialVersionUID = "/* Could not access serialVersionUID */"
      MAXIMUM_CAPACITY = "/* Could not access MAXIMUM_CAPACITY */"
      DEFAULT_CAPACITY = "/* Could not access DEFAULT_CAPACITY */"
      MAX_ARRAY_SIZE = "/* Could not access MAX_ARRAY_SIZE */"
      DEFAULT_CONCURRENCY_LEVEL = "/* Could not access DEFAULT_CONCURRENCY_LEVEL */"
      LOAD_FACTOR = "/* Could not access LOAD_FACTOR */"
      TREEIFY_THRESHOLD = "/* Could not access TREEIFY_THRESHOLD */"
      UNTREEIFY_THRESHOLD = "/* Could not access UNTREEIFY_THRESHOLD */"
      MIN_TREEIFY_CAPACITY = "/* Could not access MIN_TREEIFY_CAPACITY */"
      MIN_TRANSFER_STRIDE = "/* Could not access MIN_TRANSFER_STRIDE */"
      RESIZE_STAMP_BITS = "/* Could not access RESIZE_STAMP_BITS */"
      MAX_RESIZERS = "/* Could not access MAX_RESIZERS */"
      RESIZE_STAMP_SHIFT = "/* Could not access RESIZE_STAMP_SHIFT */"
      MOVED = "/* Could not access MOVED */"
      TREEBIN = "/* Could not access TREEBIN */"
      RESERVED = "/* Could not access RESERVED */"
      HASH_BITS = "/* Could not access HASH_BITS */"
      NCPU = "/* Could not access NCPU */"
      serialPersistentFields = "/* Could not access serialPersistentFields */"
      table = "/* Could not access table */"
      nextTable = "/* Could not access nextTable */"
      baseCount = "/* Could not access baseCount */"
      sizeCtl = "/* Could not access sizeCtl */"
      transferIndex = "/* Could not access transferIndex */"
      cellsBusy = "/* Could not access cellsBusy */"
      counterCells = "/* Could not access counterCells */"
      keySet = "/* Could not access keySet */"
      values = "/* Could not access values */"
      entrySet = "/* Could not access entrySet */"
      U = "/* Could not access U */"
      SIZECTL = "/* Could not access SIZECTL */"
      TRANSFERINDEX = "/* Could not access TRANSFERINDEX */"
      BASECOUNT = "/* Could not access BASECOUNT */"
      CELLSBUSY = "/* Could not access CELLSBUSY */"
      CELLVALUE = "/* Could not access CELLVALUE */"
      ABASE = "/* Could not access ABASE */"
      ASHIFT = "/* Could not access ASHIFT */"
      keySet = "/* Could not access keySet */"
      values = "/* Could not access values */"
  parent = null
  name = "Was.webcontainer"
  isAlive = true
  subElements = class java.util.HashMap@62c11a28
    serialVersionUID = "/* Could not access serialVersionUID */"
    DEFAULT_INITIAL_CAPACITY = "/* Could not access DEFAULT_INITIAL_CAPACITY */"
    MAXIMUM_CAPACITY = "/* Could not access MAXIMUM_CAPACITY */"
    DEFAULT_LOAD_FACTOR = "/* Could not access DEFAULT_LOAD_FACTOR */"
    TREEIFY_THRESHOLD = "/* Could not access TREEIFY_THRESHOLD */"
    UNTREEIFY_THRESHOLD = "/* Could not access UNTREEIFY_THRESHOLD */"
    MIN_TREEIFY_CAPACITY = "/* Could not access MIN_TREEIFY_CAPACITY */"
    table = "/* Could not access table */"
    entrySet = "/* Could not access entrySet */"
    size = "/* Could not access size */"
    modCount = "/* Could not access modCount */"
    threshold = "/* Could not access threshold */"
    loadFactor = "/* Could not access loadFactor */"
    keySet = "/* Could not access keySet */"
    values = "/* Could not access values */"
  attributes = null
  config = null
  serialVersionUID = -8271459000149267764
  $$$tc$$$ = class com.ibm.websphere.ras.TraceComponent@32ab6b6f
    strings[0] = "TraceComponent[com.ibm.ws.container.AbstractContainer,class com.ibm.ws.container.AbstractContainer,[],null,null]"

