------Start of DE processing------ = [2/28/21, 11:47:21:751 EST]
Exception = java.lang.NullPointerException
Source = com.ibm.ws.webcontainer.filter.WebAppFilterManager.invokeFilters
probeid = 1105
Stack Dump = java.lang.NullPointerException: Cannot invoke "java.util.ArrayList.stream()" because "characters" is null
	at CharacterFilter.doFilter(CharacterFilter.java:20)
	at com.ibm.ws.webcontainer.filter.FilterInstanceWrapper.doFilter(FilterInstanceWrapper.java:201)
	at com.ibm.ws.webcontainer.filter.WebAppFilterChain.doFilter(WebAppFilterChain.java:90)
	at com.ibm.ws.webcontainer.filter.WebAppFilterManager.doFilter(WebAppFilterManager.java:1001)
	at com.ibm.ws.webcontainer.filter.WebAppFilterManager.invokeFilters(WebAppFilterManager.java:1139)
	at com.ibm.ws.webcontainer.webapp.WebApp.handleRequest(WebApp.java:5057)
	at com.ibm.ws.webcontainer.osgi.DynamicVirtualHost$2.handleRequest(DynamicVirtualHost.java:314)
	at com.ibm.ws.webcontainer.WebContainer.handleRequest(WebContainer.java:1005)
	at com.ibm.ws.webcontainer.osgi.DynamicVirtualHost$2.run(DynamicVirtualHost.java:279)
	at com.ibm.ws.http.dispatcher.internal.channel.HttpDispatcherLink$TaskWrapper.run(HttpDispatcherLink.java:1141)
	at com.ibm.ws.http.dispatcher.internal.channel.HttpDispatcherLink.wrapHandlerAndExecute(HttpDispatcherLink.java:422)
	at com.ibm.ws.http.dispatcher.internal.channel.HttpDispatcherLink.ready(HttpDispatcherLink.java:381)
	at com.ibm.ws.http.channel.internal.inbound.HttpInboundLink.handleDiscrimination(HttpInboundLink.java:565)
	at com.ibm.ws.http.channel.internal.inbound.HttpInboundLink.handleNewRequest(HttpInboundLink.java:499)
	at com.ibm.ws.http.channel.internal.inbound.HttpInboundLink.processRequest(HttpInboundLink.java:359)
	at com.ibm.ws.http.channel.internal.inbound.HttpInboundLink.ready(HttpInboundLink.java:326)
	at com.ibm.ws.tcpchannel.internal.NewConnectionInitialReadCallback.sendToDiscriminators(NewConnectionInitialReadCallback.java:167)
	at com.ibm.ws.tcpchannel.internal.NewConnectionInitialReadCallback.complete(NewConnectionInitialReadCallback.java:75)
	at com.ibm.ws.tcpchannel.internal.WorkQueueManager.requestComplete(WorkQueueManager.java:504)
	at com.ibm.ws.tcpchannel.internal.WorkQueueManager.attemptIO(WorkQueueManager.java:574)
	at com.ibm.ws.tcpchannel.internal.WorkQueueManager.workerRun(WorkQueueManager.java:958)
	at com.ibm.ws.tcpchannel.internal.WorkQueueManager$Worker.run(WorkQueueManager.java:1047)
	at com.ibm.ws.threading.internal.ExecutorServiceImpl$RunnableWrapper.run(ExecutorServiceImpl.java:239)
	at java.base/java.util.concurrent.ThreadPoolExecutor.runWorker(ThreadPoolExecutor.java:1130)
	at java.base/java.util.concurrent.ThreadPoolExecutor$Worker.run(ThreadPoolExecutor.java:630)
	at java.base/java.lang.Thread.run(Thread.java:832)

Dump of callerThis
Object type = com.ibm.ws.webcontainer.osgi.filter.WebAppFilterManagerImpl
  _filterWrappers = class java.util.Hashtable@7ce0def1
    table = "/* Could not access table */"
    count = "/* Could not access count */"
    threshold = "/* Could not access threshold */"
    loadFactor = "/* Could not access loadFactor */"
    modCount = "/* Could not access modCount */"
    serialVersionUID = "/* Could not access serialVersionUID */"
    MAX_ARRAY_SIZE = "/* Could not access MAX_ARRAY_SIZE */"
    keySet = "/* Could not access keySet */"
    entrySet = "/* Could not access entrySet */"
    values = "/* Could not access values */"
    KEYS = "/* Could not access KEYS */"
    VALUES = "/* Could not access VALUES */"
    ENTRIES = "/* Could not access ENTRIES */"
  chainCache = class java.util.Collections$SynchronizedMap@50d013dd
    serialVersionUID = "/* Could not access serialVersionUID */"
    m = "/* Could not access m */"
    mutex = "/* Could not access mutex */"
    keySet = "/* Could not access keySet */"
    entrySet = "/* Could not access entrySet */"
    values = "/* Could not access values */"
  forwardChainCache = class java.util.Collections$SynchronizedMap@65957a3c
    serialVersionUID = "/* Could not access serialVersionUID */"
    m = "/* Could not access m */"
    mutex = "/* Could not access mutex */"
    keySet = "/* Could not access keySet */"
    entrySet = "/* Could not access entrySet */"
    values = "/* Could not access values */"
  includeChainCache = class java.util.Collections$SynchronizedMap@3955258b
    serialVersionUID = "/* Could not access serialVersionUID */"
    m = "/* Could not access m */"
    mutex = "/* Could not access mutex */"
    keySet = "/* Could not access keySet */"
    entrySet = "/* Could not access entrySet */"
    values = "/* Could not access values */"
  errorChainCache = class java.util.Collections$SynchronizedMap@43387306
    serialVersionUID = "/* Could not access serialVersionUID */"
    m = "/* Could not access m */"
    mutex = "/* Could not access mutex */"
    keySet = "/* Could not access keySet */"
    entrySet = "/* Could not access entrySet */"
    values = "/* Could not access values */"
  _filtersDefined = true
  FMI_MAPPING_SINGLE_SLASH = 0
  FMI_MAPPING_PATH_MATCH = 1
  FMI_MAPPING_EXTENSION_MATCH = 2
  FMI_MAPPING_EXACT_MATCH = 3
  logger = class com.ibm.ws.logging.internal.WsLogger@4dc51dc6
    ivCachedResourceBundleName = null
    ivCachedResourceBundle = null
    ivComponent = null
    ivOrganization = null
    ivProduct = null
    ivMinimumLocalizationLevelIntValue = 625
    ivTC = class com.ibm.websphere.ras.TraceComponent@48b4292f
      strings[0] = "TraceComponent[com.ibm.ws.webcontainer.filter,class com.ibm.wsspi.webcontainer.logging.LoggerFactory$1,[com.ibm.ws.webcontainer.filter],null,null]"
    loggerRegistrationComponent = class java.lang.ThreadLocal@561e1bbf
      threadLocalHashCode = "/* Could not access threadLocalHashCode */"
      nextHashCode = "/* Could not access nextHashCode */"
      HASH_INCREMENT = "/* Could not access HASH_INCREMENT */"
    emptyHandlers = "/* Could not access emptyHandlers */"
    offValue = "/* Could not access offValue */"
    SYSTEM_LOGGER_RB_NAME = "/* Could not access SYSTEM_LOGGER_RB_NAME */"
    SYSTEM_BUNDLE = "/* Could not access SYSTEM_BUNDLE */"
    NO_RESOURCE_BUNDLE = "/* Could not access NO_RESOURCE_BUNDLE */"
    config = "/* Could not access config */"
    manager = "/* Could not access manager */"
    name = "/* Could not access name */"
    loggerBundle = "/* Could not access loggerBundle */"
    anonymous = "/* Could not access anonymous */"
    catalogRef = "/* Could not access catalogRef */"
    catalogName = "/* Could not access catalogName */"
    catalogLocale = "/* Could not access catalogLocale */"
    treeLock = "/* Could not access treeLock */"
    parent = "/* Could not access parent */"
    kids = "/* Could not access kids */"
    callerModuleRef = "/* Could not access callerModuleRef */"
    isSystemLogger = "/* Could not access isSystemLogger */"
    GLOBAL_LOGGER_NAME = "global"
    global = class java.util.logging.Logger@640ad340
      emptyHandlers = "/* Could not access emptyHandlers */"
      offValue = "/* Could not access offValue */"
      SYSTEM_LOGGER_RB_NAME = "/* Could not access SYSTEM_LOGGER_RB_NAME */"
      SYSTEM_BUNDLE = "/* Could not access SYSTEM_BUNDLE */"
      NO_RESOURCE_BUNDLE = "/* Could not access NO_RESOURCE_BUNDLE */"
      config = "/* Could not access config */"
      manager = "/* Could not access manager */"
      name = "/* Could not access name */"
      loggerBundle = "/* Could not access loggerBundle */"
      anonymous = "/* Could not access anonymous */"
      catalogRef = "/* Could not access catalogRef */"
      catalogName = "/* Could not access catalogName */"
      catalogLocale = "/* Could not access catalogLocale */"
      treeLock = "/* Could not access treeLock */"
      parent = "/* Could not access parent */"
      kids = "/* Could not access kids */"
      callerModuleRef = "/* Could not access callerModuleRef */"
      isSystemLogger = "/* Could not access isSystemLogger */"
      GLOBAL_LOGGER_NAME = "global"
      global = class java.util.logging.Logger@640ad340
  CLASS_NAME = "com.ibm.ws.webcontainer.filter.WebAppFilterManager"
  nls = class com.ibm.ejs.ras.TraceNLS@4d65f73b
    resolver = class com.ibm.ws.logging.internal.TraceNLSResolver@176895ce
      tc = class com.ibm.websphere.ras.TraceComponent@6ab7a896
      DEBUG_TRACE_NLS_PROPERTY = "com.ibm.ejs.ras.debugTraceNLSResolver"
      debugTraceNLSResolver = false
      makeNoise = false
      nullKey = "null"
      svNullBundleName = "Resource Bundle name is null, key = {0}"
      svBundleNotLoaded = "Unable to load ResourceBundle {0}"
      svNullKeyMessage = "Null key passed while using ResourceBundle {0}"
      svMalformedMessage = "No message text associated with key {0} in bundle {1}"
    finder = null
    ivBundleName = "com.ibm.ws.webcontainer.resources.Messages"
    caller = class java.lang.Class@5d75ce71
      ANNOTATION = "/* Could not access ANNOTATION */"
      ENUM = "/* Could not access ENUM */"
      SYNTHETIC = "/* Could not access SYNTHETIC */"
      EMPTY_CLASS_DESC_ARRAY = "/* Could not access EMPTY_CLASS_DESC_ARRAY */"
      cachedConstructor = "/* Could not access cachedConstructor */"
      name = "/* Could not access name */"
      module = "/* Could not access module */"
      packageName = "/* Could not access packageName */"
      componentType = "/* Could not access componentType */"
      allPermDomain = "/* Could not access allPermDomain */"
      reflectionData = "/* Could not access reflectionData */"
      classRedefinedCount = "/* Could not access classRedefinedCount */"
      genericInfo = "/* Could not access genericInfo */"
      EMPTY_CLASS_ARRAY = "/* Could not access EMPTY_CLASS_ARRAY */"
      serialVersionUID = "/* Could not access serialVersionUID */"
      serialPersistentFields = "/* Could not access serialPersistentFields */"
      JAVA_LANG_RECORD_CLASS = "/* Could not access JAVA_LANG_RECORD_CLASS */"
      reflectionFactory = "/* Could not access reflectionFactory */"
      enumConstants = "/* Could not access enumConstants */"
      enumConstantDirectory = "/* Could not access enumConstantDirectory */"
      annotationData = "/* Could not access annotationData */"
      annotationType = "/* Could not access annotationType */"
      classValueMap = "/* Could not access classValueMap */"
  webAppConfig = class com.ibm.ws.webcontainer.osgi.webapp.WebAppConfiguration@6814cc36
    webModuleMetaData = class com.ibm.ws.webcontainer.osgi.metadata.WebModuleMetaDataImpl@36d06d66
      applicationMetaData = class com.ibm.ws.container.service.app.deploy.internal.ApplicationMetaDataImpl@6a91b26f
      j2eeName = class com.ibm.ws.container.service.metadata.internal.J2EENameImpl@127a14e0
      wccmd = class com.ibm.ws.webcontainer.osgi.metadata.WebCollaboratorComponentMetaDataImpl@3abc2f6
      securityMetaData = null
      annotatedSecurityMetaData = null
      webAppConfig = class com.ibm.ws.webcontainer.osgi.webapp.WebAppConfiguration@6814cc36
      _isServlet23OrHigher = false
      jspComponentMetaData = null
      sessionCookieNameInUse = null
      mBeanServiceReg = null
      tc = class com.ibm.websphere.ras.TraceComponent@5ae9cb92
      NUM_STATIC_SLOTS = 4
      ID_UNINITIALIZED = -1
      id = 0
      metaDataInterface = class java.lang.Class@cffe98b
      staticSlots = class java.lang.Object[4]
      dynamicSlots = null
    webComponentMetaData = class com.ibm.ws.webcontainer.osgi.metadata.WebComponentMetaDataImpl@1cda39cb
    dVirtualHost = class com.ibm.ws.webcontainer.osgi.DynamicVirtualHost@20965c8e
      tc = class com.ibm.websphere.ras.TraceComponent@8a675ac
      CLASS_NAME = "com.ibm.ws.webcontainer.osgi.DynamicVirtualHost"
      webContainerParent = class com.ibm.ws.webcontainer.osgi.WebContainer@2b63ed05
      dhostConfig = class com.ibm.ws.webcontainer.osgi.DynamicVirtualHostConfiguration@1a2d1388
      predefinedMatcher = null
      normalizeRequestURI = false
      logger = class com.ibm.ws.logging.internal.WsLogger@17cd0e33
      CLASS_NAME = "com.ibm.ws.webcontainer.VirtualHost"
      vHostConfig = class com.ibm.ws.webcontainer.osgi.DynamicVirtualHostConfiguration@1a2d1388
      commands = class java.util.ArrayList@178bd5a2
      requestMapper = class com.ibm.wsspi.webcontainer.util.URIMapper@23340993
      parent = class com.ibm.ws.webcontainer.osgi.WebContainer@2b63ed05
      name = "default_host"
      isAlive = true
      subElements = class java.util.HashMap@5177ef2e
      attributes = null
      config = null
      serialVersionUID = -8271459000149267764
      $$$tc$$$ = class com.ibm.websphere.ras.TraceComponent@5b4dbb7b
    orderedLibPaths = class java.util.Collections$UnmodifiableRandomAccessList@205b397f
      serialVersionUID = "/* Could not access serialVersionUID */"
      serialVersionUID = "/* Could not access serialVersionUID */"
      list = "/* Could not access list */"
      serialVersionUID = "/* Could not access serialVersionUID */"
      c = "/* Could not access c */"
    bundleHeaders = null
    cdiEnabled = false
    CLASS_NAME = "com.ibm.ws.webcontainer.webapp.WebAppConfiguration"
    logger = class com.ibm.ws.logging.internal.WsLogger@5c6b05e7
      ivCachedResourceBundleName = null
      ivCachedResourceBundle = null
      ivComponent = null
      ivOrganization = null
      ivProduct = null
      ivMinimumLocalizationLevelIntValue = 625
      ivTC = class com.ibm.websphere.ras.TraceComponent@1a6b70fe
      loggerRegistrationComponent = class java.lang.ThreadLocal@561e1bbf
      emptyHandlers = "/* Could not access emptyHandlers */"
      offValue = "/* Could not access offValue */"
      SYSTEM_LOGGER_RB_NAME = "/* Could not access SYSTEM_LOGGER_RB_NAME */"
      SYSTEM_BUNDLE = "/* Could not access SYSTEM_BUNDLE */"
      NO_RESOURCE_BUNDLE = "/* Could not access NO_RESOURCE_BUNDLE */"
      config = "/* Could not access config */"
      manager = "/* Could not access manager */"
      name = "/* Could not access name */"
      loggerBundle = "/* Could not access loggerBundle */"
      anonymous = "/* Could not access anonymous */"
      catalogRef = "/* Could not access catalogRef */"
      catalogName = "/* Could not access catalogName */"
      catalogLocale = "/* Could not access catalogLocale */"
      treeLock = "/* Could not access treeLock */"
      parent = "/* Could not access parent */"
      kids = "/* Could not access kids */"
      callerModuleRef = "/* Could not access callerModuleRef */"
      isSystemLogger = "/* Could not access isSystemLogger */"
      GLOBAL_LOGGER_NAME = "global"
      global = class java.util.logging.Logger@640ad340
    tc = class com.ibm.websphere.ras.TraceComponent@6b6368a7
      strings[0] = "TraceComponent[com.ibm.ws.webcontainer.webapp.WebAppConfiguration,class com.ibm.ws.webcontainer.webapp.WebAppConfiguration,[webcontainer],com.ibm.ws.webcontainer.resources.LShimMessages,null]"
    nls = class com.ibm.ejs.ras.TraceNLS@6849371f
      resolver = class com.ibm.ws.logging.internal.TraceNLSResolver@176895ce
      finder = null
      ivBundleName = "com.ibm.ws.webcontainer.resources.Messages"
      caller = class java.lang.Class@fdc3a50
    version = 31
    contextRoot = "/"
    isDefaultContextRootUsed = false
    sessionTimeout = 0
    moduleSessionTimeoutSet = false
    moduleSessionTrackingModeSet = false
    sessionCookieConfig = class com.ibm.ws.session.SessionCookieConfigImpl@242e862b
      comment = ""
      domain = ""
      maxAge = -1
      maxAgeSet = false
      name = "JSESSIONID"
      path = "/"
      httpOnly = true
      httpOnlySet = false
      secure = false
      secureSet = false
      contextInitialized = true
      externalCall = true
      programmaticChange = false
      nls = class com.ibm.ejs.ras.TraceNLS@2094ea40
    hasProgrammaticCookieConfig = false
    sessionDefaultTrackingModeSet = class java.util.RegularEnumSet@206efb74
      serialVersionUID = "/* Could not access serialVersionUID */"
      elements = "/* Could not access elements */"
      serialVersionUID = "/* Could not access serialVersionUID */"
      elementType = "/* Could not access elementType */"
      universe = "/* Could not access universe */"
    sessionManagerConfig = class com.ibm.ws.session.SessionManagerConfig@1bec1a9
      usingWebContainerSM = true
      useContextRootForSessionCookiePath = false
      usingMemory = true
      usingDatabase = false
      usingJCache = false
      usingMemToMem = false
      enableUrlProtocolSwitchRewriting = false
      dcookieName = "SSLJSESSION"
      sipSessionCookieName = "ibmappid"
      inMemorySize = 1000
      enableOverflow = true
      sessionInvalidationTime = 1800
      integrateSec = true
      throwSecurityExceptionOnGetSessionFalse = true
      invalidateOnUnauthorizedSessionRequestException = false
      allowSerializedSessionAccess = false
      serializedSessionAccessMaxWaitTime = 0
      accessSessionOnTimeout = true
      JNDIDataSourceName = "jdbc/sample"
      sessionDBID = null
      sessionDBPWD = null
      rowSize = 4
      tableSpaceName = null
      usingMultirow = false
      drsSettings = null
      enableEOSWrite = true
      enableManualWrite = false
      enableTimeBasedWrite = false
      mPropertyWriterInterval = 120
      writeAllProperties = false
      writeGetAndSetAttributes = false
      scheduledInvalidation = false
      firstHour = 0
      secondHour = 0
      is_zOS = false
      serverId = "b61d02da-56a2-4a2c-8207-ebf9673527f9"
      cloneId = "b61d02da-56a2-4a2c-8207-ebf9673527f9"
      sacKey = "DEFAULT_SAC_KEY"
      cloneSeparator = :
      debugSessionCrossover = false
      cloneIdPropertySet = false
      expectedCloneIdsPropertySet = false
      expectedCloneIds = null
      idReuse = false
      reaperPollInterval = 170
      turnOffCacheId = false
      turnOffCloneId = false
      noAffinitySwitchBack = false
      maxSessionIdentifierLength = 1024
      sessUrlRewritePrefix = ";jsessionid="
      tableNameValue = null
      checkRecentlyInvalidList = true
      modifyActiveCountOnInvalidatedSession = true
      useOracleBlob = false
      usingCustomSchemaName = false
      trackGCCount = false
      hideSessionValues = true
      hideSessionValuesPropertySet = false
      doRemoteInvalidations = true
      zosBaseServerReplication = false
      servlet21SessionCompat = false
      cacheIdLength = 0
      sessionIDLength = 23
      trackingModes = class java.util.RegularEnumSet@509c3c75
      privateSessionCookieName = "JSESSIONID"
      privateSessionCookieComment = ""
      privateSessionCookieDomain = ""
      privateSessionCookieMaxAge = -1
      privateSessionCookiePath = "/"
      privateSessionCookieSecure = false
      privateSessionCookieHttpOnly = true
      cookieConfig = class com.ibm.ws.session.SessionCookieConfigImpl@242e862b
      SIPConvergedHttpPort = 80
      SIPConvergedHttpsPort = 443
      SIPConvergedHostName = "localhost"
      optimizeCacheIdIncrements = false
      alwaysEncodeURL = false
      checkSessionCookieNameOnEncodeURL = false
      onlyCheckInCacheDuringPreInvoke = false
      enableHotFailover = true
      forceSessionInvalidationMultiple = 3
      persistSessionAfterPassivation = false
      usingApplicationSessionsAndInvalidateAll = false
      usingApplicationSessionsAlwaysRetrieve = false
      forceSessionIdLengthCheck = false
      securityUserIgnoreCase = false
      sessionTableSkipIndexCreation = false
      checkSessionNewOnIsValidRequest = true
      delayInvalidationAlarmDuringServerStartup = 5
      useSeparateSessionInvalidatorThreadPool = true
      connectionRetryCount = 2
      sessionCookieSameSite = class com.ibm.ws.session.SameSiteCookie@4df9b7e7
    displayName = "Hello Servlet"
    description = null
    reloadInterval = 0
    distributable = false
    denyUncoveredHttpMethods = false
    reloadingEnabled = false
    serveServletsByClassnameEnabled = false
    defaultErrorPage = null
    additionalClassPath = null
    fileServingEnabled = null
    directoryBrowsingEnabled = false
    autoRequestEncoding = false
    autoResponseEncoding = false
    autoLoadFilters = false
    requestListeners = null
    requestAttributeListeners = null
    sessionListeners = null
    localeMap = null
    moduleName = "CharacterSheets"
    j2eeModuleName = "CharacterSheets.war"
    moduleId = null
    isSyncToThreadEnabled = false
    encodeDispatchedRequestURI = false
    isSystemApp = false
    ardEnabled = false
    ardDispatchType = null
    listeners = class java.util.ArrayList@62fb5307
      serialVersionUID = "/* Could not access serialVersionUID */"
      DEFAULT_CAPACITY = "/* Could not access DEFAULT_CAPACITY */"
      EMPTY_ELEMENTDATA = "/* Could not access EMPTY_ELEMENTDATA */"
      DEFAULTCAPACITY_EMPTY_ELEMENTDATA = "/* Could not access DEFAULTCAPACITY_EMPTY_ELEMENTDATA */"
      elementData = "/* Could not access elementData */"
      size = "/* Could not access size */"
      modCount = "/* Could not access modCount */"
    welcomeFileList = class java.util.ArrayList@32b49ead
      serialVersionUID = "/* Could not access serialVersionUID */"
      DEFAULT_CAPACITY = "/* Could not access DEFAULT_CAPACITY */"
      EMPTY_ELEMENTDATA = "/* Could not access EMPTY_ELEMENTDATA */"
      DEFAULTCAPACITY_EMPTY_ELEMENTDATA = "/* Could not access DEFAULTCAPACITY_EMPTY_ELEMENTDATA */"
      elementData = "/* Could not access elementData */"
      size = "/* Could not access size */"
      modCount = "/* Could not access modCount */"
    servletMappings = class java.util.HashMap@655676d4
      serialVersionUID = "/* Could not access serialVersionUID */"
      DEFAULT_INITIAL_CAPACITY = "/* Could not access DEFAULT_INITIAL_CAPACITY */"
      MAXIMUM_CAPACITY = "/* Could not access MAXIMUM_CAPACITY */"
      DEFAULT_LOAD_FACTOR = "/* Could not access DEFAULT_LOAD_FACTOR */"
      TREEIFY_THRESHOLD = "/* Could not access TREEIFY_THRESHOLD */"
      UNTREEIFY_THRESHOLD = "/* Could not access UNTREEIFY_THRESHOLD */"
      MIN_TREEIFY_CAPACITY = "/* Could not access MIN_TREEIFY_CAPACITY */"
      table = "/* Could not access table */"
      entrySet = "/* Could not access entrySet */"
      size = "/* Could not access size */"
      modCount = "/* Could not access modCount */"
      threshold = "/* Could not access threshold */"
      loadFactor = "/* Could not access loadFactor */"
      keySet = "/* Could not access keySet */"
      values = "/* Could not access values */"
    lastIndexBeforeDeclaredFilters = 0
    filterMappings = class java.util.ArrayList@1212405e
      serialVersionUID = "/* Could not access serialVersionUID */"
      DEFAULT_CAPACITY = "/* Could not access DEFAULT_CAPACITY */"
      EMPTY_ELEMENTDATA = "/* Could not access EMPTY_ELEMENTDATA */"
      DEFAULTCAPACITY_EMPTY_ELEMENTDATA = "/* Could not access DEFAULTCAPACITY_EMPTY_ELEMENTDATA */"
      elementData = "/* Could not access elementData */"
      size = "/* Could not access size */"
      modCount = "/* Could not access modCount */"
    servletInfo = class java.util.concurrent.ConcurrentHashMap@2ac95a70
      serialVersionUID = "/* Could not access serialVersionUID */"
      MAXIMUM_CAPACITY = "/* Could not access MAXIMUM_CAPACITY */"
      DEFAULT_CAPACITY = "/* Could not access DEFAULT_CAPACITY */"
      MAX_ARRAY_SIZE = "/* Could not access MAX_ARRAY_SIZE */"
      DEFAULT_CONCURRENCY_LEVEL = "/* Could not access DEFAULT_CONCURRENCY_LEVEL */"
      LOAD_FACTOR = "/* Could not access LOAD_FACTOR */"
      TREEIFY_THRESHOLD = "/* Could not access TREEIFY_THRESHOLD */"
      UNTREEIFY_THRESHOLD = "/* Could not access UNTREEIFY_THRESHOLD */"
      MIN_TREEIFY_CAPACITY = "/* Could not access MIN_TREEIFY_CAPACITY */"
      MIN_TRANSFER_STRIDE = "/* Could not access MIN_TRANSFER_STRIDE */"
      RESIZE_STAMP_BITS = "/* Could not access RESIZE_STAMP_BITS */"
      MAX_RESIZERS = "/* Could not access MAX_RESIZERS */"
      RESIZE_STAMP_SHIFT = "/* Could not access RESIZE_STAMP_SHIFT */"
      MOVED = "/* Could not access MOVED */"
      TREEBIN = "/* Could not access TREEBIN */"
      RESERVED = "/* Could not access RESERVED */"
      HASH_BITS = "/* Could not access HASH_BITS */"
      NCPU = "/* Could not access NCPU */"
      serialPersistentFields = "/* Could not access serialPersistentFields */"
      table = "/* Could not access table */"
      nextTable = "/* Could not access nextTable */"
      baseCount = "/* Could not access baseCount */"
      sizeCtl = "/* Could not access sizeCtl */"
      transferIndex = "/* Could not access transferIndex */"
      cellsBusy = "/* Could not access cellsBusy */"
      counterCells = "/* Could not access counterCells */"
      keySet = "/* Could not access keySet */"
      values = "/* Could not access values */"
      entrySet = "/* Could not access entrySet */"
      U = "/* Could not access U */"
      SIZECTL = "/* Could not access SIZECTL */"
      TRANSFERINDEX = "/* Could not access TRANSFERINDEX */"
      BASECOUNT = "/* Could not access BASECOUNT */"
      CELLSBUSY = "/* Could not access CELLSBUSY */"
      CELLVALUE = "/* Could not access CELLVALUE */"
      ABASE = "/* Could not access ABASE */"
      ASHIFT = "/* Could not access ASHIFT */"
      keySet = "/* Could not access keySet */"
      values = "/* Could not access values */"
    filterInfo = class java.util.HashMap@3c1ee872
      serialVersionUID = "/* Could not access serialVersionUID */"
      DEFAULT_INITIAL_CAPACITY = "/* Could not access DEFAULT_INITIAL_CAPACITY */"
      MAXIMUM_CAPACITY = "/* Could not access MAXIMUM_CAPACITY */"
      DEFAULT_LOAD_FACTOR = "/* Could not access DEFAULT_LOAD_FACTOR */"
      TREEIFY_THRESHOLD = "/* Could not access TREEIFY_THRESHOLD */"
      UNTREEIFY_THRESHOLD = "/* Could not access UNTREEIFY_THRESHOLD */"
      MIN_TREEIFY_CAPACITY = "/* Could not access MIN_TREEIFY_CAPACITY */"
      table = "/* Could not access table */"
      entrySet = "/* Could not access entrySet */"
      size = "/* Could not access size */"
      modCount = "/* Could not access modCount */"
      threshold = "/* Could not access threshold */"
      loadFactor = "/* Could not access loadFactor */"
      keySet = "/* Could not access keySet */"
      values = "/* Could not access values */"
    mimeMappings = class java.util.HashMap@6a28c9f3
      serialVersionUID = "/* Could not access serialVersionUID */"
      DEFAULT_INITIAL_CAPACITY = "/* Could not access DEFAULT_INITIAL_CAPACITY */"
      MAXIMUM_CAPACITY = "/* Could not access MAXIMUM_CAPACITY */"
      DEFAULT_LOAD_FACTOR = "/* Could not access DEFAULT_LOAD_FACTOR */"
      TREEIFY_THRESHOLD = "/* Could not access TREEIFY_THRESHOLD */"
      UNTREEIFY_THRESHOLD = "/* Could not access UNTREEIFY_THRESHOLD */"
      MIN_TREEIFY_CAPACITY = "/* Could not access MIN_TREEIFY_CAPACITY */"
      table = "/* Could not access table */"
      entrySet = "/* Could not access entrySet */"
      size = "/* Could not access size */"
      modCount = "/* Could not access modCount */"
      threshold = "/* Could not access threshold */"
      loadFactor = "/* Could not access loadFactor */"
      keySet = "/* Could not access keySet */"
      values = "/* Could not access values */"
    mimeFilters = null
    isMimeFilteringEnabled = false
    theWebGroup = null
    jspAttributes = class java.util.HashMap@6a386458
      serialVersionUID = "/* Could not access serialVersionUID */"
      DEFAULT_INITIAL_CAPACITY = "/* Could not access DEFAULT_INITIAL_CAPACITY */"
      MAXIMUM_CAPACITY = "/* Could not access MAXIMUM_CAPACITY */"
      DEFAULT_LOAD_FACTOR = "/* Could not access DEFAULT_LOAD_FACTOR */"
      TREEIFY_THRESHOLD = "/* Could not access TREEIFY_THRESHOLD */"
      UNTREEIFY_THRESHOLD = "/* Could not access UNTREEIFY_THRESHOLD */"
      MIN_TREEIFY_CAPACITY = "/* Could not access MIN_TREEIFY_CAPACITY */"
      table = "/* Could not access table */"
      entrySet = "/* Could not access entrySet */"
      size = "/* Could not access size */"
      modCount = "/* Could not access modCount */"
      threshold = "/* Could not access threshold */"
      loadFactor = "/* Could not access loadFactor */"
      keySet = "/* Could not access keySet */"
      values = "/* Could not access values */"
    fileServingAttributes = class java.util.HashMap@a42a9b5
      serialVersionUID = "/* Could not access serialVersionUID */"
      DEFAULT_INITIAL_CAPACITY = "/* Could not access DEFAULT_INITIAL_CAPACITY */"
      MAXIMUM_CAPACITY = "/* Could not access MAXIMUM_CAPACITY */"
      DEFAULT_LOAD_FACTOR = "/* Could not access DEFAULT_LOAD_FACTOR */"
      TREEIFY_THRESHOLD = "/* Could not access TREEIFY_THRESHOLD */"
      UNTREEIFY_THRESHOLD = "/* Could not access UNTREEIFY_THRESHOLD */"
      MIN_TREEIFY_CAPACITY = "/* Could not access MIN_TREEIFY_CAPACITY */"
      table = "/* Could not access table */"
      entrySet = "/* Could not access entrySet */"
      size = "/* Could not access size */"
      modCount = "/* Could not access modCount */"
      threshold = "/* Could not access threshold */"
      loadFactor = "/* Could not access loadFactor */"
      keySet = "/* Could not access keySet */"
      values = "/* Could not access values */"
    invokerAttributes = class java.util.HashMap@41548df7
      serialVersionUID = "/* Could not access serialVersionUID */"
      DEFAULT_INITIAL_CAPACITY = "/* Could not access DEFAULT_INITIAL_CAPACITY */"
      MAXIMUM_CAPACITY = "/* Could not access MAXIMUM_CAPACITY */"
      DEFAULT_LOAD_FACTOR = "/* Could not access DEFAULT_LOAD_FACTOR */"
      TREEIFY_THRESHOLD = "/* Could not access TREEIFY_THRESHOLD */"
      UNTREEIFY_THRESHOLD = "/* Could not access UNTREEIFY_THRESHOLD */"
      MIN_TREEIFY_CAPACITY = "/* Could not access MIN_TREEIFY_CAPACITY */"
      table = "/* Could not access table */"
      entrySet = "/* Could not access entrySet */"
      size = "/* Could not access size */"
      modCount = "/* Could not access modCount */"
      threshold = "/* Could not access threshold */"
      loadFactor = "/* Could not access loadFactor */"
      keySet = "/* Could not access keySet */"
      values = "/* Could not access values */"
    contextParams = class java.util.HashMap@6d1fb37f
      serialVersionUID = "/* Could not access serialVersionUID */"
      DEFAULT_INITIAL_CAPACITY = "/* Could not access DEFAULT_INITIAL_CAPACITY */"
      MAXIMUM_CAPACITY = "/* Could not access MAXIMUM_CAPACITY */"
      DEFAULT_LOAD_FACTOR = "/* Could not access DEFAULT_LOAD_FACTOR */"
      TREEIFY_THRESHOLD = "/* Could not access TREEIFY_THRESHOLD */"
      UNTREEIFY_THRESHOLD = "/* Could not access UNTREEIFY_THRESHOLD */"
      MIN_TREEIFY_CAPACITY = "/* Could not access MIN_TREEIFY_CAPACITY */"
      table = "/* Could not access table */"
      entrySet = "/* Could not access entrySet */"
      size = "/* Could not access size */"
      modCount = "/* Could not access modCount */"
      threshold = "/* Could not access threshold */"
      loadFactor = "/* Could not access loadFactor */"
      keySet = "/* Could not access keySet */"
      values = "/* Could not access values */"
    virtualHost = "default_host"
    exceptionErrorPages = class java.util.HashMap@44ac0020
      serialVersionUID = "/* Could not access serialVersionUID */"
      DEFAULT_INITIAL_CAPACITY = "/* Could not access DEFAULT_INITIAL_CAPACITY */"
      MAXIMUM_CAPACITY = "/* Could not access MAXIMUM_CAPACITY */"
      DEFAULT_LOAD_FACTOR = "/* Could not access DEFAULT_LOAD_FACTOR */"
      TREEIFY_THRESHOLD = "/* Could not access TREEIFY_THRESHOLD */"
      UNTREEIFY_THRESHOLD = "/* Could not access UNTREEIFY_THRESHOLD */"
      MIN_TREEIFY_CAPACITY = "/* Could not access MIN_TREEIFY_CAPACITY */"
      table = "/* Could not access table */"
      entrySet = "/* Could not access entrySet */"
      size = "/* Could not access size */"
      modCount = "/* Could not access modCount */"
      threshold = "/* Could not access threshold */"
      loadFactor = "/* Could not access loadFactor */"
      keySet = "/* Could not access keySet */"
      values = "/* Could not access values */"
    codeErrorPages = class java.util.HashMap@5bbc1601
      serialVersionUID = "/* Could not access serialVersionUID */"
      DEFAULT_INITIAL_CAPACITY = "/* Could not access DEFAULT_INITIAL_CAPACITY */"
      MAXIMUM_CAPACITY = "/* Could not access MAXIMUM_CAPACITY */"
      DEFAULT_LOAD_FACTOR = "/* Could not access DEFAULT_LOAD_FACTOR */"
      TREEIFY_THRESHOLD = "/* Could not access TREEIFY_THRESHOLD */"
      UNTREEIFY_THRESHOLD = "/* Could not access UNTREEIFY_THRESHOLD */"
      MIN_TREEIFY_CAPACITY = "/* Could not access MIN_TREEIFY_CAPACITY */"
      table = "/* Could not access table */"
      entrySet = "/* Could not access entrySet */"
      size = "/* Could not access size */"
      modCount = "/* Could not access modCount */"
      threshold = "/* Could not access threshold */"
      loadFactor = "/* Could not access loadFactor */"
      keySet = "/* Could not access keySet */"
      values = "/* Could not access values */"
    tagLibList = null
    precompileJsps = false
    webApp = class com.ibm.ws.webcontainer40.osgi.webapp.WebApp40@6b40073e
    virtualHostList = class java.util.Collections$EmptyList@3e6203b4
      serialVersionUID = "/* Could not access serialVersionUID */"
      modCount = "/* Could not access modCount */"
    appStartupWeight = 0
    moduleStartupWeight = 0
    metaDataComplete = false
    classesToScan = class java.util.ArrayList@2e76cb4c
      serialVersionUID = "/* Could not access serialVersionUID */"
      DEFAULT_CAPACITY = "/* Could not access DEFAULT_CAPACITY */"
      EMPTY_ELEMENTDATA = "/* Could not access EMPTY_ELEMENTDATA */"
      DEFAULTCAPACITY_EMPTY_ELEMENTDATA = "/* Could not access DEFAULTCAPACITY_EMPTY_ELEMENTDATA */"
      elementData = "/* Could not access elementData */"
      size = "/* Could not access size */"
      modCount = "/* Could not access modCount */"
    uriFilterMappingInfos = class java.util.ArrayList@a7f73a2
      serialVersionUID = "/* Could not access serialVersionUID */"
      DEFAULT_CAPACITY = "/* Could not access DEFAULT_CAPACITY */"
      EMPTY_ELEMENTDATA = "/* Could not access EMPTY_ELEMENTDATA */"
      DEFAULTCAPACITY_EMPTY_ELEMENTDATA = "/* Could not access DEFAULTCAPACITY_EMPTY_ELEMENTDATA */"
      elementData = "/* Could not access elementData */"
      size = "/* Could not access size */"
      modCount = "/* Could not access modCount */"
    servletFilterMappingInfos = null
    dynamicServletRegistrationMap = null
    applicationName = "CharacterSheets"
    libBinPathList = null
    webXmlDefinedListeners = class java.util.HashSet@314860f2
      serialVersionUID = "/* Could not access serialVersionUID */"
      map = "/* Could not access map */"
      PRESENT = "/* Could not access PRESENT */"
    allRefs = class java.util.EnumMap@1f19bacc
      keyType = "/* Could not access keyType */"
      keyUniverse = "/* Could not access keyUniverse */"
      vals = "/* Could not access vals */"
      size = "/* Could not access size */"
      NULL = "/* Could not access NULL */"
      entrySet = "/* Could not access entrySet */"
      serialVersionUID = "/* Could not access serialVersionUID */"
      keySet = "/* Could not access keySet */"
      values = "/* Could not access values */"
    allRefBindings = class java.util.EnumMap@72d3ec8
      keyType = "/* Could not access keyType */"
      keyUniverse = "/* Could not access keyUniverse */"
      vals = "/* Could not access vals */"
      size = "/* Could not access size */"
      NULL = "/* Could not access NULL */"
      entrySet = "/* Could not access entrySet */"
      serialVersionUID = "/* Could not access serialVersionUID */"
      keySet = "/* Could not access keySet */"
      values = "/* Could not access values */"
    envEntryValues = class java.util.HashMap@763ebfec
      serialVersionUID = "/* Could not access serialVersionUID */"
      DEFAULT_INITIAL_CAPACITY = "/* Could not access DEFAULT_INITIAL_CAPACITY */"
      MAXIMUM_CAPACITY = "/* Could not access MAXIMUM_CAPACITY */"
      DEFAULT_LOAD_FACTOR = "/* Could not access DEFAULT_LOAD_FACTOR */"
      TREEIFY_THRESHOLD = "/* Could not access TREEIFY_THRESHOLD */"
      UNTREEIFY_THRESHOLD = "/* Could not access UNTREEIFY_THRESHOLD */"
      MIN_TREEIFY_CAPACITY = "/* Could not access MIN_TREEIFY_CAPACITY */"
      table = "/* Could not access table */"
      entrySet = "/* Could not access entrySet */"
      size = "/* Could not access size */"
      modCount = "/* Could not access modCount */"
      threshold = "/* Could not access threshold */"
      loadFactor = "/* Could not access loadFactor */"
      keySet = "/* Could not access keySet */"
      values = "/* Could not access values */"
    resourceRefConfigList = null
    disallowAllFileServingProp = "false"
    disallowServeServletsByClassnameProp = "true"
    disableStaticMappingCache = false
    jspCachedLocations = null
    primedSTSHeader = "NoValue"
    enablemultireadofpostdata = false
    requestEncoding = null
    responseEncoding = null
    NULLSERVLETNAME = "com.ibm.ws.webcontainer.NullServletName"
    _id = "WebAppGeneratedId1"
    _attributes = null
    serialVersionUID = 7511545662945734886
    $$$tc$$$ = class com.ibm.websphere.ras.TraceComponent@2e7b26dc
      strings[0] = "TraceComponent[com.ibm.ws.container.BaseConfiguration,class com.ibm.ws.container.BaseConfiguration,[],null,null]"
  webApp = class com.ibm.ws.webcontainer40.osgi.webapp.WebApp40@6b40073e
    tc = class com.ibm.websphere.ras.TraceComponent@63e04867
      strings[0] = "TraceComponent[com.ibm.ws.webcontainer40.osgi.webapp.WebApp40,class com.ibm.ws.webcontainer40.osgi.webapp.WebApp40,[webcontainer],com.ibm.ws.webcontainer31.resources.Messages,null]"
    servlet40NLS = class com.ibm.ejs.ras.TraceNLS@8253b
      resolver = class com.ibm.ws.logging.internal.TraceNLSResolver@176895ce
      finder = null
      ivBundleName = "com.ibm.ws.webcontainer40.resources.Messages"
      caller = class java.lang.Class@6333abf6
    CLASS_NAME = "com.ibm.ws.webcontainer40.osgi.webapp.WebApp40"
    defaultSessionTimeout = 30
    tc = class com.ibm.websphere.ras.TraceComponent@636c289f
      strings[0] = "TraceComponent[com.ibm.ws.webcontainer31.osgi.webapp.WebApp31,class com.ibm.ws.webcontainer31.osgi.webapp.WebApp31,[webcontainer],com.ibm.ws.webcontainer31.resources.Messages,null]"
    CLASS_NAME = "com.ibm.ws.webcontainer31.osgi.webapp.WebApp31"
    servlet31NLS = class com.ibm.ejs.ras.TraceNLS@6a105120
      resolver = class com.ibm.ws.logging.internal.TraceNLSResolver@176895ce
      finder = null
      ivBundleName = "com.ibm.ws.webcontainer31.resources.Messages"
      caller = class java.lang.Class@55d702d8
    validListenerClasses = class java.lang.Class[7]
      Class[0] = class java.lang.Class@72406b73
      Class[1] = class java.lang.Class@57cbdeca
      Class[2] = class java.lang.Class@210e1d29
      Class[3] = class java.lang.Class@533d31fe
      Class[4] = class java.lang.Class@2257d319
      Class[5] = class java.lang.Class@f23de80
      Class[6] = class java.lang.Class@2be36417
    wsocServHandler = null
    tc = class com.ibm.websphere.ras.TraceComponent@564bea37
      strings[0] = "TraceComponent[com.ibm.ws.webcontainer.osgi.webapp.WebApp,class com.ibm.ws.webcontainer.osgi.webapp.WebApp,[webcontainer],com.ibm.ws.webcontainer.resources.LShimMessages,null]"
    CLASS_NAME = "com.ibm.ws.webcontainer.osgi.webapp.WebApp"
    metaDataService = class com.ibm.ws.container.service.metadata.internal.MetaDataServiceImpl@2348fdcb
      applicationMetaDataManager = class com.ibm.ws.container.service.metadata.internal.ApplicationMetaDataManager@1e89e8c8
      moduleMetaDataManager = class com.ibm.ws.container.service.metadata.internal.ModuleMetaDataManager@42b4c2d2
      componentMetaDataManager = class com.ibm.ws.container.service.metadata.internal.ComponentMetaDataManager@6d89d04b
      methodMetaDataManager = class com.ibm.ws.container.service.metadata.internal.MethodMetaDataManager@438e8c2a
      appModuleNameToModuleContainer = class java.util.concurrent.ConcurrentHashMap@1210f33b
      jeeNameToComponentMetaData = class java.util.concurrent.ConcurrentHashMap@765611f9
      deferredMetaDataFactories = class com.ibm.wsspi.kernel.service.utils.ConcurrentServiceReferenceSet@55fe9cf0
      deferredMetaDataInitializers = class com.ibm.wsspi.kernel.service.utils.ConcurrentServiceReferenceMap@62a6b5b9
      serialVersionUID = -2494605732980966097
      $$$tc$$$ = class com.ibm.websphere.ras.TraceComponent@16d99b7
    namespacePopulated = false
    referenceContext = class com.ibm.ws.injectionengine.osgi.internal.OSGiReferenceContextImpl@4b9967e0
      scopeData = class com.ibm.ws.injectionengine.osgi.internal.OSGiInjectionScopeData@273b4ce3
      serialVersionUID = 521511923892134915
      $$$tc$$$ = class com.ibm.websphere.ras.TraceComponent@3b920c39
      CLASS_NAME = "com.ibm.ws.injectionengine.ReferenceContextImpl"
      tc = class com.ibm.websphere.ras.TraceComponent@bb6f5fe
      ivInjectionEngine = class com.ibm.ws.injectionengine.osgi.internal.OSGiInjectionEngineImpl@3a16e79d
      ivProviders = class java.util.ArrayList@175943d3
      ivComponentJavaContext = null
      ivComponentNameSpace = null
      ivJavaColonCompEnvMap = class java.util.LinkedHashMap@4153bf5f
      ivEjbContext10 = class java.util.Properties@2658e8bd
      ivResourceRefConfigList = null
      isAlreadyProcessed = true
      ivProcessFailure = null
      ivInjectionTargetMap = class java.util.concurrent.ConcurrentHashMap@2b7fd9e4
      svInjTarMapCacheSize = 256
      ivDeclaredInjectionTargets = class java.util.HashMap@76e55083
      ivProcessedInjectionClasses = class java.util.HashSet@2a10b047
      svInjClassMapCacheSize = 512
      ivProcessedInjectionBindings = class java.util.ArrayList@4b6ca8b8
      ivAnyProcessDynamic = false
      ivCheckAppConfig = false
    j2eeNameFactory = class com.ibm.ws.container.service.metadata.internal.J2EENameFactoryImpl@5907b66b
      serialVersionUID = 3486344295038028821
      $$$tc$$$ = class com.ibm.websphere.ras.TraceComponent@6621bed5
    moduleLoader = class com.ibm.ws.classloading.internal.AppClassLoader@3545401a
      tc = class com.ibm.websphere.ras.TraceComponent@6c6dbacf
      disableSharedClassesCache = false
      PARENT_FIRST_SEARCH_ORDER = class java.util.Collections$UnmodifiableRandomAccessList@16ff5f1c
      packagesDefined = class java.util.Collections$SetFromMap@3ebe2894
      CLASS_LOADING_TRACE_PREFIX = "com.ibm.ws.class.load."
      DEFAULT_PACKAGE = "default.package"
      perPackageClassLoadingTraceComponents = class java.util.concurrent.ConcurrentHashMap@6be310da
      config = class com.ibm.ws.classloading.internal.ClassLoaderConfigurationImpl@5df1b9fd
      privateLibraries = null
      delegateLoaders = class com.ibm.ws.classloading.internal.util.CompositeIterable@311a1ae0
      nativeLibraryFiles = class java.util.ArrayList@7eaf6edf
      transformers = class java.util.ArrayList@db9c410
      apiAccess = class com.ibm.ws.classloading.internal.GatewayClassLoader@356e833b
      generator = class com.ibm.ws.classloading.internal.ClassGeneratorManager@5dd7aa0b
      protectionDomains = class java.util.concurrent.ConcurrentHashMap@3cfb764b
      parent = class com.ibm.ws.classloading.internal.GatewayClassLoader@356e833b
      hook = null
      serialVersionUID = 8734164900246230615
      tc = class com.ibm.websphere.ras.TraceComponent@7a4539cd
      smartClassPath = class com.ibm.ws.classloading.internal.ContainerClassLoader$SmartClassPathImpl@39272e9d
      nativeLibraryContainers = class java.util.ArrayList@7a7de4ed
      redefiner = class com.ibm.ws.classloading.internal.util.ClassRedefiner@1a1a9e5b
      jarProtocol = "wsjar:"
      mapCreationQueue = class java.util.concurrent.Executors$FinalizableDelegatedExecutorService@7d34ea7d
      serialVersionUID = 6399598832433768509
      serialVersionUID = 1837293532091806117
      $$$tc$$$ = class com.ibm.websphere.ras.TraceComponent@50f9482b
      serialVersionUID = -4586727107834513475
      $$$tc$$$ = class com.ibm.websphere.ras.TraceComponent@6d80737f
      serialVersionUID = -7709588811276454856
      $$$tc$$$ = class com.ibm.websphere.ras.TraceComponent@909102
      pdcache = "/* Could not access pdcache */"
    webAppConfig = class com.ibm.ws.webcontainer.osgi.webapp.WebAppConfiguration@6814cc36
    extensionProcessingDisabled = false
    managedObjectService = class com.ibm.ws.managedobject.internal.ManagedObjectServiceImpl@76dd684f
      serialVersionUID = -5207896281925798415
      $$$tc$$$ = class com.ibm.websphere.ras.TraceComponent@578edf18
    internalServletMetaData = interface com.ibm.wsspi.webcontainer.metadata.WebComponentMetaData[2]
      WebComponentMetaData[0] = null
      WebComponentMetaData[1] = null
    loginProcessor = null
    logoutProcessor = null
    collabHelper = class com.ibm.ws.webcontainer.osgi.collaborator.CollaboratorHelperImpl@5511d38b
    envObject = class com.ibm.ws.util.WSThreadLocal@448d1104
      tc = class com.ibm.ejs.ras.TraceComponent@71a3cbe3
      count = 7
      index = 2
      SUSPECTED_MISUSAGE_THRESHOLD = 200
      threadLocalHashCode = "/* Could not access threadLocalHashCode */"
      nextHashCode = "/* Could not access nextHashCode */"
      HASH_INCREMENT = "/* Could not access HASH_INCREMENT */"
    orderedLibPaths = class java.util.Collections$UnmodifiableRandomAccessList@205b397f
    perm = class com.ibm.websphere.security.WebSphereRuntimePermission@66d30da8
      serialVersionUID = -3306242789188168337
      $$$tc$$$ = class com.ibm.websphere.ras.TraceComponent@e7fc883
      serialVersionUID = "/* Could not access serialVersionUID */"
      wildcard = "/* Could not access wildcard */"
      path = "/* Could not access path */"
      exitVM = "/* Could not access exitVM */"
      serialVersionUID = "/* Could not access serialVersionUID */"
      name = "/* Could not access name */"
    WELCOME_FILE_LIST = "com.ibm.ws.webcontainer.config.WelcomeFileList"
    DIR_BROWSING_MAPPING = "__dirBrowsing__1614530832932"
    FILTER_PROXY_MAPPING = "/__filterProxy__1614530832932"
    logger = class com.ibm.ws.logging.internal.WsLogger@5c6b05e7
    CLASS_NAME = "com.ibm.ws.webcontainer.webapp.WebApp"
    loader = class com.ibm.ws.classloading.internal.ThreadContextClassLoader@19320d6c
      tc = class com.ibm.websphere.ras.TraceComponent@41bfda31
      bundle = class java.util.concurrent.atomic.AtomicReference@2016ed2
      key = "WebModule:CharacterSheets#CharacterSheets.war"
      refCount = class java.util.concurrent.atomic.AtomicInteger@3c2c748f
      appLoader = class com.ibm.ws.classloading.internal.AppClassLoader@3545401a
      clSvc = class com.ibm.ws.classloading.internal.ClassLoadingServiceImpl@5e0900d3
      serialVersionUID = 846416563800781557
      tc = class com.ibm.websphere.ras.TraceComponent@69ac3758
      followOnClassLoaders = class java.util.ArrayList@56cfc4cb
      serialVersionUID = 8829649920524275888
      serialVersionUID = -4586727107834513475
      $$$tc$$$ = class com.ibm.websphere.ras.TraceComponent@6d80737f
      serialVersionUID = -7709588811276454856
      $$$tc$$$ = class com.ibm.websphere.ras.TraceComponent@909102
      pdcache = "/* Could not access pdcache */"
    facade = class com.ibm.ws.webcontainer40.facade.ServletContextFacade40@4d08889e
      context = class com.ibm.ws.webcontainer40.osgi.webapp.WebApp40@6b40073e
    features = class java.util.ArrayList@43ec9a2b
      serialVersionUID = "/* Could not access serialVersionUID */"
      DEFAULT_CAPACITY = "/* Could not access DEFAULT_CAPACITY */"
      EMPTY_ELEMENTDATA = "/* Could not access EMPTY_ELEMENTDATA */"
      DEFAULTCAPACITY_EMPTY_ELEMENTDATA = "/* Could not access DEFAULTCAPACITY_EMPTY_ELEMENTDATA */"
      elementData = "/* Could not access elementData */"
      size = "/* Could not access size */"
      modCount = "/* Could not access modCount */"
    applicationName = "CharacterSheets"
    config = class com.ibm.ws.webcontainer.osgi.webapp.WebAppConfiguration@6814cc36
    securityEnabledForApp = false
    webExtensionProcessor = class com.ibm.ws.webcontainer.osgi.extension.WebExtensionProcessor@6f45a663
      webApp = class com.ibm.ws.webcontainer40.osgi.webapp.WebApp40@6b40073e
      extensionContext = class com.ibm.ws.webcontainer40.osgi.webapp.WebApp40@6b40073e
    production = true
    isServlet23 = true
    contextPath = "/"
    internalServletList = class [Ljava.lang.String;[2]
      String[][0] = class java.lang.String[2]
      String[][1] = class java.lang.String[2]
    BY_NAME_ONLY = "/_1614530832932_/"
    filterManager = class com.ibm.ws.webcontainer.osgi.filter.WebAppFilterManagerImpl@46438b9d
    documentRoot = null
    SERVLET_API_VERSION = "Servlet 2.5"
    disableServletAuditLogging = -1
    serverInfo = "IBM WebSphere Liberty/21.0.0.1"
    sessionCtx = class com.ibm.ws.webcontainer31.session.impl.HttpSessionContext31Impl@3fda9259
      methodClassName = "HttpSessionContextImpl"
      _smc = class com.ibm.ws.session.SessionManagerConfig@1bec1a9
      sessionStoreService = null
      _sap = class com.ibm.ws.session.SessionApplicationParameters@101d06f2
      _coreHttpSessionManager = class com.ibm.ws.session.SessionManager@47416235
      _coreHttpAppSessionManager = null
      _sam = class com.ibm.ws.webcontainer.session.impl.SessionAffinityManagerImpl@60036cd3
      isSIPApplication = false
      sessionAttributeListener = false
      sessionListener = false
      mHttpSessionAttributeListeners = class java.util.ArrayList@7916292c
      mHttpSessionListeners = class java.util.ArrayList@1448a6a
      mHttpSessionIdListeners = class java.util.ArrayList@4dd800bd
      mHttpSessionAttributeListenersJ2eeNames = class java.util.ArrayList@36c69821
      mHttpSessionListenersJ2eeNames = class java.util.ArrayList@7ed1889c
      mHttpSessionIdListenersJ2eeNames = class java.util.ArrayList@5b634af6
      mLocalHost = null
      _refCount = 1
      currentThreadSacHashtable = null
      methodClassName = "SessionContext"
      ANONYMOUS_USER = "anonymous"
      wasHttpSessionObserver = class com.ibm.ws.session.WasHttpSessionObserver@563364cf
      wasHttpSessionAttributeObserver = null
      _invalidator = class com.ibm.ws.session.SessionInvalidatorWithThreadPool@5436f9b8
      _storer = class com.ibm.ws.session.EOSSessionStorer@26510eca
      wasHttpAppSessionObserver = null
      mHttpAppSessionListeners = null
      cmvcInfo = "CMVC Version 1.9 6/24/07 11:12:24"
      _loggedVersion = true
      CREATE_CORE_SESSION_MANAGER = 0
      GET_REQUESTED_SESSION_ID = 1
      GET_IHTTP_SESSION = 2
      SESSION_PRE_INVOKE = 3
      SESSION_POST_INVOKE = 4
      STOP = 5
      STOP_LISTENERS = 6
      IS_VALID = 7
      ENCODE_URL = 8
      SHOULD_ENCODE_URL = 9
      IS_PROTOCOL_SWITCH = 10
      GET_LOCAL_HOST = 11
      ADD_HTTP_SESSION_ATTRIBUTE_LISTENER = 12
      ADD_HTTP_SESSION_LISTENER = 13
      GET_SESSION_AFFINITY_CONTEXT = 14
      CHECK_SECURITY = 15
      INVALIDATE = 16
      CHECK_SESSSIONID_IS_RIGHT_LENGTH = 17
      LOCK_SESSION = 18
      UNLOCK_SESSION = 19
      ADD_HTTP_SESSION_ID_LISTENER = 20
      methodNames = class java.lang.String[21]
    eventSource = class com.ibm.ws.webcontainer.webapp.WebAppEventSource@52e12add
    nls = class com.ibm.ejs.ras.TraceNLS@7d6e4d7f
      resolver = class com.ibm.ws.logging.internal.TraceNLSResolver@176895ce
      finder = null
      ivBundleName = "com.ibm.ws.webcontainer.resources.Messages"
      caller = class java.lang.Class@275d77da
    liberty_nls = class com.ibm.ejs.ras.TraceNLS@46133c84
      resolver = class com.ibm.ws.logging.internal.TraceNLSResolver@176895ce
      finder = null
      ivBundleName = "com.ibm.ws.webcontainer.resources.LShimMessages"
      caller = class java.lang.Class@275d77da
    error_nls = class com.ibm.ejs.ras.TraceNLS@5dbd3fd0
      resolver = class com.ibm.ws.logging.internal.TraceNLSResolver@176895ce
      finder = null
      ivBundleName = "com.ibm.ws.webcontainer.resources.ErrorPage"
      caller = class java.lang.Class@275d77da
    sessionListeners = class java.util.ArrayList@369e3664
      serialVersionUID = "/* Could not access serialVersionUID */"
      DEFAULT_CAPACITY = "/* Could not access DEFAULT_CAPACITY */"
      EMPTY_ELEMENTDATA = "/* Could not access EMPTY_ELEMENTDATA */"
      DEFAULTCAPACITY_EMPTY_ELEMENTDATA = "/* Could not access DEFAULTCAPACITY_EMPTY_ELEMENTDATA */"
      elementData = "/* Could not access elementData */"
      size = "/* Could not access size */"
      modCount = "/* Could not access modCount */"
    sessionIdListeners = class java.util.ArrayList@3994907d
      serialVersionUID = "/* Could not access serialVersionUID */"
      DEFAULT_CAPACITY = "/* Could not access DEFAULT_CAPACITY */"
      EMPTY_ELEMENTDATA = "/* Could not access EMPTY_ELEMENTDATA */"
      DEFAULTCAPACITY_EMPTY_ELEMENTDATA = "/* Could not access DEFAULTCAPACITY_EMPTY_ELEMENTDATA */"
      elementData = "/* Could not access elementData */"
      size = "/* Could not access size */"
      modCount = "/* Could not access modCount */"
    sessionAttrListeners = class java.util.ArrayList@66bc6cd7
      serialVersionUID = "/* Could not access serialVersionUID */"
      DEFAULT_CAPACITY = "/* Could not access DEFAULT_CAPACITY */"
      EMPTY_ELEMENTDATA = "/* Could not access EMPTY_ELEMENTDATA */"
      DEFAULTCAPACITY_EMPTY_ELEMENTDATA = "/* Could not access DEFAULTCAPACITY_EMPTY_ELEMENTDATA */"
      elementData = "/* Could not access elementData */"
      size = "/* Could not access size */"
      modCount = "/* Could not access modCount */"
    addedSessionListeners = class java.util.ArrayList@52cb9c6f
      serialVersionUID = "/* Could not access serialVersionUID */"
      DEFAULT_CAPACITY = "/* Could not access DEFAULT_CAPACITY */"
      EMPTY_ELEMENTDATA = "/* Could not access EMPTY_ELEMENTDATA */"
      DEFAULTCAPACITY_EMPTY_ELEMENTDATA = "/* Could not access DEFAULTCAPACITY_EMPTY_ELEMENTDATA */"
      elementData = "/* Could not access elementData */"
      size = "/* Could not access size */"
      modCount = "/* Could not access modCount */"
    addedSessionAttrListeners = class java.util.ArrayList@15a1ad44
      serialVersionUID = "/* Could not access serialVersionUID */"
      DEFAULT_CAPACITY = "/* Could not access DEFAULT_CAPACITY */"
      EMPTY_ELEMENTDATA = "/* Could not access EMPTY_ELEMENTDATA */"
      DEFAULTCAPACITY_EMPTY_ELEMENTDATA = "/* Could not access DEFAULTCAPACITY_EMPTY_ELEMENTDATA */"
      elementData = "/* Could not access elementData */"
      size = "/* Could not access size */"
      modCount = "/* Could not access modCount */"
    servletContextListeners = class java.util.ArrayList@8abc0f5
      serialVersionUID = "/* Could not access serialVersionUID */"
      DEFAULT_CAPACITY = "/* Could not access DEFAULT_CAPACITY */"
      EMPTY_ELEMENTDATA = "/* Could not access EMPTY_ELEMENTDATA */"
      DEFAULTCAPACITY_EMPTY_ELEMENTDATA = "/* Could not access DEFAULTCAPACITY_EMPTY_ELEMENTDATA */"
      elementData = "/* Could not access elementData */"
      size = "/* Could not access size */"
      modCount = "/* Could not access modCount */"
    servletContextLAttrListeners = class java.util.ArrayList@df4cfe3
      serialVersionUID = "/* Could not access serialVersionUID */"
      DEFAULT_CAPACITY = "/* Could not access DEFAULT_CAPACITY */"
      EMPTY_ELEMENTDATA = "/* Could not access EMPTY_ELEMENTDATA */"
      DEFAULTCAPACITY_EMPTY_ELEMENTDATA = "/* Could not access DEFAULTCAPACITY_EMPTY_ELEMENTDATA */"
      elementData = "/* Could not access elementData */"
      size = "/* Could not access size */"
      modCount = "/* Could not access modCount */"
    servletRequestListeners = class java.util.ArrayList@3d212d6
      serialVersionUID = "/* Could not access serialVersionUID */"
      DEFAULT_CAPACITY = "/* Could not access DEFAULT_CAPACITY */"
      EMPTY_ELEMENTDATA = "/* Could not access EMPTY_ELEMENTDATA */"
      DEFAULTCAPACITY_EMPTY_ELEMENTDATA = "/* Could not access DEFAULTCAPACITY_EMPTY_ELEMENTDATA */"
      elementData = "/* Could not access elementData */"
      size = "/* Could not access size */"
      modCount = "/* Could not access modCount */"
    servletRequestLAttrListeners = class java.util.ArrayList@1b014465
      serialVersionUID = "/* Could not access serialVersionUID */"
      DEFAULT_CAPACITY = "/* Could not access DEFAULT_CAPACITY */"
      EMPTY_ELEMENTDATA = "/* Could not access EMPTY_ELEMENTDATA */"
      DEFAULTCAPACITY_EMPTY_ELEMENTDATA = "/* Could not access DEFAULTCAPACITY_EMPTY_ELEMENTDATA */"
      elementData = "/* Could not access elementData */"
      size = "/* Could not access size */"
      modCount = "/* Could not access modCount */"
    prependSlashToResource = false
    destroyed = false
    webAppNameSpaceCollab = class com.ibm.ws.webcontainer.osgi.collaborator.WebAppNameSpaceCollaboratorImpl@4cf922b8
    txCollab = class com.ibm.ws.webcontainer.collaborator.WebAppTransactionCollaborator@79623ee9
    sessionActivationListeners = class java.util.ArrayList@4dfb9398
      serialVersionUID = "/* Could not access serialVersionUID */"
      DEFAULT_CAPACITY = "/* Could not access DEFAULT_CAPACITY */"
      EMPTY_ELEMENTDATA = "/* Could not access EMPTY_ELEMENTDATA */"
      DEFAULTCAPACITY_EMPTY_ELEMENTDATA = "/* Could not access DEFAULTCAPACITY_EMPTY_ELEMENTDATA */"
      elementData = "/* Could not access elementData */"
      size = "/* Could not access size */"
      modCount = "/* Could not access modCount */"
    sessionBindingListeners = class java.util.ArrayList@665bd613
      serialVersionUID = "/* Could not access serialVersionUID */"
      DEFAULT_CAPACITY = "/* Could not access DEFAULT_CAPACITY */"
      EMPTY_ELEMENTDATA = "/* Could not access EMPTY_ELEMENTDATA */"
      DEFAULTCAPACITY_EMPTY_ELEMENTDATA = "/* Could not access DEFAULTCAPACITY_EMPTY_ELEMENTDATA */"
      elementData = "/* Could not access elementData */"
      size = "/* Could not access size */"
      modCount = "/* Could not access modCount */"
    scratchdir = null
    jspClassLoaderLimit = 0
    jspClassLoaderExclusionList = null
    jspClassLoadersMap = null
    jspClassLoaderLimitTrackIF = false
    defaultExtProc = null
    directoryBrowsingServlet = null
    cdiContexts = class java.util.concurrent.ConcurrentHashMap@750c2cac
      serialVersionUID = "/* Could not access serialVersionUID */"
      MAXIMUM_CAPACITY = "/* Could not access MAXIMUM_CAPACITY */"
      DEFAULT_CAPACITY = "/* Could not access DEFAULT_CAPACITY */"
      MAX_ARRAY_SIZE = "/* Could not access MAX_ARRAY_SIZE */"
      DEFAULT_CONCURRENCY_LEVEL = "/* Could not access DEFAULT_CONCURRENCY_LEVEL */"
      LOAD_FACTOR = "/* Could not access LOAD_FACTOR */"
      TREEIFY_THRESHOLD = "/* Could not access TREEIFY_THRESHOLD */"
      UNTREEIFY_THRESHOLD = "/* Could not access UNTREEIFY_THRESHOLD */"
      MIN_TREEIFY_CAPACITY = "/* Could not access MIN_TREEIFY_CAPACITY */"
      MIN_TRANSFER_STRIDE = "/* Could not access MIN_TRANSFER_STRIDE */"
      RESIZE_STAMP_BITS = "/* Could not access RESIZE_STAMP_BITS */"
      MAX_RESIZERS = "/* Could not access MAX_RESIZERS */"
      RESIZE_STAMP_SHIFT = "/* Could not access RESIZE_STAMP_SHIFT */"
      MOVED = "/* Could not access MOVED */"
      TREEBIN = "/* Could not access TREEBIN */"
      RESERVED = "/* Could not access RESERVED */"
      HASH_BITS = "/* Could not access HASH_BITS */"
      NCPU = "/* Could not access NCPU */"
      serialPersistentFields = "/* Could not access serialPersistentFields */"
      table = "/* Could not access table */"
      nextTable = "/* Could not access nextTable */"
      baseCount = "/* Could not access baseCount */"
      sizeCtl = "/* Could not access sizeCtl */"
      transferIndex = "/* Could not access transferIndex */"
      cellsBusy = "/* Could not access cellsBusy */"
      counterCells = "/* Could not access counterCells */"
      keySet = "/* Could not access keySet */"
      values = "/* Could not access values */"
      entrySet = "/* Could not access entrySet */"
      U = "/* Could not access U */"
      SIZECTL = "/* Could not access SIZECTL */"
      TRANSFERINDEX = "/* Could not access TRANSFERINDEX */"
      BASECOUNT = "/* Could not access BASECOUNT */"
      CELLSBUSY = "/* Could not access CELLSBUSY */"
      CELLVALUE = "/* Could not access CELLVALUE */"
      ABASE = "/* Could not access ABASE */"
      ASHIFT = "/* Could not access ASHIFT */"
      keySet = "/* Could not access keySet */"
      values = "/* Could not access values */"
    moduleConfig = class com.ibm.ws.webcontainer.osgi.container.DeployedModule@64bf7c04
      tc = class com.ibm.websphere.ras.TraceComponent@2ca2eda6
      loader = class com.ibm.ws.classloading.internal.ThreadContextClassLoader@19320d6c
      webApp = class com.ibm.ws.webcontainer40.osgi.webapp.WebApp40@6b40073e
      webAppConfig = class com.ibm.ws.webcontainer.osgi.webapp.WebAppConfiguration@6814cc36
      contextRootAdded = class com.ibm.ws.threading.internal.NonCancelableResultFuture@885b564
      properContextRoot = "/"
      mappingContextRoot = "/*"
      initTaskCount = class java.util.concurrent.atomic.AtomicInteger@55646af0
      initTasksDoneListener = class com.ibm.ws.webcontainer.osgi.WebContainer$2@1ecd919f
      serialVersionUID = -2104814060051592457
      $$$tc$$$ = class com.ibm.websphere.ras.TraceComponent@2572cd09
    extensionFactories = class java.util.ArrayList@75c94458
      serialVersionUID = "/* Could not access serialVersionUID */"
      DEFAULT_CAPACITY = "/* Could not access DEFAULT_CAPACITY */"
      EMPTY_ELEMENTDATA = "/* Could not access EMPTY_ELEMENTDATA */"
      DEFAULTCAPACITY_EMPTY_ELEMENTDATA = "/* Could not access DEFAULTCAPACITY_EMPTY_ELEMENTDATA */"
      elementData = "/* Could not access elementData */"
      size = "/* Could not access size */"
      modCount = "/* Could not access modCount */"
    initialized = true
    lock = class com.ibm.ws.webcontainer.webapp.WebApp$1@4d1aefbc
      this$0 = class com.ibm.ws.webcontainer40.osgi.webapp.WebApp40@6b40073e
    afterServletContextCreated = false
    redirectContextRoot = false
    errorExceptionTypeFirst = false
    initFilterBeforeServletInit = false
    SET_400_SC_ON_TOO_MANY_PARENT_DIRS = false
    sortedServletConfigs = class java.util.ArrayList@59e7c3ff
      serialVersionUID = "/* Could not access serialVersionUID */"
      DEFAULT_CAPACITY = "/* Could not access DEFAULT_CAPACITY */"
      EMPTY_ELEMENTDATA = "/* Could not access EMPTY_ELEMENTDATA */"
      DEFAULTCAPACITY_EMPTY_ELEMENTDATA = "/* Could not access DEFAULTCAPACITY_EMPTY_ELEMENTDATA */"
      elementData = "/* Could not access elementData */"
      size = "/* Could not access size */"
      modCount = "/* Could not access modCount */"
    effectiveMajorVersion = 3
    effectiveMinorVersion = 1
    canAddServletContextListener = true
    withinContextInitOfProgAddListener = false
    lastProgAddListenerInitialized = null
    webInfLibClassloader = null
    metaInfCache = class com.ibm.ws.webcontainer.webapp.WebApp$2@4627db9b
      this$0 = class com.ibm.ws.webcontainer40.osgi.webapp.WebApp40@6b40073e
      serialVersionUID = "/* Could not access serialVersionUID */"
      head = "/* Could not access head */"
      tail = "/* Could not access tail */"
      accessOrder = "/* Could not access accessOrder */"
      serialVersionUID = "/* Could not access serialVersionUID */"
      DEFAULT_INITIAL_CAPACITY = "/* Could not access DEFAULT_INITIAL_CAPACITY */"
      MAXIMUM_CAPACITY = "/* Could not access MAXIMUM_CAPACITY */"
      DEFAULT_LOAD_FACTOR = "/* Could not access DEFAULT_LOAD_FACTOR */"
      TREEIFY_THRESHOLD = "/* Could not access TREEIFY_THRESHOLD */"
      UNTREEIFY_THRESHOLD = "/* Could not access UNTREEIFY_THRESHOLD */"
      MIN_TREEIFY_CAPACITY = "/* Could not access MIN_TREEIFY_CAPACITY */"
      table = "/* Could not access table */"
      entrySet = "/* Could not access entrySet */"
      size = "/* Could not access size */"
      modCount = "/* Could not access modCount */"
      threshold = "/* Could not access threshold */"
      loadFactor = "/* Could not access loadFactor */"
      keySet = "/* Could not access keySet */"
      values = "/* Could not access values */"
    useMetaInfCache = true
    SUN_CONFIGURE_LISTENER_CLASSNAME = "com.sun.faces.config.ConfigureListener"
    MYFACES_LIFECYCLE_LISTENER_CLASSNAME = "org.apache.myfaces.webapp.StartupServletContextListener"
    JSF_IMPL_ENABLED_PARAM = "com.ibm.ws.jsf.JSF_IMPL_ENABLED"
    JSF_IMPL_ENABLED_CUSTOM = "Custom"
    JSF_IMPL_ENABLED_NONE = "None"
    staticDocRoot = class com.ibm.ws.webcontainer.util.DocumentRootUtils@79f3bc83
      logger = class com.ibm.ws.logging.internal.WsLogger@ab44149
      CLASS_NAME = "com.ibm.ws.webcontainer.util.DocumentRootUtils"
      useContentLength = false
      matchedFile = null
      matchedZipFile = null
      matchedEntry = null
      matchedURL = null
      edrRoot = null
      pfedrRoot = null
      ctxt = class com.ibm.ws.webcontainer40.osgi.webapp.WebApp40@6b40073e
      baseDir = null
      edr = null
      pfedr = null
      metaInfRes = null
      searchpfEDR = true
      searchEDR = true
      searchMetaInfRes = true
      matchFromEDR = false
      matchFromMetaInfRes = false
      matchIsADirectory = false
      appConfig = class com.ibm.ws.webcontainer.osgi.webapp.WebAppConfiguration@6814cc36
      attributeType = "staticFile"
      STATIC_FILE = "staticFile"
      JSP = "jsp"
      PFEDR = "preFragmentExtendedDocumentRoot"
      EDR = "extendedDocumentRoot"
    jspDocRoot = class com.ibm.ws.webcontainer.util.DocumentRootUtils@630edb0e
      logger = class com.ibm.ws.logging.internal.WsLogger@ab44149
      CLASS_NAME = "com.ibm.ws.webcontainer.util.DocumentRootUtils"
      useContentLength = false
      matchedFile = null
      matchedZipFile = null
      matchedEntry = null
      matchedURL = null
      edrRoot = null
      pfedrRoot = null
      ctxt = class com.ibm.ws.webcontainer40.osgi.webapp.WebApp40@6b40073e
      baseDir = null
      edr = null
      pfedr = null
      metaInfRes = null
      searchpfEDR = true
      searchEDR = true
      searchMetaInfRes = true
      matchFromEDR = false
      matchFromMetaInfRes = false
      matchIsADirectory = false
      appConfig = class com.ibm.ws.webcontainer.osgi.webapp.WebAppConfiguration@6814cc36
      attributeType = "jsp"
      STATIC_FILE = "staticFile"
      JSP = "jsp"
      PFEDR = "preFragmentExtendedDocumentRoot"
      EDR = "extendedDocumentRoot"
    container = class com.ibm.ws.adaptable.module.internal.AdaptableContainerImpl@2542e2ef
      root = class com.ibm.ws.adaptable.module.internal.AdaptableContainerImpl@2542e2ef
      rootOverlay = class com.ibm.ws.artifact.overlay.internal.DirectoryBasedOverlayContainerImpl@6b1d7155
      factoryHolder = class com.ibm.ws.adaptable.module.internal.AdaptableModuleFactoryImpl@2a7cd12b
      delegate = class com.ibm.ws.artifact.overlay.internal.DirectoryBasedOverlayContainerImpl@6b1d7155
      notifier = class com.ibm.ws.adaptable.module.internal.NotifierImpl@496406e5
      serialVersionUID = -5950528200509051684
      $$$tc$$$ = class com.ibm.websphere.ras.TraceComponent@6d05c2b0
    metaInfResourceFinder = class com.ibm.ws.webcontainer.util.MetaInfResourceFinder@41104ab
      jarResourceContainers = class java.util.ArrayList@6f60702d
      container = class com.ibm.ws.adaptable.module.internal.AdaptableContainerImpl@2542e2ef
    postConstructMethods = class com.ibm.ws.webcontainer.webapp.WebApp$AnnotatedMethods@7c92fcb1
      annotationClass = class java.lang.Class@56fa65e3
      noOpClassNames = class java.util.HashSet@2e34dfa5
      annotatedMethodNames = class java.util.concurrent.ConcurrentHashMap@67db3904
      EMPTY_METHODS = class java.lang.reflect.Method[0]
    preDestroyMethods = class com.ibm.ws.webcontainer.webapp.WebApp$AnnotatedMethods@18614004
      annotationClass = class java.lang.Class@4b660f5e
      noOpClassNames = class java.util.HashSet@7de76080
      annotatedMethodNames = class java.util.concurrent.ConcurrentHashMap@6828b95d
      EMPTY_METHODS = class java.lang.reflect.Method[0]
    OBJ_EMPTY = class java.lang.Object[0]
    CLASS_EMPTY = class java.lang.Class[0]
    DEFAULT_JSP_EXTENSIONS = class java.util.ArrayList@d222ead
      serialVersionUID = "/* Could not access serialVersionUID */"
      DEFAULT_CAPACITY = "/* Could not access DEFAULT_CAPACITY */"
      EMPTY_ELEMENTDATA = "/* Could not access EMPTY_ELEMENTDATA */"
      DEFAULTCAPACITY_EMPTY_ELEMENTDATA = "/* Could not access DEFAULTCAPACITY_EMPTY_ELEMENTDATA */"
      elementData = "/* Could not access elementData */"
      size = "/* Could not access size */"
      modCount = "/* Could not access modCount */"
    DEFER_SERVLET_REQUEST_LISTENER_DESTROY_ON_ERROR = false
    DO_ACCEPT_PARTIAL = true
    DO_NOT_ACCEPT_PARTIAL = false
    DO_ACCEPT_EXCLUDED = true
    DO_NOT_ACCEPT_EXCLUDED = false
    commands = class java.util.ArrayList@19a47fe
      serialVersionUID = "/* Could not access serialVersionUID */"
      DEFAULT_CAPACITY = "/* Could not access DEFAULT_CAPACITY */"
      EMPTY_ELEMENTDATA = "/* Could not access EMPTY_ELEMENTDATA */"
      DEFAULTCAPACITY_EMPTY_ELEMENTDATA = "/* Could not access DEFAULTCAPACITY_EMPTY_ELEMENTDATA */"
      elementData = "/* Could not access elementData */"
      size = "/* Could not access size */"
      modCount = "/* Could not access modCount */"
    requestMapper = class com.ibm.wsspi.webcontainer.util.URIMapper@6a065408
      matcher = class com.ibm.wsspi.webcontainer40.util.URIMatcher40@393250cf
    parent = class com.ibm.ws.webcontainer.osgi.webapp.WebGroup@78f5582c
      tc = class com.ibm.websphere.ras.TraceComponent@3d18d335
      logger = class com.ibm.ws.logging.internal.WsLogger@5c6b05e7
      CLASS_NAME = "com.ibm.ws.webcontainer.webapp.WebGroup"
      sessUrlRewritePrefix = ";jsessionid="
      qMark = "?"
      config = class com.ibm.ws.webcontainer.osgi.webapp.WebGroupConfiguration@7a55c317
      webApp = class com.ibm.ws.webcontainer40.osgi.webapp.WebApp40@6b40073e
      commands = class java.util.ArrayList@405daf62
      requestMapper = null
      parent = class com.ibm.ws.webcontainer.osgi.DynamicVirtualHost@20965c8e
      name = "/*"
      isAlive = true
      subElements = class java.util.HashMap@5c0e736b
      attributes = null
      config = null
      serialVersionUID = -8271459000149267764
      $$$tc$$$ = class com.ibm.websphere.ras.TraceComponent@5b4dbb7b
    name = "CharacterSheets"
    isAlive = true
    subElements = null
    attributes = class java.util.concurrent.ConcurrentHashMap@64be56d9
      serialVersionUID = "/* Could not access serialVersionUID */"
      MAXIMUM_CAPACITY = "/* Could not access MAXIMUM_CAPACITY */"
      DEFAULT_CAPACITY = "/* Could not access DEFAULT_CAPACITY */"
      MAX_ARRAY_SIZE = "/* Could not access MAX_ARRAY_SIZE */"
      DEFAULT_CONCURRENCY_LEVEL = "/* Could not access DEFAULT_CONCURRENCY_LEVEL */"
      LOAD_FACTOR = "/* Could not access LOAD_FACTOR */"
      TREEIFY_THRESHOLD = "/* Could not access TREEIFY_THRESHOLD */"
      UNTREEIFY_THRESHOLD = "/* Could not access UNTREEIFY_THRESHOLD */"
      MIN_TREEIFY_CAPACITY = "/* Could not access MIN_TREEIFY_CAPACITY */"
      MIN_TRANSFER_STRIDE = "/* Could not access MIN_TRANSFER_STRIDE */"
      RESIZE_STAMP_BITS = "/* Could not access RESIZE_STAMP_BITS */"
      MAX_RESIZERS = "/* Could not access MAX_RESIZERS */"
      RESIZE_STAMP_SHIFT = "/* Could not access RESIZE_STAMP_SHIFT */"
      MOVED = "/* Could not access MOVED */"
      TREEBIN = "/* Could not access TREEBIN */"
      RESERVED = "/* Could not access RESERVED */"
      HASH_BITS = "/* Could not access HASH_BITS */"
      NCPU = "/* Could not access NCPU */"
      serialPersistentFields = "/* Could not access serialPersistentFields */"
      table = "/* Could not access table */"
      nextTable = "/* Could not access nextTable */"
      baseCount = "/* Could not access baseCount */"
      sizeCtl = "/* Could not access sizeCtl */"
      transferIndex = "/* Could not access transferIndex */"
      cellsBusy = "/* Could not access cellsBusy */"
      counterCells = "/* Could not access counterCells */"
      keySet = "/* Could not access keySet */"
      values = "/* Could not access values */"
      entrySet = "/* Could not access entrySet */"
      U = "/* Could not access U */"
      SIZECTL = "/* Could not access SIZECTL */"
      TRANSFERINDEX = "/* Could not access TRANSFERINDEX */"
      BASECOUNT = "/* Could not access BASECOUNT */"
      CELLSBUSY = "/* Could not access CELLSBUSY */"
      CELLVALUE = "/* Could not access CELLVALUE */"
      ABASE = "/* Could not access ABASE */"
      ASHIFT = "/* Could not access ASHIFT */"
      keySet = "/* Could not access keySet */"
      values = "/* Could not access values */"
    config = null
    serialVersionUID = -8271459000149267764
    $$$tc$$$ = class com.ibm.websphere.ras.TraceComponent@5b4dbb7b
      strings[0] = "TraceComponent[com.ibm.ws.container.AbstractContainer,class com.ibm.ws.container.AbstractContainer,[],null,null]"
  collabHelper = class com.ibm.ws.webcontainer.osgi.collaborator.CollaboratorHelperImpl@5511d38b
    webAppInvCollabs = class java.util.Collections$UnmodifiableSet@1d351375
      serialVersionUID = "/* Could not access serialVersionUID */"
      serialVersionUID = "/* Could not access serialVersionUID */"
      c = "/* Could not access c */"
    securityDomainForApp = null
    logger = class com.ibm.ws.logging.internal.WsLogger@2f974340
      ivCachedResourceBundleName = null
      ivCachedResourceBundle = null
      ivComponent = null
      ivOrganization = null
      ivProduct = null
      ivMinimumLocalizationLevelIntValue = 625
      ivTC = class com.ibm.websphere.ras.TraceComponent@6b4f521
      loggerRegistrationComponent = class java.lang.ThreadLocal@561e1bbf
      emptyHandlers = "/* Could not access emptyHandlers */"
      offValue = "/* Could not access offValue */"
      SYSTEM_LOGGER_RB_NAME = "/* Could not access SYSTEM_LOGGER_RB_NAME */"
      SYSTEM_BUNDLE = "/* Could not access SYSTEM_BUNDLE */"
      NO_RESOURCE_BUNDLE = "/* Could not access NO_RESOURCE_BUNDLE */"
      config = "/* Could not access config */"
      manager = "/* Could not access manager */"
      name = "/* Could not access name */"
      loggerBundle = "/* Could not access loggerBundle */"
      anonymous = "/* Could not access anonymous */"
      catalogRef = "/* Could not access catalogRef */"
      catalogName = "/* Could not access catalogName */"
      catalogLocale = "/* Could not access catalogLocale */"
      treeLock = "/* Could not access treeLock */"
      parent = "/* Could not access parent */"
      kids = "/* Could not access kids */"
      callerModuleRef = "/* Could not access callerModuleRef */"
      isSystemLogger = "/* Could not access isSystemLogger */"
      GLOBAL_LOGGER_NAME = "global"
      global = class java.util.logging.Logger@640ad340
    staticDefaultSecurityCollaborator = class com.ibm.ws.webcontainer.collaborator.WebAppSecurityCollaborator@305fcfc2
    logger = class com.ibm.ws.logging.internal.WsLogger@6d889f46
      ivCachedResourceBundleName = null
      ivCachedResourceBundle = null
      ivComponent = null
      ivOrganization = null
      ivProduct = null
      ivMinimumLocalizationLevelIntValue = 625
      ivTC = class com.ibm.websphere.ras.TraceComponent@5ea6bb3
      loggerRegistrationComponent = class java.lang.ThreadLocal@561e1bbf
      emptyHandlers = "/* Could not access emptyHandlers */"
      offValue = "/* Could not access offValue */"
      SYSTEM_LOGGER_RB_NAME = "/* Could not access SYSTEM_LOGGER_RB_NAME */"
      SYSTEM_BUNDLE = "/* Could not access SYSTEM_BUNDLE */"
      NO_RESOURCE_BUNDLE = "/* Could not access NO_RESOURCE_BUNDLE */"
      config = "/* Could not access config */"
      manager = "/* Could not access manager */"
      name = "/* Could not access name */"
      loggerBundle = "/* Could not access loggerBundle */"
      anonymous = "/* Could not access anonymous */"
      catalogRef = "/* Could not access catalogRef */"
      catalogName = "/* Could not access catalogName */"
      catalogLocale = "/* Could not access catalogLocale */"
      treeLock = "/* Could not access treeLock */"
      parent = "/* Could not access parent */"
      kids = "/* Could not access kids */"
      callerModuleRef = "/* Could not access callerModuleRef */"
      isSystemLogger = "/* Could not access isSystemLogger */"
      GLOBAL_LOGGER_NAME = "global"
      global = class java.util.logging.Logger@640ad340
    CLASS_NAME = "com.ibm.wsspi.webcontainer.collaborator.CollaboratorHelper"
    webApp = class com.ibm.ws.webcontainer40.osgi.webapp.WebApp40@6b40073e
    securityCollaborator = class com.ibm.ws.webcontainer.collaborator.WebAppSecurityCollaborator@305fcfc2
    nameSpaceCollaborator = class com.ibm.ws.webcontainer.osgi.collaborator.WebAppNameSpaceCollaboratorImpl@4cf922b8
      cmdai = class com.ibm.ws.threadContext.ComponentMetaDataAccessorImpl@a4051c8
    transactionCollaborator = class com.ibm.ws.webcontainer.collaborator.WebAppTransactionCollaborator@79623ee9
      logger = class com.ibm.ws.logging.internal.WsLogger@2f974340
      CLASS_NAME = "com.ibm.ws.webcontainer.collaborator.WebAppTransactionCollaborator"
    connectionCollaborator = class com.ibm.ws.webcontainer.collaborator.ConnectionHandleCollaborator@6cfaffc6
      tc = class com.ibm.websphere.ras.TraceComponent@1444866c
      threadContext = class com.ibm.ws.threadContext.ThreadContextImpl@6420ccfd
    allCollabEnum = class java.util.RegularEnumSet@45a12fb0
      serialVersionUID = "/* Could not access serialVersionUID */"
      elements = "/* Could not access elements */"
      serialVersionUID = "/* Could not access serialVersionUID */"
      elementType = "/* Could not access elementType */"
      universe = "/* Could not access universe */"
    servlet_23_or_greater = true
    DEFER_SERVLET_REQUEST_LISTENER_DESTROY_ON_ERROR = false
  secCollab = class com.ibm.ws.webcontainer.collaborator.WebAppSecurityCollaborator@305fcfc2
  sessionSecurityIntegrationEnabled = true
  assumeFilterSuccessOnSecurityError = false
  useOriginalRequestState = false
  _evtSource = class com.ibm.ws.webcontainer.webapp.WebAppEventSource@52e12add
    _invocationListeners = class com.ibm.ws.webcontainer.util.EventListeners@40c8295e
      EMPTY_LISTENERS = interface java.util.EventListener[0]
      logger = class com.ibm.ws.logging.internal.WsLogger@ab44149
      CLASS_NAME = "com.ibm.ws.webcontainer.util.EventListeners"
      listeners = interface java.util.EventListener[0]
    _servletListeners = class com.ibm.ws.webcontainer.util.EventListeners@2835d2d8
      EMPTY_LISTENERS = interface java.util.EventListener[0]
      logger = class com.ibm.ws.logging.internal.WsLogger@ab44149
      CLASS_NAME = "com.ibm.ws.webcontainer.util.EventListeners"
      listeners = interface java.util.EventListener[0]
    _errorListeners = class com.ibm.ws.webcontainer.util.EventListeners@138a0cd7
      EMPTY_LISTENERS = interface java.util.EventListener[0]
      logger = class com.ibm.ws.logging.internal.WsLogger@ab44149
      CLASS_NAME = "com.ibm.ws.webcontainer.util.EventListeners"
      listeners = interface java.util.EventListener[0]
    _applicationListeners = class com.ibm.ws.webcontainer.util.EventListeners@5f1a7db9
      EMPTY_LISTENERS = interface java.util.EventListener[0]
      logger = class com.ibm.ws.logging.internal.WsLogger@ab44149
      CLASS_NAME = "com.ibm.ws.webcontainer.util.EventListeners"
      listeners = interface java.util.EventListener[0]
    _filterInvocationListeners = class com.ibm.ws.webcontainer.util.EventListeners@5e192ddd
      EMPTY_LISTENERS = interface java.util.EventListener[0]
      logger = class com.ibm.ws.logging.internal.WsLogger@ab44149
      CLASS_NAME = "com.ibm.ws.webcontainer.util.EventListeners"
      listeners = interface java.util.EventListener[0]
    _filterListeners = class com.ibm.ws.webcontainer.util.EventListeners@58bc87d4
      EMPTY_LISTENERS = interface java.util.EventListener[0]
      logger = class com.ibm.ws.logging.internal.WsLogger@ab44149
      CLASS_NAME = "com.ibm.ws.webcontainer.util.EventListeners"
      listeners = interface java.util.EventListener[0]
    _filterErrorListeners = class com.ibm.ws.webcontainer.util.EventListeners@1b13c4a0
      EMPTY_LISTENERS = interface java.util.EventListener[0]
      logger = class com.ibm.ws.logging.internal.WsLogger@ab44149
      CLASS_NAME = "com.ibm.ws.webcontainer.util.EventListeners"
      listeners = interface java.util.EventListener[0]
  defaultComponentMetaData = class com.ibm.ws.webcontainer.osgi.metadata.WebComponentMetaDataImpl@1cda39cb
    j2eeName = class com.ibm.ws.container.service.metadata.internal.J2EENameImpl@127a14e0
      serialVersionUID = 7488184044073147667
      application = "CharacterSheets"
      module = "CharacterSheets.war"
      component = null
      string = "CharacterSheets#CharacterSheets.war"
      j2eeNameBytes = null
      $$$tc$$$ = class com.ibm.websphere.ras.TraceComponent@12deac4c
    webModuleMetaData = class com.ibm.ws.webcontainer.osgi.metadata.WebModuleMetaDataImpl@36d06d66
    mBeanServiceReg = null
    tc = class com.ibm.websphere.ras.TraceComponent@5ae9cb92
      strings[0] = "TraceComponent[com.ibm.ws.runtime.metadata.MetaDataImpl,class com.ibm.ws.runtime.metadata.MetaDataImpl,[Runtime],null,null]"
    NUM_STATIC_SLOTS = 4
    ID_UNINITIALIZED = -1
    id = 1
    metaDataInterface = class java.lang.Class@1864617a
      ANNOTATION = "/* Could not access ANNOTATION */"
      ENUM = "/* Could not access ENUM */"
      SYNTHETIC = "/* Could not access SYNTHETIC */"
      EMPTY_CLASS_DESC_ARRAY = "/* Could not access EMPTY_CLASS_DESC_ARRAY */"
      cachedConstructor = "/* Could not access cachedConstructor */"
      name = "/* Could not access name */"
      module = "/* Could not access module */"
      packageName = "/* Could not access packageName */"
      componentType = "/* Could not access componentType */"
      allPermDomain = "/* Could not access allPermDomain */"
      reflectionData = "/* Could not access reflectionData */"
      classRedefinedCount = "/* Could not access classRedefinedCount */"
      genericInfo = "/* Could not access genericInfo */"
      EMPTY_CLASS_ARRAY = "/* Could not access EMPTY_CLASS_ARRAY */"
      serialVersionUID = "/* Could not access serialVersionUID */"
      serialPersistentFields = "/* Could not access serialPersistentFields */"
      JAVA_LANG_RECORD_CLASS = "/* Could not access JAVA_LANG_RECORD_CLASS */"
      reflectionFactory = "/* Could not access reflectionFactory */"
      enumConstants = "/* Could not access enumConstants */"
      enumConstantDirectory = "/* Could not access enumConstantDirectory */"
      annotationData = "/* Could not access annotationData */"
      annotationType = "/* Could not access annotationType */"
      classValueMap = "/* Could not access classValueMap */"
    staticSlots = class java.lang.Object[4]
      Object[0] = null
      Object[1] = null
      Object[2] = null
      Object[3] = null
    dynamicSlots = null
  DEFER_SERVLET_REQUEST_LISTENER_DESTROY_ON_ERROR = false

