********************************************************************************
product = Open Liberty 21.0.0.1 (wlp-1.0.48.cl210120210113-1459)
wlp.install.dir = /home/ahayes5/cs/csc435/csc435Project/build/wlp/
java.home = /usr/lib/jvm/java-15-openjdk
java.version = 15.0.2
java.runtime = OpenJDK Runtime Environment (15.0.2+7)
os = Linux (5.9.16-1-MANJARO; amd64) (en_US)
process = 3232@andrew-pc
********************************************************************************
[3/3/21, 22:55:02:661 EST] 00000001 com.ibm.ws.kernel.launch.internal.FrameworkManager           A CWWKE0001I: The server CharacterSheetsServer has been launched.
[3/3/21, 22:55:03:555 EST] 00000019 com.ibm.ws.config.xml.internal.ServerXMLConfiguration        A CWWKG0093A: Processing configuration drop-ins resource: /home/ahayes5/cs/csc435/csc435Project/build/wlp/usr/servers/CharacterSheetsServer/configDropins/defaults/install_apps_configuration_1491924271.xml
[3/3/21, 22:55:04:021 EST] 00000001 com.ibm.ws.kernel.launch.internal.FrameworkManager           I CWWKE0002I: The kernel started after 1.981 seconds
[3/3/21, 22:55:04:030 EST] 00000024 com.ibm.ws.kernel.feature.internal.FeatureManager            I CWWKF0007I: Feature update started.
[3/3/21, 22:55:04:398 EST] 0000001c com.ibm.ws.app.manager.internal.monitor.DropinMonitor        A CWWKZ0058I: Monitoring dropins for applications.
[3/3/21, 22:55:04:407 EST] 00000020 com.ibm.ws.app.manager.AppMessageHelper                      E CWWKZ0013E: It is not possible to start two applications called CharacterSheets.
[3/3/21, 22:55:04:884 EST] 0000002c com.ibm.ws.app.manager.AppMessageHelper                      I CWWKZ0018I: Starting application CharacterSheets.
[3/3/21, 22:55:04:885 EST] 0000002c bm.ws.app.manager.war.internal.WARDeployedAppInfoFactoryImpl I CWWKZ0134I: The CharacterSheets application is using the loose application definition at the /home/ahayes5/cs/csc435/csc435Project/build/wlp/usr/servers/CharacterSheetsServer/apps/CharacterSheets.war.xml location.
[3/3/21, 22:55:05:423 EST] 0000002c com.ibm.ws.session.WASSessionCore                            I SESN8501I: The session manager did not find a persistent storage location; HttpSession objects will be stored in the local application server's memory.
[3/3/21, 22:55:05:435 EST] 0000002c com.ibm.ws.webcontainer.osgi.webapp.WebGroup                 I SRVE0169I: Loading Web Module: Hello Servlet.
[3/3/21, 22:55:05:436 EST] 0000002c com.ibm.ws.webcontainer                                      I SRVE0250I: Web Module Hello Servlet has been bound to default_host.
[3/3/21, 22:55:05:436 EST] 0000002c com.ibm.ws.http.internal.VirtualHostImpl                     A CWWKT0016I: Web application available (default_host): http://andrew-pc.local:9080/
[3/3/21, 22:55:05:470 EST] 00000036 com.ibm.ws.session.WASSessionCore                            I SESN0176I: A new session context will be created for application key default_host/
[3/3/21, 22:55:05:474 EST] 00000036 com.ibm.ws.util                                              I SESN0172I: The session manager is using the Java default SecureRandom implementation for session ID generation.
[3/3/21, 22:55:05:480 EST] 00000037 com.ibm.ws.webcontainer.osgi.mbeans.PluginGenerator          I SRVE9103I: A configuration file for a web server plugin was automatically generated for this server at /home/ahayes5/cs/csc435/csc435Project/build/wlp/usr/servers/CharacterSheetsServer/logs/state/plugin-cfg.xml.
[3/3/21, 22:55:05:484 EST] 00000036 com.ibm.ws.app.manager.AppMessageHelper                      A CWWKZ0001I: Application CharacterSheets started in 0.600 seconds.
[3/3/21, 22:55:05:502 EST] 00000024 com.ibm.ws.tcpchannel.internal.TCPPort                       I CWWKO0219I: TCP Channel defaultHttpEndpoint has been started and is now listening for requests on host *  (IPv6) port 9080.
[3/3/21, 22:55:05:529 EST] 00000024 com.ibm.ws.kernel.feature.internal.FeatureManager            A CWWKF0012I: The server installed the following features: [servlet-4.0].
[3/3/21, 22:55:05:529 EST] 00000024 com.ibm.ws.kernel.feature.internal.FeatureManager            I CWWKF0008I: Feature update completed in 1.509 seconds.
[3/3/21, 22:55:05:530 EST] 00000024 com.ibm.ws.kernel.feature.internal.FeatureManager            A CWWKF0011I: The CharacterSheetsServer server is ready to run a smarter planet. The CharacterSheetsServer server started in 3.491 seconds.
[3/3/21, 23:01:24:598 EST] 0000003d com.ibm.ws.http.internal.VirtualHostImpl                     A CWWKT0017I: Web application removed (default_host): http://andrew-pc.local:9080/
[3/3/21, 23:01:24:603 EST] 0000003d com.ibm.ws.app.manager.AppMessageHelper                      A CWWKZ0009I: The application CharacterSheets has stopped successfully.
[3/3/21, 23:01:24:606 EST] 0000003d com.ibm.ws.app.manager.AppMessageHelper                      I CWWKZ0018I: Starting application CharacterSheets.
[3/3/21, 23:01:24:606 EST] 0000003d bm.ws.app.manager.war.internal.WARDeployedAppInfoFactoryImpl I CWWKZ0134I: The CharacterSheets application is using the loose application definition at the /home/ahayes5/cs/csc435/csc435Project/build/wlp/usr/servers/CharacterSheetsServer/apps/CharacterSheets.war.xml location.
[3/3/21, 23:01:24:700 EST] 0000003d com.ibm.ws.webcontainer.osgi.webapp.WebGroup                 I SRVE0169I: Loading Web Module: Hello Servlet.
[3/3/21, 23:01:24:700 EST] 0000003d com.ibm.ws.webcontainer                                      I SRVE0250I: Web Module Hello Servlet has been bound to default_host.
[3/3/21, 23:01:24:701 EST] 0000003d com.ibm.ws.http.internal.VirtualHostImpl                     A CWWKT0016I: Web application available (default_host): http://andrew-pc.local:9080/
[3/3/21, 23:01:24:709 EST] 00000040 com.ibm.ws.session.WASSessionCore                            I SESN0176I: A new session context will be created for application key default_host/
[3/3/21, 23:01:24:709 EST] 00000040 com.ibm.ws.util                                              I SESN0172I: The session manager is using the Java default SecureRandom implementation for session ID generation.
[3/3/21, 23:01:24:711 EST] 00000040 com.ibm.ws.app.manager.AppMessageHelper                      A CWWKZ0003I: The application CharacterSheets updated in 0.105 seconds.
[3/3/21, 23:01:25:411 EST] 00000025 com.ibm.ws.webcontainer.osgi.mbeans.PluginGenerator          I SRVE9103I: A configuration file for a web server plugin was automatically generated for this server at /home/ahayes5/cs/csc435/csc435Project/build/wlp/usr/servers/CharacterSheetsServer/logs/state/plugin-cfg.xml.
[3/3/21, 23:01:25:529 EST] 00000039 com.ibm.ws.webcontainer.osgi.mbeans.PluginGenerator          I SRVE9103I: A configuration file for a web server plugin was automatically generated for this server at /home/ahayes5/cs/csc435/csc435Project/build/wlp/usr/servers/CharacterSheetsServer/logs/state/plugin-cfg.xml.
