********************************************************************************
product = Open Liberty 21.0.0.1 (wlp-1.0.48.cl210120210113-1459)
wlp.install.dir = /home/ahayes5/cs/csc435/csc435Project/build/wlp/
java.home = /usr/lib/jvm/java-15-openjdk
java.version = 15.0.2
java.runtime = OpenJDK Runtime Environment (15.0.2+7)
os = Linux (5.9.16-1-MANJARO; amd64) (en_US)
process = 40965@andrew-pc
********************************************************************************
[3/17/21, 18:23:55:186 EDT] 00000001 com.ibm.ws.kernel.launch.internal.FrameworkManager           A CWWKE0001I: The server CharacterSheetsServer has been launched.
[3/17/21, 18:23:55:366 EDT] 00000019 com.ibm.ws.config.xml.internal.ServerXMLConfiguration        A CWWKG0093A: Processing configuration drop-ins resource: /home/ahayes5/cs/csc435/csc435Project/build/wlp/usr/servers/CharacterSheetsServer/configDropins/defaults/install_apps_configuration_1491924271.xml
[3/17/21, 18:23:55:445 EDT] 00000001 com.ibm.ws.kernel.launch.internal.FrameworkManager           I CWWKE0002I: The kernel started after 0.354 seconds
[3/17/21, 18:23:55:450 EDT] 00000024 com.ibm.ws.kernel.feature.internal.FeatureManager            I CWWKF0007I: Feature update started.
[3/17/21, 18:23:55:518 EDT] 0000001a com.ibm.ws.app.manager.internal.monitor.DropinMonitor        A CWWKZ0058I: Monitoring dropins for applications.
[3/17/21, 18:23:55:529 EDT] 00000020 com.ibm.ws.app.manager.AppMessageHelper                      E CWWKZ0013E: It is not possible to start two applications called CharacterSheets.
[3/17/21, 18:23:55:831 EDT] 0000002a com.ibm.ws.app.manager.AppMessageHelper                      I CWWKZ0018I: Starting application CharacterSheets.
[3/17/21, 18:23:55:831 EDT] 0000002a bm.ws.app.manager.war.internal.WARDeployedAppInfoFactoryImpl I CWWKZ0134I: The CharacterSheets application is using the loose application definition at the /home/ahayes5/cs/csc435/csc435Project/build/wlp/usr/servers/CharacterSheetsServer/apps/CharacterSheets.war.xml location.
[3/17/21, 18:23:56:276 EDT] 0000002a com.ibm.ws.session.WASSessionCore                            I SESN8501I: The session manager did not find a persistent storage location; HttpSession objects will be stored in the local application server's memory.
[3/17/21, 18:23:56:282 EDT] 0000002a com.ibm.ws.webcontainer.osgi.webapp.WebGroup                 I SRVE0169I: Loading Web Module: Hello Servlet.
[3/17/21, 18:23:56:283 EDT] 0000002a com.ibm.ws.webcontainer                                      I SRVE0250I: Web Module Hello Servlet has been bound to default_host.
[3/17/21, 18:23:56:283 EDT] 0000002a com.ibm.ws.http.internal.VirtualHostImpl                     A CWWKT0016I: Web application available (default_host): http://172.25.0.1:9080/
[3/17/21, 18:23:56:313 EDT] 00000031 com.ibm.ws.session.WASSessionCore                            I SESN0176I: A new session context will be created for application key default_host/
[3/17/21, 18:23:56:317 EDT] 00000031 com.ibm.ws.util                                              I SESN0172I: The session manager is using the Java default SecureRandom implementation for session ID generation.
[3/17/21, 18:23:56:324 EDT] 00000031 com.ibm.ws.app.manager.AppMessageHelper                      A CWWKZ0001I: Application CharacterSheets started in 0.493 seconds.
[3/17/21, 18:23:56:328 EDT] 00000032 com.ibm.ws.webcontainer.osgi.mbeans.PluginGenerator          I SRVE9103I: A configuration file for a web server plugin was automatically generated for this server at /home/ahayes5/cs/csc435/csc435Project/build/wlp/usr/servers/CharacterSheetsServer/logs/state/plugin-cfg.xml.
[3/17/21, 18:23:56:330 EDT] 00000024 com.ibm.ws.tcpchannel.internal.TCPPort                       I CWWKO0219I: TCP Channel defaultHttpEndpoint has been started and is now listening for requests on host *  (IPv6) port 9080.
[3/17/21, 18:23:56:333 EDT] 00000024 com.ibm.ws.kernel.feature.internal.FeatureManager            A CWWKF0012I: The server installed the following features: [servlet-4.0].
[3/17/21, 18:23:56:333 EDT] 00000024 com.ibm.ws.kernel.feature.internal.FeatureManager            I CWWKF0008I: Feature update completed in 0.888 seconds.
[3/17/21, 18:23:56:334 EDT] 00000024 com.ibm.ws.kernel.feature.internal.FeatureManager            A CWWKF0011I: The CharacterSheetsServer server is ready to run a smarter planet. The CharacterSheetsServer server started in 1.243 seconds.
[3/17/21, 18:24:03:214 EDT] 00000048 com.ibm.ws.webcontainer.servlet                              I SRVE0242I: [CharacterSheets] [/] [LoginController]: Initialization successful.
[3/17/21, 18:24:03:223 EDT] 00000048 SystemErr                                                    R Loading class `com.mysql.jdbc.Driver'. This is deprecated. The new driver class is `com.mysql.cj.jdbc.Driver'. The driver is automatically registered via the SPI and manual loading of the driver class is generally unnecessary.
[3/17/21, 18:24:03:419 EDT] 00000048 SystemErr                                                    R java.sql.SQLNonTransientConnectionException: Public Key Retrieval is not allowed
[3/17/21, 18:24:03:419 EDT] 00000048 SystemErr                                                    R 	at com.mysql.cj.jdbc.exceptions.SQLError.createSQLException(SQLError.java:110)
[3/17/21, 18:24:03:435 EDT] 00000048 SystemErr                                                    R 	at com.mysql.cj.jdbc.exceptions.SQLExceptionsMapping.translateException(SQLExceptionsMapping.java:122)
[3/17/21, 18:24:03:435 EDT] 00000048 SystemErr                                                    R 	at com.mysql.cj.jdbc.ConnectionImpl.createNewIO(ConnectionImpl.java:833)
[3/17/21, 18:24:03:436 EDT] 00000048 SystemErr                                                    R 	at com.mysql.cj.jdbc.ConnectionImpl.<init>(ConnectionImpl.java:453)
[3/17/21, 18:24:03:436 EDT] 00000048 SystemErr                                                    R 	at com.mysql.cj.jdbc.ConnectionImpl.getInstance(ConnectionImpl.java:246)
[3/17/21, 18:24:03:436 EDT] 00000048 SystemErr                                                    R 	at com.mysql.cj.jdbc.NonRegisteringDriver.connect(NonRegisteringDriver.java:198)
[3/17/21, 18:24:03:436 EDT] 00000048 SystemErr                                                    R 	at java.sql/java.sql.DriverManager.getConnection(DriverManager.java:677)
[3/17/21, 18:24:03:436 EDT] 00000048 SystemErr                                                    R 	at java.sql/java.sql.DriverManager.getConnection(DriverManager.java:228)
[3/17/21, 18:24:03:437 EDT] 00000048 SystemErr                                                    R 	at Utils.connect(Utils.java:17)
[3/17/21, 18:24:03:437 EDT] 00000048 SystemErr                                                    R 	at UserModel.post(UserModel.java:19)
[3/17/21, 18:24:03:437 EDT] 00000048 SystemErr                                                    R 	at LoginController.doPost(LoginController.java:25)
[3/17/21, 18:24:03:437 EDT] 00000048 SystemErr                                                    R 	at javax.servlet.http.HttpServlet.service(HttpServlet.java:706)
[3/17/21, 18:24:03:437 EDT] 00000048 SystemErr                                                    R 	at javax.servlet.http.HttpServlet.service(HttpServlet.java:791)
[3/17/21, 18:24:03:437 EDT] 00000048 SystemErr                                                    R 	at com.ibm.ws.webcontainer.servlet.ServletWrapper.service(ServletWrapper.java:1257)
[3/17/21, 18:24:03:438 EDT] 00000048 SystemErr                                                    R 	at com.ibm.ws.webcontainer.servlet.ServletWrapper.handleRequest(ServletWrapper.java:745)
[3/17/21, 18:24:03:438 EDT] 00000048 SystemErr                                                    R 	at com.ibm.ws.webcontainer.servlet.ServletWrapper.handleRequest(ServletWrapper.java:442)
[3/17/21, 18:24:03:438 EDT] 00000048 SystemErr                                                    R 	at com.ibm.ws.webcontainer.filter.WebAppFilterChain.invokeTarget(WebAppFilterChain.java:182)
[3/17/21, 18:24:03:438 EDT] 00000048 SystemErr                                                    R 	at com.ibm.ws.webcontainer.filter.WebAppFilterChain.doFilter(WebAppFilterChain.java:78)
[3/17/21, 18:24:03:438 EDT] 00000048 SystemErr                                                    R 	at com.ibm.ws.webcontainer.filter.WebAppFilterManager.doFilter(WebAppFilterManager.java:1001)
[3/17/21, 18:24:03:438 EDT] 00000048 SystemErr                                                    R 	at com.ibm.ws.webcontainer.filter.WebAppFilterManager.invokeFilters(WebAppFilterManager.java:1139)
[3/17/21, 18:24:03:438 EDT] 00000048 SystemErr                                                    R 	at com.ibm.ws.webcontainer.webapp.WebApp.handleRequest(WebApp.java:5057)
[3/17/21, 18:24:03:438 EDT] 00000048 SystemErr                                                    R 	at com.ibm.ws.webcontainer.osgi.DynamicVirtualHost$2.handleRequest(DynamicVirtualHost.java:314)
[3/17/21, 18:24:03:438 EDT] 00000048 SystemErr                                                    R 	at com.ibm.ws.webcontainer.WebContainer.handleRequest(WebContainer.java:1005)
[3/17/21, 18:24:03:439 EDT] 00000048 SystemErr                                                    R 	at com.ibm.ws.webcontainer.osgi.DynamicVirtualHost$2.run(DynamicVirtualHost.java:279)
[3/17/21, 18:24:03:439 EDT] 00000048 SystemErr                                                    R 	at com.ibm.ws.http.dispatcher.internal.channel.HttpDispatcherLink$TaskWrapper.run(HttpDispatcherLink.java:1141)
[3/17/21, 18:24:03:439 EDT] 00000048 SystemErr                                                    R 	at com.ibm.ws.http.dispatcher.internal.channel.HttpDispatcherLink.wrapHandlerAndExecute(HttpDispatcherLink.java:422)
[3/17/21, 18:24:03:439 EDT] 00000048 SystemErr                                                    R 	at com.ibm.ws.http.dispatcher.internal.channel.HttpDispatcherLink.ready(HttpDispatcherLink.java:381)
[3/17/21, 18:24:03:439 EDT] 00000048 SystemErr                                                    R 	at com.ibm.ws.http.channel.internal.inbound.HttpInboundLink.handleDiscrimination(HttpInboundLink.java:565)
[3/17/21, 18:24:03:439 EDT] 00000048 SystemErr                                                    R 	at com.ibm.ws.http.channel.internal.inbound.HttpInboundLink.handleNewRequest(HttpInboundLink.java:499)
[3/17/21, 18:24:03:439 EDT] 00000048 SystemErr                                                    R 	at com.ibm.ws.http.channel.internal.inbound.HttpInboundLink.processRequest(HttpInboundLink.java:359)
[3/17/21, 18:24:03:440 EDT] 00000048 SystemErr                                                    R 	at com.ibm.ws.http.channel.internal.inbound.HttpInboundLink.ready(HttpInboundLink.java:326)
[3/17/21, 18:24:03:440 EDT] 00000048 SystemErr                                                    R 	at com.ibm.ws.tcpchannel.internal.NewConnectionInitialReadCallback.sendToDiscriminators(NewConnectionInitialReadCallback.java:167)
[3/17/21, 18:24:03:440 EDT] 00000048 SystemErr                                                    R 	at com.ibm.ws.tcpchannel.internal.NewConnectionInitialReadCallback.complete(NewConnectionInitialReadCallback.java:75)
[3/17/21, 18:24:03:440 EDT] 00000048 SystemErr                                                    R 	at com.ibm.ws.tcpchannel.internal.WorkQueueManager.requestComplete(WorkQueueManager.java:504)
[3/17/21, 18:24:03:440 EDT] 00000048 SystemErr                                                    R 	at com.ibm.ws.tcpchannel.internal.WorkQueueManager.attemptIO(WorkQueueManager.java:574)
[3/17/21, 18:24:03:440 EDT] 00000048 SystemErr                                                    R 	at com.ibm.ws.tcpchannel.internal.WorkQueueManager.workerRun(WorkQueueManager.java:958)
[3/17/21, 18:24:03:441 EDT] 00000048 SystemErr                                                    R 	at com.ibm.ws.tcpchannel.internal.WorkQueueManager$Worker.run(WorkQueueManager.java:1047)
[3/17/21, 18:24:03:441 EDT] 00000048 SystemErr                                                    R 	at com.ibm.ws.threading.internal.ExecutorServiceImpl$RunnableWrapper.run(ExecutorServiceImpl.java:239)
[3/17/21, 18:24:03:441 EDT] 00000048 SystemErr                                                    R 	at java.base/java.util.concurrent.ThreadPoolExecutor.runWorker(ThreadPoolExecutor.java:1130)
[3/17/21, 18:24:03:441 EDT] 00000048 SystemErr                                                    R 	at java.base/java.util.concurrent.ThreadPoolExecutor$Worker.run(ThreadPoolExecutor.java:630)
[3/17/21, 18:24:03:441 EDT] 00000048 SystemErr                                                    R 	at java.base/java.lang.Thread.run(Thread.java:832)
[3/17/21, 18:24:03:441 EDT] 00000048 SystemErr                                                    R Caused by: com.mysql.cj.exceptions.UnableToConnectException: Public Key Retrieval is not allowed
[3/17/21, 18:24:03:441 EDT] 00000048 SystemErr                                                    R 	at jdk.internal.reflect.GeneratedConstructorAccessor558.newInstance(Unknown Source)
[3/17/21, 18:24:03:441 EDT] 00000048 SystemErr                                                    R 	at java.base/java.lang.reflect.Constructor.newInstanceWithCaller(Constructor.java:500)
[3/17/21, 18:24:03:442 EDT] 00000048 SystemErr                                                    R 	at java.base/java.lang.reflect.Constructor.newInstance(Constructor.java:481)
[3/17/21, 18:24:03:442 EDT] 00000048 SystemErr                                                    R 	at com.mysql.cj.exceptions.ExceptionFactory.createException(ExceptionFactory.java:61)
[3/17/21, 18:24:03:442 EDT] 00000048 SystemErr                                                    R 	at com.mysql.cj.exceptions.ExceptionFactory.createException(ExceptionFactory.java:85)
[3/17/21, 18:24:03:442 EDT] 00000048 SystemErr                                                    R 	at com.mysql.cj.protocol.a.authentication.CachingSha2PasswordPlugin.nextAuthenticationStep(CachingSha2PasswordPlugin.java:128)
[3/17/21, 18:24:03:442 EDT] 00000048 SystemErr                                                    R 	at com.mysql.cj.protocol.a.authentication.CachingSha2PasswordPlugin.nextAuthenticationStep(CachingSha2PasswordPlugin.java:49)
[3/17/21, 18:24:03:442 EDT] 00000048 SystemErr                                                    R 	at com.mysql.cj.protocol.a.NativeAuthenticationProvider.proceedHandshakeWithPluggableAuthentication(NativeAuthenticationProvider.java:441)
[3/17/21, 18:24:03:442 EDT] 00000048 SystemErr                                                    R 	at com.mysql.cj.protocol.a.NativeAuthenticationProvider.connect(NativeAuthenticationProvider.java:174)
[3/17/21, 18:24:03:442 EDT] 00000048 SystemErr                                                    R 	at com.mysql.cj.protocol.a.NativeProtocol.connect(NativeProtocol.java:1350)
[3/17/21, 18:24:03:443 EDT] 00000048 SystemErr                                                    R 	at com.mysql.cj.NativeSession.connect(NativeSession.java:157)
[3/17/21, 18:24:03:443 EDT] 00000048 SystemErr                                                    R 	at com.mysql.cj.jdbc.ConnectionImpl.connectOneTryOnly(ConnectionImpl.java:953)
[3/17/21, 18:24:03:443 EDT] 00000048 SystemErr                                                    R 	at com.mysql.cj.jdbc.ConnectionImpl.createNewIO(ConnectionImpl.java:823)
[3/17/21, 18:24:03:443 EDT] 00000048 SystemErr                                                    R 	... 38 more
[3/17/21, 18:24:21:324 EDT] 0000004a com.ibm.ws.http.internal.VirtualHostImpl                     A CWWKT0017I: Web application removed (default_host): http://172.25.0.1:9080/
[3/17/21, 18:24:21:325 EDT] 0000004a com.ibm.ws.webcontainer.servlet                              I SRVE0253I: [CharacterSheets] [/] [LoginController]: Destroy successful.
[3/17/21, 18:24:21:329 EDT] 0000004a com.ibm.ws.app.manager.AppMessageHelper                      A CWWKZ0009I: The application CharacterSheets has stopped successfully.
[3/17/21, 18:24:21:332 EDT] 0000004a com.ibm.ws.app.manager.AppMessageHelper                      I CWWKZ0018I: Starting application CharacterSheets.
[3/17/21, 18:24:21:332 EDT] 0000004a bm.ws.app.manager.war.internal.WARDeployedAppInfoFactoryImpl I CWWKZ0134I: The CharacterSheets application is using the loose application definition at the /home/ahayes5/cs/csc435/csc435Project/build/wlp/usr/servers/CharacterSheetsServer/apps/CharacterSheets.war.xml location.
[3/17/21, 18:24:21:467 EDT] 0000004a com.ibm.ws.webcontainer.osgi.webapp.WebGroup                 I SRVE0169I: Loading Web Module: Hello Servlet.
[3/17/21, 18:24:21:467 EDT] 0000004a com.ibm.ws.webcontainer                                      I SRVE0250I: Web Module Hello Servlet has been bound to default_host.
[3/17/21, 18:24:21:467 EDT] 0000004a com.ibm.ws.http.internal.VirtualHostImpl                     A CWWKT0016I: Web application available (default_host): http://172.25.0.1:9080/
[3/17/21, 18:24:21:473 EDT] 0000002d com.ibm.ws.session.WASSessionCore                            I SESN0176I: A new session context will be created for application key default_host/
[3/17/21, 18:24:21:473 EDT] 0000002d com.ibm.ws.util                                              I SESN0172I: The session manager is using the Java default SecureRandom implementation for session ID generation.
[3/17/21, 18:24:21:474 EDT] 0000002d com.ibm.ws.app.manager.AppMessageHelper                      A CWWKZ0003I: The application CharacterSheets updated in 0.142 seconds.
[3/17/21, 18:24:21:603 EDT] 00000034 com.ibm.ws.webcontainer.osgi.mbeans.PluginGenerator          I SRVE9103I: A configuration file for a web server plugin was automatically generated for this server at /home/ahayes5/cs/csc435/csc435Project/build/wlp/usr/servers/CharacterSheetsServer/logs/state/plugin-cfg.xml.
[3/17/21, 18:24:21:735 EDT] 0000003c com.ibm.ws.webcontainer.osgi.mbeans.PluginGenerator          I SRVE9103I: A configuration file for a web server plugin was automatically generated for this server at /home/ahayes5/cs/csc435/csc435Project/build/wlp/usr/servers/CharacterSheetsServer/logs/state/plugin-cfg.xml.
[3/17/21, 18:24:29:865 EDT] 00000034 com.ibm.ws.webcontainer.servlet                              I SRVE0242I: [CharacterSheets] [/] [LoginController]: Initialization successful.
[3/17/21, 18:24:29:962 EDT] 00000034 SystemErr                                                    R java.sql.SQLNonTransientConnectionException: Public Key Retrieval is not allowed
[3/17/21, 18:24:29:963 EDT] 00000034 SystemErr                                                    R 	at com.mysql.cj.jdbc.exceptions.SQLError.createSQLException(SQLError.java:110)
[3/17/21, 18:24:29:963 EDT] 00000034 SystemErr                                                    R 	at com.mysql.cj.jdbc.exceptions.SQLExceptionsMapping.translateException(SQLExceptionsMapping.java:122)
[3/17/21, 18:24:29:963 EDT] 00000034 SystemErr                                                    R 	at com.mysql.cj.jdbc.ConnectionImpl.createNewIO(ConnectionImpl.java:833)
[3/17/21, 18:24:29:963 EDT] 00000034 SystemErr                                                    R 	at com.mysql.cj.jdbc.ConnectionImpl.<init>(ConnectionImpl.java:453)
[3/17/21, 18:24:29:963 EDT] 00000034 SystemErr                                                    R 	at com.mysql.cj.jdbc.ConnectionImpl.getInstance(ConnectionImpl.java:246)
[3/17/21, 18:24:29:963 EDT] 00000034 SystemErr                                                    R 	at com.mysql.cj.jdbc.NonRegisteringDriver.connect(NonRegisteringDriver.java:198)
[3/17/21, 18:24:29:963 EDT] 00000034 SystemErr                                                    R 	at java.sql/java.sql.DriverManager.getConnection(DriverManager.java:677)
[3/17/21, 18:24:29:963 EDT] 00000034 SystemErr                                                    R 	at java.sql/java.sql.DriverManager.getConnection(DriverManager.java:228)
[3/17/21, 18:24:29:963 EDT] 00000034 SystemErr                                                    R 	at Utils.connect(Utils.java:17)
[3/17/21, 18:24:29:963 EDT] 00000034 SystemErr                                                    R 	at UserModel.post(UserModel.java:19)
[3/17/21, 18:24:29:963 EDT] 00000034 SystemErr                                                    R 	at LoginController.doPost(LoginController.java:25)
[3/17/21, 18:24:29:964 EDT] 00000034 SystemErr                                                    R 	at javax.servlet.http.HttpServlet.service(HttpServlet.java:706)
[3/17/21, 18:24:29:964 EDT] 00000034 SystemErr                                                    R 	at javax.servlet.http.HttpServlet.service(HttpServlet.java:791)
[3/17/21, 18:24:29:964 EDT] 00000034 SystemErr                                                    R 	at com.ibm.ws.webcontainer.servlet.ServletWrapper.service(ServletWrapper.java:1257)
[3/17/21, 18:24:29:964 EDT] 00000034 SystemErr                                                    R 	at com.ibm.ws.webcontainer.servlet.ServletWrapper.handleRequest(ServletWrapper.java:745)
[3/17/21, 18:24:29:964 EDT] 00000034 SystemErr                                                    R 	at com.ibm.ws.webcontainer.servlet.ServletWrapper.handleRequest(ServletWrapper.java:442)
[3/17/21, 18:24:29:964 EDT] 00000034 SystemErr                                                    R 	at com.ibm.ws.webcontainer.filter.WebAppFilterChain.invokeTarget(WebAppFilterChain.java:182)
[3/17/21, 18:24:29:964 EDT] 00000034 SystemErr                                                    R 	at com.ibm.ws.webcontainer.filter.WebAppFilterChain.doFilter(WebAppFilterChain.java:78)
[3/17/21, 18:24:29:964 EDT] 00000034 SystemErr                                                    R 	at com.ibm.ws.webcontainer.filter.WebAppFilterManager.doFilter(WebAppFilterManager.java:1001)
[3/17/21, 18:24:29:964 EDT] 00000034 SystemErr                                                    R 	at com.ibm.ws.webcontainer.filter.WebAppFilterManager.invokeFilters(WebAppFilterManager.java:1139)
[3/17/21, 18:24:29:964 EDT] 00000034 SystemErr                                                    R 	at com.ibm.ws.webcontainer.webapp.WebApp.handleRequest(WebApp.java:5057)
[3/17/21, 18:24:29:964 EDT] 00000034 SystemErr                                                    R 	at com.ibm.ws.webcontainer.osgi.DynamicVirtualHost$2.handleRequest(DynamicVirtualHost.java:314)
[3/17/21, 18:24:29:964 EDT] 00000034 SystemErr                                                    R 	at com.ibm.ws.webcontainer.WebContainer.handleRequest(WebContainer.java:1005)
[3/17/21, 18:24:29:964 EDT] 00000034 SystemErr                                                    R 	at com.ibm.ws.webcontainer.osgi.DynamicVirtualHost$2.run(DynamicVirtualHost.java:279)
[3/17/21, 18:24:29:964 EDT] 00000034 SystemErr                                                    R 	at com.ibm.ws.http.dispatcher.internal.channel.HttpDispatcherLink$TaskWrapper.run(HttpDispatcherLink.java:1141)
[3/17/21, 18:24:29:965 EDT] 00000034 SystemErr                                                    R 	at com.ibm.ws.http.dispatcher.internal.channel.HttpDispatcherLink.wrapHandlerAndExecute(HttpDispatcherLink.java:422)
[3/17/21, 18:24:29:965 EDT] 00000034 SystemErr                                                    R 	at com.ibm.ws.http.dispatcher.internal.channel.HttpDispatcherLink.ready(HttpDispatcherLink.java:381)
[3/17/21, 18:24:29:965 EDT] 00000034 SystemErr                                                    R 	at com.ibm.ws.http.channel.internal.inbound.HttpInboundLink.handleDiscrimination(HttpInboundLink.java:565)
[3/17/21, 18:24:29:965 EDT] 00000034 SystemErr                                                    R 	at com.ibm.ws.http.channel.internal.inbound.HttpInboundLink.handleNewRequest(HttpInboundLink.java:499)
[3/17/21, 18:24:29:965 EDT] 00000034 SystemErr                                                    R 	at com.ibm.ws.http.channel.internal.inbound.HttpInboundLink.processRequest(HttpInboundLink.java:359)
[3/17/21, 18:24:29:965 EDT] 00000034 SystemErr                                                    R 	at com.ibm.ws.http.channel.internal.inbound.HttpInboundLink.ready(HttpInboundLink.java:326)
[3/17/21, 18:24:29:965 EDT] 00000034 SystemErr                                                    R 	at com.ibm.ws.tcpchannel.internal.NewConnectionInitialReadCallback.sendToDiscriminators(NewConnectionInitialReadCallback.java:167)
[3/17/21, 18:24:29:965 EDT] 00000034 SystemErr                                                    R 	at com.ibm.ws.tcpchannel.internal.NewConnectionInitialReadCallback.complete(NewConnectionInitialReadCallback.java:75)
[3/17/21, 18:24:29:965 EDT] 00000034 SystemErr                                                    R 	at com.ibm.ws.tcpchannel.internal.WorkQueueManager.requestComplete(WorkQueueManager.java:504)
[3/17/21, 18:24:29:965 EDT] 00000034 SystemErr                                                    R 	at com.ibm.ws.tcpchannel.internal.WorkQueueManager.attemptIO(WorkQueueManager.java:574)
[3/17/21, 18:24:29:965 EDT] 00000034 SystemErr                                                    R 	at com.ibm.ws.tcpchannel.internal.WorkQueueManager.workerRun(WorkQueueManager.java:958)
[3/17/21, 18:24:29:965 EDT] 00000034 SystemErr                                                    R 	at com.ibm.ws.tcpchannel.internal.WorkQueueManager$Worker.run(WorkQueueManager.java:1047)
[3/17/21, 18:24:29:965 EDT] 00000034 SystemErr                                                    R 	at com.ibm.ws.threading.internal.ExecutorServiceImpl$RunnableWrapper.run(ExecutorServiceImpl.java:239)
[3/17/21, 18:24:29:965 EDT] 00000034 SystemErr                                                    R 	at java.base/java.util.concurrent.ThreadPoolExecutor.runWorker(ThreadPoolExecutor.java:1130)
[3/17/21, 18:24:29:965 EDT] 00000034 SystemErr                                                    R 	at java.base/java.util.concurrent.ThreadPoolExecutor$Worker.run(ThreadPoolExecutor.java:630)
[3/17/21, 18:24:29:966 EDT] 00000034 SystemErr                                                    R 	at java.base/java.lang.Thread.run(Thread.java:832)
[3/17/21, 18:24:29:966 EDT] 00000034 SystemErr                                                    R Caused by: com.mysql.cj.exceptions.UnableToConnectException: Public Key Retrieval is not allowed
[3/17/21, 18:24:29:966 EDT] 00000034 SystemErr                                                    R 	at jdk.internal.reflect.GeneratedConstructorAccessor609.newInstance(Unknown Source)
[3/17/21, 18:24:29:966 EDT] 00000034 SystemErr                                                    R 	at java.base/java.lang.reflect.Constructor.newInstanceWithCaller(Constructor.java:500)
[3/17/21, 18:24:29:966 EDT] 00000034 SystemErr                                                    R 	at java.base/java.lang.reflect.Constructor.newInstance(Constructor.java:481)
[3/17/21, 18:24:29:966 EDT] 00000034 SystemErr                                                    R 	at com.mysql.cj.exceptions.ExceptionFactory.createException(ExceptionFactory.java:61)
[3/17/21, 18:24:29:966 EDT] 00000034 SystemErr                                                    R 	at com.mysql.cj.exceptions.ExceptionFactory.createException(ExceptionFactory.java:85)
[3/17/21, 18:24:29:966 EDT] 00000034 SystemErr                                                    R 	at com.mysql.cj.protocol.a.authentication.CachingSha2PasswordPlugin.nextAuthenticationStep(CachingSha2PasswordPlugin.java:128)
[3/17/21, 18:24:29:966 EDT] 00000034 SystemErr                                                    R 	at com.mysql.cj.protocol.a.authentication.CachingSha2PasswordPlugin.nextAuthenticationStep(CachingSha2PasswordPlugin.java:49)
[3/17/21, 18:24:29:966 EDT] 00000034 SystemErr                                                    R 	at com.mysql.cj.protocol.a.NativeAuthenticationProvider.proceedHandshakeWithPluggableAuthentication(NativeAuthenticationProvider.java:441)
[3/17/21, 18:24:29:966 EDT] 00000034 SystemErr                                                    R 	at com.mysql.cj.protocol.a.NativeAuthenticationProvider.connect(NativeAuthenticationProvider.java:174)
[3/17/21, 18:24:29:966 EDT] 00000034 SystemErr                                                    R 	at com.mysql.cj.protocol.a.NativeProtocol.connect(NativeProtocol.java:1350)
[3/17/21, 18:24:29:966 EDT] 00000034 SystemErr                                                    R 	at com.mysql.cj.NativeSession.connect(NativeSession.java:157)
[3/17/21, 18:24:29:966 EDT] 00000034 SystemErr                                                    R 	at com.mysql.cj.jdbc.ConnectionImpl.connectOneTryOnly(ConnectionImpl.java:953)
[3/17/21, 18:24:29:967 EDT] 00000034 SystemErr                                                    R 	at com.mysql.cj.jdbc.ConnectionImpl.createNewIO(ConnectionImpl.java:823)
[3/17/21, 18:24:29:967 EDT] 00000034 SystemErr                                                    R 	... 38 more
[3/17/21, 18:27:49:867 EDT] 0000004a com.ibm.ws.http.internal.VirtualHostImpl                     A CWWKT0017I: Web application removed (default_host): http://172.25.0.1:9080/
[3/17/21, 18:27:49:868 EDT] 0000004a com.ibm.ws.webcontainer.servlet                              I SRVE0253I: [CharacterSheets] [/] [LoginController]: Destroy successful.
[3/17/21, 18:27:49:869 EDT] 0000004a com.ibm.ws.app.manager.AppMessageHelper                      A CWWKZ0009I: The application CharacterSheets has stopped successfully.
[3/17/21, 18:27:49:870 EDT] 0000004a com.ibm.ws.app.manager.AppMessageHelper                      I CWWKZ0018I: Starting application CharacterSheets.
[3/17/21, 18:27:49:870 EDT] 0000004a bm.ws.app.manager.war.internal.WARDeployedAppInfoFactoryImpl I CWWKZ0134I: The CharacterSheets application is using the loose application definition at the /home/ahayes5/cs/csc435/csc435Project/build/wlp/usr/servers/CharacterSheetsServer/apps/CharacterSheets.war.xml location.
[3/17/21, 18:27:49:901 EDT] 0000004a com.ibm.ws.webcontainer.osgi.webapp.WebGroup                 I SRVE0169I: Loading Web Module: Hello Servlet.
[3/17/21, 18:27:49:901 EDT] 0000004a com.ibm.ws.webcontainer                                      I SRVE0250I: Web Module Hello Servlet has been bound to default_host.
[3/17/21, 18:27:49:901 EDT] 0000004a com.ibm.ws.http.internal.VirtualHostImpl                     A CWWKT0016I: Web application available (default_host): http://172.25.0.1:9080/
[3/17/21, 18:27:49:908 EDT] 0000003e com.ibm.ws.session.WASSessionCore                            I SESN0176I: A new session context will be created for application key default_host/
[3/17/21, 18:27:49:908 EDT] 0000003e com.ibm.ws.util                                              I SESN0172I: The session manager is using the Java default SecureRandom implementation for session ID generation.
[3/17/21, 18:27:49:910 EDT] 0000003e com.ibm.ws.app.manager.AppMessageHelper                      A CWWKZ0003I: The application CharacterSheets updated in 0.040 seconds.
[3/17/21, 18:27:50:240 EDT] 00000042 com.ibm.ws.webcontainer.osgi.mbeans.PluginGenerator          I SRVE9103I: A configuration file for a web server plugin was automatically generated for this server at /home/ahayes5/cs/csc435/csc435Project/build/wlp/usr/servers/CharacterSheetsServer/logs/state/plugin-cfg.xml.
[3/17/21, 18:27:50:340 EDT] 0000004a com.ibm.ws.webcontainer.osgi.mbeans.PluginGenerator          I SRVE9103I: A configuration file for a web server plugin was automatically generated for this server at /home/ahayes5/cs/csc435/csc435Project/build/wlp/usr/servers/CharacterSheetsServer/logs/state/plugin-cfg.xml.
[3/17/21, 18:27:57:787 EDT] 00000026 com.ibm.ws.http.internal.VirtualHostImpl                     A CWWKT0017I: Web application removed (default_host): http://172.25.0.1:9080/
[3/17/21, 18:27:57:788 EDT] 00000026 com.ibm.ws.app.manager.AppMessageHelper                      A CWWKZ0009I: The application CharacterSheets has stopped successfully.
[3/17/21, 18:27:57:790 EDT] 00000026 com.ibm.ws.app.manager.AppMessageHelper                      I CWWKZ0018I: Starting application CharacterSheets.
[3/17/21, 18:27:57:790 EDT] 00000026 bm.ws.app.manager.war.internal.WARDeployedAppInfoFactoryImpl I CWWKZ0134I: The CharacterSheets application is using the loose application definition at the /home/ahayes5/cs/csc435/csc435Project/build/wlp/usr/servers/CharacterSheetsServer/apps/CharacterSheets.war.xml location.
[3/17/21, 18:27:57:829 EDT] 00000026 com.ibm.ws.webcontainer.osgi.webapp.WebGroup                 I SRVE0169I: Loading Web Module: Hello Servlet.
[3/17/21, 18:27:57:829 EDT] 00000026 com.ibm.ws.webcontainer                                      I SRVE0250I: Web Module Hello Servlet has been bound to default_host.
[3/17/21, 18:27:57:829 EDT] 00000026 com.ibm.ws.http.internal.VirtualHostImpl                     A CWWKT0016I: Web application available (default_host): http://172.25.0.1:9080/
[3/17/21, 18:27:57:837 EDT] 0000004d com.ibm.ws.session.WASSessionCore                            I SESN0176I: A new session context will be created for application key default_host/
[3/17/21, 18:27:57:838 EDT] 0000004d com.ibm.ws.util                                              I SESN0172I: The session manager is using the Java default SecureRandom implementation for session ID generation.
[3/17/21, 18:27:57:839 EDT] 0000004d com.ibm.ws.app.manager.AppMessageHelper                      A CWWKZ0003I: The application CharacterSheets updated in 0.049 seconds.
[3/17/21, 18:27:57:965 EDT] 0000003a com.ibm.ws.webcontainer.osgi.mbeans.PluginGenerator          I SRVE9103I: A configuration file for a web server plugin was automatically generated for this server at /home/ahayes5/cs/csc435/csc435Project/build/wlp/usr/servers/CharacterSheetsServer/logs/state/plugin-cfg.xml.
[3/17/21, 18:27:58:103 EDT] 00000026 com.ibm.ws.webcontainer.osgi.mbeans.PluginGenerator          I SRVE9103I: A configuration file for a web server plugin was automatically generated for this server at /home/ahayes5/cs/csc435/csc435Project/build/wlp/usr/servers/CharacterSheetsServer/logs/state/plugin-cfg.xml.
[3/17/21, 18:28:03:973 EDT] 00000036 com.ibm.ws.webcontainer.servlet                              I SRVE0242I: [CharacterSheets] [/] [LoginController]: Initialization successful.
[3/17/21, 18:28:04:074 EDT] 00000036 SystemErr                                                    R java.sql.SQLSyntaxErrorException: Access denied for user 'java'@'%' to database 'java'
[3/17/21, 18:28:04:074 EDT] 00000036 SystemErr                                                    R 	at com.mysql.cj.jdbc.exceptions.SQLError.createSQLException(SQLError.java:120)
[3/17/21, 18:28:04:074 EDT] 00000036 SystemErr                                                    R 	at com.mysql.cj.jdbc.exceptions.SQLExceptionsMapping.translateException(SQLExceptionsMapping.java:122)
[3/17/21, 18:28:04:075 EDT] 00000036 SystemErr                                                    R 	at com.mysql.cj.jdbc.ConnectionImpl.createNewIO(ConnectionImpl.java:833)
[3/17/21, 18:28:04:075 EDT] 00000036 SystemErr                                                    R 	at com.mysql.cj.jdbc.ConnectionImpl.<init>(ConnectionImpl.java:453)
[3/17/21, 18:28:04:075 EDT] 00000036 SystemErr                                                    R 	at com.mysql.cj.jdbc.ConnectionImpl.getInstance(ConnectionImpl.java:246)
[3/17/21, 18:28:04:075 EDT] 00000036 SystemErr                                                    R 	at com.mysql.cj.jdbc.NonRegisteringDriver.connect(NonRegisteringDriver.java:198)
[3/17/21, 18:28:04:075 EDT] 00000036 SystemErr                                                    R 	at java.sql/java.sql.DriverManager.getConnection(DriverManager.java:677)
[3/17/21, 18:28:04:075 EDT] 00000036 SystemErr                                                    R 	at java.sql/java.sql.DriverManager.getConnection(DriverManager.java:228)
[3/17/21, 18:28:04:075 EDT] 00000036 SystemErr                                                    R 	at Utils.connect(Utils.java:17)
[3/17/21, 18:28:04:075 EDT] 00000036 SystemErr                                                    R 	at UserModel.post(UserModel.java:19)
[3/17/21, 18:28:04:075 EDT] 00000036 SystemErr                                                    R 	at LoginController.doPost(LoginController.java:25)
[3/17/21, 18:28:04:075 EDT] 00000036 SystemErr                                                    R 	at javax.servlet.http.HttpServlet.service(HttpServlet.java:706)
[3/17/21, 18:28:04:075 EDT] 00000036 SystemErr                                                    R 	at javax.servlet.http.HttpServlet.service(HttpServlet.java:791)
[3/17/21, 18:28:04:075 EDT] 00000036 SystemErr                                                    R 	at com.ibm.ws.webcontainer.servlet.ServletWrapper.service(ServletWrapper.java:1257)
[3/17/21, 18:28:04:076 EDT] 00000036 SystemErr                                                    R 	at com.ibm.ws.webcontainer.servlet.ServletWrapper.handleRequest(ServletWrapper.java:745)
[3/17/21, 18:28:04:076 EDT] 00000036 SystemErr                                                    R 	at com.ibm.ws.webcontainer.servlet.ServletWrapper.handleRequest(ServletWrapper.java:442)
[3/17/21, 18:28:04:076 EDT] 00000036 SystemErr                                                    R 	at com.ibm.ws.webcontainer.filter.WebAppFilterChain.invokeTarget(WebAppFilterChain.java:182)
[3/17/21, 18:28:04:076 EDT] 00000036 SystemErr                                                    R 	at com.ibm.ws.webcontainer.filter.WebAppFilterChain.doFilter(WebAppFilterChain.java:78)
[3/17/21, 18:28:04:076 EDT] 00000036 SystemErr                                                    R 	at com.ibm.ws.webcontainer.filter.WebAppFilterManager.doFilter(WebAppFilterManager.java:1001)
[3/17/21, 18:28:04:076 EDT] 00000036 SystemErr                                                    R 	at com.ibm.ws.webcontainer.filter.WebAppFilterManager.invokeFilters(WebAppFilterManager.java:1139)
[3/17/21, 18:28:04:076 EDT] 00000036 SystemErr                                                    R 	at com.ibm.ws.webcontainer.webapp.WebApp.handleRequest(WebApp.java:5057)
[3/17/21, 18:28:04:076 EDT] 00000036 SystemErr                                                    R 	at com.ibm.ws.webcontainer.osgi.DynamicVirtualHost$2.handleRequest(DynamicVirtualHost.java:314)
[3/17/21, 18:28:04:076 EDT] 00000036 SystemErr                                                    R 	at com.ibm.ws.webcontainer.WebContainer.handleRequest(WebContainer.java:1005)
[3/17/21, 18:28:04:076 EDT] 00000036 SystemErr                                                    R 	at com.ibm.ws.webcontainer.osgi.DynamicVirtualHost$2.run(DynamicVirtualHost.java:279)
[3/17/21, 18:28:04:076 EDT] 00000036 SystemErr                                                    R 	at com.ibm.ws.http.dispatcher.internal.channel.HttpDispatcherLink$TaskWrapper.run(HttpDispatcherLink.java:1141)
[3/17/21, 18:28:04:076 EDT] 00000036 SystemErr                                                    R 	at com.ibm.ws.http.dispatcher.internal.channel.HttpDispatcherLink.wrapHandlerAndExecute(HttpDispatcherLink.java:422)
[3/17/21, 18:28:04:076 EDT] 00000036 SystemErr                                                    R 	at com.ibm.ws.http.dispatcher.internal.channel.HttpDispatcherLink.ready(HttpDispatcherLink.java:381)
[3/17/21, 18:28:04:076 EDT] 00000036 SystemErr                                                    R 	at com.ibm.ws.http.channel.internal.inbound.HttpInboundLink.handleDiscrimination(HttpInboundLink.java:565)
[3/17/21, 18:28:04:077 EDT] 00000036 SystemErr                                                    R 	at com.ibm.ws.http.channel.internal.inbound.HttpInboundLink.handleNewRequest(HttpInboundLink.java:499)
[3/17/21, 18:28:04:077 EDT] 00000036 SystemErr                                                    R 	at com.ibm.ws.http.channel.internal.inbound.HttpInboundLink.processRequest(HttpInboundLink.java:359)
[3/17/21, 18:28:04:077 EDT] 00000036 SystemErr                                                    R 	at com.ibm.ws.http.channel.internal.inbound.HttpInboundLink.ready(HttpInboundLink.java:326)
[3/17/21, 18:28:04:077 EDT] 00000036 SystemErr                                                    R 	at com.ibm.ws.tcpchannel.internal.NewConnectionInitialReadCallback.sendToDiscriminators(NewConnectionInitialReadCallback.java:167)
[3/17/21, 18:28:04:077 EDT] 00000036 SystemErr                                                    R 	at com.ibm.ws.tcpchannel.internal.NewConnectionInitialReadCallback.complete(NewConnectionInitialReadCallback.java:75)
[3/17/21, 18:28:04:077 EDT] 00000036 SystemErr                                                    R 	at com.ibm.ws.tcpchannel.internal.WorkQueueManager.requestComplete(WorkQueueManager.java:504)
[3/17/21, 18:28:04:077 EDT] 00000036 SystemErr                                                    R 	at com.ibm.ws.tcpchannel.internal.WorkQueueManager.attemptIO(WorkQueueManager.java:574)
[3/17/21, 18:28:04:077 EDT] 00000036 SystemErr                                                    R 	at com.ibm.ws.tcpchannel.internal.WorkQueueManager.workerRun(WorkQueueManager.java:958)
[3/17/21, 18:28:04:077 EDT] 00000036 SystemErr                                                    R 	at com.ibm.ws.tcpchannel.internal.WorkQueueManager$Worker.run(WorkQueueManager.java:1047)
[3/17/21, 18:28:04:077 EDT] 00000036 SystemErr                                                    R 	at com.ibm.ws.threading.internal.ExecutorServiceImpl$RunnableWrapper.run(ExecutorServiceImpl.java:239)
[3/17/21, 18:28:04:077 EDT] 00000036 SystemErr                                                    R 	at java.base/java.util.concurrent.ThreadPoolExecutor.runWorker(ThreadPoolExecutor.java:1130)
[3/17/21, 18:28:04:077 EDT] 00000036 SystemErr                                                    R 	at java.base/java.util.concurrent.ThreadPoolExecutor$Worker.run(ThreadPoolExecutor.java:630)
[3/17/21, 18:28:04:077 EDT] 00000036 SystemErr                                                    R 	at java.base/java.lang.Thread.run(Thread.java:832)
[3/17/21, 18:31:38:315 EDT] 00000037 com.ibm.ws.http.internal.VirtualHostImpl                     A CWWKT0017I: Web application removed (default_host): http://172.25.0.1:9080/
[3/17/21, 18:31:38:315 EDT] 00000037 com.ibm.ws.webcontainer.servlet                              I SRVE0253I: [CharacterSheets] [/] [LoginController]: Destroy successful.
[3/17/21, 18:31:38:316 EDT] 00000037 com.ibm.ws.app.manager.AppMessageHelper                      A CWWKZ0009I: The application CharacterSheets has stopped successfully.
[3/17/21, 18:31:38:318 EDT] 00000037 com.ibm.ws.app.manager.AppMessageHelper                      I CWWKZ0018I: Starting application CharacterSheets.
[3/17/21, 18:31:38:318 EDT] 00000037 bm.ws.app.manager.war.internal.WARDeployedAppInfoFactoryImpl I CWWKZ0134I: The CharacterSheets application is using the loose application definition at the /home/ahayes5/cs/csc435/csc435Project/build/wlp/usr/servers/CharacterSheetsServer/apps/CharacterSheets.war.xml location.
[3/17/21, 18:31:38:352 EDT] 00000037 com.ibm.ws.webcontainer.osgi.webapp.WebGroup                 I SRVE0169I: Loading Web Module: Hello Servlet.
[3/17/21, 18:31:38:352 EDT] 00000037 com.ibm.ws.webcontainer                                      I SRVE0250I: Web Module Hello Servlet has been bound to default_host.
[3/17/21, 18:31:38:352 EDT] 00000037 com.ibm.ws.http.internal.VirtualHostImpl                     A CWWKT0016I: Web application available (default_host): http://172.25.0.1:9080/
[3/17/21, 18:31:38:359 EDT] 00000034 com.ibm.ws.session.WASSessionCore                            I SESN0176I: A new session context will be created for application key default_host/
[3/17/21, 18:31:38:359 EDT] 00000034 com.ibm.ws.util                                              I SESN0172I: The session manager is using the Java default SecureRandom implementation for session ID generation.
[3/17/21, 18:31:38:361 EDT] 00000034 com.ibm.ws.app.manager.AppMessageHelper                      A CWWKZ0003I: The application CharacterSheets updated in 0.043 seconds.
[3/17/21, 18:31:38:724 EDT] 00000035 com.ibm.ws.webcontainer.osgi.mbeans.PluginGenerator          I SRVE9103I: A configuration file for a web server plugin was automatically generated for this server at /home/ahayes5/cs/csc435/csc435Project/build/wlp/usr/servers/CharacterSheetsServer/logs/state/plugin-cfg.xml.
[3/17/21, 18:31:38:836 EDT] 0000003b com.ibm.ws.webcontainer.osgi.mbeans.PluginGenerator          I SRVE9103I: A configuration file for a web server plugin was automatically generated for this server at /home/ahayes5/cs/csc435/csc435Project/build/wlp/usr/servers/CharacterSheetsServer/logs/state/plugin-cfg.xml.
[3/17/21, 18:31:46:734 EDT] 00000038 com.ibm.ws.http.internal.VirtualHostImpl                     A CWWKT0017I: Web application removed (default_host): http://172.25.0.1:9080/
[3/17/21, 18:31:46:735 EDT] 00000038 com.ibm.ws.app.manager.AppMessageHelper                      A CWWKZ0009I: The application CharacterSheets has stopped successfully.
[3/17/21, 18:31:46:737 EDT] 00000038 com.ibm.ws.app.manager.AppMessageHelper                      I CWWKZ0018I: Starting application CharacterSheets.
[3/17/21, 18:31:46:737 EDT] 00000038 bm.ws.app.manager.war.internal.WARDeployedAppInfoFactoryImpl I CWWKZ0134I: The CharacterSheets application is using the loose application definition at the /home/ahayes5/cs/csc435/csc435Project/build/wlp/usr/servers/CharacterSheetsServer/apps/CharacterSheets.war.xml location.
[3/17/21, 18:31:46:776 EDT] 00000038 com.ibm.ws.webcontainer.osgi.webapp.WebGroup                 I SRVE0169I: Loading Web Module: Hello Servlet.
[3/17/21, 18:31:46:776 EDT] 00000038 com.ibm.ws.webcontainer                                      I SRVE0250I: Web Module Hello Servlet has been bound to default_host.
[3/17/21, 18:31:46:776 EDT] 00000038 com.ibm.ws.http.internal.VirtualHostImpl                     A CWWKT0016I: Web application available (default_host): http://172.25.0.1:9080/
[3/17/21, 18:31:46:782 EDT] 00000044 com.ibm.ws.session.WASSessionCore                            I SESN0176I: A new session context will be created for application key default_host/
[3/17/21, 18:31:46:782 EDT] 00000044 com.ibm.ws.util                                              I SESN0172I: The session manager is using the Java default SecureRandom implementation for session ID generation.
[3/17/21, 18:31:46:783 EDT] 00000044 com.ibm.ws.app.manager.AppMessageHelper                      A CWWKZ0003I: The application CharacterSheets updated in 0.046 seconds.
[3/17/21, 18:31:46:889 EDT] 00000026 com.ibm.ws.webcontainer.osgi.mbeans.PluginGenerator          I SRVE9103I: A configuration file for a web server plugin was automatically generated for this server at /home/ahayes5/cs/csc435/csc435Project/build/wlp/usr/servers/CharacterSheetsServer/logs/state/plugin-cfg.xml.
[3/17/21, 18:31:46:997 EDT] 00000035 com.ibm.ws.webcontainer.osgi.mbeans.PluginGenerator          I SRVE9103I: A configuration file for a web server plugin was automatically generated for this server at /home/ahayes5/cs/csc435/csc435Project/build/wlp/usr/servers/CharacterSheetsServer/logs/state/plugin-cfg.xml.
[3/17/21, 18:32:51:335 EDT] 00000042 com.ibm.ws.webcontainer.servlet                              I SRVE0242I: [CharacterSheets] [/] [LoginController]: Initialization successful.
[3/17/21, 18:32:51:426 EDT] 00000042 SystemErr                                                    R java.sql.SQLException: Access denied for user 'java2'@'172.25.0.1' (using password: YES)
[3/17/21, 18:32:51:426 EDT] 00000042 SystemErr                                                    R 	at com.mysql.cj.jdbc.exceptions.SQLError.createSQLException(SQLError.java:129)
[3/17/21, 18:32:51:426 EDT] 00000042 SystemErr                                                    R 	at com.mysql.cj.jdbc.exceptions.SQLExceptionsMapping.translateException(SQLExceptionsMapping.java:122)
[3/17/21, 18:32:51:426 EDT] 00000042 SystemErr                                                    R 	at com.mysql.cj.jdbc.ConnectionImpl.createNewIO(ConnectionImpl.java:833)
[3/17/21, 18:32:51:426 EDT] 00000042 SystemErr                                                    R 	at com.mysql.cj.jdbc.ConnectionImpl.<init>(ConnectionImpl.java:453)
[3/17/21, 18:32:51:427 EDT] 00000042 SystemErr                                                    R 	at com.mysql.cj.jdbc.ConnectionImpl.getInstance(ConnectionImpl.java:246)
[3/17/21, 18:32:51:427 EDT] 00000042 SystemErr                                                    R 	at com.mysql.cj.jdbc.NonRegisteringDriver.connect(NonRegisteringDriver.java:198)
[3/17/21, 18:32:51:427 EDT] 00000042 SystemErr                                                    R 	at java.sql/java.sql.DriverManager.getConnection(DriverManager.java:677)
[3/17/21, 18:32:51:427 EDT] 00000042 SystemErr                                                    R 	at java.sql/java.sql.DriverManager.getConnection(DriverManager.java:228)
[3/17/21, 18:32:51:427 EDT] 00000042 SystemErr                                                    R 	at Utils.connect(Utils.java:17)
[3/17/21, 18:32:51:427 EDT] 00000042 SystemErr                                                    R 	at UserModel.post(UserModel.java:19)
[3/17/21, 18:32:51:427 EDT] 00000042 SystemErr                                                    R 	at LoginController.doPost(LoginController.java:25)
[3/17/21, 18:32:51:427 EDT] 00000042 SystemErr                                                    R 	at javax.servlet.http.HttpServlet.service(HttpServlet.java:706)
[3/17/21, 18:32:51:427 EDT] 00000042 SystemErr                                                    R 	at javax.servlet.http.HttpServlet.service(HttpServlet.java:791)
[3/17/21, 18:32:51:427 EDT] 00000042 SystemErr                                                    R 	at com.ibm.ws.webcontainer.servlet.ServletWrapper.service(ServletWrapper.java:1257)
[3/17/21, 18:32:51:427 EDT] 00000042 SystemErr                                                    R 	at com.ibm.ws.webcontainer.servlet.ServletWrapper.handleRequest(ServletWrapper.java:745)
[3/17/21, 18:32:51:427 EDT] 00000042 SystemErr                                                    R 	at com.ibm.ws.webcontainer.servlet.ServletWrapper.handleRequest(ServletWrapper.java:442)
[3/17/21, 18:32:51:427 EDT] 00000042 SystemErr                                                    R 	at com.ibm.ws.webcontainer.filter.WebAppFilterChain.invokeTarget(WebAppFilterChain.java:182)
[3/17/21, 18:32:51:427 EDT] 00000042 SystemErr                                                    R 	at com.ibm.ws.webcontainer.filter.WebAppFilterChain.doFilter(WebAppFilterChain.java:78)
[3/17/21, 18:32:51:427 EDT] 00000042 SystemErr                                                    R 	at com.ibm.ws.webcontainer.filter.WebAppFilterManager.doFilter(WebAppFilterManager.java:1001)
[3/17/21, 18:32:51:428 EDT] 00000042 SystemErr                                                    R 	at com.ibm.ws.webcontainer.filter.WebAppFilterManager.invokeFilters(WebAppFilterManager.java:1139)
[3/17/21, 18:32:51:428 EDT] 00000042 SystemErr                                                    R 	at com.ibm.ws.webcontainer.webapp.WebApp.handleRequest(WebApp.java:5057)
[3/17/21, 18:32:51:428 EDT] 00000042 SystemErr                                                    R 	at com.ibm.ws.webcontainer.osgi.DynamicVirtualHost$2.handleRequest(DynamicVirtualHost.java:314)
[3/17/21, 18:32:51:428 EDT] 00000042 SystemErr                                                    R 	at com.ibm.ws.webcontainer.WebContainer.handleRequest(WebContainer.java:1005)
[3/17/21, 18:32:51:428 EDT] 00000042 SystemErr                                                    R 	at com.ibm.ws.webcontainer.osgi.DynamicVirtualHost$2.run(DynamicVirtualHost.java:279)
[3/17/21, 18:32:51:428 EDT] 00000042 SystemErr                                                    R 	at com.ibm.ws.http.dispatcher.internal.channel.HttpDispatcherLink$TaskWrapper.run(HttpDispatcherLink.java:1141)
[3/17/21, 18:32:51:428 EDT] 00000042 SystemErr                                                    R 	at com.ibm.ws.http.dispatcher.internal.channel.HttpDispatcherLink.wrapHandlerAndExecute(HttpDispatcherLink.java:422)
[3/17/21, 18:32:51:428 EDT] 00000042 SystemErr                                                    R 	at com.ibm.ws.http.dispatcher.internal.channel.HttpDispatcherLink.ready(HttpDispatcherLink.java:381)
[3/17/21, 18:32:51:428 EDT] 00000042 SystemErr                                                    R 	at com.ibm.ws.http.channel.internal.inbound.HttpInboundLink.handleDiscrimination(HttpInboundLink.java:565)
[3/17/21, 18:32:51:428 EDT] 00000042 SystemErr                                                    R 	at com.ibm.ws.http.channel.internal.inbound.HttpInboundLink.handleNewRequest(HttpInboundLink.java:499)
[3/17/21, 18:32:51:428 EDT] 00000042 SystemErr                                                    R 	at com.ibm.ws.http.channel.internal.inbound.HttpInboundLink.processRequest(HttpInboundLink.java:359)
[3/17/21, 18:32:51:428 EDT] 00000042 SystemErr                                                    R 	at com.ibm.ws.http.channel.internal.inbound.HttpInboundLink.ready(HttpInboundLink.java:326)
[3/17/21, 18:32:51:428 EDT] 00000042 SystemErr                                                    R 	at com.ibm.ws.tcpchannel.internal.NewConnectionInitialReadCallback.sendToDiscriminators(NewConnectionInitialReadCallback.java:167)
[3/17/21, 18:32:51:428 EDT] 00000042 SystemErr                                                    R 	at com.ibm.ws.tcpchannel.internal.NewConnectionInitialReadCallback.complete(NewConnectionInitialReadCallback.java:75)
[3/17/21, 18:32:51:428 EDT] 00000042 SystemErr                                                    R 	at com.ibm.ws.tcpchannel.internal.WorkQueueManager.requestComplete(WorkQueueManager.java:504)
[3/17/21, 18:32:51:428 EDT] 00000042 SystemErr                                                    R 	at com.ibm.ws.tcpchannel.internal.WorkQueueManager.attemptIO(WorkQueueManager.java:574)
[3/17/21, 18:32:51:428 EDT] 00000042 SystemErr                                                    R 	at com.ibm.ws.tcpchannel.internal.WorkQueueManager.workerRun(WorkQueueManager.java:958)
[3/17/21, 18:32:51:428 EDT] 00000042 SystemErr                                                    R 	at com.ibm.ws.tcpchannel.internal.WorkQueueManager$Worker.run(WorkQueueManager.java:1047)
[3/17/21, 18:32:51:428 EDT] 00000042 SystemErr                                                    R 	at com.ibm.ws.threading.internal.ExecutorServiceImpl$RunnableWrapper.run(ExecutorServiceImpl.java:239)
[3/17/21, 18:32:51:429 EDT] 00000042 SystemErr                                                    R 	at java.base/java.util.concurrent.ThreadPoolExecutor.runWorker(ThreadPoolExecutor.java:1130)
[3/17/21, 18:32:51:429 EDT] 00000042 SystemErr                                                    R 	at java.base/java.util.concurrent.ThreadPoolExecutor$Worker.run(ThreadPoolExecutor.java:630)
[3/17/21, 18:32:51:429 EDT] 00000042 SystemErr                                                    R 	at java.base/java.lang.Thread.run(Thread.java:832)
[3/17/21, 18:33:44:206 EDT] 0000003a com.ibm.ws.http.internal.VirtualHostImpl                     A CWWKT0017I: Web application removed (default_host): http://172.25.0.1:9080/
[3/17/21, 18:33:44:206 EDT] 0000003a com.ibm.ws.webcontainer.servlet                              I SRVE0253I: [CharacterSheets] [/] [LoginController]: Destroy successful.
[3/17/21, 18:33:44:207 EDT] 0000003a com.ibm.ws.app.manager.AppMessageHelper                      A CWWKZ0009I: The application CharacterSheets has stopped successfully.
[3/17/21, 18:33:44:208 EDT] 0000003a com.ibm.ws.app.manager.AppMessageHelper                      I CWWKZ0018I: Starting application CharacterSheets.
[3/17/21, 18:33:44:208 EDT] 0000003a bm.ws.app.manager.war.internal.WARDeployedAppInfoFactoryImpl I CWWKZ0134I: The CharacterSheets application is using the loose application definition at the /home/ahayes5/cs/csc435/csc435Project/build/wlp/usr/servers/CharacterSheetsServer/apps/CharacterSheets.war.xml location.
[3/17/21, 18:33:44:241 EDT] 0000003a com.ibm.ws.webcontainer.osgi.webapp.WebGroup                 I SRVE0169I: Loading Web Module: Hello Servlet.
[3/17/21, 18:33:44:241 EDT] 0000003a com.ibm.ws.webcontainer                                      I SRVE0250I: Web Module Hello Servlet has been bound to default_host.
[3/17/21, 18:33:44:241 EDT] 0000003a com.ibm.ws.http.internal.VirtualHostImpl                     A CWWKT0016I: Web application available (default_host): http://172.25.0.1:9080/
[3/17/21, 18:33:44:247 EDT] 0000004f com.ibm.ws.session.WASSessionCore                            I SESN0176I: A new session context will be created for application key default_host/
[3/17/21, 18:33:44:247 EDT] 0000004f com.ibm.ws.util                                              I SESN0172I: The session manager is using the Java default SecureRandom implementation for session ID generation.
[3/17/21, 18:33:44:248 EDT] 0000004f com.ibm.ws.app.manager.AppMessageHelper                      A CWWKZ0003I: The application CharacterSheets updated in 0.040 seconds.
[3/17/21, 18:33:44:582 EDT] 00000042 com.ibm.ws.webcontainer.osgi.mbeans.PluginGenerator          I SRVE9103I: A configuration file for a web server plugin was automatically generated for this server at /home/ahayes5/cs/csc435/csc435Project/build/wlp/usr/servers/CharacterSheetsServer/logs/state/plugin-cfg.xml.
[3/17/21, 18:33:44:707 EDT] 00000037 com.ibm.ws.webcontainer.osgi.mbeans.PluginGenerator          I SRVE9103I: A configuration file for a web server plugin was automatically generated for this server at /home/ahayes5/cs/csc435/csc435Project/build/wlp/usr/servers/CharacterSheetsServer/logs/state/plugin-cfg.xml.
[3/17/21, 18:33:54:532 EDT] 00000015 com.ibm.ws.kernel.launch.internal.ServerCommandListener      A CWWKE0055I: Server shutdown requested on Wednesday, March 17, 2021 at 6:33 PM. The server CharacterSheetsServer is shutting down.
[3/17/21, 18:33:54:533 EDT] 00000054 com.ibm.ws.runtime.update.internal.RuntimeUpdateManagerImpl  A CWWKE1100I: Waiting for up to 30 seconds for the server to quiesce.
[3/17/21, 18:33:54:535 EDT] 00000040 com.ibm.ws.tcpchannel.internal.TCPChannel                    I CWWKO0220I: TCP Channel defaultHttpEndpoint has stopped listening for requests on host *  (IPv6) port 9080.
[3/17/21, 18:33:54:535 EDT] 00000040 com.ibm.ws.http.internal.VirtualHostImpl                     A CWWKT0017I: Web application removed (default_host): http://172.25.0.1:9080/
[3/17/21, 18:33:55:536 EDT] 00000054 com.ibm.ws.runtime.update.internal.RuntimeUpdateManagerImpl  I CWWKE1101I: Server quiesce complete.
[3/17/21, 18:33:55:543 EDT] 00000041 com.ibm.ws.app.manager.AppMessageHelper                      A CWWKZ0009I: The application CharacterSheets has stopped successfully.
[3/17/21, 18:33:55:923 EDT] 00000001 com.ibm.ws.kernel.launch.internal.FrameworkManager           A CWWKE0036I: The server CharacterSheetsServer stopped after 10 minutes, 0.832 seconds.
