********************************************************************************
product = Open Liberty 21.0.0.1 (wlp-1.0.48.cl210120210113-1459)
wlp.install.dir = /home/ahayes5/cs/csc435/csc435Project/build/wlp/
java.home = /usr/lib/jvm/java-15-openjdk
java.version = 15.0.2
java.runtime = OpenJDK Runtime Environment (15.0.2+7)
os = Linux (5.9.16-1-MANJARO; amd64) (en_US)
process = 134346@andrew-pc
********************************************************************************
[2/28/21, 12:38:42:267 EST] 00000001 com.ibm.ws.kernel.launch.internal.FrameworkManager           A CWWKE0001I: The server CharacterSheetsServer has been launched.
[2/28/21, 12:38:42:451 EST] 00000019 com.ibm.ws.config.xml.internal.ServerXMLConfiguration        A CWWKG0093A: Processing configuration drop-ins resource: /home/ahayes5/cs/csc435/csc435Project/build/wlp/usr/servers/CharacterSheetsServer/configDropins/defaults/install_apps_configuration_1491924271.xml
[2/28/21, 12:38:42:533 EST] 00000001 com.ibm.ws.kernel.launch.internal.FrameworkManager           I CWWKE0002I: The kernel started after 0.367 seconds
[2/28/21, 12:38:42:537 EST] 00000024 com.ibm.ws.kernel.feature.internal.FeatureManager            I CWWKF0007I: Feature update started.
[2/28/21, 12:38:42:599 EST] 0000001b com.ibm.ws.app.manager.internal.monitor.DropinMonitor        A CWWKZ0058I: Monitoring dropins for applications.
[2/28/21, 12:38:42:611 EST] 00000020 com.ibm.ws.app.manager.AppMessageHelper                      E CWWKZ0013E: It is not possible to start two applications called CharacterSheets.
[2/28/21, 12:38:42:941 EST] 0000002a com.ibm.ws.app.manager.AppMessageHelper                      I CWWKZ0018I: Starting application CharacterSheets.
[2/28/21, 12:38:42:941 EST] 0000002a bm.ws.app.manager.war.internal.WARDeployedAppInfoFactoryImpl I CWWKZ0134I: The CharacterSheets application is using the loose application definition at the /home/ahayes5/cs/csc435/csc435Project/build/wlp/usr/servers/CharacterSheetsServer/apps/CharacterSheets.war.xml location.
[2/28/21, 12:38:43:165 EST] 0000002a com.ibm.ws.session.WASSessionCore                            I SESN8501I: The session manager did not find a persistent storage location; HttpSession objects will be stored in the local application server's memory.
[2/28/21, 12:38:43:171 EST] 0000002a com.ibm.ws.webcontainer.osgi.webapp.WebGroup                 I SRVE0169I: Loading Web Module: Hello Servlet.
[2/28/21, 12:38:43:173 EST] 0000002a com.ibm.ws.webcontainer                                      I SRVE0250I: Web Module Hello Servlet has been bound to default_host.
[2/28/21, 12:38:43:173 EST] 0000002a com.ibm.ws.http.internal.VirtualHostImpl                     A CWWKT0016I: Web application available (default_host): http://andrew-pc.local:9080/
[2/28/21, 12:38:43:209 EST] 00000031 com.ibm.ws.session.WASSessionCore                            I SESN0176I: A new session context will be created for application key default_host/
[2/28/21, 12:38:43:212 EST] 00000031 com.ibm.ws.util                                              I SESN0172I: The session manager is using the Java default SecureRandom implementation for session ID generation.
[2/28/21, 12:38:43:215 EST] 00000032 com.ibm.ws.webcontainer.osgi.mbeans.PluginGenerator          I SRVE9103I: A configuration file for a web server plugin was automatically generated for this server at /home/ahayes5/cs/csc435/csc435Project/build/wlp/usr/servers/CharacterSheetsServer/logs/state/plugin-cfg.xml.
[2/28/21, 12:38:43:221 EST] 00000031 com.ibm.ws.app.manager.AppMessageHelper                      A CWWKZ0001I: Application CharacterSheets started in 0.280 seconds.
[2/28/21, 12:38:43:228 EST] 00000024 com.ibm.ws.tcpchannel.internal.TCPPort                       I CWWKO0219I: TCP Channel defaultHttpEndpoint has been started and is now listening for requests on host *  (IPv6) port 9080.
[2/28/21, 12:38:43:231 EST] 00000024 com.ibm.ws.kernel.feature.internal.FeatureManager            A CWWKF0012I: The server installed the following features: [servlet-4.0].
[2/28/21, 12:38:43:232 EST] 00000024 com.ibm.ws.kernel.feature.internal.FeatureManager            I CWWKF0008I: Feature update completed in 0.698 seconds.
[2/28/21, 12:38:43:232 EST] 00000024 com.ibm.ws.kernel.feature.internal.FeatureManager            A CWWKF0011I: The CharacterSheetsServer server is ready to run a smarter planet. The CharacterSheetsServer server started in 1.066 seconds.
[2/28/21, 12:39:19:698 EST] 0000003d com.ibm.ws.webcontainer.servlet                              I SRVE0242I: [CharacterSheets] [/] [LoginPageServlet]: Initialization successful.
[2/28/21, 12:39:19:708 EST] 0000003d SystemOut                                                    O VALID LOGIN
[2/28/21, 12:39:19:716 EST] 0000003e com.ibm.ws.webcontainer.servlet                              I SRVE0242I: [CharacterSheets] [/] [CharactersServlet]: Initialization successful.
[2/28/21, 12:39:19:716 EST] 0000003e SystemOut                                                    O POST
[2/28/21, 12:39:19:718 EST] 0000003e SystemOut                                                    O LSIT CRREATED
[2/28/21, 12:39:19:738 EST] 00000042 SystemOut                                                    O -2147483648
[2/28/21, 12:39:19:739 EST] 00000042 SystemOut                                                    O ID: -2147483648
[2/28/21, 12:44:32:137 EST] 0000002a com.ibm.ws.http.internal.VirtualHostImpl                     A CWWKT0017I: Web application removed (default_host): http://andrew-pc.local:9080/
[2/28/21, 12:44:32:138 EST] 0000002a com.ibm.ws.webcontainer.servlet                              I SRVE0253I: [CharacterSheets] [/] [CharactersServlet]: Destroy successful.
[2/28/21, 12:44:32:138 EST] 0000002a com.ibm.ws.webcontainer.servlet                              I SRVE0253I: [CharacterSheets] [/] [LoginPageServlet]: Destroy successful.
[2/28/21, 12:44:32:143 EST] 0000002a com.ibm.ws.app.manager.AppMessageHelper                      A CWWKZ0009I: The application CharacterSheets has stopped successfully.
[2/28/21, 12:44:32:147 EST] 0000002a com.ibm.ws.app.manager.AppMessageHelper                      I CWWKZ0018I: Starting application CharacterSheets.
[2/28/21, 12:44:32:147 EST] 0000002a bm.ws.app.manager.war.internal.WARDeployedAppInfoFactoryImpl I CWWKZ0134I: The CharacterSheets application is using the loose application definition at the /home/ahayes5/cs/csc435/csc435Project/build/wlp/usr/servers/CharacterSheetsServer/apps/CharacterSheets.war.xml location.
[2/28/21, 12:44:32:228 EST] 0000002a com.ibm.ws.webcontainer.osgi.webapp.WebGroup                 I SRVE0169I: Loading Web Module: Hello Servlet.
[2/28/21, 12:44:32:228 EST] 0000002a com.ibm.ws.webcontainer                                      I SRVE0250I: Web Module Hello Servlet has been bound to default_host.
[2/28/21, 12:44:32:229 EST] 0000002a com.ibm.ws.http.internal.VirtualHostImpl                     A CWWKT0016I: Web application available (default_host): http://andrew-pc.local:9080/
[2/28/21, 12:44:32:236 EST] 00000034 com.ibm.ws.session.WASSessionCore                            I SESN0176I: A new session context will be created for application key default_host/
[2/28/21, 12:44:32:236 EST] 00000034 com.ibm.ws.util                                              I SESN0172I: The session manager is using the Java default SecureRandom implementation for session ID generation.
[2/28/21, 12:44:32:238 EST] 00000034 com.ibm.ws.app.manager.AppMessageHelper                      A CWWKZ0003I: The application CharacterSheets updated in 0.091 seconds.
[2/28/21, 12:44:32:529 EST] 00000035 com.ibm.ws.webcontainer.osgi.mbeans.PluginGenerator          I SRVE9103I: A configuration file for a web server plugin was automatically generated for this server at /home/ahayes5/cs/csc435/csc435Project/build/wlp/usr/servers/CharacterSheetsServer/logs/state/plugin-cfg.xml.
[2/28/21, 12:44:32:602 EST] 0000003b com.ibm.ws.webcontainer.osgi.mbeans.PluginGenerator          I SRVE9103I: A configuration file for a web server plugin was automatically generated for this server at /home/ahayes5/cs/csc435/csc435Project/build/wlp/usr/servers/CharacterSheetsServer/logs/state/plugin-cfg.xml.
[2/28/21, 12:44:37:077 EST] 00000033 com.ibm.ws.http.internal.VirtualHostImpl                     A CWWKT0017I: Web application removed (default_host): http://andrew-pc.local:9080/
[2/28/21, 12:44:37:079 EST] 00000033 com.ibm.ws.app.manager.AppMessageHelper                      A CWWKZ0009I: The application CharacterSheets has stopped successfully.
[2/28/21, 12:44:37:081 EST] 00000033 com.ibm.ws.app.manager.AppMessageHelper                      I CWWKZ0018I: Starting application CharacterSheets.
[2/28/21, 12:44:37:081 EST] 00000033 bm.ws.app.manager.war.internal.WARDeployedAppInfoFactoryImpl I CWWKZ0134I: The CharacterSheets application is using the loose application definition at the /home/ahayes5/cs/csc435/csc435Project/build/wlp/usr/servers/CharacterSheetsServer/apps/CharacterSheets.war.xml location.
[2/28/21, 12:44:37:145 EST] 00000033 com.ibm.ws.webcontainer.osgi.webapp.WebGroup                 I SRVE0169I: Loading Web Module: Hello Servlet.
[2/28/21, 12:44:37:145 EST] 00000033 com.ibm.ws.webcontainer                                      I SRVE0250I: Web Module Hello Servlet has been bound to default_host.
[2/28/21, 12:44:37:145 EST] 00000033 com.ibm.ws.http.internal.VirtualHostImpl                     A CWWKT0016I: Web application available (default_host): http://andrew-pc.local:9080/
[2/28/21, 12:44:37:152 EST] 00000034 com.ibm.ws.session.WASSessionCore                            I SESN0176I: A new session context will be created for application key default_host/
[2/28/21, 12:44:37:152 EST] 00000034 com.ibm.ws.util                                              I SESN0172I: The session manager is using the Java default SecureRandom implementation for session ID generation.
[2/28/21, 12:44:37:154 EST] 00000034 com.ibm.ws.app.manager.AppMessageHelper                      A CWWKZ0003I: The application CharacterSheets updated in 0.073 seconds.
[2/28/21, 12:44:37:256 EST] 0000003d com.ibm.ws.webcontainer.osgi.mbeans.PluginGenerator          I SRVE9103I: A configuration file for a web server plugin was automatically generated for this server at /home/ahayes5/cs/csc435/csc435Project/build/wlp/usr/servers/CharacterSheetsServer/logs/state/plugin-cfg.xml.
[2/28/21, 12:44:37:358 EST] 00000035 com.ibm.ws.webcontainer.osgi.mbeans.PluginGenerator          I SRVE9103I: A configuration file for a web server plugin was automatically generated for this server at /home/ahayes5/cs/csc435/csc435Project/build/wlp/usr/servers/CharacterSheetsServer/logs/state/plugin-cfg.xml.
[2/28/21, 12:45:37:536 EST] 0000003a com.ibm.ws.http.internal.VirtualHostImpl                     A CWWKT0017I: Web application removed (default_host): http://andrew-pc.local:9080/
[2/28/21, 12:45:37:537 EST] 0000003a com.ibm.ws.app.manager.AppMessageHelper                      A CWWKZ0009I: The application CharacterSheets has stopped successfully.
[2/28/21, 12:45:37:539 EST] 0000003a com.ibm.ws.app.manager.AppMessageHelper                      I CWWKZ0018I: Starting application CharacterSheets.
[2/28/21, 12:45:37:539 EST] 0000003a bm.ws.app.manager.war.internal.WARDeployedAppInfoFactoryImpl I CWWKZ0134I: The CharacterSheets application is using the loose application definition at the /home/ahayes5/cs/csc435/csc435Project/build/wlp/usr/servers/CharacterSheetsServer/apps/CharacterSheets.war.xml location.
[2/28/21, 12:45:37:621 EST] 0000003a com.ibm.ws.webcontainer.osgi.webapp.WebGroup                 I SRVE0169I: Loading Web Module: Hello Servlet.
[2/28/21, 12:45:37:621 EST] 0000003a com.ibm.ws.webcontainer                                      I SRVE0250I: Web Module Hello Servlet has been bound to default_host.
[2/28/21, 12:45:37:621 EST] 0000003a com.ibm.ws.http.internal.VirtualHostImpl                     A CWWKT0016I: Web application available (default_host): http://andrew-pc.local:9080/
[2/28/21, 12:45:37:629 EST] 0000003f com.ibm.ws.session.WASSessionCore                            I SESN0176I: A new session context will be created for application key default_host/
[2/28/21, 12:45:37:630 EST] 0000003f com.ibm.ws.util                                              I SESN0172I: The session manager is using the Java default SecureRandom implementation for session ID generation.
[2/28/21, 12:45:37:631 EST] 0000003f com.ibm.ws.app.manager.AppMessageHelper                      A CWWKZ0003I: The application CharacterSheets updated in 0.092 seconds.
[2/28/21, 12:45:37:915 EST] 0000002d com.ibm.ws.webcontainer.osgi.mbeans.PluginGenerator          I SRVE9103I: A configuration file for a web server plugin was automatically generated for this server at /home/ahayes5/cs/csc435/csc435Project/build/wlp/usr/servers/CharacterSheetsServer/logs/state/plugin-cfg.xml.
[2/28/21, 12:45:38:162 EST] 00000031 com.ibm.ws.webcontainer.osgi.mbeans.PluginGenerator          I SRVE9103I: A configuration file for a web server plugin was automatically generated for this server at /home/ahayes5/cs/csc435/csc435Project/build/wlp/usr/servers/CharacterSheetsServer/logs/state/plugin-cfg.xml.
[2/28/21, 12:52:07:676 EST] 0000002a com.ibm.ws.http.internal.VirtualHostImpl                     A CWWKT0017I: Web application removed (default_host): http://andrew-pc.local:9080/
[2/28/21, 12:52:07:677 EST] 0000002a com.ibm.ws.app.manager.AppMessageHelper                      A CWWKZ0009I: The application CharacterSheets has stopped successfully.
[2/28/21, 12:52:07:678 EST] 0000002a com.ibm.ws.app.manager.AppMessageHelper                      I CWWKZ0018I: Starting application CharacterSheets.
[2/28/21, 12:52:07:679 EST] 0000002a bm.ws.app.manager.war.internal.WARDeployedAppInfoFactoryImpl I CWWKZ0134I: The CharacterSheets application is using the loose application definition at the /home/ahayes5/cs/csc435/csc435Project/build/wlp/usr/servers/CharacterSheetsServer/apps/CharacterSheets.war.xml location.
[2/28/21, 12:52:07:722 EST] 0000002a com.ibm.ws.webcontainer.osgi.webapp.WebGroup                 I SRVE0169I: Loading Web Module: Hello Servlet.
[2/28/21, 12:52:07:722 EST] 0000002a com.ibm.ws.webcontainer                                      I SRVE0250I: Web Module Hello Servlet has been bound to default_host.
[2/28/21, 12:52:07:723 EST] 0000002a com.ibm.ws.http.internal.VirtualHostImpl                     A CWWKT0016I: Web application available (default_host): http://andrew-pc.local:9080/
[2/28/21, 12:52:07:727 EST] 00000026 com.ibm.ws.session.WASSessionCore                            I SESN0176I: A new session context will be created for application key default_host/
[2/28/21, 12:52:07:727 EST] 00000026 com.ibm.ws.util                                              I SESN0172I: The session manager is using the Java default SecureRandom implementation for session ID generation.
[2/28/21, 12:52:07:728 EST] 00000026 com.ibm.ws.app.manager.AppMessageHelper                      A CWWKZ0003I: The application CharacterSheets updated in 0.050 seconds.
[2/28/21, 12:52:08:060 EST] 00000033 com.ibm.ws.webcontainer.osgi.mbeans.PluginGenerator          I SRVE9103I: A configuration file for a web server plugin was automatically generated for this server at /home/ahayes5/cs/csc435/csc435Project/build/wlp/usr/servers/CharacterSheetsServer/logs/state/plugin-cfg.xml.
[2/28/21, 12:52:08:278 EST] 0000003a com.ibm.ws.webcontainer.osgi.mbeans.PluginGenerator          I SRVE9103I: A configuration file for a web server plugin was automatically generated for this server at /home/ahayes5/cs/csc435/csc435Project/build/wlp/usr/servers/CharacterSheetsServer/logs/state/plugin-cfg.xml.
[2/28/21, 12:52:11:094 EST] 00000039 com.ibm.ws.http.internal.VirtualHostImpl                     A CWWKT0017I: Web application removed (default_host): http://andrew-pc.local:9080/
[2/28/21, 12:52:11:096 EST] 00000039 com.ibm.ws.app.manager.AppMessageHelper                      A CWWKZ0009I: The application CharacterSheets has stopped successfully.
[2/28/21, 12:52:11:098 EST] 00000039 com.ibm.ws.app.manager.AppMessageHelper                      I CWWKZ0018I: Starting application CharacterSheets.
[2/28/21, 12:52:11:098 EST] 00000039 bm.ws.app.manager.war.internal.WARDeployedAppInfoFactoryImpl I CWWKZ0134I: The CharacterSheets application is using the loose application definition at the /home/ahayes5/cs/csc435/csc435Project/build/wlp/usr/servers/CharacterSheetsServer/apps/CharacterSheets.war.xml location.
[2/28/21, 12:52:11:144 EST] 00000039 com.ibm.ws.webcontainer.osgi.webapp.WebGroup                 I SRVE0169I: Loading Web Module: Hello Servlet.
[2/28/21, 12:52:11:144 EST] 00000039 com.ibm.ws.webcontainer                                      I SRVE0250I: Web Module Hello Servlet has been bound to default_host.
[2/28/21, 12:52:11:144 EST] 00000039 com.ibm.ws.http.internal.VirtualHostImpl                     A CWWKT0016I: Web application available (default_host): http://andrew-pc.local:9080/
[2/28/21, 12:52:11:149 EST] 00000033 com.ibm.ws.session.WASSessionCore                            I SESN0176I: A new session context will be created for application key default_host/
[2/28/21, 12:52:11:150 EST] 00000033 com.ibm.ws.util                                              I SESN0172I: The session manager is using the Java default SecureRandom implementation for session ID generation.
[2/28/21, 12:52:11:151 EST] 00000033 com.ibm.ws.app.manager.AppMessageHelper                      A CWWKZ0003I: The application CharacterSheets updated in 0.053 seconds.
[2/28/21, 12:52:11:250 EST] 00000041 com.ibm.ws.webcontainer.osgi.mbeans.PluginGenerator          I SRVE9103I: A configuration file for a web server plugin was automatically generated for this server at /home/ahayes5/cs/csc435/csc435Project/build/wlp/usr/servers/CharacterSheetsServer/logs/state/plugin-cfg.xml.
[2/28/21, 12:52:11:355 EST] 00000037 com.ibm.ws.webcontainer.osgi.mbeans.PluginGenerator          I SRVE9103I: A configuration file for a web server plugin was automatically generated for this server at /home/ahayes5/cs/csc435/csc435Project/build/wlp/usr/servers/CharacterSheetsServer/logs/state/plugin-cfg.xml.
[2/28/21, 12:52:40:529 EST] 0000002d com.ibm.ws.http.internal.VirtualHostImpl                     A CWWKT0017I: Web application removed (default_host): http://andrew-pc.local:9080/
[2/28/21, 12:52:40:531 EST] 0000002d com.ibm.ws.app.manager.AppMessageHelper                      A CWWKZ0009I: The application CharacterSheets has stopped successfully.
[2/28/21, 12:52:40:532 EST] 0000002d com.ibm.ws.app.manager.AppMessageHelper                      I CWWKZ0018I: Starting application CharacterSheets.
[2/28/21, 12:52:40:532 EST] 0000002d bm.ws.app.manager.war.internal.WARDeployedAppInfoFactoryImpl I CWWKZ0134I: The CharacterSheets application is using the loose application definition at the /home/ahayes5/cs/csc435/csc435Project/build/wlp/usr/servers/CharacterSheetsServer/apps/CharacterSheets.war.xml location.
[2/28/21, 12:52:40:575 EST] 0000002d com.ibm.ws.webcontainer.osgi.webapp.WebGroup                 I SRVE0169I: Loading Web Module: Hello Servlet.
[2/28/21, 12:52:40:575 EST] 0000002d com.ibm.ws.webcontainer                                      I SRVE0250I: Web Module Hello Servlet has been bound to default_host.
[2/28/21, 12:52:40:575 EST] 0000002d com.ibm.ws.http.internal.VirtualHostImpl                     A CWWKT0016I: Web application available (default_host): http://andrew-pc.local:9080/
[2/28/21, 12:52:40:579 EST] 00000040 com.ibm.ws.session.WASSessionCore                            I SESN0176I: A new session context will be created for application key default_host/
[2/28/21, 12:52:40:579 EST] 00000040 com.ibm.ws.util                                              I SESN0172I: The session manager is using the Java default SecureRandom implementation for session ID generation.
[2/28/21, 12:52:40:580 EST] 00000040 com.ibm.ws.app.manager.AppMessageHelper                      A CWWKZ0003I: The application CharacterSheets updated in 0.048 seconds.
[2/28/21, 12:52:40:747 EST] 00000032 com.ibm.ws.webcontainer.osgi.mbeans.PluginGenerator          I SRVE9103I: A configuration file for a web server plugin was automatically generated for this server at /home/ahayes5/cs/csc435/csc435Project/build/wlp/usr/servers/CharacterSheetsServer/logs/state/plugin-cfg.xml.
[2/28/21, 12:52:40:913 EST] 0000003a com.ibm.ws.webcontainer.osgi.mbeans.PluginGenerator          I SRVE9103I: A configuration file for a web server plugin was automatically generated for this server at /home/ahayes5/cs/csc435/csc435Project/build/wlp/usr/servers/CharacterSheetsServer/logs/state/plugin-cfg.xml.
[2/28/21, 12:59:57:186 EST] 00000026 com.ibm.ws.http.internal.VirtualHostImpl                     A CWWKT0017I: Web application removed (default_host): http://andrew-pc.local:9080/
[2/28/21, 12:59:57:187 EST] 00000026 com.ibm.ws.app.manager.AppMessageHelper                      A CWWKZ0009I: The application CharacterSheets has stopped successfully.
[2/28/21, 12:59:57:188 EST] 00000026 com.ibm.ws.app.manager.AppMessageHelper                      I CWWKZ0018I: Starting application CharacterSheets.
[2/28/21, 12:59:57:189 EST] 00000026 bm.ws.app.manager.war.internal.WARDeployedAppInfoFactoryImpl I CWWKZ0134I: The CharacterSheets application is using the loose application definition at the /home/ahayes5/cs/csc435/csc435Project/build/wlp/usr/servers/CharacterSheetsServer/apps/CharacterSheets.war.xml location.
[2/28/21, 12:59:57:228 EST] 00000026 com.ibm.ws.webcontainer.osgi.webapp.WebGroup                 I SRVE0169I: Loading Web Module: Hello Servlet.
[2/28/21, 12:59:57:228 EST] 00000026 com.ibm.ws.webcontainer                                      I SRVE0250I: Web Module Hello Servlet has been bound to default_host.
[2/28/21, 12:59:57:228 EST] 00000026 com.ibm.ws.http.internal.VirtualHostImpl                     A CWWKT0016I: Web application available (default_host): http://andrew-pc.local:9080/
[2/28/21, 12:59:57:235 EST] 0000003e com.ibm.ws.session.WASSessionCore                            I SESN0176I: A new session context will be created for application key default_host/
[2/28/21, 12:59:57:235 EST] 0000003e com.ibm.ws.util                                              I SESN0172I: The session manager is using the Java default SecureRandom implementation for session ID generation.
[2/28/21, 12:59:57:236 EST] 0000003e com.ibm.ws.app.manager.AppMessageHelper                      A CWWKZ0003I: The application CharacterSheets updated in 0.048 seconds.
[2/28/21, 12:59:57:522 EST] 00000033 com.ibm.ws.webcontainer.osgi.mbeans.PluginGenerator          I SRVE9103I: A configuration file for a web server plugin was automatically generated for this server at /home/ahayes5/cs/csc435/csc435Project/build/wlp/usr/servers/CharacterSheetsServer/logs/state/plugin-cfg.xml.
[2/28/21, 12:59:57:614 EST] 00000024 com.ibm.ws.webcontainer.osgi.mbeans.PluginGenerator          I SRVE9103I: A configuration file for a web server plugin was automatically generated for this server at /home/ahayes5/cs/csc435/csc435Project/build/wlp/usr/servers/CharacterSheetsServer/logs/state/plugin-cfg.xml.
[2/28/21, 13:01:37:658 EST] 00000036 com.ibm.ws.http.internal.VirtualHostImpl                     A CWWKT0017I: Web application removed (default_host): http://andrew-pc.local:9080/
[2/28/21, 13:01:37:660 EST] 00000036 com.ibm.ws.app.manager.AppMessageHelper                      A CWWKZ0009I: The application CharacterSheets has stopped successfully.
[2/28/21, 13:01:37:663 EST] 00000036 com.ibm.ws.app.manager.AppMessageHelper                      I CWWKZ0018I: Starting application CharacterSheets.
[2/28/21, 13:01:37:663 EST] 00000036 bm.ws.app.manager.war.internal.WARDeployedAppInfoFactoryImpl I CWWKZ0134I: The CharacterSheets application is using the loose application definition at the /home/ahayes5/cs/csc435/csc435Project/build/wlp/usr/servers/CharacterSheetsServer/apps/CharacterSheets.war.xml location.
[2/28/21, 13:01:37:713 EST] 00000036 com.ibm.ws.webcontainer.osgi.webapp.WebGroup                 I SRVE0169I: Loading Web Module: Hello Servlet.
[2/28/21, 13:01:37:713 EST] 00000036 com.ibm.ws.webcontainer                                      I SRVE0250I: Web Module Hello Servlet has been bound to default_host.
[2/28/21, 13:01:37:713 EST] 00000036 com.ibm.ws.http.internal.VirtualHostImpl                     A CWWKT0016I: Web application available (default_host): http://andrew-pc.local:9080/
[2/28/21, 13:01:37:719 EST] 0000003b com.ibm.ws.session.WASSessionCore                            I SESN0176I: A new session context will be created for application key default_host/
[2/28/21, 13:01:37:720 EST] 0000003b com.ibm.ws.util                                              I SESN0172I: The session manager is using the Java default SecureRandom implementation for session ID generation.
[2/28/21, 13:01:37:721 EST] 0000003b com.ibm.ws.app.manager.AppMessageHelper                      A CWWKZ0003I: The application CharacterSheets updated in 0.058 seconds.
[2/28/21, 13:01:37:779 EST] 0000002a com.ibm.ws.webcontainer.osgi.mbeans.PluginGenerator          I SRVE9103I: A configuration file for a web server plugin was automatically generated for this server at /home/ahayes5/cs/csc435/csc435Project/build/wlp/usr/servers/CharacterSheetsServer/logs/state/plugin-cfg.xml.
[2/28/21, 13:01:37:863 EST] 00000026 com.ibm.ws.webcontainer.osgi.mbeans.PluginGenerator          I SRVE9103I: A configuration file for a web server plugin was automatically generated for this server at /home/ahayes5/cs/csc435/csc435Project/build/wlp/usr/servers/CharacterSheetsServer/logs/state/plugin-cfg.xml.
[2/28/21, 13:04:39:179 EST] 00000030 com.ibm.ws.http.internal.VirtualHostImpl                     A CWWKT0017I: Web application removed (default_host): http://andrew-pc.local:9080/
[2/28/21, 13:04:39:181 EST] 00000030 com.ibm.ws.app.manager.AppMessageHelper                      A CWWKZ0009I: The application CharacterSheets has stopped successfully.
[2/28/21, 13:04:39:183 EST] 00000030 com.ibm.ws.app.manager.AppMessageHelper                      I CWWKZ0018I: Starting application CharacterSheets.
[2/28/21, 13:04:39:183 EST] 00000030 bm.ws.app.manager.war.internal.WARDeployedAppInfoFactoryImpl I CWWKZ0134I: The CharacterSheets application is using the loose application definition at the /home/ahayes5/cs/csc435/csc435Project/build/wlp/usr/servers/CharacterSheetsServer/apps/CharacterSheets.war.xml location.
[2/28/21, 13:04:39:236 EST] 00000030 com.ibm.ws.webcontainer.osgi.webapp.WebGroup                 I SRVE0169I: Loading Web Module: Hello Servlet.
[2/28/21, 13:04:39:237 EST] 00000030 com.ibm.ws.webcontainer                                      I SRVE0250I: Web Module Hello Servlet has been bound to default_host.
[2/28/21, 13:04:39:237 EST] 00000030 com.ibm.ws.http.internal.VirtualHostImpl                     A CWWKT0016I: Web application available (default_host): http://andrew-pc.local:9080/
[2/28/21, 13:04:39:239 EST] 0000003e com.ibm.ws.session.WASSessionCore                            I SESN0176I: A new session context will be created for application key default_host/
[2/28/21, 13:04:39:240 EST] 0000003e com.ibm.ws.util                                              I SESN0172I: The session manager is using the Java default SecureRandom implementation for session ID generation.
[2/28/21, 13:04:39:241 EST] 0000003e com.ibm.ws.app.manager.AppMessageHelper                      A CWWKZ0003I: The application CharacterSheets updated in 0.058 seconds.
[2/28/21, 13:04:39:548 EST] 0000002a com.ibm.ws.webcontainer.osgi.mbeans.PluginGenerator          I SRVE9103I: A configuration file for a web server plugin was automatically generated for this server at /home/ahayes5/cs/csc435/csc435Project/build/wlp/usr/servers/CharacterSheetsServer/logs/state/plugin-cfg.xml.
[2/28/21, 13:04:39:657 EST] 00000034 com.ibm.ws.webcontainer.osgi.mbeans.PluginGenerator          I SRVE9103I: A configuration file for a web server plugin was automatically generated for this server at /home/ahayes5/cs/csc435/csc435Project/build/wlp/usr/servers/CharacterSheetsServer/logs/state/plugin-cfg.xml.
[2/28/21, 13:21:47:641 EST] 00000036 com.ibm.ws.http.internal.VirtualHostImpl                     A CWWKT0017I: Web application removed (default_host): http://andrew-pc.local:9080/
[2/28/21, 13:21:47:642 EST] 00000036 com.ibm.ws.app.manager.AppMessageHelper                      A CWWKZ0009I: The application CharacterSheets has stopped successfully.
[2/28/21, 13:21:47:643 EST] 00000036 com.ibm.ws.app.manager.AppMessageHelper                      I CWWKZ0018I: Starting application CharacterSheets.
[2/28/21, 13:21:47:643 EST] 00000036 bm.ws.app.manager.war.internal.WARDeployedAppInfoFactoryImpl I CWWKZ0134I: The CharacterSheets application is using the loose application definition at the /home/ahayes5/cs/csc435/csc435Project/build/wlp/usr/servers/CharacterSheetsServer/apps/CharacterSheets.war.xml location.
[2/28/21, 13:21:47:675 EST] 00000036 com.ibm.ws.webcontainer.osgi.webapp.WebGroup                 I SRVE0169I: Loading Web Module: Hello Servlet.
[2/28/21, 13:21:47:675 EST] 00000036 com.ibm.ws.webcontainer                                      I SRVE0250I: Web Module Hello Servlet has been bound to default_host.
[2/28/21, 13:21:47:676 EST] 00000036 com.ibm.ws.http.internal.VirtualHostImpl                     A CWWKT0016I: Web application available (default_host): http://andrew-pc.local:9080/
[2/28/21, 13:21:47:676 EST] 00000030 com.ibm.ws.session.WASSessionCore                            I SESN0176I: A new session context will be created for application key default_host/
[2/28/21, 13:21:47:676 EST] 00000030 com.ibm.ws.util                                              I SESN0172I: The session manager is using the Java default SecureRandom implementation for session ID generation.
[2/28/21, 13:21:47:677 EST] 00000030 com.ibm.ws.app.manager.AppMessageHelper                      A CWWKZ0003I: The application CharacterSheets updated in 0.034 seconds.
[2/28/21, 13:21:48:077 EST] 00000041 com.ibm.ws.webcontainer.osgi.mbeans.PluginGenerator          I SRVE9103I: A configuration file for a web server plugin was automatically generated for this server at /home/ahayes5/cs/csc435/csc435Project/build/wlp/usr/servers/CharacterSheetsServer/logs/state/plugin-cfg.xml.
[2/28/21, 13:21:48:174 EST] 0000003f com.ibm.ws.webcontainer.osgi.mbeans.PluginGenerator          I SRVE9103I: A configuration file for a web server plugin was automatically generated for this server at /home/ahayes5/cs/csc435/csc435Project/build/wlp/usr/servers/CharacterSheetsServer/logs/state/plugin-cfg.xml.
[2/28/21, 13:40:35:996 EST] 00000036 com.ibm.ws.http.internal.VirtualHostImpl                     A CWWKT0017I: Web application removed (default_host): http://andrew-pc.local:9080/
[2/28/21, 13:40:35:997 EST] 00000036 com.ibm.ws.app.manager.AppMessageHelper                      A CWWKZ0009I: The application CharacterSheets has stopped successfully.
[2/28/21, 13:40:35:998 EST] 00000036 com.ibm.ws.app.manager.AppMessageHelper                      I CWWKZ0018I: Starting application CharacterSheets.
[2/28/21, 13:40:35:998 EST] 00000036 bm.ws.app.manager.war.internal.WARDeployedAppInfoFactoryImpl I CWWKZ0134I: The CharacterSheets application is using the loose application definition at the /home/ahayes5/cs/csc435/csc435Project/build/wlp/usr/servers/CharacterSheetsServer/apps/CharacterSheets.war.xml location.
[2/28/21, 13:40:36:028 EST] 00000036 com.ibm.ws.webcontainer.osgi.webapp.WebGroup                 I SRVE0169I: Loading Web Module: Hello Servlet.
[2/28/21, 13:40:36:028 EST] 00000036 com.ibm.ws.webcontainer                                      I SRVE0250I: Web Module Hello Servlet has been bound to default_host.
[2/28/21, 13:40:36:028 EST] 00000036 com.ibm.ws.http.internal.VirtualHostImpl                     A CWWKT0016I: Web application available (default_host): http://andrew-pc.local:9080/
[2/28/21, 13:40:36:034 EST] 00000024 com.ibm.ws.session.WASSessionCore                            I SESN0176I: A new session context will be created for application key default_host/
[2/28/21, 13:40:36:034 EST] 00000024 com.ibm.ws.util                                              I SESN0172I: The session manager is using the Java default SecureRandom implementation for session ID generation.
[2/28/21, 13:40:36:035 EST] 00000024 com.ibm.ws.app.manager.AppMessageHelper                      A CWWKZ0003I: The application CharacterSheets updated in 0.037 seconds.
[2/28/21, 13:40:36:316 EST] 00000035 com.ibm.ws.webcontainer.osgi.mbeans.PluginGenerator          I SRVE9103I: A configuration file for a web server plugin was automatically generated for this server at /home/ahayes5/cs/csc435/csc435Project/build/wlp/usr/servers/CharacterSheetsServer/logs/state/plugin-cfg.xml.
[2/28/21, 13:40:36:383 EST] 0000002a com.ibm.ws.webcontainer.osgi.mbeans.PluginGenerator          I SRVE9103I: A configuration file for a web server plugin was automatically generated for this server at /home/ahayes5/cs/csc435/csc435Project/build/wlp/usr/servers/CharacterSheetsServer/logs/state/plugin-cfg.xml.
[2/28/21, 13:44:13:025 EST] 00000031 com.ibm.ws.http.internal.VirtualHostImpl                     A CWWKT0017I: Web application removed (default_host): http://andrew-pc.local:9080/
[2/28/21, 13:44:13:026 EST] 00000031 com.ibm.ws.app.manager.AppMessageHelper                      A CWWKZ0009I: The application CharacterSheets has stopped successfully.
[2/28/21, 13:44:13:027 EST] 00000031 com.ibm.ws.app.manager.AppMessageHelper                      I CWWKZ0018I: Starting application CharacterSheets.
[2/28/21, 13:44:13:027 EST] 00000031 bm.ws.app.manager.war.internal.WARDeployedAppInfoFactoryImpl I CWWKZ0134I: The CharacterSheets application is using the loose application definition at the /home/ahayes5/cs/csc435/csc435Project/build/wlp/usr/servers/CharacterSheetsServer/apps/CharacterSheets.war.xml location.
[2/28/21, 13:44:13:058 EST] 00000031 com.ibm.ws.webcontainer.osgi.webapp.WebGroup                 I SRVE0169I: Loading Web Module: Hello Servlet.
[2/28/21, 13:44:13:058 EST] 00000031 com.ibm.ws.webcontainer                                      I SRVE0250I: Web Module Hello Servlet has been bound to default_host.
[2/28/21, 13:44:13:058 EST] 00000031 com.ibm.ws.http.internal.VirtualHostImpl                     A CWWKT0016I: Web application available (default_host): http://andrew-pc.local:9080/
[2/28/21, 13:44:13:062 EST] 00000040 com.ibm.ws.session.WASSessionCore                            I SESN0176I: A new session context will be created for application key default_host/
[2/28/21, 13:44:13:063 EST] 00000040 com.ibm.ws.util                                              I SESN0172I: The session manager is using the Java default SecureRandom implementation for session ID generation.
[2/28/21, 13:44:13:064 EST] 00000040 com.ibm.ws.app.manager.AppMessageHelper                      A CWWKZ0003I: The application CharacterSheets updated in 0.037 seconds.
[2/28/21, 13:44:13:327 EST] 00000041 com.ibm.ws.webcontainer.osgi.mbeans.PluginGenerator          I SRVE9103I: A configuration file for a web server plugin was automatically generated for this server at /home/ahayes5/cs/csc435/csc435Project/build/wlp/usr/servers/CharacterSheetsServer/logs/state/plugin-cfg.xml.
[2/28/21, 13:44:13:427 EST] 00000037 com.ibm.ws.webcontainer.osgi.mbeans.PluginGenerator          I SRVE9103I: A configuration file for a web server plugin was automatically generated for this server at /home/ahayes5/cs/csc435/csc435Project/build/wlp/usr/servers/CharacterSheetsServer/logs/state/plugin-cfg.xml.
[2/28/21, 13:44:55:960 EST] 00000040 com.ibm.ws.http.internal.VirtualHostImpl                     A CWWKT0017I: Web application removed (default_host): http://andrew-pc.local:9080/
[2/28/21, 13:44:55:962 EST] 00000040 com.ibm.ws.app.manager.AppMessageHelper                      A CWWKZ0009I: The application CharacterSheets has stopped successfully.
[2/28/21, 13:44:55:963 EST] 00000040 com.ibm.ws.app.manager.AppMessageHelper                      I CWWKZ0018I: Starting application CharacterSheets.
[2/28/21, 13:44:55:963 EST] 00000040 bm.ws.app.manager.war.internal.WARDeployedAppInfoFactoryImpl I CWWKZ0134I: The CharacterSheets application is using the loose application definition at the /home/ahayes5/cs/csc435/csc435Project/build/wlp/usr/servers/CharacterSheetsServer/apps/CharacterSheets.war.xml location.
[2/28/21, 13:44:56:010 EST] 00000040 com.ibm.ws.webcontainer.osgi.webapp.WebGroup                 I SRVE0169I: Loading Web Module: Hello Servlet.
[2/28/21, 13:44:56:010 EST] 00000040 com.ibm.ws.webcontainer                                      I SRVE0250I: Web Module Hello Servlet has been bound to default_host.
[2/28/21, 13:44:56:010 EST] 00000040 com.ibm.ws.http.internal.VirtualHostImpl                     A CWWKT0016I: Web application available (default_host): http://andrew-pc.local:9080/
[2/28/21, 13:44:56:015 EST] 00000030 com.ibm.ws.session.WASSessionCore                            I SESN0176I: A new session context will be created for application key default_host/
[2/28/21, 13:44:56:015 EST] 00000030 com.ibm.ws.util                                              I SESN0172I: The session manager is using the Java default SecureRandom implementation for session ID generation.
[2/28/21, 13:44:56:016 EST] 00000030 com.ibm.ws.app.manager.AppMessageHelper                      A CWWKZ0003I: The application CharacterSheets updated in 0.053 seconds.
[2/28/21, 13:44:56:173 EST] 0000003d com.ibm.ws.webcontainer.osgi.mbeans.PluginGenerator          I SRVE9103I: A configuration file for a web server plugin was automatically generated for this server at /home/ahayes5/cs/csc435/csc435Project/build/wlp/usr/servers/CharacterSheetsServer/logs/state/plugin-cfg.xml.
[2/28/21, 13:44:56:301 EST] 00000037 com.ibm.ws.webcontainer.osgi.mbeans.PluginGenerator          I SRVE9103I: A configuration file for a web server plugin was automatically generated for this server at /home/ahayes5/cs/csc435/csc435Project/build/wlp/usr/servers/CharacterSheetsServer/logs/state/plugin-cfg.xml.
[2/28/21, 13:48:41:399 EST] 00000015 com.ibm.ws.kernel.launch.internal.ServerCommandListener      A CWWKE0055I: Server shutdown requested on Sunday, February 28, 2021 at 1:48 PM. The server CharacterSheetsServer is shutting down.
[2/28/21, 13:48:41:401 EST] 00000044 com.ibm.ws.runtime.update.internal.RuntimeUpdateManagerImpl  A CWWKE1100I: Waiting for up to 30 seconds for the server to quiesce.
[2/28/21, 13:48:41:403 EST] 00000033 com.ibm.ws.tcpchannel.internal.TCPChannel                    I CWWKO0220I: TCP Channel defaultHttpEndpoint has stopped listening for requests on host *  (IPv6) port 9080.
[2/28/21, 13:48:41:403 EST] 00000033 com.ibm.ws.http.internal.VirtualHostImpl                     A CWWKT0017I: Web application removed (default_host): http://andrew-pc.local:9080/
[2/28/21, 13:48:42:404 EST] 00000044 com.ibm.ws.runtime.update.internal.RuntimeUpdateManagerImpl  I CWWKE1101I: Server quiesce complete.
[2/28/21, 13:48:42:411 EST] 00000024 com.ibm.ws.app.manager.AppMessageHelper                      A CWWKZ0009I: The application CharacterSheets has stopped successfully.
[2/28/21, 13:48:42:716 EST] 00000001 com.ibm.ws.kernel.launch.internal.FrameworkManager           A CWWKE0036I: The server CharacterSheetsServer stopped after 1 hours, 10 minutes, 0.55 seconds.
