********************************************************************************
product = Open Liberty 21.0.0.1 (wlp-1.0.48.cl210120210113-1459)
wlp.install.dir = /home/ahayes5/cs/csc435/csc435Project/build/wlp/
java.home = /usr/lib/jvm/java-15-openjdk
java.version = 15.0.2
java.runtime = OpenJDK Runtime Environment (15.0.2+7)
os = Linux (5.9.16-1-MANJARO; amd64) (en_US)
process = 132694@andrew-pc
********************************************************************************
[2/28/21, 12:31:58:431 EST] 00000001 com.ibm.ws.kernel.launch.internal.FrameworkManager           A CWWKE0001I: The server CharacterSheetsServer has been launched.
[2/28/21, 12:31:58:624 EST] 00000019 com.ibm.ws.config.xml.internal.ServerXMLConfiguration        A CWWKG0093A: Processing configuration drop-ins resource: /home/ahayes5/cs/csc435/csc435Project/build/wlp/usr/servers/CharacterSheetsServer/configDropins/defaults/install_apps_configuration_1491924271.xml
[2/28/21, 12:31:58:707 EST] 00000001 com.ibm.ws.kernel.launch.internal.FrameworkManager           I CWWKE0002I: The kernel started after 0.368 seconds
[2/28/21, 12:31:58:711 EST] 00000024 com.ibm.ws.kernel.feature.internal.FeatureManager            I CWWKF0007I: Feature update started.
[2/28/21, 12:31:58:784 EST] 0000001a com.ibm.ws.app.manager.internal.monitor.DropinMonitor        A CWWKZ0058I: Monitoring dropins for applications.
[2/28/21, 12:31:58:795 EST] 00000020 com.ibm.ws.app.manager.AppMessageHelper                      E CWWKZ0013E: It is not possible to start two applications called CharacterSheets.
[2/28/21, 12:31:59:036 EST] 0000002a com.ibm.ws.app.manager.AppMessageHelper                      I CWWKZ0018I: Starting application CharacterSheets.
[2/28/21, 12:31:59:037 EST] 0000002a bm.ws.app.manager.war.internal.WARDeployedAppInfoFactoryImpl I CWWKZ0134I: The CharacterSheets application is using the loose application definition at the /home/ahayes5/cs/csc435/csc435Project/build/wlp/usr/servers/CharacterSheetsServer/apps/CharacterSheets.war.xml location.
[2/28/21, 12:31:59:267 EST] 0000002a com.ibm.ws.session.WASSessionCore                            I SESN8501I: The session manager did not find a persistent storage location; HttpSession objects will be stored in the local application server's memory.
[2/28/21, 12:31:59:273 EST] 0000002a com.ibm.ws.webcontainer.osgi.webapp.WebGroup                 I SRVE0169I: Loading Web Module: Hello Servlet.
[2/28/21, 12:31:59:274 EST] 0000002a com.ibm.ws.webcontainer                                      I SRVE0250I: Web Module Hello Servlet has been bound to default_host.
[2/28/21, 12:31:59:274 EST] 0000002a com.ibm.ws.http.internal.VirtualHostImpl                     A CWWKT0016I: Web application available (default_host): http://192.168.0.240:9080/
[2/28/21, 12:31:59:316 EST] 00000030 com.ibm.ws.session.WASSessionCore                            I SESN0176I: A new session context will be created for application key default_host/
[2/28/21, 12:31:59:320 EST] 00000030 com.ibm.ws.util                                              I SESN0172I: The session manager is using the Java default SecureRandom implementation for session ID generation.
[2/28/21, 12:31:59:331 EST] 00000030 com.ibm.ws.app.manager.AppMessageHelper                      A CWWKZ0001I: Application CharacterSheets started in 0.294 seconds.
[2/28/21, 12:31:59:338 EST] 00000024 com.ibm.ws.tcpchannel.internal.TCPPort                       I CWWKO0219I: TCP Channel defaultHttpEndpoint has been started and is now listening for requests on host *  (IPv6) port 9080.
[2/28/21, 12:31:59:342 EST] 00000024 com.ibm.ws.kernel.feature.internal.FeatureManager            A CWWKF0012I: The server installed the following features: [servlet-4.0].
[2/28/21, 12:31:59:343 EST] 00000024 com.ibm.ws.kernel.feature.internal.FeatureManager            I CWWKF0008I: Feature update completed in 0.636 seconds.
[2/28/21, 12:31:59:343 EST] 00000024 com.ibm.ws.kernel.feature.internal.FeatureManager            A CWWKF0011I: The CharacterSheetsServer server is ready to run a smarter planet. The CharacterSheetsServer server started in 1.005 seconds.
[2/28/21, 12:31:59:507 EST] 00000031 com.ibm.ws.webcontainer.osgi.mbeans.PluginGenerator          I SRVE9103I: A configuration file for a web server plugin was automatically generated for this server at /home/ahayes5/cs/csc435/csc435Project/build/wlp/usr/servers/CharacterSheetsServer/logs/state/plugin-cfg.xml.
[2/28/21, 12:33:25:309 EST] 00000037 com.ibm.ws.webcontainer.servlet                              I SRVE0242I: [CharacterSheets] [/] [LoginPageServlet]: Initialization successful.
[2/28/21, 12:33:25:323 EST] 00000037 SystemOut                                                    O VALID LOGIN
[2/28/21, 12:33:30:539 EST] 00000037 com.ibm.ws.webcontainer.servlet                              I SRVE0242I: [CharacterSheets] [/] [CharactersServlet]: Initialization successful.
[2/28/21, 12:33:30:540 EST] 00000037 SystemOut                                                    O POST
[2/28/21, 12:33:30:543 EST] 00000037 SystemOut                                                    O LSIT CRREATED
[2/28/21, 12:33:44:285 EST] 0000003c SystemOut                                                    O -2147483648
[2/28/21, 12:33:44:286 EST] 0000003c SystemOut                                                    O ID: -2147483648
[2/28/21, 12:36:16:685 EST] 0000003e com.ibm.ws.http.internal.VirtualHostImpl                     A CWWKT0017I: Web application removed (default_host): http://192.168.0.240:9080/
[2/28/21, 12:36:16:686 EST] 0000003e com.ibm.ws.webcontainer.servlet                              I SRVE0253I: [CharacterSheets] [/] [CharactersServlet]: Destroy successful.
[2/28/21, 12:36:16:686 EST] 0000003e com.ibm.ws.webcontainer.servlet                              I SRVE0253I: [CharacterSheets] [/] [LoginPageServlet]: Destroy successful.
[2/28/21, 12:36:16:690 EST] 0000003e com.ibm.ws.app.manager.AppMessageHelper                      A CWWKZ0009I: The application CharacterSheets has stopped successfully.
[2/28/21, 12:36:16:693 EST] 0000003e com.ibm.ws.app.manager.AppMessageHelper                      I CWWKZ0018I: Starting application CharacterSheets.
[2/28/21, 12:36:16:693 EST] 0000003e bm.ws.app.manager.war.internal.WARDeployedAppInfoFactoryImpl I CWWKZ0134I: The CharacterSheets application is using the loose application definition at the /home/ahayes5/cs/csc435/csc435Project/build/wlp/usr/servers/CharacterSheetsServer/apps/CharacterSheets.war.xml location.
[2/28/21, 12:36:16:750 EST] 0000003e com.ibm.ws.webcontainer.osgi.webapp.WebGroup                 I SRVE0169I: Loading Web Module: Hello Servlet.
[2/28/21, 12:36:16:750 EST] 0000003e com.ibm.ws.webcontainer                                      I SRVE0250I: Web Module Hello Servlet has been bound to default_host.
[2/28/21, 12:36:16:750 EST] 0000003e com.ibm.ws.http.internal.VirtualHostImpl                     A CWWKT0016I: Web application available (default_host): http://192.168.0.240:9080/
[2/28/21, 12:36:16:759 EST] 0000003a com.ibm.ws.session.WASSessionCore                            I SESN0176I: A new session context will be created for application key default_host/
[2/28/21, 12:36:16:759 EST] 0000003a com.ibm.ws.util                                              I SESN0172I: The session manager is using the Java default SecureRandom implementation for session ID generation.
[2/28/21, 12:36:16:761 EST] 0000003a com.ibm.ws.app.manager.AppMessageHelper                      A CWWKZ0003I: The application CharacterSheets updated in 0.068 seconds.
[2/28/21, 12:36:17:072 EST] 00000042 com.ibm.ws.webcontainer.osgi.mbeans.PluginGenerator          I SRVE9103I: A configuration file for a web server plugin was automatically generated for this server at /home/ahayes5/cs/csc435/csc435Project/build/wlp/usr/servers/CharacterSheetsServer/logs/state/plugin-cfg.xml.
[2/28/21, 12:36:17:166 EST] 0000002a com.ibm.ws.webcontainer.osgi.mbeans.PluginGenerator          I SRVE9103I: A configuration file for a web server plugin was automatically generated for this server at /home/ahayes5/cs/csc435/csc435Project/build/wlp/usr/servers/CharacterSheetsServer/logs/state/plugin-cfg.xml.
[2/28/21, 12:38:33:460 EST] 00000015 com.ibm.ws.kernel.launch.internal.ServerCommandListener      A CWWKE0055I: Server shutdown requested on Sunday, February 28, 2021 at 12:38 PM. The server CharacterSheetsServer is shutting down.
[2/28/21, 12:38:33:462 EST] 00000044 com.ibm.ws.runtime.update.internal.RuntimeUpdateManagerImpl  A CWWKE1100I: Waiting for up to 30 seconds for the server to quiesce.
[2/28/21, 12:38:33:465 EST] 0000003c com.ibm.ws.tcpchannel.internal.TCPChannel                    I CWWKO0220I: TCP Channel defaultHttpEndpoint has stopped listening for requests on host *  (IPv6) port 9080.
[2/28/21, 12:38:33:465 EST] 0000003c com.ibm.ws.http.internal.VirtualHostImpl                     A CWWKT0017I: Web application removed (default_host): http://192.168.0.240:9080/
[2/28/21, 12:38:34:466 EST] 00000044 com.ibm.ws.runtime.update.internal.RuntimeUpdateManagerImpl  I CWWKE1101I: Server quiesce complete.
[2/28/21, 12:38:34:480 EST] 0000002a com.ibm.ws.app.manager.AppMessageHelper                      A CWWKZ0009I: The application CharacterSheets has stopped successfully.
[2/28/21, 12:38:34:815 EST] 00000001 com.ibm.ws.kernel.launch.internal.FrameworkManager           A CWWKE0036I: The server CharacterSheetsServer stopped after 6 minutes, 36.477 seconds.
