********************************************************************************
product = Open Liberty 21.0.0.1 (wlp-1.0.48.cl210120210113-1459)
wlp.install.dir = /home/ahayes5/cs/csc435/csc435Project/build/wlp/
java.home = /usr/lib/jvm/java-15-openjdk
java.version = 15.0.2
java.runtime = OpenJDK Runtime Environment (15.0.2+7)
os = Linux (5.9.16-1-MANJARO; amd64) (en_US)
process = 16962@andrew-pc
********************************************************************************
[3/2/21, 17:51:23:823 EST] 00000001 com.ibm.ws.kernel.launch.internal.FrameworkManager           A CWWKE0001I: The server CharacterSheetsServer has been launched.
[3/2/21, 17:51:24:373 EST] 00000019 com.ibm.ws.config.xml.internal.ServerXMLConfiguration        A CWWKG0093A: Processing configuration drop-ins resource: /home/ahayes5/cs/csc435/csc435Project/build/wlp/usr/servers/CharacterSheetsServer/configDropins/defaults/install_apps_configuration_1491924271.xml
[3/2/21, 17:51:24:730 EST] 00000001 com.ibm.ws.kernel.launch.internal.FrameworkManager           I CWWKE0002I: The kernel started after 1.116 seconds
[3/2/21, 17:51:24:740 EST] 00000024 com.ibm.ws.kernel.feature.internal.FeatureManager            I CWWKF0007I: Feature update started.
[3/2/21, 17:51:24:878 EST] 0000001b com.ibm.ws.app.manager.internal.monitor.DropinMonitor        A CWWKZ0058I: Monitoring dropins for applications.
[3/2/21, 17:51:24:886 EST] 00000020 com.ibm.ws.app.manager.AppMessageHelper                      E CWWKZ0013E: It is not possible to start two applications called CharacterSheets.
[3/2/21, 17:51:25:383 EST] 0000002c com.ibm.ws.app.manager.AppMessageHelper                      I CWWKZ0018I: Starting application CharacterSheets.
[3/2/21, 17:51:25:384 EST] 0000002c bm.ws.app.manager.war.internal.WARDeployedAppInfoFactoryImpl I CWWKZ0134I: The CharacterSheets application is using the loose application definition at the /home/ahayes5/cs/csc435/csc435Project/build/wlp/usr/servers/CharacterSheetsServer/apps/CharacterSheets.war.xml location.
[3/2/21, 17:51:25:765 EST] 0000002c com.ibm.ws.session.WASSessionCore                            I SESN8501I: The session manager did not find a persistent storage location; HttpSession objects will be stored in the local application server's memory.
[3/2/21, 17:51:25:790 EST] 0000002c com.ibm.ws.webcontainer.osgi.webapp.WebGroup                 I SRVE0169I: Loading Web Module: Hello Servlet.
[3/2/21, 17:51:25:792 EST] 0000002c com.ibm.ws.webcontainer                                      I SRVE0250I: Web Module Hello Servlet has been bound to default_host.
[3/2/21, 17:51:25:792 EST] 0000002c com.ibm.ws.http.internal.VirtualHostImpl                     A CWWKT0016I: Web application available (default_host): http://andrew-pc.local:9080/
[3/2/21, 17:51:25:825 EST] 00000033 com.ibm.ws.session.WASSessionCore                            I SESN0176I: A new session context will be created for application key default_host/
[3/2/21, 17:51:25:829 EST] 00000033 com.ibm.ws.util                                              I SESN0172I: The session manager is using the Java default SecureRandom implementation for session ID generation.
[3/2/21, 17:51:25:837 EST] 00000033 com.ibm.ws.app.manager.AppMessageHelper                      A CWWKZ0001I: Application CharacterSheets started in 0.454 seconds.
[3/2/21, 17:51:25:843 EST] 00000034 com.ibm.ws.webcontainer.osgi.mbeans.PluginGenerator          I SRVE9103I: A configuration file for a web server plugin was automatically generated for this server at /home/ahayes5/cs/csc435/csc435Project/build/wlp/usr/servers/CharacterSheetsServer/logs/state/plugin-cfg.xml.
[3/2/21, 17:51:25:845 EST] 00000024 com.ibm.ws.tcpchannel.internal.TCPPort                       I CWWKO0219I: TCP Channel defaultHttpEndpoint has been started and is now listening for requests on host *  (IPv6) port 9080.
[3/2/21, 17:51:25:858 EST] 00000024 com.ibm.ws.kernel.feature.internal.FeatureManager            A CWWKF0012I: The server installed the following features: [servlet-4.0].
[3/2/21, 17:51:25:858 EST] 00000024 com.ibm.ws.kernel.feature.internal.FeatureManager            I CWWKF0008I: Feature update completed in 1.128 seconds.
[3/2/21, 17:51:25:859 EST] 00000024 com.ibm.ws.kernel.feature.internal.FeatureManager            A CWWKF0011I: The CharacterSheetsServer server is ready to run a smarter planet. The CharacterSheetsServer server started in 2.245 seconds.
[3/2/21, 17:51:38:922 EST] 0000003e com.ibm.ws.webcontainer.servlet                              I SRVE0242I: [CharacterSheets] [/] [LoginPageServlet]: Initialization successful.
[3/2/21, 17:51:38:935 EST] 0000003e SystemOut                                                    O VALID LOGIN
[3/2/21, 17:51:38:951 EST] 00000040 com.ibm.ws.webcontainer.servlet                              I SRVE0242I: [CharacterSheets] [/] [CharactersServlet]: Initialization successful.
[3/2/21, 17:51:38:951 EST] 00000040 SystemOut                                                    O POST
[3/2/21, 17:51:39:096 EST] 00000040 com.ibm.ws.webcontainer.util.ApplicationErrorUtils           E SRVE0777E: Exception thrown by application class 'java.lang.Integer.parseInt:614'
java.lang.NumberFormatException: null
	at java.base/java.lang.Integer.parseInt(Integer.java:614)
	at java.base/java.lang.Integer.parseInt(Integer.java:770)
	at CharactersServlet.doPost(CharactersServlet.java:59)
	at javax.servlet.http.HttpServlet.service(HttpServlet.java:706)
	at javax.servlet.http.HttpServlet.service(HttpServlet.java:791)
	at com.ibm.ws.webcontainer.servlet.ServletWrapper.service(ServletWrapper.java:1257)
	at com.ibm.ws.webcontainer.servlet.ServletWrapper.handleRequest(ServletWrapper.java:745)
	at com.ibm.ws.webcontainer.servlet.ServletWrapper.handleRequest(ServletWrapper.java:442)
	at com.ibm.ws.webcontainer.filter.WebAppFilterChain.invokeTarget(WebAppFilterChain.java:182)
	at com.ibm.ws.webcontainer.filter.WebAppFilterChain.doFilter(WebAppFilterChain.java:93)
	at CharacterFilter.doFilter(CharacterFilter.java:22)
	at com.ibm.ws.webcontainer.filter.FilterInstanceWrapper.doFilter(FilterInstanceWrapper.java:201)
	at com.ibm.ws.webcontainer.filter.WebAppFilterChain.doFilter(WebAppFilterChain.java:90)
	at com.ibm.ws.webcontainer.filter.WebAppFilterManager.doFilter(WebAppFilterManager.java:1001)
	at com.ibm.ws.webcontainer.filter.WebAppFilterManager.invokeFilters(WebAppFilterManager.java:1139)
	at com.ibm.ws.webcontainer.webapp.WebApp.handleRequest(WebApp.java:5057)
	at com.ibm.ws.webcontainer.osgi.DynamicVirtualHost$2.handleRequest(DynamicVirtualHost.java:314)
	at com.ibm.ws.webcontainer.WebContainer.handleRequest(WebContainer.java:1005)
	at com.ibm.ws.webcontainer.osgi.DynamicVirtualHost$2.run(DynamicVirtualHost.java:279)
	at com.ibm.ws.http.dispatcher.internal.channel.HttpDispatcherLink$TaskWrapper.run(HttpDispatcherLink.java:1141)
	at com.ibm.ws.http.dispatcher.internal.channel.HttpDispatcherLink.wrapHandlerAndExecute(HttpDispatcherLink.java:422)
	at com.ibm.ws.http.dispatcher.internal.channel.HttpDispatcherLink.ready(HttpDispatcherLink.java:381)
	at com.ibm.ws.http.channel.internal.inbound.HttpInboundLink.handleDiscrimination(HttpInboundLink.java:565)
	at com.ibm.ws.http.channel.internal.inbound.HttpInboundLink.handleNewRequest(HttpInboundLink.java:499)
	at com.ibm.ws.http.channel.internal.inbound.HttpInboundLink.processRequest(HttpInboundLink.java:359)
	at com.ibm.ws.http.channel.internal.inbound.HttpInboundLink.ready(HttpInboundLink.java:326)
	at com.ibm.ws.tcpchannel.internal.NewConnectionInitialReadCallback.sendToDiscriminators(NewConnectionInitialReadCallback.java:167)
	at com.ibm.ws.tcpchannel.internal.NewConnectionInitialReadCallback.complete(NewConnectionInitialReadCallback.java:75)
	at com.ibm.ws.tcpchannel.internal.WorkQueueManager.requestComplete(WorkQueueManager.java:504)
	at com.ibm.ws.tcpchannel.internal.WorkQueueManager.attemptIO(WorkQueueManager.java:574)
	at com.ibm.ws.tcpchannel.internal.WorkQueueManager.workerRun(WorkQueueManager.java:958)
	at com.ibm.ws.tcpchannel.internal.WorkQueueManager$Worker.run(WorkQueueManager.java:1047)
	at com.ibm.ws.threading.internal.ExecutorServiceImpl$RunnableWrapper.run(ExecutorServiceImpl.java:239)
	at java.base/java.util.concurrent.ThreadPoolExecutor.runWorker(ThreadPoolExecutor.java:1130)
	at java.base/java.util.concurrent.ThreadPoolExecutor$Worker.run(ThreadPoolExecutor.java:630)
	at java.base/java.lang.Thread.run(Thread.java:832)

[3/2/21, 17:51:39:179 EST] 00000040 com.ibm.ws.logging.internal.impl.IncidentImpl                I FFDC1015I: An FFDC Incident has been created: "java.lang.NumberFormatException: null com.ibm.ws.webcontainer.filter.WebAppFilterManager.invokeFilters 1105" at ffdc_21.03.02_17.51.39.0.log
[3/2/21, 17:51:39:180 EST] 00000040 com.ibm.ws.webcontainer.webapp                               E SRVE0315E: An exception occurred: java.lang.Throwable: java.lang.NumberFormatException: null
	at com.ibm.ws.webcontainer.webapp.WebApp.handleRequest(WebApp.java:5115)
	at com.ibm.ws.webcontainer.osgi.DynamicVirtualHost$2.handleRequest(DynamicVirtualHost.java:314)
	at com.ibm.ws.webcontainer.WebContainer.handleRequest(WebContainer.java:1005)
	at com.ibm.ws.webcontainer.osgi.DynamicVirtualHost$2.run(DynamicVirtualHost.java:279)
	at com.ibm.ws.http.dispatcher.internal.channel.HttpDispatcherLink$TaskWrapper.run(HttpDispatcherLink.java:1141)
	at com.ibm.ws.http.dispatcher.internal.channel.HttpDispatcherLink.wrapHandlerAndExecute(HttpDispatcherLink.java:422)
	at com.ibm.ws.http.dispatcher.internal.channel.HttpDispatcherLink.ready(HttpDispatcherLink.java:381)
	at com.ibm.ws.http.channel.internal.inbound.HttpInboundLink.handleDiscrimination(HttpInboundLink.java:565)
	at com.ibm.ws.http.channel.internal.inbound.HttpInboundLink.handleNewRequest(HttpInboundLink.java:499)
	at com.ibm.ws.http.channel.internal.inbound.HttpInboundLink.processRequest(HttpInboundLink.java:359)
	at com.ibm.ws.http.channel.internal.inbound.HttpInboundLink.ready(HttpInboundLink.java:326)
	at com.ibm.ws.tcpchannel.internal.NewConnectionInitialReadCallback.sendToDiscriminators(NewConnectionInitialReadCallback.java:167)
	at com.ibm.ws.tcpchannel.internal.NewConnectionInitialReadCallback.complete(NewConnectionInitialReadCallback.java:75)
	at com.ibm.ws.tcpchannel.internal.WorkQueueManager.requestComplete(WorkQueueManager.java:504)
	at com.ibm.ws.tcpchannel.internal.WorkQueueManager.attemptIO(WorkQueueManager.java:574)
	at com.ibm.ws.tcpchannel.internal.WorkQueueManager.workerRun(WorkQueueManager.java:958)
	at com.ibm.ws.tcpchannel.internal.WorkQueueManager$Worker.run(WorkQueueManager.java:1047)
	at com.ibm.ws.threading.internal.ExecutorServiceImpl$RunnableWrapper.run(ExecutorServiceImpl.java:239)
	at java.base/java.util.concurrent.ThreadPoolExecutor.runWorker(ThreadPoolExecutor.java:1130)
	at java.base/java.util.concurrent.ThreadPoolExecutor$Worker.run(ThreadPoolExecutor.java:630)
	at java.base/java.lang.Thread.run(Thread.java:832)
Caused by: java.lang.NumberFormatException: null
	at java.base/java.lang.Integer.parseInt(Integer.java:614)
	at java.base/java.lang.Integer.parseInt(Integer.java:770)
	at CharactersServlet.doPost(CharactersServlet.java:59)
	at javax.servlet.http.HttpServlet.service(HttpServlet.java:706)
	at javax.servlet.http.HttpServlet.service(HttpServlet.java:791)
	at com.ibm.ws.webcontainer.servlet.ServletWrapper.service(ServletWrapper.java:1257)
	at com.ibm.ws.webcontainer.servlet.ServletWrapper.handleRequest(ServletWrapper.java:745)
	at com.ibm.ws.webcontainer.servlet.ServletWrapper.handleRequest(ServletWrapper.java:442)
	at com.ibm.ws.webcontainer.filter.WebAppFilterChain.invokeTarget(WebAppFilterChain.java:182)
	at com.ibm.ws.webcontainer.filter.WebAppFilterChain.doFilter(WebAppFilterChain.java:93)
	at CharacterFilter.doFilter(CharacterFilter.java:22)
	at com.ibm.ws.webcontainer.filter.FilterInstanceWrapper.doFilter(FilterInstanceWrapper.java:201)
	at com.ibm.ws.webcontainer.filter.WebAppFilterChain.doFilter(WebAppFilterChain.java:90)
	at com.ibm.ws.webcontainer.filter.WebAppFilterManager.doFilter(WebAppFilterManager.java:1001)
	at com.ibm.ws.webcontainer.filter.WebAppFilterManager.invokeFilters(WebAppFilterManager.java:1139)
	at com.ibm.ws.webcontainer.webapp.WebApp.handleRequest(WebApp.java:5057)
	... 20 more

[3/2/21, 17:51:39:194 EST] 0000004b SystemOut                                                    O NO CHARACTERS FOUND
[3/2/21, 17:52:19:831 EST] 0000003e com.ibm.ws.webcontainer.extension                            W SRVE0190E: File not found: /favicon.ico
[3/2/21, 17:52:23:775 EST] 0000003c com.ibm.ws.webcontainer.extension                            W SRVE0190E: File not found: /charactesr
[3/2/21, 17:52:26:821 EST] 00000031 SystemOut                                                    O NO CHARACTERS FOUND
[3/2/21, 17:52:32:724 EST] 0000002c SystemOut                                                    O NO CHARACTERS FOUND
[3/2/21, 17:53:24:950 EST] 0000003e com.ibm.ws.http.internal.VirtualHostImpl                     A CWWKT0017I: Web application removed (default_host): http://andrew-pc.local:9080/
[3/2/21, 17:53:24:951 EST] 0000003e com.ibm.ws.webcontainer.servlet                              I SRVE0253I: [CharacterSheets] [/] [CharactersServlet]: Destroy successful.
[3/2/21, 17:53:24:951 EST] 0000003e com.ibm.ws.webcontainer.servlet                              I SRVE0253I: [CharacterSheets] [/] [LoginPageServlet]: Destroy successful.
[3/2/21, 17:53:24:955 EST] 0000003e com.ibm.ws.app.manager.AppMessageHelper                      A CWWKZ0009I: The application CharacterSheets has stopped successfully.
[3/2/21, 17:53:24:957 EST] 0000003e com.ibm.ws.app.manager.AppMessageHelper                      I CWWKZ0018I: Starting application CharacterSheets.
[3/2/21, 17:53:24:958 EST] 0000003e bm.ws.app.manager.war.internal.WARDeployedAppInfoFactoryImpl I CWWKZ0134I: The CharacterSheets application is using the loose application definition at the /home/ahayes5/cs/csc435/csc435Project/build/wlp/usr/servers/CharacterSheetsServer/apps/CharacterSheets.war.xml location.
[3/2/21, 17:53:25:017 EST] 0000003e com.ibm.ws.webcontainer.osgi.webapp.WebGroup                 I SRVE0169I: Loading Web Module: Hello Servlet.
[3/2/21, 17:53:25:017 EST] 0000003e com.ibm.ws.webcontainer                                      I SRVE0250I: Web Module Hello Servlet has been bound to default_host.
[3/2/21, 17:53:25:017 EST] 0000003e com.ibm.ws.http.internal.VirtualHostImpl                     A CWWKT0016I: Web application available (default_host): http://andrew-pc.local:9080/
[3/2/21, 17:53:25:026 EST] 00000038 com.ibm.ws.session.WASSessionCore                            I SESN0176I: A new session context will be created for application key default_host/
[3/2/21, 17:53:25:026 EST] 00000038 com.ibm.ws.util                                              I SESN0172I: The session manager is using the Java default SecureRandom implementation for session ID generation.
[3/2/21, 17:53:25:028 EST] 00000038 com.ibm.ws.app.manager.AppMessageHelper                      A CWWKZ0003I: The application CharacterSheets updated in 0.071 seconds.
[3/2/21, 17:53:25:344 EST] 00000045 com.ibm.ws.webcontainer.osgi.mbeans.PluginGenerator          I SRVE9103I: A configuration file for a web server plugin was automatically generated for this server at /home/ahayes5/cs/csc435/csc435Project/build/wlp/usr/servers/CharacterSheetsServer/logs/state/plugin-cfg.xml.
[3/2/21, 17:53:25:517 EST] 0000003b com.ibm.ws.webcontainer.osgi.mbeans.PluginGenerator          I SRVE9103I: A configuration file for a web server plugin was automatically generated for this server at /home/ahayes5/cs/csc435/csc435Project/build/wlp/usr/servers/CharacterSheetsServer/logs/state/plugin-cfg.xml.
[3/2/21, 17:53:37:994 EST] 0000003d SystemOut                                                    O /characters
[3/2/21, 17:53:37:995 EST] 0000003d SystemOut                                                    O NO CHARACTERS FOUND
[3/2/21, 17:54:39:919 EST] 0000004b com.ibm.ws.http.internal.VirtualHostImpl                     A CWWKT0017I: Web application removed (default_host): http://andrew-pc.local:9080/
[3/2/21, 17:54:39:921 EST] 0000004b com.ibm.ws.app.manager.AppMessageHelper                      A CWWKZ0009I: The application CharacterSheets has stopped successfully.
[3/2/21, 17:54:39:923 EST] 0000004b com.ibm.ws.app.manager.AppMessageHelper                      I CWWKZ0018I: Starting application CharacterSheets.
[3/2/21, 17:54:39:924 EST] 0000004b bm.ws.app.manager.war.internal.WARDeployedAppInfoFactoryImpl I CWWKZ0134I: The CharacterSheets application is using the loose application definition at the /home/ahayes5/cs/csc435/csc435Project/build/wlp/usr/servers/CharacterSheetsServer/apps/CharacterSheets.war.xml location.
[3/2/21, 17:54:39:982 EST] 0000004b com.ibm.ws.webcontainer.osgi.webapp.WebGroup                 I SRVE0169I: Loading Web Module: Hello Servlet.
[3/2/21, 17:54:39:983 EST] 0000004b com.ibm.ws.webcontainer                                      I SRVE0250I: Web Module Hello Servlet has been bound to default_host.
[3/2/21, 17:54:39:983 EST] 0000004b com.ibm.ws.http.internal.VirtualHostImpl                     A CWWKT0016I: Web application available (default_host): http://andrew-pc.local:9080/
[3/2/21, 17:54:39:993 EST] 00000048 com.ibm.ws.session.WASSessionCore                            I SESN0176I: A new session context will be created for application key default_host/
[3/2/21, 17:54:39:993 EST] 00000048 com.ibm.ws.util                                              I SESN0172I: The session manager is using the Java default SecureRandom implementation for session ID generation.
[3/2/21, 17:54:39:994 EST] 00000048 com.ibm.ws.app.manager.AppMessageHelper                      A CWWKZ0003I: The application CharacterSheets updated in 0.071 seconds.
[3/2/21, 17:54:40:199 EST] 00000027 com.ibm.ws.webcontainer.osgi.mbeans.PluginGenerator          I SRVE9103I: A configuration file for a web server plugin was automatically generated for this server at /home/ahayes5/cs/csc435/csc435Project/build/wlp/usr/servers/CharacterSheetsServer/logs/state/plugin-cfg.xml.
[3/2/21, 17:54:40:343 EST] 0000003c com.ibm.ws.webcontainer.osgi.mbeans.PluginGenerator          I SRVE9103I: A configuration file for a web server plugin was automatically generated for this server at /home/ahayes5/cs/csc435/csc435Project/build/wlp/usr/servers/CharacterSheetsServer/logs/state/plugin-cfg.xml.
[3/2/21, 17:56:16:395 EST] 0000003c com.ibm.ws.http.internal.VirtualHostImpl                     A CWWKT0017I: Web application removed (default_host): http://andrew-pc.local:9080/
[3/2/21, 17:56:16:397 EST] 0000003c com.ibm.ws.app.manager.AppMessageHelper                      A CWWKZ0009I: The application CharacterSheets has stopped successfully.
[3/2/21, 17:56:16:400 EST] 0000003c com.ibm.ws.app.manager.AppMessageHelper                      I CWWKZ0018I: Starting application CharacterSheets.
[3/2/21, 17:56:16:400 EST] 0000003c bm.ws.app.manager.war.internal.WARDeployedAppInfoFactoryImpl I CWWKZ0134I: The CharacterSheets application is using the loose application definition at the /home/ahayes5/cs/csc435/csc435Project/build/wlp/usr/servers/CharacterSheetsServer/apps/CharacterSheets.war.xml location.
[3/2/21, 17:56:16:475 EST] 0000003c com.ibm.ws.webcontainer.osgi.webapp.WebGroup                 I SRVE0169I: Loading Web Module: Hello Servlet.
[3/2/21, 17:56:16:475 EST] 0000003c com.ibm.ws.webcontainer                                      I SRVE0250I: Web Module Hello Servlet has been bound to default_host.
[3/2/21, 17:56:16:475 EST] 0000003c com.ibm.ws.http.internal.VirtualHostImpl                     A CWWKT0016I: Web application available (default_host): http://andrew-pc.local:9080/
[3/2/21, 17:56:16:478 EST] 00000037 com.ibm.ws.session.WASSessionCore                            I SESN0176I: A new session context will be created for application key default_host/
[3/2/21, 17:56:16:478 EST] 00000037 com.ibm.ws.util                                              I SESN0172I: The session manager is using the Java default SecureRandom implementation for session ID generation.
[3/2/21, 17:56:16:479 EST] 00000037 com.ibm.ws.app.manager.AppMessageHelper                      A CWWKZ0003I: The application CharacterSheets updated in 0.079 seconds.
[3/2/21, 17:56:16:693 EST] 00000049 com.ibm.ws.webcontainer.osgi.mbeans.PluginGenerator          I SRVE9103I: A configuration file for a web server plugin was automatically generated for this server at /home/ahayes5/cs/csc435/csc435Project/build/wlp/usr/servers/CharacterSheetsServer/logs/state/plugin-cfg.xml.
[3/2/21, 17:56:16:855 EST] 0000004c com.ibm.ws.webcontainer.osgi.mbeans.PluginGenerator          I SRVE9103I: A configuration file for a web server plugin was automatically generated for this server at /home/ahayes5/cs/csc435/csc435Project/build/wlp/usr/servers/CharacterSheetsServer/logs/state/plugin-cfg.xml.
[3/2/21, 17:58:16:879 EST] 0000004e com.ibm.ws.http.internal.VirtualHostImpl                     A CWWKT0017I: Web application removed (default_host): http://andrew-pc.local:9080/
[3/2/21, 17:58:16:880 EST] 0000004e com.ibm.ws.app.manager.AppMessageHelper                      A CWWKZ0009I: The application CharacterSheets has stopped successfully.
[3/2/21, 17:58:16:882 EST] 0000004e com.ibm.ws.app.manager.AppMessageHelper                      I CWWKZ0018I: Starting application CharacterSheets.
[3/2/21, 17:58:16:882 EST] 0000004e bm.ws.app.manager.war.internal.WARDeployedAppInfoFactoryImpl I CWWKZ0134I: The CharacterSheets application is using the loose application definition at the /home/ahayes5/cs/csc435/csc435Project/build/wlp/usr/servers/CharacterSheetsServer/apps/CharacterSheets.war.xml location.
[3/2/21, 17:58:16:930 EST] 0000004e com.ibm.ws.webcontainer.osgi.webapp.WebGroup                 I SRVE0169I: Loading Web Module: Hello Servlet.
[3/2/21, 17:58:16:930 EST] 0000004e com.ibm.ws.webcontainer                                      I SRVE0250I: Web Module Hello Servlet has been bound to default_host.
[3/2/21, 17:58:16:930 EST] 0000004e com.ibm.ws.http.internal.VirtualHostImpl                     A CWWKT0016I: Web application available (default_host): http://andrew-pc.local:9080/
[3/2/21, 17:58:16:931 EST] 00000047 com.ibm.ws.session.WASSessionCore                            I SESN0176I: A new session context will be created for application key default_host/
[3/2/21, 17:58:16:931 EST] 00000047 com.ibm.ws.util                                              I SESN0172I: The session manager is using the Java default SecureRandom implementation for session ID generation.
[3/2/21, 17:58:16:932 EST] 00000047 com.ibm.ws.app.manager.AppMessageHelper                      A CWWKZ0003I: The application CharacterSheets updated in 0.050 seconds.
[3/2/21, 17:58:17:195 EST] 0000004b com.ibm.ws.webcontainer.osgi.mbeans.PluginGenerator          I SRVE9103I: A configuration file for a web server plugin was automatically generated for this server at /home/ahayes5/cs/csc435/csc435Project/build/wlp/usr/servers/CharacterSheetsServer/logs/state/plugin-cfg.xml.
[3/2/21, 17:58:17:304 EST] 00000025 com.ibm.ws.webcontainer.osgi.mbeans.PluginGenerator          I SRVE9103I: A configuration file for a web server plugin was automatically generated for this server at /home/ahayes5/cs/csc435/csc435Project/build/wlp/usr/servers/CharacterSheetsServer/logs/state/plugin-cfg.xml.
[3/2/21, 17:59:41:827 EST] 0000003f com.ibm.ws.http.internal.VirtualHostImpl                     A CWWKT0017I: Web application removed (default_host): http://andrew-pc.local:9080/
[3/2/21, 17:59:41:829 EST] 0000003f com.ibm.ws.app.manager.AppMessageHelper                      A CWWKZ0009I: The application CharacterSheets has stopped successfully.
[3/2/21, 17:59:41:831 EST] 0000003f com.ibm.ws.app.manager.AppMessageHelper                      I CWWKZ0018I: Starting application CharacterSheets.
[3/2/21, 17:59:41:831 EST] 0000003f bm.ws.app.manager.war.internal.WARDeployedAppInfoFactoryImpl I CWWKZ0134I: The CharacterSheets application is using the loose application definition at the /home/ahayes5/cs/csc435/csc435Project/build/wlp/usr/servers/CharacterSheetsServer/apps/CharacterSheets.war.xml location.
[3/2/21, 17:59:41:890 EST] 0000003f com.ibm.ws.webcontainer.osgi.webapp.WebGroup                 I SRVE0169I: Loading Web Module: Hello Servlet.
[3/2/21, 17:59:41:890 EST] 0000003f com.ibm.ws.webcontainer                                      I SRVE0250I: Web Module Hello Servlet has been bound to default_host.
[3/2/21, 17:59:41:890 EST] 0000003f com.ibm.ws.http.internal.VirtualHostImpl                     A CWWKT0016I: Web application available (default_host): http://andrew-pc.local:9080/
[3/2/21, 17:59:41:898 EST] 0000003b com.ibm.ws.session.WASSessionCore                            I SESN0176I: A new session context will be created for application key default_host/
[3/2/21, 17:59:41:898 EST] 0000003b com.ibm.ws.util                                              I SESN0172I: The session manager is using the Java default SecureRandom implementation for session ID generation.
[3/2/21, 17:59:41:899 EST] 0000003b com.ibm.ws.app.manager.AppMessageHelper                      A CWWKZ0003I: The application CharacterSheets updated in 0.068 seconds.
[3/2/21, 17:59:42:164 EST] 0000003e com.ibm.ws.webcontainer.osgi.mbeans.PluginGenerator          I SRVE9103I: A configuration file for a web server plugin was automatically generated for this server at /home/ahayes5/cs/csc435/csc435Project/build/wlp/usr/servers/CharacterSheetsServer/logs/state/plugin-cfg.xml.
[3/2/21, 17:59:42:331 EST] 00000045 com.ibm.ws.webcontainer.osgi.mbeans.PluginGenerator          I SRVE9103I: A configuration file for a web server plugin was automatically generated for this server at /home/ahayes5/cs/csc435/csc435Project/build/wlp/usr/servers/CharacterSheetsServer/logs/state/plugin-cfg.xml.
[3/2/21, 18:03:02:855 EST] 0000004e com.ibm.ws.http.internal.VirtualHostImpl                     A CWWKT0017I: Web application removed (default_host): http://andrew-pc.local:9080/
[3/2/21, 18:03:02:857 EST] 0000004e com.ibm.ws.app.manager.AppMessageHelper                      A CWWKZ0009I: The application CharacterSheets has stopped successfully.
[3/2/21, 18:03:02:859 EST] 0000004e com.ibm.ws.app.manager.AppMessageHelper                      I CWWKZ0018I: Starting application CharacterSheets.
[3/2/21, 18:03:02:859 EST] 0000004e bm.ws.app.manager.war.internal.WARDeployedAppInfoFactoryImpl I CWWKZ0134I: The CharacterSheets application is using the loose application definition at the /home/ahayes5/cs/csc435/csc435Project/build/wlp/usr/servers/CharacterSheetsServer/apps/CharacterSheets.war.xml location.
[3/2/21, 18:03:02:921 EST] 0000004e com.ibm.ws.webcontainer.osgi.webapp.WebGroup                 I SRVE0169I: Loading Web Module: Hello Servlet.
[3/2/21, 18:03:02:921 EST] 0000004e com.ibm.ws.webcontainer                                      I SRVE0250I: Web Module Hello Servlet has been bound to default_host.
[3/2/21, 18:03:02:921 EST] 0000004e com.ibm.ws.http.internal.VirtualHostImpl                     A CWWKT0016I: Web application available (default_host): http://andrew-pc.local:9080/
[3/2/21, 18:03:02:929 EST] 0000002c com.ibm.ws.session.WASSessionCore                            I SESN0176I: A new session context will be created for application key default_host/
[3/2/21, 18:03:02:930 EST] 0000002c com.ibm.ws.util                                              I SESN0172I: The session manager is using the Java default SecureRandom implementation for session ID generation.
[3/2/21, 18:03:02:935 EST] 0000002c com.ibm.ws.app.manager.AppMessageHelper                      A CWWKZ0003I: The application CharacterSheets updated in 0.076 seconds.
[3/2/21, 18:03:03:254 EST] 0000004d com.ibm.ws.webcontainer.osgi.mbeans.PluginGenerator          I SRVE9103I: A configuration file for a web server plugin was automatically generated for this server at /home/ahayes5/cs/csc435/csc435Project/build/wlp/usr/servers/CharacterSheetsServer/logs/state/plugin-cfg.xml.
[3/2/21, 18:03:03:449 EST] 00000025 com.ibm.ws.webcontainer.osgi.mbeans.PluginGenerator          I SRVE9103I: A configuration file for a web server plugin was automatically generated for this server at /home/ahayes5/cs/csc435/csc435Project/build/wlp/usr/servers/CharacterSheetsServer/logs/state/plugin-cfg.xml.
[3/2/21, 18:04:36:329 EST] 0000003f com.ibm.ws.http.internal.VirtualHostImpl                     A CWWKT0017I: Web application removed (default_host): http://andrew-pc.local:9080/
[3/2/21, 18:04:36:331 EST] 0000003f com.ibm.ws.app.manager.AppMessageHelper                      A CWWKZ0009I: The application CharacterSheets has stopped successfully.
[3/2/21, 18:04:36:333 EST] 0000003f com.ibm.ws.app.manager.AppMessageHelper                      I CWWKZ0018I: Starting application CharacterSheets.
[3/2/21, 18:04:36:333 EST] 0000003f bm.ws.app.manager.war.internal.WARDeployedAppInfoFactoryImpl I CWWKZ0134I: The CharacterSheets application is using the loose application definition at the /home/ahayes5/cs/csc435/csc435Project/build/wlp/usr/servers/CharacterSheetsServer/apps/CharacterSheets.war.xml location.
[3/2/21, 18:04:36:380 EST] 0000003f com.ibm.ws.webcontainer.osgi.webapp.WebGroup                 I SRVE0169I: Loading Web Module: Hello Servlet.
[3/2/21, 18:04:36:380 EST] 0000003f com.ibm.ws.webcontainer                                      I SRVE0250I: Web Module Hello Servlet has been bound to default_host.
[3/2/21, 18:04:36:380 EST] 0000003f com.ibm.ws.http.internal.VirtualHostImpl                     A CWWKT0016I: Web application available (default_host): http://andrew-pc.local:9080/
[3/2/21, 18:04:36:392 EST] 00000027 com.ibm.ws.session.WASSessionCore                            I SESN0176I: A new session context will be created for application key default_host/
[3/2/21, 18:04:36:393 EST] 00000027 com.ibm.ws.util                                              I SESN0172I: The session manager is using the Java default SecureRandom implementation for session ID generation.
[3/2/21, 18:04:36:394 EST] 00000027 com.ibm.ws.app.manager.AppMessageHelper                      A CWWKZ0003I: The application CharacterSheets updated in 0.061 seconds.
[3/2/21, 18:04:36:615 EST] 00000047 com.ibm.ws.webcontainer.osgi.mbeans.PluginGenerator          I SRVE9103I: A configuration file for a web server plugin was automatically generated for this server at /home/ahayes5/cs/csc435/csc435Project/build/wlp/usr/servers/CharacterSheetsServer/logs/state/plugin-cfg.xml.
[3/2/21, 18:04:36:799 EST] 00000048 com.ibm.ws.webcontainer.osgi.mbeans.PluginGenerator          I SRVE9103I: A configuration file for a web server plugin was automatically generated for this server at /home/ahayes5/cs/csc435/csc435Project/build/wlp/usr/servers/CharacterSheetsServer/logs/state/plugin-cfg.xml.
[3/2/21, 18:09:12:906 EST] 00000047 com.ibm.ws.http.internal.VirtualHostImpl                     A CWWKT0017I: Web application removed (default_host): http://andrew-pc.local:9080/
[3/2/21, 18:09:12:908 EST] 00000047 com.ibm.ws.app.manager.AppMessageHelper                      A CWWKZ0009I: The application CharacterSheets has stopped successfully.
[3/2/21, 18:09:12:909 EST] 00000047 com.ibm.ws.app.manager.AppMessageHelper                      I CWWKZ0018I: Starting application CharacterSheets.
[3/2/21, 18:09:12:910 EST] 00000047 bm.ws.app.manager.war.internal.WARDeployedAppInfoFactoryImpl I CWWKZ0134I: The CharacterSheets application is using the loose application definition at the /home/ahayes5/cs/csc435/csc435Project/build/wlp/usr/servers/CharacterSheetsServer/apps/CharacterSheets.war.xml location.
[3/2/21, 18:09:12:960 EST] 00000047 com.ibm.ws.webcontainer.osgi.webapp.WebGroup                 I SRVE0169I: Loading Web Module: Hello Servlet.
[3/2/21, 18:09:12:960 EST] 00000047 com.ibm.ws.webcontainer                                      I SRVE0250I: Web Module Hello Servlet has been bound to default_host.
[3/2/21, 18:09:12:960 EST] 00000047 com.ibm.ws.http.internal.VirtualHostImpl                     A CWWKT0016I: Web application available (default_host): http://andrew-pc.local:9080/
[3/2/21, 18:09:12:965 EST] 0000003d com.ibm.ws.session.WASSessionCore                            I SESN0176I: A new session context will be created for application key default_host/
[3/2/21, 18:09:12:965 EST] 0000003d com.ibm.ws.util                                              I SESN0172I: The session manager is using the Java default SecureRandom implementation for session ID generation.
[3/2/21, 18:09:12:966 EST] 0000003d com.ibm.ws.app.manager.AppMessageHelper                      A CWWKZ0003I: The application CharacterSheets updated in 0.057 seconds.
[3/2/21, 18:09:13:256 EST] 0000004a com.ibm.ws.webcontainer.osgi.mbeans.PluginGenerator          I SRVE9103I: A configuration file for a web server plugin was automatically generated for this server at /home/ahayes5/cs/csc435/csc435Project/build/wlp/usr/servers/CharacterSheetsServer/logs/state/plugin-cfg.xml.
[3/2/21, 18:09:13:369 EST] 00000024 com.ibm.ws.webcontainer.osgi.mbeans.PluginGenerator          I SRVE9103I: A configuration file for a web server plugin was automatically generated for this server at /home/ahayes5/cs/csc435/csc435Project/build/wlp/usr/servers/CharacterSheetsServer/logs/state/plugin-cfg.xml.
[3/2/21, 18:09:53:732 EST] 00000048 com.ibm.ws.webcontainer.servlet                              I SRVE0242I: [CharacterSheets] [/] [LoginPageServlet]: Initialization successful.
[3/2/21, 18:09:53:734 EST] 00000048 SystemOut                                                    O VALID LOGIN
[3/2/21, 18:09:53:741 EST] 00000038 com.ibm.ws.webcontainer.extension                            W SRVE0190E: File not found: /characters
[3/2/21, 18:09:53:747 EST] 0000003d SystemOut                                                    O /characters/-2147483648
[3/2/21, 18:09:53:829 EST] 0000003d com.ibm.ws.logging.internal.impl.IncidentImpl                I FFDC1015I: An FFDC Incident has been created: "java.lang.IllegalArgumentException: Invalid UUID string: -2147483648 com.ibm.ws.webcontainer.filter.WebAppFilterManager.invokeFilters 1105" at ffdc_21.03.02_18.09.53.0.log
[3/2/21, 18:09:53:830 EST] 0000003d com.ibm.ws.webcontainer.webapp                               E SRVE0315E: An exception occurred: java.lang.Throwable: java.lang.IllegalArgumentException: Invalid UUID string: -2147483648
	at com.ibm.ws.webcontainer.webapp.WebApp.handleRequest(WebApp.java:5115)
	at com.ibm.ws.webcontainer.osgi.DynamicVirtualHost$2.handleRequest(DynamicVirtualHost.java:314)
	at com.ibm.ws.webcontainer.WebContainer.handleRequest(WebContainer.java:1005)
	at com.ibm.ws.webcontainer.osgi.DynamicVirtualHost$2.run(DynamicVirtualHost.java:279)
	at com.ibm.ws.http.dispatcher.internal.channel.HttpDispatcherLink$TaskWrapper.run(HttpDispatcherLink.java:1141)
	at com.ibm.ws.http.dispatcher.internal.channel.HttpDispatcherLink.wrapHandlerAndExecute(HttpDispatcherLink.java:422)
	at com.ibm.ws.http.dispatcher.internal.channel.HttpDispatcherLink.ready(HttpDispatcherLink.java:381)
	at com.ibm.ws.http.channel.internal.inbound.HttpInboundLink.handleDiscrimination(HttpInboundLink.java:565)
	at com.ibm.ws.http.channel.internal.inbound.HttpInboundLink.handleNewRequest(HttpInboundLink.java:499)
	at com.ibm.ws.http.channel.internal.inbound.HttpInboundLink.processRequest(HttpInboundLink.java:359)
	at com.ibm.ws.http.channel.internal.inbound.HttpInboundLink.ready(HttpInboundLink.java:326)
	at com.ibm.ws.tcpchannel.internal.NewConnectionInitialReadCallback.sendToDiscriminators(NewConnectionInitialReadCallback.java:167)
	at com.ibm.ws.tcpchannel.internal.NewConnectionInitialReadCallback.complete(NewConnectionInitialReadCallback.java:75)
	at com.ibm.ws.tcpchannel.internal.WorkQueueManager.requestComplete(WorkQueueManager.java:504)
	at com.ibm.ws.tcpchannel.internal.WorkQueueManager.attemptIO(WorkQueueManager.java:574)
	at com.ibm.ws.tcpchannel.internal.WorkQueueManager.workerRun(WorkQueueManager.java:958)
	at com.ibm.ws.tcpchannel.internal.WorkQueueManager$Worker.run(WorkQueueManager.java:1047)
	at com.ibm.ws.threading.internal.ExecutorServiceImpl$RunnableWrapper.run(ExecutorServiceImpl.java:239)
	at java.base/java.util.concurrent.ThreadPoolExecutor.runWorker(ThreadPoolExecutor.java:1130)
	at java.base/java.util.concurrent.ThreadPoolExecutor$Worker.run(ThreadPoolExecutor.java:630)
	at java.base/java.lang.Thread.run(Thread.java:832)
Caused by: java.lang.IllegalArgumentException: Invalid UUID string: -2147483648
	at java.base/java.util.UUID.fromString1(UUID.java:280)
	at java.base/java.util.UUID.fromString(UUID.java:258)
	at CharacterFilter.getId(CharacterFilter.java:140)
	at CharacterFilter.doFilter(CharacterFilter.java:123)
	at com.ibm.ws.webcontainer.filter.FilterInstanceWrapper.doFilter(FilterInstanceWrapper.java:201)
	at com.ibm.ws.webcontainer.filter.WebAppFilterChain.doFilter(WebAppFilterChain.java:90)
	at com.ibm.ws.webcontainer.filter.WebAppFilterManager.doFilter(WebAppFilterManager.java:1001)
	at com.ibm.ws.webcontainer.filter.WebAppFilterManager.invokeFilters(WebAppFilterManager.java:1139)
	at com.ibm.ws.webcontainer.webapp.WebApp.handleRequest(WebApp.java:5057)
	... 20 more

[3/2/21, 18:09:53:831 EST] 0000003d com.ibm.ws.webcontainer.srt                                  W SRVE8115W: WARNING: Cannot set status. Response already committed.
[3/2/21, 18:09:53:831 EST] 0000003d com.ibm.ws.webcontainer.srt                                  W SRVE8094W: WARNING: Cannot set header. Response already committed.  Stack trace of errant attempt to set header: 
        at com.ibm.ws.webcontainer.srt.SRTServletResponse.addHeader(SRTServletResponse.java:2199)
        at [internal classes].(Unknown Source)

[3/2/21, 18:11:10:640 EST] 00000025 SystemOut                                                    O VALID LOGIN
[3/2/21, 18:11:29:827 EST] 00000024 com.ibm.ws.webcontainer.extension                            W SRVE0190E: File not found: /characters
[3/2/21, 18:12:29:430 EST] 00000025 com.ibm.ws.http.internal.VirtualHostImpl                     A CWWKT0017I: Web application removed (default_host): http://andrew-pc.local:9080/
[3/2/21, 18:12:29:430 EST] 00000025 com.ibm.ws.webcontainer.servlet                              I SRVE0253I: [CharacterSheets] [/] [LoginPageServlet]: Destroy successful.
[3/2/21, 18:12:29:432 EST] 00000025 com.ibm.ws.app.manager.AppMessageHelper                      A CWWKZ0009I: The application CharacterSheets has stopped successfully.
[3/2/21, 18:12:29:433 EST] 00000025 com.ibm.ws.app.manager.AppMessageHelper                      I CWWKZ0018I: Starting application CharacterSheets.
[3/2/21, 18:12:29:433 EST] 00000025 bm.ws.app.manager.war.internal.WARDeployedAppInfoFactoryImpl I CWWKZ0134I: The CharacterSheets application is using the loose application definition at the /home/ahayes5/cs/csc435/csc435Project/build/wlp/usr/servers/CharacterSheetsServer/apps/CharacterSheets.war.xml location.
[3/2/21, 18:12:29:494 EST] 00000025 com.ibm.ws.webcontainer.osgi.webapp.WebGroup                 I SRVE0169I: Loading Web Module: Hello Servlet.
[3/2/21, 18:12:29:495 EST] 00000025 com.ibm.ws.webcontainer                                      I SRVE0250I: Web Module Hello Servlet has been bound to default_host.
[3/2/21, 18:12:29:495 EST] 00000025 com.ibm.ws.http.internal.VirtualHostImpl                     A CWWKT0016I: Web application available (default_host): http://andrew-pc.local:9080/
[3/2/21, 18:12:29:497 EST] 0000003b com.ibm.ws.session.WASSessionCore                            I SESN0176I: A new session context will be created for application key default_host/
[3/2/21, 18:12:29:497 EST] 0000003b com.ibm.ws.util                                              I SESN0172I: The session manager is using the Java default SecureRandom implementation for session ID generation.
[3/2/21, 18:12:29:498 EST] 0000003b com.ibm.ws.app.manager.AppMessageHelper                      A CWWKZ0003I: The application CharacterSheets updated in 0.065 seconds.
[3/2/21, 18:12:29:811 EST] 0000004b com.ibm.ws.webcontainer.osgi.mbeans.PluginGenerator          I SRVE9103I: A configuration file for a web server plugin was automatically generated for this server at /home/ahayes5/cs/csc435/csc435Project/build/wlp/usr/servers/CharacterSheetsServer/logs/state/plugin-cfg.xml.
[3/2/21, 18:12:29:925 EST] 00000037 com.ibm.ws.webcontainer.osgi.mbeans.PluginGenerator          I SRVE9103I: A configuration file for a web server plugin was automatically generated for this server at /home/ahayes5/cs/csc435/csc435Project/build/wlp/usr/servers/CharacterSheetsServer/logs/state/plugin-cfg.xml.
[3/2/21, 18:12:58:362 EST] 00000040 com.ibm.ws.http.internal.VirtualHostImpl                     A CWWKT0017I: Web application removed (default_host): http://andrew-pc.local:9080/
[3/2/21, 18:12:58:363 EST] 00000040 com.ibm.ws.app.manager.AppMessageHelper                      A CWWKZ0009I: The application CharacterSheets has stopped successfully.
[3/2/21, 18:12:58:364 EST] 00000040 com.ibm.ws.app.manager.AppMessageHelper                      I CWWKZ0018I: Starting application CharacterSheets.
[3/2/21, 18:12:58:364 EST] 00000040 bm.ws.app.manager.war.internal.WARDeployedAppInfoFactoryImpl I CWWKZ0134I: The CharacterSheets application is using the loose application definition at the /home/ahayes5/cs/csc435/csc435Project/build/wlp/usr/servers/CharacterSheetsServer/apps/CharacterSheets.war.xml location.
[3/2/21, 18:12:58:516 EST] 00000040 com.ibm.ws.webcontainer.osgi.webapp.WebGroup                 I SRVE0169I: Loading Web Module: Hello Servlet.
[3/2/21, 18:12:58:517 EST] 00000040 com.ibm.ws.webcontainer                                      I SRVE0250I: Web Module Hello Servlet has been bound to default_host.
[3/2/21, 18:12:58:517 EST] 00000040 com.ibm.ws.http.internal.VirtualHostImpl                     A CWWKT0016I: Web application available (default_host): http://andrew-pc.local:9080/
[3/2/21, 18:12:58:527 EST] 0000004b com.ibm.ws.session.WASSessionCore                            I SESN0176I: A new session context will be created for application key default_host/
[3/2/21, 18:12:58:527 EST] 0000004b com.ibm.ws.util                                              I SESN0172I: The session manager is using the Java default SecureRandom implementation for session ID generation.
[3/2/21, 18:12:58:529 EST] 0000004b com.ibm.ws.app.manager.AppMessageHelper                      A CWWKZ0003I: The application CharacterSheets updated in 0.165 seconds.
[3/2/21, 18:12:58:597 EST] 00000024 com.ibm.ws.webcontainer.osgi.mbeans.PluginGenerator          I SRVE9103I: A configuration file for a web server plugin was automatically generated for this server at /home/ahayes5/cs/csc435/csc435Project/build/wlp/usr/servers/CharacterSheetsServer/logs/state/plugin-cfg.xml.
[3/2/21, 18:12:58:769 EST] 0000004d com.ibm.ws.webcontainer.osgi.mbeans.PluginGenerator          I SRVE9103I: A configuration file for a web server plugin was automatically generated for this server at /home/ahayes5/cs/csc435/csc435Project/build/wlp/usr/servers/CharacterSheetsServer/logs/state/plugin-cfg.xml.
[3/2/21, 18:13:05:816 EST] 0000003d com.ibm.ws.webcontainer.servlet                              I SRVE0242I: [CharacterSheets] [/] [LoginPageServlet]: Initialization successful.
[3/2/21, 18:13:05:818 EST] 0000003d SystemOut                                                    O VALID LOGIN
[3/2/21, 18:13:08:028 EST] 00000025 com.ibm.ws.webcontainer.webapp                               E SRVE0315E: An exception occurred: java.lang.Throwable: java.lang.NumberFormatException: null
	at com.ibm.ws.webcontainer.webapp.WebApp.handleRequest(WebApp.java:5115)
	at com.ibm.ws.webcontainer.osgi.DynamicVirtualHost$2.handleRequest(DynamicVirtualHost.java:314)
	at com.ibm.ws.webcontainer.WebContainer.handleRequest(WebContainer.java:1005)
	at com.ibm.ws.webcontainer.osgi.DynamicVirtualHost$2.run(DynamicVirtualHost.java:279)
	at com.ibm.ws.http.dispatcher.internal.channel.HttpDispatcherLink$TaskWrapper.run(HttpDispatcherLink.java:1141)
	at com.ibm.ws.http.dispatcher.internal.channel.HttpDispatcherLink.wrapHandlerAndExecute(HttpDispatcherLink.java:422)
	at com.ibm.ws.http.dispatcher.internal.channel.HttpDispatcherLink.ready(HttpDispatcherLink.java:381)
	at com.ibm.ws.http.channel.internal.inbound.HttpInboundLink.handleDiscrimination(HttpInboundLink.java:565)
	at com.ibm.ws.http.channel.internal.inbound.HttpInboundLink.handleNewRequest(HttpInboundLink.java:499)
	at com.ibm.ws.http.channel.internal.inbound.HttpInboundLink.processRequest(HttpInboundLink.java:359)
	at com.ibm.ws.http.channel.internal.inbound.HttpInboundLink.ready(HttpInboundLink.java:326)
	at com.ibm.ws.tcpchannel.internal.NewConnectionInitialReadCallback.sendToDiscriminators(NewConnectionInitialReadCallback.java:167)
	at com.ibm.ws.tcpchannel.internal.NewConnectionInitialReadCallback.complete(NewConnectionInitialReadCallback.java:75)
	at com.ibm.ws.tcpchannel.internal.WorkQueueManager.requestComplete(WorkQueueManager.java:504)
	at com.ibm.ws.tcpchannel.internal.WorkQueueManager.attemptIO(WorkQueueManager.java:574)
	at com.ibm.ws.tcpchannel.internal.WorkQueueManager.workerRun(WorkQueueManager.java:958)
	at com.ibm.ws.tcpchannel.internal.WorkQueueManager$Worker.run(WorkQueueManager.java:1047)
	at com.ibm.ws.threading.internal.ExecutorServiceImpl$RunnableWrapper.run(ExecutorServiceImpl.java:239)
	at java.base/java.util.concurrent.ThreadPoolExecutor.runWorker(ThreadPoolExecutor.java:1130)
	at java.base/java.util.concurrent.ThreadPoolExecutor$Worker.run(ThreadPoolExecutor.java:630)
	at java.base/java.lang.Thread.run(Thread.java:832)
Caused by: java.lang.NumberFormatException: null
	at java.base/java.lang.Integer.parseInt(Integer.java:614)
	at java.base/java.lang.Integer.parseInt(Integer.java:770)
	at CharacterFilter.doFilter(CharacterFilter.java:34)
	at com.ibm.ws.webcontainer.filter.FilterInstanceWrapper.doFilter(FilterInstanceWrapper.java:201)
	at com.ibm.ws.webcontainer.filter.WebAppFilterChain.doFilter(WebAppFilterChain.java:90)
	at com.ibm.ws.webcontainer.filter.WebAppFilterManager.doFilter(WebAppFilterManager.java:1001)
	at com.ibm.ws.webcontainer.filter.WebAppFilterManager.invokeFilters(WebAppFilterManager.java:1139)
	at com.ibm.ws.webcontainer.webapp.WebApp.handleRequest(WebApp.java:5057)
	... 20 more

[3/2/21, 18:13:17:252 EST] 0000004c SystemOut                                                    O VALID LOGIN
[3/2/21, 18:13:17:257 EST] 0000004d com.ibm.ws.webcontainer.webapp                               E SRVE0315E: An exception occurred: java.lang.Throwable: java.lang.NumberFormatException: null
	at com.ibm.ws.webcontainer.webapp.WebApp.handleRequest(WebApp.java:5115)
	at com.ibm.ws.webcontainer.osgi.DynamicVirtualHost$2.handleRequest(DynamicVirtualHost.java:314)
	at com.ibm.ws.webcontainer.WebContainer.handleRequest(WebContainer.java:1005)
	at com.ibm.ws.webcontainer.osgi.DynamicVirtualHost$2.run(DynamicVirtualHost.java:279)
	at com.ibm.ws.http.dispatcher.internal.channel.HttpDispatcherLink$TaskWrapper.run(HttpDispatcherLink.java:1141)
	at com.ibm.ws.http.dispatcher.internal.channel.HttpDispatcherLink.wrapHandlerAndExecute(HttpDispatcherLink.java:422)
	at com.ibm.ws.http.dispatcher.internal.channel.HttpDispatcherLink.ready(HttpDispatcherLink.java:381)
	at com.ibm.ws.http.channel.internal.inbound.HttpInboundLink.handleDiscrimination(HttpInboundLink.java:565)
	at com.ibm.ws.http.channel.internal.inbound.HttpInboundLink.handleNewRequest(HttpInboundLink.java:499)
	at com.ibm.ws.http.channel.internal.inbound.HttpInboundLink.processRequest(HttpInboundLink.java:359)
	at com.ibm.ws.http.channel.internal.inbound.HttpInboundLink.ready(HttpInboundLink.java:326)
	at com.ibm.ws.tcpchannel.internal.NewConnectionInitialReadCallback.sendToDiscriminators(NewConnectionInitialReadCallback.java:167)
	at com.ibm.ws.tcpchannel.internal.NewConnectionInitialReadCallback.complete(NewConnectionInitialReadCallback.java:75)
	at com.ibm.ws.tcpchannel.internal.WorkQueueManager.requestComplete(WorkQueueManager.java:504)
	at com.ibm.ws.tcpchannel.internal.WorkQueueManager.attemptIO(WorkQueueManager.java:574)
	at com.ibm.ws.tcpchannel.internal.WorkQueueManager.workerRun(WorkQueueManager.java:958)
	at com.ibm.ws.tcpchannel.internal.WorkQueueManager$Worker.run(WorkQueueManager.java:1047)
	at com.ibm.ws.threading.internal.ExecutorServiceImpl$RunnableWrapper.run(ExecutorServiceImpl.java:239)
	at java.base/java.util.concurrent.ThreadPoolExecutor.runWorker(ThreadPoolExecutor.java:1130)
	at java.base/java.util.concurrent.ThreadPoolExecutor$Worker.run(ThreadPoolExecutor.java:630)
	at java.base/java.lang.Thread.run(Thread.java:832)
Caused by: java.lang.NumberFormatException: null
	at java.base/java.lang.Integer.parseInt(Integer.java:614)
	at java.base/java.lang.Integer.parseInt(Integer.java:770)
	at CharacterFilter.doFilter(CharacterFilter.java:34)
	at com.ibm.ws.webcontainer.filter.FilterInstanceWrapper.doFilter(FilterInstanceWrapper.java:201)
	at com.ibm.ws.webcontainer.filter.WebAppFilterChain.doFilter(WebAppFilterChain.java:90)
	at com.ibm.ws.webcontainer.filter.WebAppFilterManager.doFilter(WebAppFilterManager.java:1001)
	at com.ibm.ws.webcontainer.filter.WebAppFilterManager.invokeFilters(WebAppFilterManager.java:1139)
	at com.ibm.ws.webcontainer.webapp.WebApp.handleRequest(WebApp.java:5057)
	... 20 more

[3/2/21, 18:13:17:263 EST] 00000039 SystemOut                                                    O /characters/-2147483648
[3/2/21, 18:13:17:263 EST] 00000039 com.ibm.ws.webcontainer.webapp                               E SRVE0315E: An exception occurred: java.lang.Throwable: java.lang.IllegalArgumentException: Invalid UUID string: -2147483648
	at com.ibm.ws.webcontainer.webapp.WebApp.handleRequest(WebApp.java:5115)
	at com.ibm.ws.webcontainer.osgi.DynamicVirtualHost$2.handleRequest(DynamicVirtualHost.java:314)
	at com.ibm.ws.webcontainer.WebContainer.handleRequest(WebContainer.java:1005)
	at com.ibm.ws.webcontainer.osgi.DynamicVirtualHost$2.run(DynamicVirtualHost.java:279)
	at com.ibm.ws.http.dispatcher.internal.channel.HttpDispatcherLink$TaskWrapper.run(HttpDispatcherLink.java:1141)
	at com.ibm.ws.http.dispatcher.internal.channel.HttpDispatcherLink.wrapHandlerAndExecute(HttpDispatcherLink.java:422)
	at com.ibm.ws.http.dispatcher.internal.channel.HttpDispatcherLink.ready(HttpDispatcherLink.java:381)
	at com.ibm.ws.http.channel.internal.inbound.HttpInboundLink.handleDiscrimination(HttpInboundLink.java:565)
	at com.ibm.ws.http.channel.internal.inbound.HttpInboundLink.handleNewRequest(HttpInboundLink.java:499)
	at com.ibm.ws.http.channel.internal.inbound.HttpInboundLink.processRequest(HttpInboundLink.java:359)
	at com.ibm.ws.http.channel.internal.inbound.HttpInboundLink.ready(HttpInboundLink.java:326)
	at com.ibm.ws.tcpchannel.internal.NewConnectionInitialReadCallback.sendToDiscriminators(NewConnectionInitialReadCallback.java:167)
	at com.ibm.ws.tcpchannel.internal.NewConnectionInitialReadCallback.complete(NewConnectionInitialReadCallback.java:75)
	at com.ibm.ws.tcpchannel.internal.WorkQueueManager.requestComplete(WorkQueueManager.java:504)
	at com.ibm.ws.tcpchannel.internal.WorkQueueManager.attemptIO(WorkQueueManager.java:574)
	at com.ibm.ws.tcpchannel.internal.WorkQueueManager.workerRun(WorkQueueManager.java:958)
	at com.ibm.ws.tcpchannel.internal.WorkQueueManager$Worker.run(WorkQueueManager.java:1047)
	at com.ibm.ws.threading.internal.ExecutorServiceImpl$RunnableWrapper.run(ExecutorServiceImpl.java:239)
	at java.base/java.util.concurrent.ThreadPoolExecutor.runWorker(ThreadPoolExecutor.java:1130)
	at java.base/java.util.concurrent.ThreadPoolExecutor$Worker.run(ThreadPoolExecutor.java:630)
	at java.base/java.lang.Thread.run(Thread.java:832)
Caused by: java.lang.IllegalArgumentException: Invalid UUID string: -2147483648
	at java.base/java.util.UUID.fromString1(UUID.java:280)
	at java.base/java.util.UUID.fromString(UUID.java:258)
	at CharacterFilter.getId(CharacterFilter.java:194)
	at CharacterFilter.doFilter(CharacterFilter.java:177)
	at com.ibm.ws.webcontainer.filter.FilterInstanceWrapper.doFilter(FilterInstanceWrapper.java:201)
	at com.ibm.ws.webcontainer.filter.WebAppFilterChain.doFilter(WebAppFilterChain.java:90)
	at com.ibm.ws.webcontainer.filter.WebAppFilterManager.doFilter(WebAppFilterManager.java:1001)
	at com.ibm.ws.webcontainer.filter.WebAppFilterManager.invokeFilters(WebAppFilterManager.java:1139)
	at com.ibm.ws.webcontainer.webapp.WebApp.handleRequest(WebApp.java:5057)
	... 20 more

[3/2/21, 18:13:17:265 EST] 00000039 com.ibm.ws.webcontainer.srt                                  W SRVE8115W: WARNING: Cannot set status. Response already committed.
[3/2/21, 18:13:17:265 EST] 00000039 com.ibm.ws.webcontainer.srt                                  W SRVE8094W: WARNING: Cannot set header. Response already committed.  Stack trace of errant attempt to set header: 
        at com.ibm.ws.webcontainer.srt.SRTServletResponse.addHeader(SRTServletResponse.java:2199)
        at [internal classes].(Unknown Source)

[3/2/21, 18:13:42:345 EST] 00000038 SystemOut                                                    O VALID LOGIN
[3/2/21, 18:14:11:072 EST] 0000003b com.ibm.ws.webcontainer.webapp                               E SRVE0315E: An exception occurred: java.lang.Throwable: java.lang.NumberFormatException: null
	at com.ibm.ws.webcontainer.webapp.WebApp.handleRequest(WebApp.java:5115)
	at com.ibm.ws.webcontainer.osgi.DynamicVirtualHost$2.handleRequest(DynamicVirtualHost.java:314)
	at com.ibm.ws.webcontainer.WebContainer.handleRequest(WebContainer.java:1005)
	at com.ibm.ws.webcontainer.osgi.DynamicVirtualHost$2.run(DynamicVirtualHost.java:279)
	at com.ibm.ws.http.dispatcher.internal.channel.HttpDispatcherLink$TaskWrapper.run(HttpDispatcherLink.java:1141)
	at com.ibm.ws.http.dispatcher.internal.channel.HttpDispatcherLink.wrapHandlerAndExecute(HttpDispatcherLink.java:422)
	at com.ibm.ws.http.dispatcher.internal.channel.HttpDispatcherLink.ready(HttpDispatcherLink.java:381)
	at com.ibm.ws.http.channel.internal.inbound.HttpInboundLink.handleDiscrimination(HttpInboundLink.java:565)
	at com.ibm.ws.http.channel.internal.inbound.HttpInboundLink.handleNewRequest(HttpInboundLink.java:499)
	at com.ibm.ws.http.channel.internal.inbound.HttpInboundLink.processRequest(HttpInboundLink.java:359)
	at com.ibm.ws.http.channel.internal.inbound.HttpInboundLink.ready(HttpInboundLink.java:326)
	at com.ibm.ws.tcpchannel.internal.NewConnectionInitialReadCallback.sendToDiscriminators(NewConnectionInitialReadCallback.java:167)
	at com.ibm.ws.tcpchannel.internal.NewConnectionInitialReadCallback.complete(NewConnectionInitialReadCallback.java:75)
	at com.ibm.ws.tcpchannel.internal.WorkQueueManager.requestComplete(WorkQueueManager.java:504)
	at com.ibm.ws.tcpchannel.internal.WorkQueueManager.attemptIO(WorkQueueManager.java:574)
	at com.ibm.ws.tcpchannel.internal.WorkQueueManager.workerRun(WorkQueueManager.java:958)
	at com.ibm.ws.tcpchannel.internal.WorkQueueManager$Worker.run(WorkQueueManager.java:1047)
	at com.ibm.ws.threading.internal.ExecutorServiceImpl$RunnableWrapper.run(ExecutorServiceImpl.java:239)
	at java.base/java.util.concurrent.ThreadPoolExecutor.runWorker(ThreadPoolExecutor.java:1130)
	at java.base/java.util.concurrent.ThreadPoolExecutor$Worker.run(ThreadPoolExecutor.java:630)
	at java.base/java.lang.Thread.run(Thread.java:832)
Caused by: java.lang.NumberFormatException: null
	at java.base/java.lang.Integer.parseInt(Integer.java:614)
	at java.base/java.lang.Integer.parseInt(Integer.java:770)
	at CharacterFilter.doFilter(CharacterFilter.java:34)
	at com.ibm.ws.webcontainer.filter.FilterInstanceWrapper.doFilter(FilterInstanceWrapper.java:201)
	at com.ibm.ws.webcontainer.filter.WebAppFilterChain.doFilter(WebAppFilterChain.java:90)
	at com.ibm.ws.webcontainer.filter.WebAppFilterManager.doFilter(WebAppFilterManager.java:1001)
	at com.ibm.ws.webcontainer.filter.WebAppFilterManager.invokeFilters(WebAppFilterManager.java:1139)
	at com.ibm.ws.webcontainer.webapp.WebApp.handleRequest(WebApp.java:5057)
	... 20 more

[3/2/21, 18:14:49:016 EST] 00000037 com.ibm.ws.logging.internal.impl.IncidentImpl                I FFDC1015I: An FFDC Incident has been created: "java.lang.NullPointerException: Cannot invoke "java.util.HashSet.contains(Object)" because "Characters.usedIds" is null com.ibm.ws.webcontainer.filter.WebAppFilterManager.invokeFilters 1105" at ffdc_21.03.02_18.14.48.0.log
[3/2/21, 18:14:49:016 EST] 00000037 com.ibm.ws.webcontainer.webapp                               E SRVE0315E: An exception occurred: java.lang.Throwable: java.lang.NullPointerException: Cannot invoke "java.util.HashSet.contains(Object)" because "Characters.usedIds" is null
	at com.ibm.ws.webcontainer.webapp.WebApp.handleRequest(WebApp.java:5115)
	at com.ibm.ws.webcontainer.osgi.DynamicVirtualHost$2.handleRequest(DynamicVirtualHost.java:314)
	at com.ibm.ws.webcontainer.WebContainer.handleRequest(WebContainer.java:1005)
	at com.ibm.ws.webcontainer.osgi.DynamicVirtualHost$2.run(DynamicVirtualHost.java:279)
	at com.ibm.ws.http.dispatcher.internal.channel.HttpDispatcherLink$TaskWrapper.run(HttpDispatcherLink.java:1141)
	at com.ibm.ws.http.dispatcher.internal.channel.HttpDispatcherLink.wrapHandlerAndExecute(HttpDispatcherLink.java:422)
	at com.ibm.ws.http.dispatcher.internal.channel.HttpDispatcherLink.ready(HttpDispatcherLink.java:381)
	at com.ibm.ws.http.channel.internal.inbound.HttpInboundLink.handleDiscrimination(HttpInboundLink.java:565)
	at com.ibm.ws.http.channel.internal.inbound.HttpInboundLink.handleNewRequest(HttpInboundLink.java:499)
	at com.ibm.ws.http.channel.internal.inbound.HttpInboundLink.processRequest(HttpInboundLink.java:359)
	at com.ibm.ws.http.channel.internal.inbound.HttpInboundLink.ready(HttpInboundLink.java:326)
	at com.ibm.ws.tcpchannel.internal.NewConnectionInitialReadCallback.sendToDiscriminators(NewConnectionInitialReadCallback.java:167)
	at com.ibm.ws.tcpchannel.internal.NewConnectionInitialReadCallback.complete(NewConnectionInitialReadCallback.java:75)
	at com.ibm.ws.tcpchannel.internal.WorkQueueManager.requestComplete(WorkQueueManager.java:504)
	at com.ibm.ws.tcpchannel.internal.WorkQueueManager.attemptIO(WorkQueueManager.java:574)
	at com.ibm.ws.tcpchannel.internal.WorkQueueManager.workerRun(WorkQueueManager.java:958)
	at com.ibm.ws.tcpchannel.internal.WorkQueueManager$Worker.run(WorkQueueManager.java:1047)
	at com.ibm.ws.threading.internal.ExecutorServiceImpl$RunnableWrapper.run(ExecutorServiceImpl.java:239)
	at java.base/java.util.concurrent.ThreadPoolExecutor.runWorker(ThreadPoolExecutor.java:1130)
	at java.base/java.util.concurrent.ThreadPoolExecutor$Worker.run(ThreadPoolExecutor.java:630)
	at java.base/java.lang.Thread.run(Thread.java:832)
Caused by: java.lang.NullPointerException: Cannot invoke "java.util.HashSet.contains(Object)" because "Characters.usedIds" is null
	at CharacterFilter.doFilter(CharacterFilter.java:38)
	at com.ibm.ws.webcontainer.filter.FilterInstanceWrapper.doFilter(FilterInstanceWrapper.java:201)
	at com.ibm.ws.webcontainer.filter.WebAppFilterChain.doFilter(WebAppFilterChain.java:90)
	at com.ibm.ws.webcontainer.filter.WebAppFilterManager.doFilter(WebAppFilterManager.java:1001)
	at com.ibm.ws.webcontainer.filter.WebAppFilterManager.invokeFilters(WebAppFilterManager.java:1139)
	at com.ibm.ws.webcontainer.webapp.WebApp.handleRequest(WebApp.java:5057)
	... 20 more

[3/2/21, 18:16:18:390 EST] 00000031 com.ibm.ws.http.internal.VirtualHostImpl                     A CWWKT0017I: Web application removed (default_host): http://andrew-pc.local:9080/
[3/2/21, 18:16:18:391 EST] 00000031 com.ibm.ws.webcontainer.servlet                              I SRVE0253I: [CharacterSheets] [/] [LoginPageServlet]: Destroy successful.
[3/2/21, 18:16:18:392 EST] 00000031 com.ibm.ws.app.manager.AppMessageHelper                      A CWWKZ0009I: The application CharacterSheets has stopped successfully.
[3/2/21, 18:16:18:393 EST] 00000031 com.ibm.ws.app.manager.AppMessageHelper                      I CWWKZ0018I: Starting application CharacterSheets.
[3/2/21, 18:16:18:393 EST] 00000031 bm.ws.app.manager.war.internal.WARDeployedAppInfoFactoryImpl I CWWKZ0134I: The CharacterSheets application is using the loose application definition at the /home/ahayes5/cs/csc435/csc435Project/build/wlp/usr/servers/CharacterSheetsServer/apps/CharacterSheets.war.xml location.
[3/2/21, 18:16:18:450 EST] 00000031 com.ibm.ws.webcontainer.osgi.webapp.WebGroup                 I SRVE0169I: Loading Web Module: Hello Servlet.
[3/2/21, 18:16:18:450 EST] 00000031 com.ibm.ws.webcontainer                                      I SRVE0250I: Web Module Hello Servlet has been bound to default_host.
[3/2/21, 18:16:18:450 EST] 00000031 com.ibm.ws.http.internal.VirtualHostImpl                     A CWWKT0016I: Web application available (default_host): http://andrew-pc.local:9080/
[3/2/21, 18:16:18:456 EST] 00000045 com.ibm.ws.session.WASSessionCore                            I SESN0176I: A new session context will be created for application key default_host/
[3/2/21, 18:16:18:456 EST] 00000045 com.ibm.ws.util                                              I SESN0172I: The session manager is using the Java default SecureRandom implementation for session ID generation.
[3/2/21, 18:16:18:457 EST] 00000045 com.ibm.ws.app.manager.AppMessageHelper                      A CWWKZ0003I: The application CharacterSheets updated in 0.064 seconds.
[3/2/21, 18:16:18:736 EST] 00000037 com.ibm.ws.webcontainer.osgi.mbeans.PluginGenerator          I SRVE9103I: A configuration file for a web server plugin was automatically generated for this server at /home/ahayes5/cs/csc435/csc435Project/build/wlp/usr/servers/CharacterSheetsServer/logs/state/plugin-cfg.xml.
[3/2/21, 18:16:18:845 EST] 00000039 com.ibm.ws.webcontainer.osgi.mbeans.PluginGenerator          I SRVE9103I: A configuration file for a web server plugin was automatically generated for this server at /home/ahayes5/cs/csc435/csc435Project/build/wlp/usr/servers/CharacterSheetsServer/logs/state/plugin-cfg.xml.
[3/2/21, 18:16:25:972 EST] 00000025 com.ibm.ws.webcontainer.servlet                              I SRVE0242I: [CharacterSheets] [/] [LoginPageServlet]: Initialization successful.
[3/2/21, 18:16:25:974 EST] 00000025 SystemOut                                                    O VALID LOGIN
[3/2/21, 18:16:31:650 EST] 00000031 SystemOut                                                    O LSIT CRREATED
[3/2/21, 18:16:51:353 EST] 0000004e SystemOut                                                    O VALID LOGIN
[3/2/21, 18:16:51:360 EST] 0000003f com.ibm.ws.webcontainer.webapp                               E SRVE0315E: An exception occurred: java.lang.Throwable: java.lang.NumberFormatException: null
	at com.ibm.ws.webcontainer.webapp.WebApp.handleRequest(WebApp.java:5115)
	at com.ibm.ws.webcontainer.osgi.DynamicVirtualHost$2.handleRequest(DynamicVirtualHost.java:314)
	at com.ibm.ws.webcontainer.WebContainer.handleRequest(WebContainer.java:1005)
	at com.ibm.ws.webcontainer.osgi.DynamicVirtualHost$2.run(DynamicVirtualHost.java:279)
	at com.ibm.ws.http.dispatcher.internal.channel.HttpDispatcherLink$TaskWrapper.run(HttpDispatcherLink.java:1141)
	at com.ibm.ws.http.dispatcher.internal.channel.HttpDispatcherLink.wrapHandlerAndExecute(HttpDispatcherLink.java:422)
	at com.ibm.ws.http.dispatcher.internal.channel.HttpDispatcherLink.ready(HttpDispatcherLink.java:381)
	at com.ibm.ws.http.channel.internal.inbound.HttpInboundLink.handleDiscrimination(HttpInboundLink.java:565)
	at com.ibm.ws.http.channel.internal.inbound.HttpInboundLink.handleNewRequest(HttpInboundLink.java:499)
	at com.ibm.ws.http.channel.internal.inbound.HttpInboundLink.processRequest(HttpInboundLink.java:359)
	at com.ibm.ws.http.channel.internal.inbound.HttpInboundLink.ready(HttpInboundLink.java:326)
	at com.ibm.ws.tcpchannel.internal.NewConnectionInitialReadCallback.sendToDiscriminators(NewConnectionInitialReadCallback.java:167)
	at com.ibm.ws.tcpchannel.internal.NewConnectionInitialReadCallback.complete(NewConnectionInitialReadCallback.java:75)
	at com.ibm.ws.tcpchannel.internal.WorkQueueManager.requestComplete(WorkQueueManager.java:504)
	at com.ibm.ws.tcpchannel.internal.WorkQueueManager.attemptIO(WorkQueueManager.java:574)
	at com.ibm.ws.tcpchannel.internal.WorkQueueManager.workerRun(WorkQueueManager.java:958)
	at com.ibm.ws.tcpchannel.internal.WorkQueueManager$Worker.run(WorkQueueManager.java:1047)
	at com.ibm.ws.threading.internal.ExecutorServiceImpl$RunnableWrapper.run(ExecutorServiceImpl.java:239)
	at java.base/java.util.concurrent.ThreadPoolExecutor.runWorker(ThreadPoolExecutor.java:1130)
	at java.base/java.util.concurrent.ThreadPoolExecutor$Worker.run(ThreadPoolExecutor.java:630)
	at java.base/java.lang.Thread.run(Thread.java:832)
Caused by: java.lang.NumberFormatException: null
	at java.base/java.lang.Integer.parseInt(Integer.java:614)
	at java.base/java.lang.Integer.parseInt(Integer.java:770)
	at CharacterFilter.doFilter(CharacterFilter.java:34)
	at com.ibm.ws.webcontainer.filter.FilterInstanceWrapper.doFilter(FilterInstanceWrapper.java:201)
	at com.ibm.ws.webcontainer.filter.WebAppFilterChain.doFilter(WebAppFilterChain.java:90)
	at com.ibm.ws.webcontainer.filter.WebAppFilterManager.doFilter(WebAppFilterManager.java:1001)
	at com.ibm.ws.webcontainer.filter.WebAppFilterManager.invokeFilters(WebAppFilterManager.java:1139)
	at com.ibm.ws.webcontainer.webapp.WebApp.handleRequest(WebApp.java:5057)
	... 20 more

[3/2/21, 18:16:51:367 EST] 00000025 SystemOut                                                    O /characters/-2147483648
[3/2/21, 18:16:51:368 EST] 00000025 com.ibm.ws.webcontainer.webapp                               E SRVE0315E: An exception occurred: java.lang.Throwable: java.lang.IllegalArgumentException: Invalid UUID string: -2147483648
	at com.ibm.ws.webcontainer.webapp.WebApp.handleRequest(WebApp.java:5115)
	at com.ibm.ws.webcontainer.osgi.DynamicVirtualHost$2.handleRequest(DynamicVirtualHost.java:314)
	at com.ibm.ws.webcontainer.WebContainer.handleRequest(WebContainer.java:1005)
	at com.ibm.ws.webcontainer.osgi.DynamicVirtualHost$2.run(DynamicVirtualHost.java:279)
	at com.ibm.ws.http.dispatcher.internal.channel.HttpDispatcherLink$TaskWrapper.run(HttpDispatcherLink.java:1141)
	at com.ibm.ws.http.dispatcher.internal.channel.HttpDispatcherLink.wrapHandlerAndExecute(HttpDispatcherLink.java:422)
	at com.ibm.ws.http.dispatcher.internal.channel.HttpDispatcherLink.ready(HttpDispatcherLink.java:381)
	at com.ibm.ws.http.channel.internal.inbound.HttpInboundLink.handleDiscrimination(HttpInboundLink.java:565)
	at com.ibm.ws.http.channel.internal.inbound.HttpInboundLink.handleNewRequest(HttpInboundLink.java:499)
	at com.ibm.ws.http.channel.internal.inbound.HttpInboundLink.processRequest(HttpInboundLink.java:359)
	at com.ibm.ws.http.channel.internal.inbound.HttpInboundLink.ready(HttpInboundLink.java:326)
	at com.ibm.ws.tcpchannel.internal.NewConnectionInitialReadCallback.sendToDiscriminators(NewConnectionInitialReadCallback.java:167)
	at com.ibm.ws.tcpchannel.internal.NewConnectionInitialReadCallback.complete(NewConnectionInitialReadCallback.java:75)
	at com.ibm.ws.tcpchannel.internal.WorkQueueManager.requestComplete(WorkQueueManager.java:504)
	at com.ibm.ws.tcpchannel.internal.WorkQueueManager.attemptIO(WorkQueueManager.java:574)
	at com.ibm.ws.tcpchannel.internal.WorkQueueManager.workerRun(WorkQueueManager.java:958)
	at com.ibm.ws.tcpchannel.internal.WorkQueueManager$Worker.run(WorkQueueManager.java:1047)
	at com.ibm.ws.threading.internal.ExecutorServiceImpl$RunnableWrapper.run(ExecutorServiceImpl.java:239)
	at java.base/java.util.concurrent.ThreadPoolExecutor.runWorker(ThreadPoolExecutor.java:1130)
	at java.base/java.util.concurrent.ThreadPoolExecutor$Worker.run(ThreadPoolExecutor.java:630)
	at java.base/java.lang.Thread.run(Thread.java:832)
Caused by: java.lang.IllegalArgumentException: Invalid UUID string: -2147483648
	at java.base/java.util.UUID.fromString1(UUID.java:280)
	at java.base/java.util.UUID.fromString(UUID.java:258)
	at CharacterFilter.getId(CharacterFilter.java:194)
	at CharacterFilter.doFilter(CharacterFilter.java:177)
	at com.ibm.ws.webcontainer.filter.FilterInstanceWrapper.doFilter(FilterInstanceWrapper.java:201)
	at com.ibm.ws.webcontainer.filter.WebAppFilterChain.doFilter(WebAppFilterChain.java:90)
	at com.ibm.ws.webcontainer.filter.WebAppFilterManager.doFilter(WebAppFilterManager.java:1001)
	at com.ibm.ws.webcontainer.filter.WebAppFilterManager.invokeFilters(WebAppFilterManager.java:1139)
	at com.ibm.ws.webcontainer.webapp.WebApp.handleRequest(WebApp.java:5057)
	... 20 more

[3/2/21, 18:16:51:369 EST] 00000025 com.ibm.ws.webcontainer.srt                                  W SRVE8115W: WARNING: Cannot set status. Response already committed.
[3/2/21, 18:16:51:369 EST] 00000025 com.ibm.ws.webcontainer.srt                                  W SRVE8094W: WARNING: Cannot set header. Response already committed.  Stack trace of errant attempt to set header: 
        at com.ibm.ws.webcontainer.srt.SRTServletResponse.addHeader(SRTServletResponse.java:2199)
        at [internal classes].(Unknown Source)

[3/2/21, 18:17:01:415 EST] 0000004e SystemOut                                                    O VALID LOGIN
[3/2/21, 18:17:01:421 EST] 00000048 com.ibm.ws.webcontainer.webapp                               E SRVE0315E: An exception occurred: java.lang.Throwable: java.lang.NumberFormatException: null
	at com.ibm.ws.webcontainer.webapp.WebApp.handleRequest(WebApp.java:5115)
	at com.ibm.ws.webcontainer.osgi.DynamicVirtualHost$2.handleRequest(DynamicVirtualHost.java:314)
	at com.ibm.ws.webcontainer.WebContainer.handleRequest(WebContainer.java:1005)
	at com.ibm.ws.webcontainer.osgi.DynamicVirtualHost$2.run(DynamicVirtualHost.java:279)
	at com.ibm.ws.http.dispatcher.internal.channel.HttpDispatcherLink$TaskWrapper.run(HttpDispatcherLink.java:1141)
	at com.ibm.ws.http.dispatcher.internal.channel.HttpDispatcherLink.wrapHandlerAndExecute(HttpDispatcherLink.java:422)
	at com.ibm.ws.http.dispatcher.internal.channel.HttpDispatcherLink.ready(HttpDispatcherLink.java:381)
	at com.ibm.ws.http.channel.internal.inbound.HttpInboundLink.handleDiscrimination(HttpInboundLink.java:565)
	at com.ibm.ws.http.channel.internal.inbound.HttpInboundLink.handleNewRequest(HttpInboundLink.java:499)
	at com.ibm.ws.http.channel.internal.inbound.HttpInboundLink.processRequest(HttpInboundLink.java:359)
	at com.ibm.ws.http.channel.internal.inbound.HttpInboundLink.ready(HttpInboundLink.java:326)
	at com.ibm.ws.tcpchannel.internal.NewConnectionInitialReadCallback.sendToDiscriminators(NewConnectionInitialReadCallback.java:167)
	at com.ibm.ws.tcpchannel.internal.NewConnectionInitialReadCallback.complete(NewConnectionInitialReadCallback.java:75)
	at com.ibm.ws.tcpchannel.internal.WorkQueueManager.requestComplete(WorkQueueManager.java:504)
	at com.ibm.ws.tcpchannel.internal.WorkQueueManager.attemptIO(WorkQueueManager.java:574)
	at com.ibm.ws.tcpchannel.internal.WorkQueueManager.workerRun(WorkQueueManager.java:958)
	at com.ibm.ws.tcpchannel.internal.WorkQueueManager$Worker.run(WorkQueueManager.java:1047)
	at com.ibm.ws.threading.internal.ExecutorServiceImpl$RunnableWrapper.run(ExecutorServiceImpl.java:239)
	at java.base/java.util.concurrent.ThreadPoolExecutor.runWorker(ThreadPoolExecutor.java:1130)
	at java.base/java.util.concurrent.ThreadPoolExecutor$Worker.run(ThreadPoolExecutor.java:630)
	at java.base/java.lang.Thread.run(Thread.java:832)
Caused by: java.lang.NumberFormatException: null
	at java.base/java.lang.Integer.parseInt(Integer.java:614)
	at java.base/java.lang.Integer.parseInt(Integer.java:770)
	at CharacterFilter.doFilter(CharacterFilter.java:34)
	at com.ibm.ws.webcontainer.filter.FilterInstanceWrapper.doFilter(FilterInstanceWrapper.java:201)
	at com.ibm.ws.webcontainer.filter.WebAppFilterChain.doFilter(WebAppFilterChain.java:90)
	at com.ibm.ws.webcontainer.filter.WebAppFilterManager.doFilter(WebAppFilterManager.java:1001)
	at com.ibm.ws.webcontainer.filter.WebAppFilterManager.invokeFilters(WebAppFilterManager.java:1139)
	at com.ibm.ws.webcontainer.webapp.WebApp.handleRequest(WebApp.java:5057)
	... 20 more

[3/2/21, 18:17:01:428 EST] 00000024 SystemOut                                                    O /characters/-2147483648
[3/2/21, 18:17:01:429 EST] 00000024 com.ibm.ws.webcontainer.webapp                               E SRVE0315E: An exception occurred: java.lang.Throwable: java.lang.IllegalArgumentException: Invalid UUID string: -2147483648
	at com.ibm.ws.webcontainer.webapp.WebApp.handleRequest(WebApp.java:5115)
	at com.ibm.ws.webcontainer.osgi.DynamicVirtualHost$2.handleRequest(DynamicVirtualHost.java:314)
	at com.ibm.ws.webcontainer.WebContainer.handleRequest(WebContainer.java:1005)
	at com.ibm.ws.webcontainer.osgi.DynamicVirtualHost$2.run(DynamicVirtualHost.java:279)
	at com.ibm.ws.http.dispatcher.internal.channel.HttpDispatcherLink$TaskWrapper.run(HttpDispatcherLink.java:1141)
	at com.ibm.ws.http.dispatcher.internal.channel.HttpDispatcherLink.wrapHandlerAndExecute(HttpDispatcherLink.java:422)
	at com.ibm.ws.http.dispatcher.internal.channel.HttpDispatcherLink.ready(HttpDispatcherLink.java:381)
	at com.ibm.ws.http.channel.internal.inbound.HttpInboundLink.handleDiscrimination(HttpInboundLink.java:565)
	at com.ibm.ws.http.channel.internal.inbound.HttpInboundLink.handleNewRequest(HttpInboundLink.java:499)
	at com.ibm.ws.http.channel.internal.inbound.HttpInboundLink.processRequest(HttpInboundLink.java:359)
	at com.ibm.ws.http.channel.internal.inbound.HttpInboundLink.ready(HttpInboundLink.java:326)
	at com.ibm.ws.tcpchannel.internal.NewConnectionInitialReadCallback.sendToDiscriminators(NewConnectionInitialReadCallback.java:167)
	at com.ibm.ws.tcpchannel.internal.NewConnectionInitialReadCallback.complete(NewConnectionInitialReadCallback.java:75)
	at com.ibm.ws.tcpchannel.internal.WorkQueueManager.requestComplete(WorkQueueManager.java:504)
	at com.ibm.ws.tcpchannel.internal.WorkQueueManager.attemptIO(WorkQueueManager.java:574)
	at com.ibm.ws.tcpchannel.internal.WorkQueueManager.workerRun(WorkQueueManager.java:958)
	at com.ibm.ws.tcpchannel.internal.WorkQueueManager$Worker.run(WorkQueueManager.java:1047)
	at com.ibm.ws.threading.internal.ExecutorServiceImpl$RunnableWrapper.run(ExecutorServiceImpl.java:239)
	at java.base/java.util.concurrent.ThreadPoolExecutor.runWorker(ThreadPoolExecutor.java:1130)
	at java.base/java.util.concurrent.ThreadPoolExecutor$Worker.run(ThreadPoolExecutor.java:630)
	at java.base/java.lang.Thread.run(Thread.java:832)
Caused by: java.lang.IllegalArgumentException: Invalid UUID string: -2147483648
	at java.base/java.util.UUID.fromString1(UUID.java:280)
	at java.base/java.util.UUID.fromString(UUID.java:258)
	at CharacterFilter.getId(CharacterFilter.java:194)
	at CharacterFilter.doFilter(CharacterFilter.java:177)
	at com.ibm.ws.webcontainer.filter.FilterInstanceWrapper.doFilter(FilterInstanceWrapper.java:201)
	at com.ibm.ws.webcontainer.filter.WebAppFilterChain.doFilter(WebAppFilterChain.java:90)
	at com.ibm.ws.webcontainer.filter.WebAppFilterManager.doFilter(WebAppFilterManager.java:1001)
	at com.ibm.ws.webcontainer.filter.WebAppFilterManager.invokeFilters(WebAppFilterManager.java:1139)
	at com.ibm.ws.webcontainer.webapp.WebApp.handleRequest(WebApp.java:5057)
	... 20 more

[3/2/21, 18:17:01:429 EST] 00000024 com.ibm.ws.webcontainer.srt                                  W SRVE8115W: WARNING: Cannot set status. Response already committed.
[3/2/21, 18:17:01:430 EST] 00000024 com.ibm.ws.webcontainer.srt                                  W SRVE8094W: WARNING: Cannot set header. Response already committed.  Stack trace of errant attempt to set header: 
        at com.ibm.ws.webcontainer.srt.SRTServletResponse.addHeader(SRTServletResponse.java:2199)
        at [internal classes].(Unknown Source)

[3/2/21, 18:17:20:398 EST] 0000004d SystemOut                                                    O VALID LOGIN
[3/2/21, 18:17:20:405 EST] 00000047 SystemOut                                                    O LSIT CRREATED
[3/2/21, 18:17:20:411 EST] 00000049 SystemOut                                                    O /characters/-2147483648
[3/2/21, 18:17:20:411 EST] 00000049 com.ibm.ws.webcontainer.webapp                               E SRVE0315E: An exception occurred: java.lang.Throwable: java.lang.IllegalArgumentException: Invalid UUID string: -2147483648
	at com.ibm.ws.webcontainer.webapp.WebApp.handleRequest(WebApp.java:5115)
	at com.ibm.ws.webcontainer.osgi.DynamicVirtualHost$2.handleRequest(DynamicVirtualHost.java:314)
	at com.ibm.ws.webcontainer.WebContainer.handleRequest(WebContainer.java:1005)
	at com.ibm.ws.webcontainer.osgi.DynamicVirtualHost$2.run(DynamicVirtualHost.java:279)
	at com.ibm.ws.http.dispatcher.internal.channel.HttpDispatcherLink$TaskWrapper.run(HttpDispatcherLink.java:1141)
	at com.ibm.ws.http.dispatcher.internal.channel.HttpDispatcherLink.wrapHandlerAndExecute(HttpDispatcherLink.java:422)
	at com.ibm.ws.http.dispatcher.internal.channel.HttpDispatcherLink.ready(HttpDispatcherLink.java:381)
	at com.ibm.ws.http.channel.internal.inbound.HttpInboundLink.handleDiscrimination(HttpInboundLink.java:565)
	at com.ibm.ws.http.channel.internal.inbound.HttpInboundLink.handleNewRequest(HttpInboundLink.java:499)
	at com.ibm.ws.http.channel.internal.inbound.HttpInboundLink.processRequest(HttpInboundLink.java:359)
	at com.ibm.ws.http.channel.internal.inbound.HttpInboundLink.ready(HttpInboundLink.java:326)
	at com.ibm.ws.tcpchannel.internal.NewConnectionInitialReadCallback.sendToDiscriminators(NewConnectionInitialReadCallback.java:167)
	at com.ibm.ws.tcpchannel.internal.NewConnectionInitialReadCallback.complete(NewConnectionInitialReadCallback.java:75)
	at com.ibm.ws.tcpchannel.internal.WorkQueueManager.requestComplete(WorkQueueManager.java:504)
	at com.ibm.ws.tcpchannel.internal.WorkQueueManager.attemptIO(WorkQueueManager.java:574)
	at com.ibm.ws.tcpchannel.internal.WorkQueueManager.workerRun(WorkQueueManager.java:958)
	at com.ibm.ws.tcpchannel.internal.WorkQueueManager$Worker.run(WorkQueueManager.java:1047)
	at com.ibm.ws.threading.internal.ExecutorServiceImpl$RunnableWrapper.run(ExecutorServiceImpl.java:239)
	at java.base/java.util.concurrent.ThreadPoolExecutor.runWorker(ThreadPoolExecutor.java:1130)
	at java.base/java.util.concurrent.ThreadPoolExecutor$Worker.run(ThreadPoolExecutor.java:630)
	at java.base/java.lang.Thread.run(Thread.java:832)
Caused by: java.lang.IllegalArgumentException: Invalid UUID string: -2147483648
	at java.base/java.util.UUID.fromString1(UUID.java:280)
	at java.base/java.util.UUID.fromString(UUID.java:258)
	at CharacterFilter.getId(CharacterFilter.java:194)
	at CharacterFilter.doFilter(CharacterFilter.java:177)
	at com.ibm.ws.webcontainer.filter.FilterInstanceWrapper.doFilter(FilterInstanceWrapper.java:201)
	at com.ibm.ws.webcontainer.filter.WebAppFilterChain.doFilter(WebAppFilterChain.java:90)
	at com.ibm.ws.webcontainer.filter.WebAppFilterManager.doFilter(WebAppFilterManager.java:1001)
	at com.ibm.ws.webcontainer.filter.WebAppFilterManager.invokeFilters(WebAppFilterManager.java:1139)
	at com.ibm.ws.webcontainer.webapp.WebApp.handleRequest(WebApp.java:5057)
	... 20 more

[3/2/21, 18:17:20:412 EST] 00000049 com.ibm.ws.webcontainer.srt                                  W SRVE8115W: WARNING: Cannot set status. Response already committed.
[3/2/21, 18:17:20:412 EST] 00000049 com.ibm.ws.webcontainer.srt                                  W SRVE8094W: WARNING: Cannot set header. Response already committed.  Stack trace of errant attempt to set header: 
        at com.ibm.ws.webcontainer.srt.SRTServletResponse.addHeader(SRTServletResponse.java:2199)
        at [internal classes].(Unknown Source)

[3/2/21, 18:17:42:134 EST] 0000004b SystemOut                                                    O VALID LOGIN
[3/2/21, 18:17:51:272 EST] 0000003d SystemOut                                                    O VALID LOGIN
[3/2/21, 18:18:22:363 EST] 00000038 SystemOut                                                    O LSIT CRREATED
[3/2/21, 18:19:33:951 EST] 00000042 SystemOut                                                    O /characters/83676c53-d832-4573-b233-872986de0cbd
[3/2/21, 18:20:24:270 EST] 00000045 SystemOut                                                    O /characters
[3/2/21, 18:20:33:952 EST] 00000038 com.ibm.ws.http.internal.VirtualHostImpl                     A CWWKT0017I: Web application removed (default_host): http://andrew-pc.local:9080/
[3/2/21, 18:20:33:952 EST] 00000038 com.ibm.ws.webcontainer.servlet                              I SRVE0253I: [CharacterSheets] [/] [LoginPageServlet]: Destroy successful.
[3/2/21, 18:20:33:954 EST] 00000038 com.ibm.ws.app.manager.AppMessageHelper                      A CWWKZ0009I: The application CharacterSheets has stopped successfully.
[3/2/21, 18:20:33:959 EST] 00000038 com.ibm.ws.app.manager.AppMessageHelper                      I CWWKZ0018I: Starting application CharacterSheets.
[3/2/21, 18:20:33:959 EST] 00000038 bm.ws.app.manager.war.internal.WARDeployedAppInfoFactoryImpl I CWWKZ0134I: The CharacterSheets application is using the loose application definition at the /home/ahayes5/cs/csc435/csc435Project/build/wlp/usr/servers/CharacterSheetsServer/apps/CharacterSheets.war.xml location.
[3/2/21, 18:20:33:994 EST] 00000038 com.ibm.ws.webcontainer.osgi.webapp.WebGroup                 I SRVE0169I: Loading Web Module: Hello Servlet.
[3/2/21, 18:20:33:994 EST] 00000038 com.ibm.ws.webcontainer                                      I SRVE0250I: Web Module Hello Servlet has been bound to default_host.
[3/2/21, 18:20:33:994 EST] 00000038 com.ibm.ws.http.internal.VirtualHostImpl                     A CWWKT0016I: Web application available (default_host): http://andrew-pc.local:9080/
[3/2/21, 18:20:33:999 EST] 0000003b com.ibm.ws.session.WASSessionCore                            I SESN0176I: A new session context will be created for application key default_host/
[3/2/21, 18:20:33:999 EST] 0000003b com.ibm.ws.util                                              I SESN0172I: The session manager is using the Java default SecureRandom implementation for session ID generation.
[3/2/21, 18:20:34:001 EST] 0000003b com.ibm.ws.app.manager.AppMessageHelper                      A CWWKZ0003I: The application CharacterSheets updated in 0.042 seconds.
[3/2/21, 18:20:34:339 EST] 0000003f com.ibm.ws.webcontainer.osgi.mbeans.PluginGenerator          I SRVE9103I: A configuration file for a web server plugin was automatically generated for this server at /home/ahayes5/cs/csc435/csc435Project/build/wlp/usr/servers/CharacterSheetsServer/logs/state/plugin-cfg.xml.
[3/2/21, 18:20:34:477 EST] 0000003e com.ibm.ws.webcontainer.osgi.mbeans.PluginGenerator          I SRVE9103I: A configuration file for a web server plugin was automatically generated for this server at /home/ahayes5/cs/csc435/csc435Project/build/wlp/usr/servers/CharacterSheetsServer/logs/state/plugin-cfg.xml.
[3/2/21, 18:20:36:774 EST] 0000003d SystemOut                                                    O /characters
[3/2/21, 18:20:45:193 EST] 00000048 com.ibm.ws.webcontainer.servlet                              I SRVE0242I: [CharacterSheets] [/] [LoginPageServlet]: Initialization successful.
[3/2/21, 18:20:45:195 EST] 00000048 SystemOut                                                    O VALID LOGIN
[3/2/21, 18:20:57:248 EST] 00000040 SystemOut                                                    O LSIT CRREATED
[3/2/21, 18:21:30:292 EST] 00000031 SystemOut                                                    O /characters
[3/2/21, 18:24:39:010 EST] 00000039 com.ibm.ws.http.internal.VirtualHostImpl                     A CWWKT0017I: Web application removed (default_host): http://andrew-pc.local:9080/
[3/2/21, 18:24:39:010 EST] 00000039 com.ibm.ws.webcontainer.servlet                              I SRVE0253I: [CharacterSheets] [/] [LoginPageServlet]: Destroy successful.
[3/2/21, 18:24:39:011 EST] 00000039 com.ibm.ws.app.manager.AppMessageHelper                      A CWWKZ0009I: The application CharacterSheets has stopped successfully.
[3/2/21, 18:24:39:013 EST] 00000039 com.ibm.ws.app.manager.AppMessageHelper                      I CWWKZ0018I: Starting application CharacterSheets.
[3/2/21, 18:24:39:014 EST] 00000039 bm.ws.app.manager.war.internal.WARDeployedAppInfoFactoryImpl I CWWKZ0134I: The CharacterSheets application is using the loose application definition at the /home/ahayes5/cs/csc435/csc435Project/build/wlp/usr/servers/CharacterSheetsServer/apps/CharacterSheets.war.xml location.
[3/2/21, 18:24:39:056 EST] 00000039 com.ibm.ws.webcontainer.osgi.webapp.WebGroup                 I SRVE0169I: Loading Web Module: Hello Servlet.
[3/2/21, 18:24:39:056 EST] 00000039 com.ibm.ws.webcontainer                                      I SRVE0250I: Web Module Hello Servlet has been bound to default_host.
[3/2/21, 18:24:39:056 EST] 00000039 com.ibm.ws.http.internal.VirtualHostImpl                     A CWWKT0016I: Web application available (default_host): http://andrew-pc.local:9080/
[3/2/21, 18:24:39:062 EST] 00000047 com.ibm.ws.session.WASSessionCore                            I SESN0176I: A new session context will be created for application key default_host/
[3/2/21, 18:24:39:062 EST] 00000047 com.ibm.ws.util                                              I SESN0172I: The session manager is using the Java default SecureRandom implementation for session ID generation.
[3/2/21, 18:24:39:064 EST] 00000047 com.ibm.ws.app.manager.AppMessageHelper                      A CWWKZ0003I: The application CharacterSheets updated in 0.051 seconds.
[3/2/21, 18:24:39:387 EST] 00000025 com.ibm.ws.webcontainer.osgi.mbeans.PluginGenerator          I SRVE9103I: A configuration file for a web server plugin was automatically generated for this server at /home/ahayes5/cs/csc435/csc435Project/build/wlp/usr/servers/CharacterSheetsServer/logs/state/plugin-cfg.xml.
[3/2/21, 18:24:39:487 EST] 00000027 com.ibm.ws.webcontainer.osgi.mbeans.PluginGenerator          I SRVE9103I: A configuration file for a web server plugin was automatically generated for this server at /home/ahayes5/cs/csc435/csc435Project/build/wlp/usr/servers/CharacterSheetsServer/logs/state/plugin-cfg.xml.
[3/2/21, 18:27:26:020 EST] 0000004a com.ibm.ws.http.internal.VirtualHostImpl                     A CWWKT0017I: Web application removed (default_host): http://andrew-pc.local:9080/
[3/2/21, 18:27:26:021 EST] 0000004a com.ibm.ws.app.manager.AppMessageHelper                      A CWWKZ0009I: The application CharacterSheets has stopped successfully.
[3/2/21, 18:27:26:022 EST] 0000004a com.ibm.ws.app.manager.AppMessageHelper                      I CWWKZ0018I: Starting application CharacterSheets.
[3/2/21, 18:27:26:022 EST] 0000004a bm.ws.app.manager.war.internal.WARDeployedAppInfoFactoryImpl I CWWKZ0134I: The CharacterSheets application is using the loose application definition at the /home/ahayes5/cs/csc435/csc435Project/build/wlp/usr/servers/CharacterSheetsServer/apps/CharacterSheets.war.xml location.
[3/2/21, 18:27:26:102 EST] 0000004a com.ibm.ws.webcontainer.osgi.webapp.WebGroup                 I SRVE0169I: Loading Web Module: Hello Servlet.
[3/2/21, 18:27:26:102 EST] 0000004a com.ibm.ws.webcontainer                                      I SRVE0250I: Web Module Hello Servlet has been bound to default_host.
[3/2/21, 18:27:26:102 EST] 0000004a com.ibm.ws.http.internal.VirtualHostImpl                     A CWWKT0016I: Web application available (default_host): http://andrew-pc.local:9080/
[3/2/21, 18:27:26:109 EST] 00000024 com.ibm.ws.session.WASSessionCore                            I SESN0176I: A new session context will be created for application key default_host/
[3/2/21, 18:27:26:109 EST] 00000024 com.ibm.ws.util                                              I SESN0172I: The session manager is using the Java default SecureRandom implementation for session ID generation.
[3/2/21, 18:27:26:111 EST] 00000024 com.ibm.ws.app.manager.AppMessageHelper                      A CWWKZ0003I: The application CharacterSheets updated in 0.089 seconds.
[3/2/21, 18:27:26:343 EST] 0000004e com.ibm.ws.webcontainer.osgi.mbeans.PluginGenerator          I SRVE9103I: A configuration file for a web server plugin was automatically generated for this server at /home/ahayes5/cs/csc435/csc435Project/build/wlp/usr/servers/CharacterSheetsServer/logs/state/plugin-cfg.xml.
[3/2/21, 18:27:26:488 EST] 00000048 com.ibm.ws.webcontainer.osgi.mbeans.PluginGenerator          I SRVE9103I: A configuration file for a web server plugin was automatically generated for this server at /home/ahayes5/cs/csc435/csc435Project/build/wlp/usr/servers/CharacterSheetsServer/logs/state/plugin-cfg.xml.
[3/2/21, 18:29:49:015 EST] 00000025 com.ibm.ws.http.internal.VirtualHostImpl                     A CWWKT0017I: Web application removed (default_host): http://andrew-pc.local:9080/
[3/2/21, 18:29:49:017 EST] 00000025 com.ibm.ws.app.manager.AppMessageHelper                      A CWWKZ0009I: The application CharacterSheets has stopped successfully.
[3/2/21, 18:29:49:019 EST] 00000025 com.ibm.ws.app.manager.AppMessageHelper                      I CWWKZ0018I: Starting application CharacterSheets.
[3/2/21, 18:29:49:019 EST] 00000025 bm.ws.app.manager.war.internal.WARDeployedAppInfoFactoryImpl I CWWKZ0134I: The CharacterSheets application is using the loose application definition at the /home/ahayes5/cs/csc435/csc435Project/build/wlp/usr/servers/CharacterSheetsServer/apps/CharacterSheets.war.xml location.
[3/2/21, 18:29:49:066 EST] 00000025 com.ibm.ws.webcontainer.osgi.webapp.WebGroup                 I SRVE0169I: Loading Web Module: Hello Servlet.
[3/2/21, 18:29:49:066 EST] 00000025 com.ibm.ws.webcontainer                                      I SRVE0250I: Web Module Hello Servlet has been bound to default_host.
[3/2/21, 18:29:49:066 EST] 00000025 com.ibm.ws.http.internal.VirtualHostImpl                     A CWWKT0016I: Web application available (default_host): http://andrew-pc.local:9080/
[3/2/21, 18:29:49:070 EST] 0000003e com.ibm.ws.session.WASSessionCore                            I SESN0176I: A new session context will be created for application key default_host/
[3/2/21, 18:29:49:070 EST] 0000003e com.ibm.ws.util                                              I SESN0172I: The session manager is using the Java default SecureRandom implementation for session ID generation.
[3/2/21, 18:29:49:071 EST] 0000003e com.ibm.ws.app.manager.AppMessageHelper                      A CWWKZ0003I: The application CharacterSheets updated in 0.052 seconds.
[3/2/21, 18:29:49:372 EST] 00000027 com.ibm.ws.webcontainer.osgi.mbeans.PluginGenerator          I SRVE9103I: A configuration file for a web server plugin was automatically generated for this server at /home/ahayes5/cs/csc435/csc435Project/build/wlp/usr/servers/CharacterSheetsServer/logs/state/plugin-cfg.xml.
[3/2/21, 18:29:50:272 EST] 00000040 com.ibm.ws.webcontainer.osgi.mbeans.PluginGenerator          I SRVE9103I: A configuration file for a web server plugin was automatically generated for this server at /home/ahayes5/cs/csc435/csc435Project/build/wlp/usr/servers/CharacterSheetsServer/logs/state/plugin-cfg.xml.
[3/2/21, 18:36:20:154 EST] 00000038 com.ibm.ws.http.internal.VirtualHostImpl                     A CWWKT0017I: Web application removed (default_host): http://andrew-pc.local:9080/
[3/2/21, 18:36:20:155 EST] 00000038 com.ibm.ws.app.manager.AppMessageHelper                      A CWWKZ0009I: The application CharacterSheets has stopped successfully.
[3/2/21, 18:36:20:157 EST] 00000038 com.ibm.ws.app.manager.AppMessageHelper                      I CWWKZ0018I: Starting application CharacterSheets.
[3/2/21, 18:36:20:157 EST] 00000038 bm.ws.app.manager.war.internal.WARDeployedAppInfoFactoryImpl I CWWKZ0134I: The CharacterSheets application is using the loose application definition at the /home/ahayes5/cs/csc435/csc435Project/build/wlp/usr/servers/CharacterSheetsServer/apps/CharacterSheets.war.xml location.
[3/2/21, 18:36:20:209 EST] 00000038 com.ibm.ws.webcontainer.osgi.webapp.WebGroup                 I SRVE0169I: Loading Web Module: Hello Servlet.
[3/2/21, 18:36:20:209 EST] 00000038 com.ibm.ws.webcontainer                                      I SRVE0250I: Web Module Hello Servlet has been bound to default_host.
[3/2/21, 18:36:20:209 EST] 00000038 com.ibm.ws.http.internal.VirtualHostImpl                     A CWWKT0016I: Web application available (default_host): http://andrew-pc.local:9080/
[3/2/21, 18:36:20:213 EST] 00000031 com.ibm.ws.session.WASSessionCore                            I SESN0176I: A new session context will be created for application key default_host/
[3/2/21, 18:36:20:213 EST] 00000031 com.ibm.ws.util                                              I SESN0172I: The session manager is using the Java default SecureRandom implementation for session ID generation.
[3/2/21, 18:36:20:217 EST] 00000031 com.ibm.ws.app.manager.AppMessageHelper                      A CWWKZ0003I: The application CharacterSheets updated in 0.060 seconds.
[3/2/21, 18:36:20:535 EST] 0000004b com.ibm.ws.webcontainer.osgi.mbeans.PluginGenerator          I SRVE9103I: A configuration file for a web server plugin was automatically generated for this server at /home/ahayes5/cs/csc435/csc435Project/build/wlp/usr/servers/CharacterSheetsServer/logs/state/plugin-cfg.xml.
[3/2/21, 18:36:20:659 EST] 0000003e com.ibm.ws.webcontainer.osgi.mbeans.PluginGenerator          I SRVE9103I: A configuration file for a web server plugin was automatically generated for this server at /home/ahayes5/cs/csc435/csc435Project/build/wlp/usr/servers/CharacterSheetsServer/logs/state/plugin-cfg.xml.
[3/2/21, 18:42:25:773 EST] 0000003c com.ibm.ws.http.internal.VirtualHostImpl                     A CWWKT0017I: Web application removed (default_host): http://andrew-pc.local:9080/
[3/2/21, 18:42:25:774 EST] 0000003c com.ibm.ws.app.manager.AppMessageHelper                      A CWWKZ0009I: The application CharacterSheets has stopped successfully.
[3/2/21, 18:42:25:775 EST] 0000003c com.ibm.ws.app.manager.AppMessageHelper                      I CWWKZ0018I: Starting application CharacterSheets.
[3/2/21, 18:42:25:775 EST] 0000003c bm.ws.app.manager.war.internal.WARDeployedAppInfoFactoryImpl I CWWKZ0134I: The CharacterSheets application is using the loose application definition at the /home/ahayes5/cs/csc435/csc435Project/build/wlp/usr/servers/CharacterSheetsServer/apps/CharacterSheets.war.xml location.
[3/2/21, 18:42:25:830 EST] 0000003c com.ibm.ws.webcontainer.osgi.webapp.WebGroup                 I SRVE0169I: Loading Web Module: Hello Servlet.
[3/2/21, 18:42:25:830 EST] 0000003c com.ibm.ws.webcontainer                                      I SRVE0250I: Web Module Hello Servlet has been bound to default_host.
[3/2/21, 18:42:25:830 EST] 0000003c com.ibm.ws.http.internal.VirtualHostImpl                     A CWWKT0016I: Web application available (default_host): http://andrew-pc.local:9080/
[3/2/21, 18:42:25:837 EST] 00000049 com.ibm.ws.session.WASSessionCore                            I SESN0176I: A new session context will be created for application key default_host/
[3/2/21, 18:42:25:837 EST] 00000049 com.ibm.ws.util                                              I SESN0172I: The session manager is using the Java default SecureRandom implementation for session ID generation.
[3/2/21, 18:42:25:838 EST] 00000049 com.ibm.ws.app.manager.AppMessageHelper                      A CWWKZ0003I: The application CharacterSheets updated in 0.063 seconds.
[3/2/21, 18:42:26:133 EST] 00000027 com.ibm.ws.webcontainer.osgi.mbeans.PluginGenerator          I SRVE9103I: A configuration file for a web server plugin was automatically generated for this server at /home/ahayes5/cs/csc435/csc435Project/build/wlp/usr/servers/CharacterSheetsServer/logs/state/plugin-cfg.xml.
[3/2/21, 18:42:26:234 EST] 0000003f com.ibm.ws.webcontainer.osgi.mbeans.PluginGenerator          I SRVE9103I: A configuration file for a web server plugin was automatically generated for this server at /home/ahayes5/cs/csc435/csc435Project/build/wlp/usr/servers/CharacterSheetsServer/logs/state/plugin-cfg.xml.
[3/2/21, 18:44:13:577 EST] 00000014 com.ibm.ws.kernel.launch.internal.FrameworkManager           A CWWKE0085I: The server CharacterSheetsServer is stopping because the JVM is exiting.
[3/2/21, 18:44:13:578 EST] 00000050 com.ibm.ws.runtime.update.internal.RuntimeUpdateManagerImpl  A CWWKE1100I: Waiting for up to 30 seconds for the server to quiesce.
[3/2/21, 18:44:13:581 EST] 00000047 com.ibm.ws.tcpchannel.internal.TCPChannel                    I CWWKO0220I: TCP Channel defaultHttpEndpoint has stopped listening for requests on host *  (IPv6) port 9080.
[3/2/21, 18:44:13:581 EST] 00000047 com.ibm.ws.http.internal.VirtualHostImpl                     A CWWKT0017I: Web application removed (default_host): http://andrew-pc.local:9080/
[3/2/21, 18:44:13:582 EST] 00000050 com.ibm.ws.runtime.update.internal.RuntimeUpdateManagerImpl  I CWWKE1101I: Server quiesce complete.
[3/2/21, 18:44:13:587 EST] 00000049 com.ibm.ws.app.manager.AppMessageHelper                      A CWWKZ0009I: The application CharacterSheets has stopped successfully.
[3/2/21, 18:44:13:689 EST] 00000015 com.ibm.ws.kernel.launch.internal.ServerCommandListener      A CWWKE0055I: Server shutdown requested on Tuesday, March 2, 2021 at 6:44 PM. The server CharacterSheetsServer is shutting down.
[3/2/21, 18:44:14:163 EST] 00000001 com.ibm.ws.kernel.launch.internal.FrameworkManager           A CWWKE0036I: The server CharacterSheetsServer stopped after 52 minutes, 50.549 seconds.
